[2024-02-16T09:30:06.353+0000] {taskinstance.py:1956} INFO - Dependencies all met for dep_context=non-requeueable deps ti=<TaskInstance: tutorial_taskflow_api_virtualenv.extract manual__2024-02-16T09:30:04.438703+00:00 [queued]>
[2024-02-16T09:30:06.361+0000] {taskinstance.py:1956} INFO - Dependencies all met for dep_context=requeueable deps ti=<TaskInstance: tutorial_taskflow_api_virtualenv.extract manual__2024-02-16T09:30:04.438703+00:00 [queued]>
[2024-02-16T09:30:06.361+0000] {taskinstance.py:2170} INFO - Starting attempt 1 of 1
[2024-02-16T09:30:06.373+0000] {taskinstance.py:2191} INFO - Executing <Task(_PythonVirtualenvDecoratedOperator): extract> on 2024-02-16 09:30:04.438703+00:00
[2024-02-16T09:30:06.378+0000] {standard_task_runner.py:60} INFO - Started process 4985 to run task
[2024-02-16T09:30:06.381+0000] {standard_task_runner.py:87} INFO - Running: ['***', 'tasks', 'run', 'tutorial_taskflow_api_virtualenv', 'extract', 'manual__2024-02-16T09:30:04.438703+00:00', '--job-id', '6', '--raw', '--subdir', '/home/***/.local/lib/python3.8/site-packages/***/example_dags/tutorial_taskflow_api_virtualenv.py', '--cfg-path', '/tmp/tmpa_h8rnye']
[2024-02-16T09:30:06.388+0000] {standard_task_runner.py:88} INFO - Job 6: Subtask extract
[2024-02-16T09:30:06.502+0000] {task_command.py:423} INFO - Running <TaskInstance: tutorial_taskflow_api_virtualenv.extract manual__2024-02-16T09:30:04.438703+00:00 [running]> on host 4105e0e843d6
[2024-02-16T09:30:06.611+0000] {taskinstance.py:2480} INFO - Exporting env vars: AIRFLOW_CTX_DAG_OWNER='***' AIRFLOW_CTX_DAG_ID='tutorial_taskflow_api_virtualenv' AIRFLOW_CTX_TASK_ID='extract' AIRFLOW_CTX_EXECUTION_DATE='2024-02-16T09:30:04.438703+00:00' AIRFLOW_CTX_TRY_NUMBER='1' AIRFLOW_CTX_DAG_RUN_ID='manual__2024-02-16T09:30:04.438703+00:00'
[2024-02-16T09:30:06.614+0000] {process_utils.py:182} INFO - Executing cmd: /usr/local/bin/python -m virtualenv /tmp/venvt8m1cffg --python=python
[2024-02-16T09:30:06.622+0000] {process_utils.py:186} INFO - Output:
[2024-02-16T09:30:07.680+0000] {process_utils.py:190} INFO - created virtual environment CPython3.8.18.final.0-64 in 642ms
[2024-02-16T09:30:07.681+0000] {process_utils.py:190} INFO -   creator CPython3Posix(dest=/tmp/venvt8m1cffg, clear=False, no_vcs_ignore=False, global=False)
[2024-02-16T09:30:07.681+0000] {process_utils.py:190} INFO -   seeder FromAppData(download=False, pip=bundle, setuptools=bundle, wheel=bundle, via=copy, app_data_dir=/home/***/.local/share/virtualenv)
[2024-02-16T09:30:07.682+0000] {process_utils.py:190} INFO -     added seed packages: pip==23.3.1, setuptools==69.0.2, wheel==0.42.0
[2024-02-16T09:30:07.682+0000] {process_utils.py:190} INFO -   activators BashActivator,CShellActivator,FishActivator,NushellActivator,PowerShellActivator,PythonActivator
[2024-02-16T09:30:07.734+0000] {process_utils.py:182} INFO - Executing cmd: /tmp/venvt8m1cffg/bin/pip install -r /tmp/venvt8m1cffg/requirements.txt
[2024-02-16T09:30:07.743+0000] {process_utils.py:186} INFO - Output:
[2024-02-16T09:30:09.239+0000] {process_utils.py:190} INFO - Collecting dill (from -r /tmp/venvt8m1cffg/requirements.txt (line 1))
[2024-02-16T09:30:09.537+0000] {process_utils.py:190} INFO -   Downloading dill-0.3.8-py3-none-any.whl.metadata (10 kB)
[2024-02-16T09:30:09.884+0000] {process_utils.py:190} INFO - Collecting funcsigs (from -r /tmp/venvt8m1cffg/requirements.txt (line 2))
[2024-02-16T09:30:09.949+0000] {process_utils.py:190} INFO -   Downloading funcsigs-1.0.2-py2.py3-none-any.whl (17 kB)
[2024-02-16T09:30:10.427+0000] {process_utils.py:190} INFO - Downloading dill-0.3.8-py3-none-any.whl (116 kB)
[2024-02-16T09:30:10.914+0000] {process_utils.py:190} INFO -    ━━━━━━━━━━━━━━━━━━━━━━━━━━━━━━━━━━━━━━━ 116.3/116.3 kB 274.3 kB/s eta 0:00:00
[2024-02-16T09:30:10.970+0000] {process_utils.py:190} INFO - Installing collected packages: funcsigs, dill
[2024-02-16T09:30:11.071+0000] {process_utils.py:190} INFO - Successfully installed dill-0.3.8 funcsigs-1.0.2
[2024-02-16T09:30:11.336+0000] {process_utils.py:190} INFO - 
[2024-02-16T09:30:11.336+0000] {process_utils.py:190} INFO - [notice] A new release of pip is available: 23.3.1 -> 24.0
[2024-02-16T09:30:11.336+0000] {process_utils.py:190} INFO - [notice] To update, run: python -m pip install --upgrade pip
[2024-02-16T09:30:11.442+0000] {process_utils.py:182} INFO - Executing cmd: /tmp/venvt8m1cffg/bin/python /tmp/venv-callc9z7ad5o/script.py /tmp/venv-callc9z7ad5o/script.in /tmp/venv-callc9z7ad5o/script.out /tmp/venv-callc9z7ad5o/string_args.txt /tmp/venv-callc9z7ad5o/termination.log
[2024-02-16T09:30:11.450+0000] {process_utils.py:186} INFO - Output:
[2024-02-16T09:30:11.545+0000] {python.py:201} INFO - Done. Returned value was: {'1001': 301.27, '1002': 433.21, '1003': 502.22}
[2024-02-16T09:30:11.569+0000] {taskinstance.py:1138} INFO - Marking task as SUCCESS. dag_id=tutorial_taskflow_api_virtualenv, task_id=extract, execution_date=20240216T093004, start_date=20240216T093006, end_date=20240216T093011
[2024-02-16T09:30:11.604+0000] {local_task_job_runner.py:234} INFO - Task exited with return code 0
[2024-02-16T09:30:11.628+0000] {taskinstance.py:3280} INFO - 1 downstream tasks scheduled from follow-on schedule check
