[2024-02-16T09:30:10.502+0000] {taskinstance.py:1956} INFO - Dependencies all met for dep_context=non-requeueable deps ti=<TaskInstance: tutorial_taskflow_api_virtualenv.extract manual__2024-02-16T09:30:09.275935+00:00 [queued]>
[2024-02-16T09:30:10.510+0000] {taskinstance.py:1956} INFO - Dependencies all met for dep_context=requeueable deps ti=<TaskInstance: tutorial_taskflow_api_virtualenv.extract manual__2024-02-16T09:30:09.275935+00:00 [queued]>
[2024-02-16T09:30:10.510+0000] {taskinstance.py:2170} INFO - Starting attempt 1 of 1
[2024-02-16T09:30:10.522+0000] {taskinstance.py:2191} INFO - Executing <Task(_PythonVirtualenvDecoratedOperator): extract> on 2024-02-16 09:30:09.275935+00:00
[2024-02-16T09:30:10.528+0000] {standard_task_runner.py:60} INFO - Started process 5201 to run task
[2024-02-16T09:30:10.535+0000] {standard_task_runner.py:87} INFO - Running: ['***', 'tasks', 'run', 'tutorial_taskflow_api_virtualenv', 'extract', 'manual__2024-02-16T09:30:09.275935+00:00', '--job-id', '8', '--raw', '--subdir', '/home/***/.local/lib/python3.8/site-packages/***/example_dags/tutorial_taskflow_api_virtualenv.py', '--cfg-path', '/tmp/tmp99bknlqi']
[2024-02-16T09:30:10.549+0000] {standard_task_runner.py:88} INFO - Job 8: Subtask extract
[2024-02-16T09:30:10.627+0000] {task_command.py:423} INFO - Running <TaskInstance: tutorial_taskflow_api_virtualenv.extract manual__2024-02-16T09:30:09.275935+00:00 [running]> on host 4105e0e843d6
[2024-02-16T09:30:10.763+0000] {taskinstance.py:2480} INFO - Exporting env vars: AIRFLOW_CTX_DAG_OWNER='***' AIRFLOW_CTX_DAG_ID='tutorial_taskflow_api_virtualenv' AIRFLOW_CTX_TASK_ID='extract' AIRFLOW_CTX_EXECUTION_DATE='2024-02-16T09:30:09.275935+00:00' AIRFLOW_CTX_TRY_NUMBER='1' AIRFLOW_CTX_DAG_RUN_ID='manual__2024-02-16T09:30:09.275935+00:00'
[2024-02-16T09:30:10.766+0000] {process_utils.py:182} INFO - Executing cmd: /usr/local/bin/python -m virtualenv /tmp/venvsjemt82g --python=python
[2024-02-16T09:30:10.773+0000] {process_utils.py:186} INFO - Output:
[2024-02-16T09:30:11.463+0000] {process_utils.py:190} INFO - created virtual environment CPython3.8.18.final.0-64 in 293ms
[2024-02-16T09:30:11.464+0000] {process_utils.py:190} INFO -   creator CPython3Posix(dest=/tmp/venvsjemt82g, clear=False, no_vcs_ignore=False, global=False)
[2024-02-16T09:30:11.464+0000] {process_utils.py:190} INFO -   seeder FromAppData(download=False, pip=bundle, setuptools=bundle, wheel=bundle, via=copy, app_data_dir=/home/***/.local/share/virtualenv)
[2024-02-16T09:30:11.464+0000] {process_utils.py:190} INFO -     added seed packages: pip==23.3.1, setuptools==69.0.2, wheel==0.42.0
[2024-02-16T09:30:11.464+0000] {process_utils.py:190} INFO -   activators BashActivator,CShellActivator,FishActivator,NushellActivator,PowerShellActivator,PythonActivator
[2024-02-16T09:30:11.501+0000] {process_utils.py:182} INFO - Executing cmd: /tmp/venvsjemt82g/bin/pip install -r /tmp/venvsjemt82g/requirements.txt
[2024-02-16T09:30:11.510+0000] {process_utils.py:186} INFO - Output:
[2024-02-16T09:30:12.559+0000] {process_utils.py:190} INFO - Collecting dill (from -r /tmp/venvsjemt82g/requirements.txt (line 1))
[2024-02-16T09:30:12.561+0000] {process_utils.py:190} INFO -   Using cached dill-0.3.8-py3-none-any.whl.metadata (10 kB)
[2024-02-16T09:30:12.641+0000] {process_utils.py:190} INFO - Collecting funcsigs (from -r /tmp/venvsjemt82g/requirements.txt (line 2))
[2024-02-16T09:30:12.644+0000] {process_utils.py:190} INFO -   Using cached funcsigs-1.0.2-py2.py3-none-any.whl (17 kB)
[2024-02-16T09:30:12.656+0000] {process_utils.py:190} INFO - Using cached dill-0.3.8-py3-none-any.whl (116 kB)
[2024-02-16T09:30:12.704+0000] {process_utils.py:190} INFO - Installing collected packages: funcsigs, dill
[2024-02-16T09:30:12.787+0000] {process_utils.py:190} INFO - Successfully installed dill-0.3.8 funcsigs-1.0.2
[2024-02-16T09:30:13.077+0000] {process_utils.py:190} INFO - 
[2024-02-16T09:30:13.077+0000] {process_utils.py:190} INFO - [notice] A new release of pip is available: 23.3.1 -> 24.0
[2024-02-16T09:30:13.078+0000] {process_utils.py:190} INFO - [notice] To update, run: python -m pip install --upgrade pip
[2024-02-16T09:30:13.181+0000] {process_utils.py:182} INFO - Executing cmd: /tmp/venvsjemt82g/bin/python /tmp/venv-callx1a2manl/script.py /tmp/venv-callx1a2manl/script.in /tmp/venv-callx1a2manl/script.out /tmp/venv-callx1a2manl/string_args.txt /tmp/venv-callx1a2manl/termination.log
[2024-02-16T09:30:13.191+0000] {process_utils.py:186} INFO - Output:
[2024-02-16T09:30:13.307+0000] {python.py:201} INFO - Done. Returned value was: {'1001': 301.27, '1002': 433.21, '1003': 502.22}
[2024-02-16T09:30:13.332+0000] {taskinstance.py:1138} INFO - Marking task as SUCCESS. dag_id=tutorial_taskflow_api_virtualenv, task_id=extract, execution_date=20240216T093009, start_date=20240216T093010, end_date=20240216T093013
[2024-02-16T09:30:13.370+0000] {local_task_job_runner.py:234} INFO - Task exited with return code 0
[2024-02-16T09:30:13.397+0000] {taskinstance.py:3280} INFO - 0 downstream tasks scheduled from follow-on schedule check
