[2024-02-16T09:20:23.286+0000] {processor.py:161} INFO - Started process (PID=173) to work on /home/airflow/.local/lib/python3.8/site-packages/airflow/example_dags/example_trigger_target_dag.py
[2024-02-16T09:20:23.288+0000] {processor.py:830} INFO - Processing file /home/airflow/.local/lib/python3.8/site-packages/airflow/example_dags/example_trigger_target_dag.py for tasks to queue
[2024-02-16T09:20:23.289+0000] {logging_mixin.py:188} INFO - [2024-02-16T09:20:23.288+0000] {dagbag.py:538} INFO - Filling up the DagBag from /home/airflow/.local/lib/python3.8/site-packages/airflow/example_dags/example_trigger_target_dag.py
[2024-02-16T09:20:23.309+0000] {processor.py:840} INFO - DAG(s) 'example_trigger_target_dag' retrieved from /home/airflow/.local/lib/python3.8/site-packages/airflow/example_dags/example_trigger_target_dag.py
[2024-02-16T09:20:23.521+0000] {logging_mixin.py:188} INFO - [2024-02-16T09:20:23.520+0000] {override.py:1769} INFO - Created Permission View: can delete on DAG:example_trigger_target_dag
[2024-02-16T09:20:23.534+0000] {logging_mixin.py:188} INFO - [2024-02-16T09:20:23.534+0000] {override.py:1769} INFO - Created Permission View: can edit on DAG:example_trigger_target_dag
[2024-02-16T09:20:23.542+0000] {logging_mixin.py:188} INFO - [2024-02-16T09:20:23.542+0000] {override.py:1769} INFO - Created Permission View: can read on DAG:example_trigger_target_dag
[2024-02-16T09:20:23.542+0000] {logging_mixin.py:188} INFO - [2024-02-16T09:20:23.542+0000] {dag.py:3036} INFO - Sync 1 DAGs
[2024-02-16T09:20:23.554+0000] {logging_mixin.py:188} INFO - [2024-02-16T09:20:23.554+0000] {dag.py:3058} INFO - Creating ORM DAG for example_trigger_target_dag
[2024-02-16T09:20:23.555+0000] {logging_mixin.py:188} INFO - [2024-02-16T09:20:23.555+0000] {dag.py:3823} INFO - Setting next_dagrun for example_trigger_target_dag to None, run_after=None
[2024-02-16T09:20:23.574+0000] {processor.py:183} INFO - Processing /home/airflow/.local/lib/python3.8/site-packages/airflow/example_dags/example_trigger_target_dag.py took 0.292 seconds
[2024-02-16T09:20:53.987+0000] {processor.py:161} INFO - Started process (PID=420) to work on /home/airflow/.local/lib/python3.8/site-packages/airflow/example_dags/example_trigger_target_dag.py
[2024-02-16T09:20:53.988+0000] {processor.py:830} INFO - Processing file /home/airflow/.local/lib/python3.8/site-packages/airflow/example_dags/example_trigger_target_dag.py for tasks to queue
[2024-02-16T09:20:53.989+0000] {logging_mixin.py:188} INFO - [2024-02-16T09:20:53.988+0000] {dagbag.py:538} INFO - Filling up the DagBag from /home/airflow/.local/lib/python3.8/site-packages/airflow/example_dags/example_trigger_target_dag.py
[2024-02-16T09:20:53.994+0000] {processor.py:840} INFO - DAG(s) 'example_trigger_target_dag' retrieved from /home/airflow/.local/lib/python3.8/site-packages/airflow/example_dags/example_trigger_target_dag.py
[2024-02-16T09:20:54.014+0000] {logging_mixin.py:188} INFO - [2024-02-16T09:20:54.014+0000] {dag.py:3036} INFO - Sync 1 DAGs
[2024-02-16T09:20:54.024+0000] {logging_mixin.py:188} INFO - [2024-02-16T09:20:54.024+0000] {dag.py:3823} INFO - Setting next_dagrun for example_trigger_target_dag to None, run_after=None
[2024-02-16T09:20:54.045+0000] {processor.py:183} INFO - Processing /home/airflow/.local/lib/python3.8/site-packages/airflow/example_dags/example_trigger_target_dag.py took 0.061 seconds
[2024-02-16T09:21:24.446+0000] {processor.py:161} INFO - Started process (PID=667) to work on /home/airflow/.local/lib/python3.8/site-packages/airflow/example_dags/example_trigger_target_dag.py
[2024-02-16T09:21:24.447+0000] {processor.py:830} INFO - Processing file /home/airflow/.local/lib/python3.8/site-packages/airflow/example_dags/example_trigger_target_dag.py for tasks to queue
[2024-02-16T09:21:24.448+0000] {logging_mixin.py:188} INFO - [2024-02-16T09:21:24.447+0000] {dagbag.py:538} INFO - Filling up the DagBag from /home/airflow/.local/lib/python3.8/site-packages/airflow/example_dags/example_trigger_target_dag.py
[2024-02-16T09:21:24.453+0000] {processor.py:840} INFO - DAG(s) 'example_trigger_target_dag' retrieved from /home/airflow/.local/lib/python3.8/site-packages/airflow/example_dags/example_trigger_target_dag.py
[2024-02-16T09:21:24.473+0000] {logging_mixin.py:188} INFO - [2024-02-16T09:21:24.473+0000] {dag.py:3036} INFO - Sync 1 DAGs
[2024-02-16T09:21:24.483+0000] {logging_mixin.py:188} INFO - [2024-02-16T09:21:24.483+0000] {dag.py:3823} INFO - Setting next_dagrun for example_trigger_target_dag to None, run_after=None
[2024-02-16T09:21:24.504+0000] {processor.py:183} INFO - Processing /home/airflow/.local/lib/python3.8/site-packages/airflow/example_dags/example_trigger_target_dag.py took 0.061 seconds
[2024-02-16T09:21:54.994+0000] {processor.py:161} INFO - Started process (PID=913) to work on /home/airflow/.local/lib/python3.8/site-packages/airflow/example_dags/example_trigger_target_dag.py
[2024-02-16T09:21:54.995+0000] {processor.py:830} INFO - Processing file /home/airflow/.local/lib/python3.8/site-packages/airflow/example_dags/example_trigger_target_dag.py for tasks to queue
[2024-02-16T09:21:54.996+0000] {logging_mixin.py:188} INFO - [2024-02-16T09:21:54.996+0000] {dagbag.py:538} INFO - Filling up the DagBag from /home/airflow/.local/lib/python3.8/site-packages/airflow/example_dags/example_trigger_target_dag.py
[2024-02-16T09:21:55.003+0000] {processor.py:840} INFO - DAG(s) 'example_trigger_target_dag' retrieved from /home/airflow/.local/lib/python3.8/site-packages/airflow/example_dags/example_trigger_target_dag.py
[2024-02-16T09:21:55.026+0000] {logging_mixin.py:188} INFO - [2024-02-16T09:21:55.026+0000] {dag.py:3036} INFO - Sync 1 DAGs
[2024-02-16T09:21:55.040+0000] {logging_mixin.py:188} INFO - [2024-02-16T09:21:55.040+0000] {dag.py:3823} INFO - Setting next_dagrun for example_trigger_target_dag to None, run_after=None
[2024-02-16T09:21:55.065+0000] {processor.py:183} INFO - Processing /home/airflow/.local/lib/python3.8/site-packages/airflow/example_dags/example_trigger_target_dag.py took 0.074 seconds
[2024-02-16T09:22:25.798+0000] {processor.py:161} INFO - Started process (PID=1160) to work on /home/airflow/.local/lib/python3.8/site-packages/airflow/example_dags/example_trigger_target_dag.py
[2024-02-16T09:22:25.800+0000] {processor.py:830} INFO - Processing file /home/airflow/.local/lib/python3.8/site-packages/airflow/example_dags/example_trigger_target_dag.py for tasks to queue
[2024-02-16T09:22:25.801+0000] {logging_mixin.py:188} INFO - [2024-02-16T09:22:25.800+0000] {dagbag.py:538} INFO - Filling up the DagBag from /home/airflow/.local/lib/python3.8/site-packages/airflow/example_dags/example_trigger_target_dag.py
[2024-02-16T09:22:25.809+0000] {processor.py:840} INFO - DAG(s) 'example_trigger_target_dag' retrieved from /home/airflow/.local/lib/python3.8/site-packages/airflow/example_dags/example_trigger_target_dag.py
[2024-02-16T09:22:25.833+0000] {logging_mixin.py:188} INFO - [2024-02-16T09:22:25.833+0000] {dag.py:3036} INFO - Sync 1 DAGs
[2024-02-16T09:22:25.846+0000] {logging_mixin.py:188} INFO - [2024-02-16T09:22:25.846+0000] {dag.py:3823} INFO - Setting next_dagrun for example_trigger_target_dag to None, run_after=None
[2024-02-16T09:22:25.868+0000] {processor.py:183} INFO - Processing /home/airflow/.local/lib/python3.8/site-packages/airflow/example_dags/example_trigger_target_dag.py took 0.073 seconds
[2024-02-16T09:22:56.520+0000] {processor.py:161} INFO - Started process (PID=1407) to work on /home/airflow/.local/lib/python3.8/site-packages/airflow/example_dags/example_trigger_target_dag.py
[2024-02-16T09:22:56.521+0000] {processor.py:830} INFO - Processing file /home/airflow/.local/lib/python3.8/site-packages/airflow/example_dags/example_trigger_target_dag.py for tasks to queue
[2024-02-16T09:22:56.521+0000] {logging_mixin.py:188} INFO - [2024-02-16T09:22:56.521+0000] {dagbag.py:538} INFO - Filling up the DagBag from /home/airflow/.local/lib/python3.8/site-packages/airflow/example_dags/example_trigger_target_dag.py
[2024-02-16T09:22:56.526+0000] {processor.py:840} INFO - DAG(s) 'example_trigger_target_dag' retrieved from /home/airflow/.local/lib/python3.8/site-packages/airflow/example_dags/example_trigger_target_dag.py
[2024-02-16T09:22:56.547+0000] {logging_mixin.py:188} INFO - [2024-02-16T09:22:56.547+0000] {dag.py:3036} INFO - Sync 1 DAGs
[2024-02-16T09:22:56.557+0000] {logging_mixin.py:188} INFO - [2024-02-16T09:22:56.557+0000] {dag.py:3823} INFO - Setting next_dagrun for example_trigger_target_dag to None, run_after=None
[2024-02-16T09:22:56.578+0000] {processor.py:183} INFO - Processing /home/airflow/.local/lib/python3.8/site-packages/airflow/example_dags/example_trigger_target_dag.py took 0.061 seconds
[2024-02-16T09:23:26.919+0000] {processor.py:161} INFO - Started process (PID=1653) to work on /home/airflow/.local/lib/python3.8/site-packages/airflow/example_dags/example_trigger_target_dag.py
[2024-02-16T09:23:26.920+0000] {processor.py:830} INFO - Processing file /home/airflow/.local/lib/python3.8/site-packages/airflow/example_dags/example_trigger_target_dag.py for tasks to queue
[2024-02-16T09:23:26.921+0000] {logging_mixin.py:188} INFO - [2024-02-16T09:23:26.921+0000] {dagbag.py:538} INFO - Filling up the DagBag from /home/airflow/.local/lib/python3.8/site-packages/airflow/example_dags/example_trigger_target_dag.py
[2024-02-16T09:23:26.929+0000] {processor.py:840} INFO - DAG(s) 'example_trigger_target_dag' retrieved from /home/airflow/.local/lib/python3.8/site-packages/airflow/example_dags/example_trigger_target_dag.py
[2024-02-16T09:23:26.950+0000] {logging_mixin.py:188} INFO - [2024-02-16T09:23:26.950+0000] {dag.py:3036} INFO - Sync 1 DAGs
[2024-02-16T09:23:26.959+0000] {logging_mixin.py:188} INFO - [2024-02-16T09:23:26.959+0000] {dag.py:3823} INFO - Setting next_dagrun for example_trigger_target_dag to None, run_after=None
[2024-02-16T09:23:26.979+0000] {processor.py:183} INFO - Processing /home/airflow/.local/lib/python3.8/site-packages/airflow/example_dags/example_trigger_target_dag.py took 0.063 seconds
[2024-02-16T09:23:57.348+0000] {processor.py:161} INFO - Started process (PID=1900) to work on /home/airflow/.local/lib/python3.8/site-packages/airflow/example_dags/example_trigger_target_dag.py
[2024-02-16T09:23:57.349+0000] {processor.py:830} INFO - Processing file /home/airflow/.local/lib/python3.8/site-packages/airflow/example_dags/example_trigger_target_dag.py for tasks to queue
[2024-02-16T09:23:57.350+0000] {logging_mixin.py:188} INFO - [2024-02-16T09:23:57.350+0000] {dagbag.py:538} INFO - Filling up the DagBag from /home/airflow/.local/lib/python3.8/site-packages/airflow/example_dags/example_trigger_target_dag.py
[2024-02-16T09:23:57.355+0000] {processor.py:840} INFO - DAG(s) 'example_trigger_target_dag' retrieved from /home/airflow/.local/lib/python3.8/site-packages/airflow/example_dags/example_trigger_target_dag.py
[2024-02-16T09:23:57.375+0000] {logging_mixin.py:188} INFO - [2024-02-16T09:23:57.375+0000] {dag.py:3036} INFO - Sync 1 DAGs
[2024-02-16T09:23:57.385+0000] {logging_mixin.py:188} INFO - [2024-02-16T09:23:57.385+0000] {dag.py:3823} INFO - Setting next_dagrun for example_trigger_target_dag to None, run_after=None
[2024-02-16T09:23:57.405+0000] {processor.py:183} INFO - Processing /home/airflow/.local/lib/python3.8/site-packages/airflow/example_dags/example_trigger_target_dag.py took 0.061 seconds
[2024-02-16T09:24:27.797+0000] {processor.py:161} INFO - Started process (PID=2146) to work on /home/airflow/.local/lib/python3.8/site-packages/airflow/example_dags/example_trigger_target_dag.py
[2024-02-16T09:24:27.798+0000] {processor.py:830} INFO - Processing file /home/airflow/.local/lib/python3.8/site-packages/airflow/example_dags/example_trigger_target_dag.py for tasks to queue
[2024-02-16T09:24:27.800+0000] {logging_mixin.py:188} INFO - [2024-02-16T09:24:27.799+0000] {dagbag.py:538} INFO - Filling up the DagBag from /home/airflow/.local/lib/python3.8/site-packages/airflow/example_dags/example_trigger_target_dag.py
[2024-02-16T09:24:27.807+0000] {processor.py:840} INFO - DAG(s) 'example_trigger_target_dag' retrieved from /home/airflow/.local/lib/python3.8/site-packages/airflow/example_dags/example_trigger_target_dag.py
[2024-02-16T09:24:27.864+0000] {logging_mixin.py:188} INFO - [2024-02-16T09:24:27.864+0000] {dag.py:3036} INFO - Sync 1 DAGs
[2024-02-16T09:24:27.876+0000] {logging_mixin.py:188} INFO - [2024-02-16T09:24:27.876+0000] {dag.py:3823} INFO - Setting next_dagrun for example_trigger_target_dag to None, run_after=None
[2024-02-16T09:24:27.900+0000] {processor.py:183} INFO - Processing /home/airflow/.local/lib/python3.8/site-packages/airflow/example_dags/example_trigger_target_dag.py took 0.107 seconds
[2024-02-16T09:24:58.301+0000] {processor.py:161} INFO - Started process (PID=2393) to work on /home/airflow/.local/lib/python3.8/site-packages/airflow/example_dags/example_trigger_target_dag.py
[2024-02-16T09:24:58.304+0000] {processor.py:830} INFO - Processing file /home/airflow/.local/lib/python3.8/site-packages/airflow/example_dags/example_trigger_target_dag.py for tasks to queue
[2024-02-16T09:24:58.305+0000] {logging_mixin.py:188} INFO - [2024-02-16T09:24:58.305+0000] {dagbag.py:538} INFO - Filling up the DagBag from /home/airflow/.local/lib/python3.8/site-packages/airflow/example_dags/example_trigger_target_dag.py
[2024-02-16T09:24:58.310+0000] {processor.py:840} INFO - DAG(s) 'example_trigger_target_dag' retrieved from /home/airflow/.local/lib/python3.8/site-packages/airflow/example_dags/example_trigger_target_dag.py
[2024-02-16T09:24:58.330+0000] {logging_mixin.py:188} INFO - [2024-02-16T09:24:58.330+0000] {dag.py:3036} INFO - Sync 1 DAGs
[2024-02-16T09:24:58.341+0000] {logging_mixin.py:188} INFO - [2024-02-16T09:24:58.341+0000] {dag.py:3823} INFO - Setting next_dagrun for example_trigger_target_dag to None, run_after=None
[2024-02-16T09:24:58.362+0000] {processor.py:183} INFO - Processing /home/airflow/.local/lib/python3.8/site-packages/airflow/example_dags/example_trigger_target_dag.py took 0.064 seconds
[2024-02-16T09:25:28.709+0000] {processor.py:161} INFO - Started process (PID=2639) to work on /home/airflow/.local/lib/python3.8/site-packages/airflow/example_dags/example_trigger_target_dag.py
[2024-02-16T09:25:28.712+0000] {processor.py:830} INFO - Processing file /home/airflow/.local/lib/python3.8/site-packages/airflow/example_dags/example_trigger_target_dag.py for tasks to queue
[2024-02-16T09:25:28.713+0000] {logging_mixin.py:188} INFO - [2024-02-16T09:25:28.712+0000] {dagbag.py:538} INFO - Filling up the DagBag from /home/airflow/.local/lib/python3.8/site-packages/airflow/example_dags/example_trigger_target_dag.py
[2024-02-16T09:25:28.718+0000] {processor.py:840} INFO - DAG(s) 'example_trigger_target_dag' retrieved from /home/airflow/.local/lib/python3.8/site-packages/airflow/example_dags/example_trigger_target_dag.py
[2024-02-16T09:25:28.738+0000] {logging_mixin.py:188} INFO - [2024-02-16T09:25:28.737+0000] {dag.py:3036} INFO - Sync 1 DAGs
[2024-02-16T09:25:28.748+0000] {logging_mixin.py:188} INFO - [2024-02-16T09:25:28.748+0000] {dag.py:3823} INFO - Setting next_dagrun for example_trigger_target_dag to None, run_after=None
[2024-02-16T09:25:28.768+0000] {processor.py:183} INFO - Processing /home/airflow/.local/lib/python3.8/site-packages/airflow/example_dags/example_trigger_target_dag.py took 0.062 seconds
[2024-02-16T09:25:59.102+0000] {processor.py:161} INFO - Started process (PID=2886) to work on /home/airflow/.local/lib/python3.8/site-packages/airflow/example_dags/example_trigger_target_dag.py
[2024-02-16T09:25:59.104+0000] {processor.py:830} INFO - Processing file /home/airflow/.local/lib/python3.8/site-packages/airflow/example_dags/example_trigger_target_dag.py for tasks to queue
[2024-02-16T09:25:59.105+0000] {logging_mixin.py:188} INFO - [2024-02-16T09:25:59.105+0000] {dagbag.py:538} INFO - Filling up the DagBag from /home/airflow/.local/lib/python3.8/site-packages/airflow/example_dags/example_trigger_target_dag.py
[2024-02-16T09:25:59.111+0000] {processor.py:840} INFO - DAG(s) 'example_trigger_target_dag' retrieved from /home/airflow/.local/lib/python3.8/site-packages/airflow/example_dags/example_trigger_target_dag.py
[2024-02-16T09:25:59.139+0000] {logging_mixin.py:188} INFO - [2024-02-16T09:25:59.139+0000] {dag.py:3036} INFO - Sync 1 DAGs
[2024-02-16T09:25:59.153+0000] {logging_mixin.py:188} INFO - [2024-02-16T09:25:59.153+0000] {dag.py:3823} INFO - Setting next_dagrun for example_trigger_target_dag to None, run_after=None
[2024-02-16T09:25:59.179+0000] {processor.py:183} INFO - Processing /home/airflow/.local/lib/python3.8/site-packages/airflow/example_dags/example_trigger_target_dag.py took 0.082 seconds
[2024-02-16T09:26:29.211+0000] {processor.py:161} INFO - Started process (PID=3137) to work on /home/airflow/.local/lib/python3.8/site-packages/airflow/example_dags/example_trigger_target_dag.py
[2024-02-16T09:26:29.213+0000] {processor.py:830} INFO - Processing file /home/airflow/.local/lib/python3.8/site-packages/airflow/example_dags/example_trigger_target_dag.py for tasks to queue
[2024-02-16T09:26:29.214+0000] {logging_mixin.py:188} INFO - [2024-02-16T09:26:29.214+0000] {dagbag.py:538} INFO - Filling up the DagBag from /home/airflow/.local/lib/python3.8/site-packages/airflow/example_dags/example_trigger_target_dag.py
[2024-02-16T09:26:29.219+0000] {processor.py:840} INFO - DAG(s) 'example_trigger_target_dag' retrieved from /home/airflow/.local/lib/python3.8/site-packages/airflow/example_dags/example_trigger_target_dag.py
[2024-02-16T09:26:29.237+0000] {logging_mixin.py:188} INFO - [2024-02-16T09:26:29.237+0000] {dag.py:3036} INFO - Sync 1 DAGs
[2024-02-16T09:26:29.247+0000] {logging_mixin.py:188} INFO - [2024-02-16T09:26:29.247+0000] {dag.py:3823} INFO - Setting next_dagrun for example_trigger_target_dag to None, run_after=None
[2024-02-16T09:26:29.265+0000] {processor.py:183} INFO - Processing /home/airflow/.local/lib/python3.8/site-packages/airflow/example_dags/example_trigger_target_dag.py took 0.057 seconds
[2024-02-16T09:26:59.842+0000] {processor.py:161} INFO - Started process (PID=3384) to work on /home/airflow/.local/lib/python3.8/site-packages/airflow/example_dags/example_trigger_target_dag.py
[2024-02-16T09:26:59.844+0000] {processor.py:830} INFO - Processing file /home/airflow/.local/lib/python3.8/site-packages/airflow/example_dags/example_trigger_target_dag.py for tasks to queue
[2024-02-16T09:26:59.845+0000] {logging_mixin.py:188} INFO - [2024-02-16T09:26:59.844+0000] {dagbag.py:538} INFO - Filling up the DagBag from /home/airflow/.local/lib/python3.8/site-packages/airflow/example_dags/example_trigger_target_dag.py
[2024-02-16T09:26:59.850+0000] {processor.py:840} INFO - DAG(s) 'example_trigger_target_dag' retrieved from /home/airflow/.local/lib/python3.8/site-packages/airflow/example_dags/example_trigger_target_dag.py
[2024-02-16T09:26:59.872+0000] {logging_mixin.py:188} INFO - [2024-02-16T09:26:59.871+0000] {dag.py:3036} INFO - Sync 1 DAGs
[2024-02-16T09:26:59.882+0000] {logging_mixin.py:188} INFO - [2024-02-16T09:26:59.882+0000] {dag.py:3823} INFO - Setting next_dagrun for example_trigger_target_dag to None, run_after=None
[2024-02-16T09:26:59.900+0000] {processor.py:183} INFO - Processing /home/airflow/.local/lib/python3.8/site-packages/airflow/example_dags/example_trigger_target_dag.py took 0.062 seconds
[2024-02-16T09:27:30.352+0000] {processor.py:161} INFO - Started process (PID=3632) to work on /home/airflow/.local/lib/python3.8/site-packages/airflow/example_dags/example_trigger_target_dag.py
[2024-02-16T09:27:30.355+0000] {processor.py:830} INFO - Processing file /home/airflow/.local/lib/python3.8/site-packages/airflow/example_dags/example_trigger_target_dag.py for tasks to queue
[2024-02-16T09:27:30.356+0000] {logging_mixin.py:188} INFO - [2024-02-16T09:27:30.356+0000] {dagbag.py:538} INFO - Filling up the DagBag from /home/airflow/.local/lib/python3.8/site-packages/airflow/example_dags/example_trigger_target_dag.py
[2024-02-16T09:27:30.361+0000] {processor.py:840} INFO - DAG(s) 'example_trigger_target_dag' retrieved from /home/airflow/.local/lib/python3.8/site-packages/airflow/example_dags/example_trigger_target_dag.py
[2024-02-16T09:27:30.380+0000] {logging_mixin.py:188} INFO - [2024-02-16T09:27:30.380+0000] {dag.py:3036} INFO - Sync 1 DAGs
[2024-02-16T09:27:30.390+0000] {logging_mixin.py:188} INFO - [2024-02-16T09:27:30.390+0000] {dag.py:3823} INFO - Setting next_dagrun for example_trigger_target_dag to None, run_after=None
[2024-02-16T09:27:30.411+0000] {processor.py:183} INFO - Processing /home/airflow/.local/lib/python3.8/site-packages/airflow/example_dags/example_trigger_target_dag.py took 0.061 seconds
[2024-02-16T09:28:00.749+0000] {processor.py:161} INFO - Started process (PID=3879) to work on /home/airflow/.local/lib/python3.8/site-packages/airflow/example_dags/example_trigger_target_dag.py
[2024-02-16T09:28:00.752+0000] {processor.py:830} INFO - Processing file /home/airflow/.local/lib/python3.8/site-packages/airflow/example_dags/example_trigger_target_dag.py for tasks to queue
[2024-02-16T09:28:00.753+0000] {logging_mixin.py:188} INFO - [2024-02-16T09:28:00.752+0000] {dagbag.py:538} INFO - Filling up the DagBag from /home/airflow/.local/lib/python3.8/site-packages/airflow/example_dags/example_trigger_target_dag.py
[2024-02-16T09:28:00.758+0000] {processor.py:840} INFO - DAG(s) 'example_trigger_target_dag' retrieved from /home/airflow/.local/lib/python3.8/site-packages/airflow/example_dags/example_trigger_target_dag.py
[2024-02-16T09:28:00.778+0000] {logging_mixin.py:188} INFO - [2024-02-16T09:28:00.778+0000] {dag.py:3036} INFO - Sync 1 DAGs
[2024-02-16T09:28:00.788+0000] {logging_mixin.py:188} INFO - [2024-02-16T09:28:00.788+0000] {dag.py:3823} INFO - Setting next_dagrun for example_trigger_target_dag to None, run_after=None
[2024-02-16T09:28:00.808+0000] {processor.py:183} INFO - Processing /home/airflow/.local/lib/python3.8/site-packages/airflow/example_dags/example_trigger_target_dag.py took 0.062 seconds
[2024-02-16T09:28:31.160+0000] {processor.py:161} INFO - Started process (PID=4125) to work on /home/airflow/.local/lib/python3.8/site-packages/airflow/example_dags/example_trigger_target_dag.py
[2024-02-16T09:28:31.162+0000] {processor.py:830} INFO - Processing file /home/airflow/.local/lib/python3.8/site-packages/airflow/example_dags/example_trigger_target_dag.py for tasks to queue
[2024-02-16T09:28:31.163+0000] {logging_mixin.py:188} INFO - [2024-02-16T09:28:31.163+0000] {dagbag.py:538} INFO - Filling up the DagBag from /home/airflow/.local/lib/python3.8/site-packages/airflow/example_dags/example_trigger_target_dag.py
[2024-02-16T09:28:31.169+0000] {processor.py:840} INFO - DAG(s) 'example_trigger_target_dag' retrieved from /home/airflow/.local/lib/python3.8/site-packages/airflow/example_dags/example_trigger_target_dag.py
[2024-02-16T09:28:31.191+0000] {logging_mixin.py:188} INFO - [2024-02-16T09:28:31.191+0000] {dag.py:3036} INFO - Sync 1 DAGs
[2024-02-16T09:28:31.201+0000] {logging_mixin.py:188} INFO - [2024-02-16T09:28:31.201+0000] {dag.py:3823} INFO - Setting next_dagrun for example_trigger_target_dag to None, run_after=None
[2024-02-16T09:28:31.219+0000] {processor.py:183} INFO - Processing /home/airflow/.local/lib/python3.8/site-packages/airflow/example_dags/example_trigger_target_dag.py took 0.062 seconds
[2024-02-16T09:29:01.541+0000] {processor.py:161} INFO - Started process (PID=4372) to work on /home/airflow/.local/lib/python3.8/site-packages/airflow/example_dags/example_trigger_target_dag.py
[2024-02-16T09:29:01.543+0000] {processor.py:830} INFO - Processing file /home/airflow/.local/lib/python3.8/site-packages/airflow/example_dags/example_trigger_target_dag.py for tasks to queue
[2024-02-16T09:29:01.544+0000] {logging_mixin.py:188} INFO - [2024-02-16T09:29:01.544+0000] {dagbag.py:538} INFO - Filling up the DagBag from /home/airflow/.local/lib/python3.8/site-packages/airflow/example_dags/example_trigger_target_dag.py
[2024-02-16T09:29:01.550+0000] {processor.py:840} INFO - DAG(s) 'example_trigger_target_dag' retrieved from /home/airflow/.local/lib/python3.8/site-packages/airflow/example_dags/example_trigger_target_dag.py
[2024-02-16T09:29:01.570+0000] {logging_mixin.py:188} INFO - [2024-02-16T09:29:01.570+0000] {dag.py:3036} INFO - Sync 1 DAGs
[2024-02-16T09:29:01.579+0000] {logging_mixin.py:188} INFO - [2024-02-16T09:29:01.579+0000] {dag.py:3823} INFO - Setting next_dagrun for example_trigger_target_dag to None, run_after=None
[2024-02-16T09:29:01.599+0000] {processor.py:183} INFO - Processing /home/airflow/.local/lib/python3.8/site-packages/airflow/example_dags/example_trigger_target_dag.py took 0.061 seconds
[2024-02-16T09:29:31.855+0000] {processor.py:161} INFO - Started process (PID=4618) to work on /home/airflow/.local/lib/python3.8/site-packages/airflow/example_dags/example_trigger_target_dag.py
[2024-02-16T09:29:31.858+0000] {processor.py:830} INFO - Processing file /home/airflow/.local/lib/python3.8/site-packages/airflow/example_dags/example_trigger_target_dag.py for tasks to queue
[2024-02-16T09:29:31.860+0000] {logging_mixin.py:188} INFO - [2024-02-16T09:29:31.859+0000] {dagbag.py:538} INFO - Filling up the DagBag from /home/airflow/.local/lib/python3.8/site-packages/airflow/example_dags/example_trigger_target_dag.py
[2024-02-16T09:29:31.866+0000] {processor.py:840} INFO - DAG(s) 'example_trigger_target_dag' retrieved from /home/airflow/.local/lib/python3.8/site-packages/airflow/example_dags/example_trigger_target_dag.py
[2024-02-16T09:29:31.891+0000] {logging_mixin.py:188} INFO - [2024-02-16T09:29:31.890+0000] {dag.py:3036} INFO - Sync 1 DAGs
[2024-02-16T09:29:31.903+0000] {logging_mixin.py:188} INFO - [2024-02-16T09:29:31.903+0000] {dag.py:3823} INFO - Setting next_dagrun for example_trigger_target_dag to None, run_after=None
[2024-02-16T09:29:31.930+0000] {processor.py:183} INFO - Processing /home/airflow/.local/lib/python3.8/site-packages/airflow/example_dags/example_trigger_target_dag.py took 0.078 seconds
[2024-02-16T09:30:02.595+0000] {processor.py:161} INFO - Started process (PID=4865) to work on /home/airflow/.local/lib/python3.8/site-packages/airflow/example_dags/example_trigger_target_dag.py
[2024-02-16T09:30:02.597+0000] {processor.py:830} INFO - Processing file /home/airflow/.local/lib/python3.8/site-packages/airflow/example_dags/example_trigger_target_dag.py for tasks to queue
[2024-02-16T09:30:02.598+0000] {logging_mixin.py:188} INFO - [2024-02-16T09:30:02.598+0000] {dagbag.py:538} INFO - Filling up the DagBag from /home/airflow/.local/lib/python3.8/site-packages/airflow/example_dags/example_trigger_target_dag.py
[2024-02-16T09:30:02.604+0000] {processor.py:840} INFO - DAG(s) 'example_trigger_target_dag' retrieved from /home/airflow/.local/lib/python3.8/site-packages/airflow/example_dags/example_trigger_target_dag.py
[2024-02-16T09:30:02.624+0000] {logging_mixin.py:188} INFO - [2024-02-16T09:30:02.624+0000] {dag.py:3036} INFO - Sync 1 DAGs
[2024-02-16T09:30:02.634+0000] {logging_mixin.py:188} INFO - [2024-02-16T09:30:02.634+0000] {dag.py:3823} INFO - Setting next_dagrun for example_trigger_target_dag to None, run_after=None
[2024-02-16T09:30:02.654+0000] {processor.py:183} INFO - Processing /home/airflow/.local/lib/python3.8/site-packages/airflow/example_dags/example_trigger_target_dag.py took 0.063 seconds
[2024-02-16T09:30:33.038+0000] {processor.py:161} INFO - Started process (PID=5290) to work on /home/airflow/.local/lib/python3.8/site-packages/airflow/example_dags/example_trigger_target_dag.py
[2024-02-16T09:30:33.041+0000] {processor.py:830} INFO - Processing file /home/airflow/.local/lib/python3.8/site-packages/airflow/example_dags/example_trigger_target_dag.py for tasks to queue
[2024-02-16T09:30:33.042+0000] {logging_mixin.py:188} INFO - [2024-02-16T09:30:33.041+0000] {dagbag.py:538} INFO - Filling up the DagBag from /home/airflow/.local/lib/python3.8/site-packages/airflow/example_dags/example_trigger_target_dag.py
[2024-02-16T09:30:33.047+0000] {processor.py:840} INFO - DAG(s) 'example_trigger_target_dag' retrieved from /home/airflow/.local/lib/python3.8/site-packages/airflow/example_dags/example_trigger_target_dag.py
[2024-02-16T09:30:33.070+0000] {logging_mixin.py:188} INFO - [2024-02-16T09:30:33.070+0000] {dag.py:3036} INFO - Sync 1 DAGs
[2024-02-16T09:30:33.081+0000] {logging_mixin.py:188} INFO - [2024-02-16T09:30:33.081+0000] {dag.py:3823} INFO - Setting next_dagrun for example_trigger_target_dag to None, run_after=None
[2024-02-16T09:30:33.105+0000] {processor.py:183} INFO - Processing /home/airflow/.local/lib/python3.8/site-packages/airflow/example_dags/example_trigger_target_dag.py took 0.071 seconds
[2024-02-16T09:31:03.477+0000] {processor.py:161} INFO - Started process (PID=5536) to work on /home/airflow/.local/lib/python3.8/site-packages/airflow/example_dags/example_trigger_target_dag.py
[2024-02-16T09:31:03.479+0000] {processor.py:830} INFO - Processing file /home/airflow/.local/lib/python3.8/site-packages/airflow/example_dags/example_trigger_target_dag.py for tasks to queue
[2024-02-16T09:31:03.480+0000] {logging_mixin.py:188} INFO - [2024-02-16T09:31:03.480+0000] {dagbag.py:538} INFO - Filling up the DagBag from /home/airflow/.local/lib/python3.8/site-packages/airflow/example_dags/example_trigger_target_dag.py
[2024-02-16T09:31:03.485+0000] {processor.py:840} INFO - DAG(s) 'example_trigger_target_dag' retrieved from /home/airflow/.local/lib/python3.8/site-packages/airflow/example_dags/example_trigger_target_dag.py
[2024-02-16T09:31:03.504+0000] {logging_mixin.py:188} INFO - [2024-02-16T09:31:03.503+0000] {dag.py:3036} INFO - Sync 1 DAGs
[2024-02-16T09:31:03.514+0000] {logging_mixin.py:188} INFO - [2024-02-16T09:31:03.514+0000] {dag.py:3823} INFO - Setting next_dagrun for example_trigger_target_dag to None, run_after=None
[2024-02-16T09:31:03.533+0000] {processor.py:183} INFO - Processing /home/airflow/.local/lib/python3.8/site-packages/airflow/example_dags/example_trigger_target_dag.py took 0.058 seconds
[2024-02-16T09:31:33.834+0000] {processor.py:161} INFO - Started process (PID=5783) to work on /home/airflow/.local/lib/python3.8/site-packages/airflow/example_dags/example_trigger_target_dag.py
[2024-02-16T09:31:33.835+0000] {processor.py:830} INFO - Processing file /home/airflow/.local/lib/python3.8/site-packages/airflow/example_dags/example_trigger_target_dag.py for tasks to queue
[2024-02-16T09:31:33.836+0000] {logging_mixin.py:188} INFO - [2024-02-16T09:31:33.835+0000] {dagbag.py:538} INFO - Filling up the DagBag from /home/airflow/.local/lib/python3.8/site-packages/airflow/example_dags/example_trigger_target_dag.py
[2024-02-16T09:31:33.841+0000] {processor.py:840} INFO - DAG(s) 'example_trigger_target_dag' retrieved from /home/airflow/.local/lib/python3.8/site-packages/airflow/example_dags/example_trigger_target_dag.py
[2024-02-16T09:31:33.865+0000] {logging_mixin.py:188} INFO - [2024-02-16T09:31:33.864+0000] {dag.py:3036} INFO - Sync 1 DAGs
[2024-02-16T09:31:33.878+0000] {logging_mixin.py:188} INFO - [2024-02-16T09:31:33.878+0000] {dag.py:3823} INFO - Setting next_dagrun for example_trigger_target_dag to None, run_after=None
[2024-02-16T09:31:33.899+0000] {processor.py:183} INFO - Processing /home/airflow/.local/lib/python3.8/site-packages/airflow/example_dags/example_trigger_target_dag.py took 0.069 seconds
[2024-02-16T09:32:04.340+0000] {processor.py:161} INFO - Started process (PID=6029) to work on /home/airflow/.local/lib/python3.8/site-packages/airflow/example_dags/example_trigger_target_dag.py
[2024-02-16T09:32:04.342+0000] {processor.py:830} INFO - Processing file /home/airflow/.local/lib/python3.8/site-packages/airflow/example_dags/example_trigger_target_dag.py for tasks to queue
[2024-02-16T09:32:04.343+0000] {logging_mixin.py:188} INFO - [2024-02-16T09:32:04.343+0000] {dagbag.py:538} INFO - Filling up the DagBag from /home/airflow/.local/lib/python3.8/site-packages/airflow/example_dags/example_trigger_target_dag.py
[2024-02-16T09:32:04.348+0000] {processor.py:840} INFO - DAG(s) 'example_trigger_target_dag' retrieved from /home/airflow/.local/lib/python3.8/site-packages/airflow/example_dags/example_trigger_target_dag.py
[2024-02-16T09:32:04.367+0000] {logging_mixin.py:188} INFO - [2024-02-16T09:32:04.367+0000] {dag.py:3036} INFO - Sync 1 DAGs
[2024-02-16T09:32:04.377+0000] {logging_mixin.py:188} INFO - [2024-02-16T09:32:04.377+0000] {dag.py:3823} INFO - Setting next_dagrun for example_trigger_target_dag to None, run_after=None
[2024-02-16T09:32:04.396+0000] {processor.py:183} INFO - Processing /home/airflow/.local/lib/python3.8/site-packages/airflow/example_dags/example_trigger_target_dag.py took 0.059 seconds
[2024-02-16T09:32:34.820+0000] {processor.py:161} INFO - Started process (PID=6276) to work on /home/airflow/.local/lib/python3.8/site-packages/airflow/example_dags/example_trigger_target_dag.py
[2024-02-16T09:32:34.823+0000] {processor.py:830} INFO - Processing file /home/airflow/.local/lib/python3.8/site-packages/airflow/example_dags/example_trigger_target_dag.py for tasks to queue
[2024-02-16T09:32:34.824+0000] {logging_mixin.py:188} INFO - [2024-02-16T09:32:34.823+0000] {dagbag.py:538} INFO - Filling up the DagBag from /home/airflow/.local/lib/python3.8/site-packages/airflow/example_dags/example_trigger_target_dag.py
[2024-02-16T09:32:34.829+0000] {processor.py:840} INFO - DAG(s) 'example_trigger_target_dag' retrieved from /home/airflow/.local/lib/python3.8/site-packages/airflow/example_dags/example_trigger_target_dag.py
[2024-02-16T09:32:34.849+0000] {logging_mixin.py:188} INFO - [2024-02-16T09:32:34.849+0000] {dag.py:3036} INFO - Sync 1 DAGs
[2024-02-16T09:32:34.860+0000] {logging_mixin.py:188} INFO - [2024-02-16T09:32:34.860+0000] {dag.py:3823} INFO - Setting next_dagrun for example_trigger_target_dag to None, run_after=None
[2024-02-16T09:32:34.881+0000] {processor.py:183} INFO - Processing /home/airflow/.local/lib/python3.8/site-packages/airflow/example_dags/example_trigger_target_dag.py took 0.064 seconds
[2024-02-16T09:33:05.459+0000] {processor.py:161} INFO - Started process (PID=6523) to work on /home/airflow/.local/lib/python3.8/site-packages/airflow/example_dags/example_trigger_target_dag.py
[2024-02-16T09:33:05.460+0000] {processor.py:830} INFO - Processing file /home/airflow/.local/lib/python3.8/site-packages/airflow/example_dags/example_trigger_target_dag.py for tasks to queue
[2024-02-16T09:33:05.461+0000] {logging_mixin.py:188} INFO - [2024-02-16T09:33:05.460+0000] {dagbag.py:538} INFO - Filling up the DagBag from /home/airflow/.local/lib/python3.8/site-packages/airflow/example_dags/example_trigger_target_dag.py
[2024-02-16T09:33:05.465+0000] {processor.py:840} INFO - DAG(s) 'example_trigger_target_dag' retrieved from /home/airflow/.local/lib/python3.8/site-packages/airflow/example_dags/example_trigger_target_dag.py
[2024-02-16T09:33:05.486+0000] {logging_mixin.py:188} INFO - [2024-02-16T09:33:05.486+0000] {dag.py:3036} INFO - Sync 1 DAGs
[2024-02-16T09:33:05.496+0000] {logging_mixin.py:188} INFO - [2024-02-16T09:33:05.496+0000] {dag.py:3823} INFO - Setting next_dagrun for example_trigger_target_dag to None, run_after=None
[2024-02-16T09:33:05.519+0000] {processor.py:183} INFO - Processing /home/airflow/.local/lib/python3.8/site-packages/airflow/example_dags/example_trigger_target_dag.py took 0.063 seconds
[2024-02-16T09:33:35.991+0000] {processor.py:161} INFO - Started process (PID=6770) to work on /home/airflow/.local/lib/python3.8/site-packages/airflow/example_dags/example_trigger_target_dag.py
[2024-02-16T09:33:35.994+0000] {processor.py:830} INFO - Processing file /home/airflow/.local/lib/python3.8/site-packages/airflow/example_dags/example_trigger_target_dag.py for tasks to queue
[2024-02-16T09:33:35.995+0000] {logging_mixin.py:188} INFO - [2024-02-16T09:33:35.995+0000] {dagbag.py:538} INFO - Filling up the DagBag from /home/airflow/.local/lib/python3.8/site-packages/airflow/example_dags/example_trigger_target_dag.py
[2024-02-16T09:33:35.999+0000] {processor.py:840} INFO - DAG(s) 'example_trigger_target_dag' retrieved from /home/airflow/.local/lib/python3.8/site-packages/airflow/example_dags/example_trigger_target_dag.py
[2024-02-16T09:33:36.019+0000] {logging_mixin.py:188} INFO - [2024-02-16T09:33:36.019+0000] {dag.py:3036} INFO - Sync 1 DAGs
[2024-02-16T09:33:36.030+0000] {logging_mixin.py:188} INFO - [2024-02-16T09:33:36.029+0000] {dag.py:3823} INFO - Setting next_dagrun for example_trigger_target_dag to None, run_after=None
[2024-02-16T09:33:36.049+0000] {processor.py:183} INFO - Processing /home/airflow/.local/lib/python3.8/site-packages/airflow/example_dags/example_trigger_target_dag.py took 0.060 seconds
[2024-02-16T09:34:06.420+0000] {processor.py:161} INFO - Started process (PID=7017) to work on /home/airflow/.local/lib/python3.8/site-packages/airflow/example_dags/example_trigger_target_dag.py
[2024-02-16T09:34:06.421+0000] {processor.py:830} INFO - Processing file /home/airflow/.local/lib/python3.8/site-packages/airflow/example_dags/example_trigger_target_dag.py for tasks to queue
[2024-02-16T09:34:06.422+0000] {logging_mixin.py:188} INFO - [2024-02-16T09:34:06.422+0000] {dagbag.py:538} INFO - Filling up the DagBag from /home/airflow/.local/lib/python3.8/site-packages/airflow/example_dags/example_trigger_target_dag.py
[2024-02-16T09:34:06.427+0000] {processor.py:840} INFO - DAG(s) 'example_trigger_target_dag' retrieved from /home/airflow/.local/lib/python3.8/site-packages/airflow/example_dags/example_trigger_target_dag.py
[2024-02-16T09:34:06.446+0000] {logging_mixin.py:188} INFO - [2024-02-16T09:34:06.446+0000] {dag.py:3036} INFO - Sync 1 DAGs
[2024-02-16T09:34:06.456+0000] {logging_mixin.py:188} INFO - [2024-02-16T09:34:06.456+0000] {dag.py:3823} INFO - Setting next_dagrun for example_trigger_target_dag to None, run_after=None
[2024-02-16T09:34:06.477+0000] {processor.py:183} INFO - Processing /home/airflow/.local/lib/python3.8/site-packages/airflow/example_dags/example_trigger_target_dag.py took 0.061 seconds
[2024-02-16T09:38:02.919+0000] {processor.py:161} INFO - Started process (PID=172) to work on /home/airflow/.local/lib/python3.8/site-packages/airflow/example_dags/example_trigger_target_dag.py
[2024-02-16T09:38:02.921+0000] {processor.py:830} INFO - Processing file /home/airflow/.local/lib/python3.8/site-packages/airflow/example_dags/example_trigger_target_dag.py for tasks to queue
[2024-02-16T09:38:02.922+0000] {logging_mixin.py:188} INFO - [2024-02-16T09:38:02.921+0000] {dagbag.py:538} INFO - Filling up the DagBag from /home/airflow/.local/lib/python3.8/site-packages/airflow/example_dags/example_trigger_target_dag.py
[2024-02-16T09:38:02.931+0000] {processor.py:840} INFO - DAG(s) 'example_trigger_target_dag' retrieved from /home/airflow/.local/lib/python3.8/site-packages/airflow/example_dags/example_trigger_target_dag.py
[2024-02-16T09:38:02.956+0000] {logging_mixin.py:188} INFO - [2024-02-16T09:38:02.955+0000] {dag.py:3036} INFO - Sync 1 DAGs
[2024-02-16T09:38:02.966+0000] {logging_mixin.py:188} INFO - [2024-02-16T09:38:02.965+0000] {dag.py:3823} INFO - Setting next_dagrun for example_trigger_target_dag to None, run_after=None
[2024-02-16T09:38:02.990+0000] {processor.py:183} INFO - Processing /home/airflow/.local/lib/python3.8/site-packages/airflow/example_dags/example_trigger_target_dag.py took 0.074 seconds
[2024-02-16T09:38:33.405+0000] {processor.py:161} INFO - Started process (PID=419) to work on /home/airflow/.local/lib/python3.8/site-packages/airflow/example_dags/example_trigger_target_dag.py
[2024-02-16T09:38:33.408+0000] {processor.py:830} INFO - Processing file /home/airflow/.local/lib/python3.8/site-packages/airflow/example_dags/example_trigger_target_dag.py for tasks to queue
[2024-02-16T09:38:33.409+0000] {logging_mixin.py:188} INFO - [2024-02-16T09:38:33.409+0000] {dagbag.py:538} INFO - Filling up the DagBag from /home/airflow/.local/lib/python3.8/site-packages/airflow/example_dags/example_trigger_target_dag.py
[2024-02-16T09:38:33.413+0000] {processor.py:840} INFO - DAG(s) 'example_trigger_target_dag' retrieved from /home/airflow/.local/lib/python3.8/site-packages/airflow/example_dags/example_trigger_target_dag.py
[2024-02-16T09:38:33.496+0000] {logging_mixin.py:188} INFO - [2024-02-16T09:38:33.496+0000] {dag.py:3036} INFO - Sync 1 DAGs
[2024-02-16T09:38:33.505+0000] {logging_mixin.py:188} INFO - [2024-02-16T09:38:33.505+0000] {dag.py:3823} INFO - Setting next_dagrun for example_trigger_target_dag to None, run_after=None
[2024-02-16T09:38:33.530+0000] {processor.py:183} INFO - Processing /home/airflow/.local/lib/python3.8/site-packages/airflow/example_dags/example_trigger_target_dag.py took 0.128 seconds
