[2024-02-16T09:20:24.742+0000] {processor.py:161} INFO - Started process (PID=226) to work on /home/airflow/.local/lib/python3.8/site-packages/airflow/example_dags/example_subdag_operator.py
[2024-02-16T09:20:24.743+0000] {processor.py:830} INFO - Processing file /home/airflow/.local/lib/python3.8/site-packages/airflow/example_dags/example_subdag_operator.py for tasks to queue
[2024-02-16T09:20:24.743+0000] {logging_mixin.py:188} INFO - [2024-02-16T09:20:24.743+0000] {dagbag.py:538} INFO - Filling up the DagBag from /home/airflow/.local/lib/python3.8/site-packages/airflow/example_dags/example_subdag_operator.py
[2024-02-16T09:20:24.772+0000] {processor.py:840} INFO - DAG(s) 'example_subdag_operator.section-1', 'example_subdag_operator.section-2', 'example_subdag_operator' retrieved from /home/airflow/.local/lib/python3.8/site-packages/airflow/example_dags/example_subdag_operator.py
[2024-02-16T09:20:24.868+0000] {logging_mixin.py:188} INFO - [2024-02-16T09:20:24.867+0000] {override.py:1769} INFO - Created Permission View: can delete on DAG:example_subdag_operator
[2024-02-16T09:20:24.882+0000] {logging_mixin.py:188} INFO - [2024-02-16T09:20:24.882+0000] {override.py:1769} INFO - Created Permission View: can edit on DAG:example_subdag_operator
[2024-02-16T09:20:24.890+0000] {logging_mixin.py:188} INFO - [2024-02-16T09:20:24.890+0000] {override.py:1769} INFO - Created Permission View: can read on DAG:example_subdag_operator
[2024-02-16T09:20:24.891+0000] {logging_mixin.py:188} INFO - [2024-02-16T09:20:24.891+0000] {dag.py:3036} INFO - Sync 3 DAGs
[2024-02-16T09:20:24.903+0000] {logging_mixin.py:188} INFO - [2024-02-16T09:20:24.903+0000] {dag.py:3058} INFO - Creating ORM DAG for example_subdag_operator.section-2
[2024-02-16T09:20:24.904+0000] {logging_mixin.py:188} INFO - [2024-02-16T09:20:24.904+0000] {dag.py:3058} INFO - Creating ORM DAG for example_subdag_operator
[2024-02-16T09:20:24.904+0000] {logging_mixin.py:188} INFO - [2024-02-16T09:20:24.904+0000] {dag.py:3058} INFO - Creating ORM DAG for example_subdag_operator.section-1
[2024-02-16T09:20:24.916+0000] {logging_mixin.py:188} INFO - [2024-02-16T09:20:24.915+0000] {dag.py:3823} INFO - Setting next_dagrun for example_subdag_operator to 2022-01-01 00:00:00+00:00, run_after=2022-01-01 00:00:00+00:00
[2024-02-16T09:20:24.916+0000] {logging_mixin.py:188} INFO - [2024-02-16T09:20:24.916+0000] {dag.py:3823} INFO - Setting next_dagrun for example_subdag_operator.section-1 to None, run_after=None
[2024-02-16T09:20:24.917+0000] {logging_mixin.py:188} INFO - [2024-02-16T09:20:24.917+0000] {dag.py:3823} INFO - Setting next_dagrun for example_subdag_operator.section-2 to None, run_after=None
[2024-02-16T09:20:24.926+0000] {logging_mixin.py:188} INFO - [2024-02-16T09:20:24.925+0000] {dag.py:3036} INFO - Sync 2 DAGs
[2024-02-16T09:20:24.933+0000] {logging_mixin.py:188} INFO - [2024-02-16T09:20:24.933+0000] {dag.py:3823} INFO - Setting next_dagrun for example_subdag_operator.section-1 to None, run_after=None
[2024-02-16T09:20:24.937+0000] {logging_mixin.py:188} INFO - [2024-02-16T09:20:24.936+0000] {dag.py:3823} INFO - Setting next_dagrun for example_subdag_operator.section-2 to None, run_after=None
[2024-02-16T09:20:24.954+0000] {processor.py:183} INFO - Processing /home/airflow/.local/lib/python3.8/site-packages/airflow/example_dags/example_subdag_operator.py took 0.215 seconds
[2024-02-16T09:20:55.584+0000] {processor.py:161} INFO - Started process (PID=473) to work on /home/airflow/.local/lib/python3.8/site-packages/airflow/example_dags/example_subdag_operator.py
[2024-02-16T09:20:55.585+0000] {processor.py:830} INFO - Processing file /home/airflow/.local/lib/python3.8/site-packages/airflow/example_dags/example_subdag_operator.py for tasks to queue
[2024-02-16T09:20:55.586+0000] {logging_mixin.py:188} INFO - [2024-02-16T09:20:55.586+0000] {dagbag.py:538} INFO - Filling up the DagBag from /home/airflow/.local/lib/python3.8/site-packages/airflow/example_dags/example_subdag_operator.py
[2024-02-16T09:20:55.608+0000] {processor.py:840} INFO - DAG(s) 'example_subdag_operator.section-1', 'example_subdag_operator.section-2', 'example_subdag_operator' retrieved from /home/airflow/.local/lib/python3.8/site-packages/airflow/example_dags/example_subdag_operator.py
[2024-02-16T09:20:55.622+0000] {logging_mixin.py:188} INFO - [2024-02-16T09:20:55.621+0000] {dag.py:3036} INFO - Sync 3 DAGs
[2024-02-16T09:20:55.640+0000] {logging_mixin.py:188} INFO - [2024-02-16T09:20:55.639+0000] {dag.py:3823} INFO - Setting next_dagrun for example_subdag_operator to 2022-01-01 00:00:00+00:00, run_after=2022-01-01 00:00:00+00:00
[2024-02-16T09:20:55.643+0000] {logging_mixin.py:188} INFO - [2024-02-16T09:20:55.643+0000] {dag.py:3823} INFO - Setting next_dagrun for example_subdag_operator.section-1 to None, run_after=None
[2024-02-16T09:20:55.644+0000] {logging_mixin.py:188} INFO - [2024-02-16T09:20:55.644+0000] {dag.py:3823} INFO - Setting next_dagrun for example_subdag_operator.section-2 to None, run_after=None
[2024-02-16T09:20:55.651+0000] {logging_mixin.py:188} INFO - [2024-02-16T09:20:55.651+0000] {dag.py:3036} INFO - Sync 2 DAGs
[2024-02-16T09:20:55.656+0000] {logging_mixin.py:188} INFO - [2024-02-16T09:20:55.656+0000] {dag.py:3823} INFO - Setting next_dagrun for example_subdag_operator.section-1 to None, run_after=None
[2024-02-16T09:20:55.656+0000] {logging_mixin.py:188} INFO - [2024-02-16T09:20:55.656+0000] {dag.py:3823} INFO - Setting next_dagrun for example_subdag_operator.section-2 to None, run_after=None
[2024-02-16T09:20:55.667+0000] {processor.py:183} INFO - Processing /home/airflow/.local/lib/python3.8/site-packages/airflow/example_dags/example_subdag_operator.py took 0.086 seconds
[2024-02-16T09:21:26.026+0000] {processor.py:161} INFO - Started process (PID=720) to work on /home/airflow/.local/lib/python3.8/site-packages/airflow/example_dags/example_subdag_operator.py
[2024-02-16T09:21:26.027+0000] {processor.py:830} INFO - Processing file /home/airflow/.local/lib/python3.8/site-packages/airflow/example_dags/example_subdag_operator.py for tasks to queue
[2024-02-16T09:21:26.027+0000] {logging_mixin.py:188} INFO - [2024-02-16T09:21:26.027+0000] {dagbag.py:538} INFO - Filling up the DagBag from /home/airflow/.local/lib/python3.8/site-packages/airflow/example_dags/example_subdag_operator.py
[2024-02-16T09:21:26.051+0000] {processor.py:840} INFO - DAG(s) 'example_subdag_operator.section-1', 'example_subdag_operator.section-2', 'example_subdag_operator' retrieved from /home/airflow/.local/lib/python3.8/site-packages/airflow/example_dags/example_subdag_operator.py
[2024-02-16T09:21:26.066+0000] {logging_mixin.py:188} INFO - [2024-02-16T09:21:26.065+0000] {dag.py:3036} INFO - Sync 3 DAGs
[2024-02-16T09:21:26.086+0000] {logging_mixin.py:188} INFO - [2024-02-16T09:21:26.086+0000] {dag.py:3823} INFO - Setting next_dagrun for example_subdag_operator to 2022-01-01 00:00:00+00:00, run_after=2022-01-01 00:00:00+00:00
[2024-02-16T09:21:26.090+0000] {logging_mixin.py:188} INFO - [2024-02-16T09:21:26.090+0000] {dag.py:3823} INFO - Setting next_dagrun for example_subdag_operator.section-1 to None, run_after=None
[2024-02-16T09:21:26.092+0000] {logging_mixin.py:188} INFO - [2024-02-16T09:21:26.092+0000] {dag.py:3823} INFO - Setting next_dagrun for example_subdag_operator.section-2 to None, run_after=None
[2024-02-16T09:21:26.101+0000] {logging_mixin.py:188} INFO - [2024-02-16T09:21:26.100+0000] {dag.py:3036} INFO - Sync 2 DAGs
[2024-02-16T09:21:26.106+0000] {logging_mixin.py:188} INFO - [2024-02-16T09:21:26.105+0000] {dag.py:3823} INFO - Setting next_dagrun for example_subdag_operator.section-1 to None, run_after=None
[2024-02-16T09:21:26.106+0000] {logging_mixin.py:188} INFO - [2024-02-16T09:21:26.106+0000] {dag.py:3823} INFO - Setting next_dagrun for example_subdag_operator.section-2 to None, run_after=None
[2024-02-16T09:21:26.119+0000] {processor.py:183} INFO - Processing /home/airflow/.local/lib/python3.8/site-packages/airflow/example_dags/example_subdag_operator.py took 0.096 seconds
[2024-02-16T09:21:56.616+0000] {processor.py:161} INFO - Started process (PID=966) to work on /home/airflow/.local/lib/python3.8/site-packages/airflow/example_dags/example_subdag_operator.py
[2024-02-16T09:21:56.617+0000] {processor.py:830} INFO - Processing file /home/airflow/.local/lib/python3.8/site-packages/airflow/example_dags/example_subdag_operator.py for tasks to queue
[2024-02-16T09:21:56.618+0000] {logging_mixin.py:188} INFO - [2024-02-16T09:21:56.618+0000] {dagbag.py:538} INFO - Filling up the DagBag from /home/airflow/.local/lib/python3.8/site-packages/airflow/example_dags/example_subdag_operator.py
[2024-02-16T09:21:56.642+0000] {processor.py:840} INFO - DAG(s) 'example_subdag_operator.section-1', 'example_subdag_operator.section-2', 'example_subdag_operator' retrieved from /home/airflow/.local/lib/python3.8/site-packages/airflow/example_dags/example_subdag_operator.py
[2024-02-16T09:21:56.658+0000] {logging_mixin.py:188} INFO - [2024-02-16T09:21:56.658+0000] {dag.py:3036} INFO - Sync 3 DAGs
[2024-02-16T09:21:56.680+0000] {logging_mixin.py:188} INFO - [2024-02-16T09:21:56.679+0000] {dag.py:3823} INFO - Setting next_dagrun for example_subdag_operator to 2022-01-01 00:00:00+00:00, run_after=2022-01-01 00:00:00+00:00
[2024-02-16T09:21:56.685+0000] {logging_mixin.py:188} INFO - [2024-02-16T09:21:56.685+0000] {dag.py:3823} INFO - Setting next_dagrun for example_subdag_operator.section-1 to None, run_after=None
[2024-02-16T09:21:56.687+0000] {logging_mixin.py:188} INFO - [2024-02-16T09:21:56.687+0000] {dag.py:3823} INFO - Setting next_dagrun for example_subdag_operator.section-2 to None, run_after=None
[2024-02-16T09:21:56.695+0000] {logging_mixin.py:188} INFO - [2024-02-16T09:21:56.694+0000] {dag.py:3036} INFO - Sync 2 DAGs
[2024-02-16T09:21:56.703+0000] {logging_mixin.py:188} INFO - [2024-02-16T09:21:56.703+0000] {dag.py:3823} INFO - Setting next_dagrun for example_subdag_operator.section-1 to None, run_after=None
[2024-02-16T09:21:56.703+0000] {logging_mixin.py:188} INFO - [2024-02-16T09:21:56.703+0000] {dag.py:3823} INFO - Setting next_dagrun for example_subdag_operator.section-2 to None, run_after=None
[2024-02-16T09:21:56.722+0000] {processor.py:183} INFO - Processing /home/airflow/.local/lib/python3.8/site-packages/airflow/example_dags/example_subdag_operator.py took 0.111 seconds
[2024-02-16T09:22:27.380+0000] {processor.py:161} INFO - Started process (PID=1213) to work on /home/airflow/.local/lib/python3.8/site-packages/airflow/example_dags/example_subdag_operator.py
[2024-02-16T09:22:27.382+0000] {processor.py:830} INFO - Processing file /home/airflow/.local/lib/python3.8/site-packages/airflow/example_dags/example_subdag_operator.py for tasks to queue
[2024-02-16T09:22:27.382+0000] {logging_mixin.py:188} INFO - [2024-02-16T09:22:27.382+0000] {dagbag.py:538} INFO - Filling up the DagBag from /home/airflow/.local/lib/python3.8/site-packages/airflow/example_dags/example_subdag_operator.py
[2024-02-16T09:22:27.410+0000] {processor.py:840} INFO - DAG(s) 'example_subdag_operator.section-1', 'example_subdag_operator.section-2', 'example_subdag_operator' retrieved from /home/airflow/.local/lib/python3.8/site-packages/airflow/example_dags/example_subdag_operator.py
[2024-02-16T09:22:27.426+0000] {logging_mixin.py:188} INFO - [2024-02-16T09:22:27.426+0000] {dag.py:3036} INFO - Sync 3 DAGs
[2024-02-16T09:22:27.447+0000] {logging_mixin.py:188} INFO - [2024-02-16T09:22:27.447+0000] {dag.py:3823} INFO - Setting next_dagrun for example_subdag_operator to 2022-01-01 00:00:00+00:00, run_after=2022-01-01 00:00:00+00:00
[2024-02-16T09:22:27.450+0000] {logging_mixin.py:188} INFO - [2024-02-16T09:22:27.450+0000] {dag.py:3823} INFO - Setting next_dagrun for example_subdag_operator.section-1 to None, run_after=None
[2024-02-16T09:22:27.451+0000] {logging_mixin.py:188} INFO - [2024-02-16T09:22:27.451+0000] {dag.py:3823} INFO - Setting next_dagrun for example_subdag_operator.section-2 to None, run_after=None
[2024-02-16T09:22:27.462+0000] {logging_mixin.py:188} INFO - [2024-02-16T09:22:27.462+0000] {dag.py:3036} INFO - Sync 2 DAGs
[2024-02-16T09:22:27.467+0000] {logging_mixin.py:188} INFO - [2024-02-16T09:22:27.466+0000] {dag.py:3823} INFO - Setting next_dagrun for example_subdag_operator.section-1 to None, run_after=None
[2024-02-16T09:22:27.467+0000] {logging_mixin.py:188} INFO - [2024-02-16T09:22:27.467+0000] {dag.py:3823} INFO - Setting next_dagrun for example_subdag_operator.section-2 to None, run_after=None
[2024-02-16T09:22:27.483+0000] {processor.py:183} INFO - Processing /home/airflow/.local/lib/python3.8/site-packages/airflow/example_dags/example_subdag_operator.py took 0.105 seconds
[2024-02-16T09:22:58.019+0000] {processor.py:161} INFO - Started process (PID=1460) to work on /home/airflow/.local/lib/python3.8/site-packages/airflow/example_dags/example_subdag_operator.py
[2024-02-16T09:22:58.020+0000] {processor.py:830} INFO - Processing file /home/airflow/.local/lib/python3.8/site-packages/airflow/example_dags/example_subdag_operator.py for tasks to queue
[2024-02-16T09:22:58.021+0000] {logging_mixin.py:188} INFO - [2024-02-16T09:22:58.020+0000] {dagbag.py:538} INFO - Filling up the DagBag from /home/airflow/.local/lib/python3.8/site-packages/airflow/example_dags/example_subdag_operator.py
[2024-02-16T09:22:58.043+0000] {processor.py:840} INFO - DAG(s) 'example_subdag_operator.section-1', 'example_subdag_operator.section-2', 'example_subdag_operator' retrieved from /home/airflow/.local/lib/python3.8/site-packages/airflow/example_dags/example_subdag_operator.py
[2024-02-16T09:22:58.056+0000] {logging_mixin.py:188} INFO - [2024-02-16T09:22:58.055+0000] {dag.py:3036} INFO - Sync 3 DAGs
[2024-02-16T09:22:58.073+0000] {logging_mixin.py:188} INFO - [2024-02-16T09:22:58.073+0000] {dag.py:3823} INFO - Setting next_dagrun for example_subdag_operator to 2022-01-01 00:00:00+00:00, run_after=2022-01-01 00:00:00+00:00
[2024-02-16T09:22:58.076+0000] {logging_mixin.py:188} INFO - [2024-02-16T09:22:58.076+0000] {dag.py:3823} INFO - Setting next_dagrun for example_subdag_operator.section-1 to None, run_after=None
[2024-02-16T09:22:58.077+0000] {logging_mixin.py:188} INFO - [2024-02-16T09:22:58.077+0000] {dag.py:3823} INFO - Setting next_dagrun for example_subdag_operator.section-2 to None, run_after=None
[2024-02-16T09:22:58.083+0000] {logging_mixin.py:188} INFO - [2024-02-16T09:22:58.083+0000] {dag.py:3036} INFO - Sync 2 DAGs
[2024-02-16T09:22:58.088+0000] {logging_mixin.py:188} INFO - [2024-02-16T09:22:58.088+0000] {dag.py:3823} INFO - Setting next_dagrun for example_subdag_operator.section-1 to None, run_after=None
[2024-02-16T09:22:58.088+0000] {logging_mixin.py:188} INFO - [2024-02-16T09:22:58.088+0000] {dag.py:3823} INFO - Setting next_dagrun for example_subdag_operator.section-2 to None, run_after=None
[2024-02-16T09:22:58.100+0000] {processor.py:183} INFO - Processing /home/airflow/.local/lib/python3.8/site-packages/airflow/example_dags/example_subdag_operator.py took 0.084 seconds
[2024-02-16T09:23:28.461+0000] {processor.py:161} INFO - Started process (PID=1706) to work on /home/airflow/.local/lib/python3.8/site-packages/airflow/example_dags/example_subdag_operator.py
[2024-02-16T09:23:28.462+0000] {processor.py:830} INFO - Processing file /home/airflow/.local/lib/python3.8/site-packages/airflow/example_dags/example_subdag_operator.py for tasks to queue
[2024-02-16T09:23:28.463+0000] {logging_mixin.py:188} INFO - [2024-02-16T09:23:28.462+0000] {dagbag.py:538} INFO - Filling up the DagBag from /home/airflow/.local/lib/python3.8/site-packages/airflow/example_dags/example_subdag_operator.py
[2024-02-16T09:23:28.485+0000] {processor.py:840} INFO - DAG(s) 'example_subdag_operator.section-1', 'example_subdag_operator.section-2', 'example_subdag_operator' retrieved from /home/airflow/.local/lib/python3.8/site-packages/airflow/example_dags/example_subdag_operator.py
[2024-02-16T09:23:28.499+0000] {logging_mixin.py:188} INFO - [2024-02-16T09:23:28.499+0000] {dag.py:3036} INFO - Sync 3 DAGs
[2024-02-16T09:23:28.516+0000] {logging_mixin.py:188} INFO - [2024-02-16T09:23:28.516+0000] {dag.py:3823} INFO - Setting next_dagrun for example_subdag_operator to 2022-01-01 00:00:00+00:00, run_after=2022-01-01 00:00:00+00:00
[2024-02-16T09:23:28.520+0000] {logging_mixin.py:188} INFO - [2024-02-16T09:23:28.520+0000] {dag.py:3823} INFO - Setting next_dagrun for example_subdag_operator.section-1 to None, run_after=None
[2024-02-16T09:23:28.521+0000] {logging_mixin.py:188} INFO - [2024-02-16T09:23:28.521+0000] {dag.py:3823} INFO - Setting next_dagrun for example_subdag_operator.section-2 to None, run_after=None
[2024-02-16T09:23:28.527+0000] {logging_mixin.py:188} INFO - [2024-02-16T09:23:28.527+0000] {dag.py:3036} INFO - Sync 2 DAGs
[2024-02-16T09:23:28.532+0000] {logging_mixin.py:188} INFO - [2024-02-16T09:23:28.532+0000] {dag.py:3823} INFO - Setting next_dagrun for example_subdag_operator.section-1 to None, run_after=None
[2024-02-16T09:23:28.533+0000] {logging_mixin.py:188} INFO - [2024-02-16T09:23:28.532+0000] {dag.py:3823} INFO - Setting next_dagrun for example_subdag_operator.section-2 to None, run_after=None
[2024-02-16T09:23:28.546+0000] {processor.py:183} INFO - Processing /home/airflow/.local/lib/python3.8/site-packages/airflow/example_dags/example_subdag_operator.py took 0.088 seconds
[2024-02-16T09:23:58.831+0000] {processor.py:161} INFO - Started process (PID=1953) to work on /home/airflow/.local/lib/python3.8/site-packages/airflow/example_dags/example_subdag_operator.py
[2024-02-16T09:23:58.833+0000] {processor.py:830} INFO - Processing file /home/airflow/.local/lib/python3.8/site-packages/airflow/example_dags/example_subdag_operator.py for tasks to queue
[2024-02-16T09:23:58.833+0000] {logging_mixin.py:188} INFO - [2024-02-16T09:23:58.833+0000] {dagbag.py:538} INFO - Filling up the DagBag from /home/airflow/.local/lib/python3.8/site-packages/airflow/example_dags/example_subdag_operator.py
[2024-02-16T09:23:58.858+0000] {processor.py:840} INFO - DAG(s) 'example_subdag_operator.section-1', 'example_subdag_operator.section-2', 'example_subdag_operator' retrieved from /home/airflow/.local/lib/python3.8/site-packages/airflow/example_dags/example_subdag_operator.py
[2024-02-16T09:23:58.873+0000] {logging_mixin.py:188} INFO - [2024-02-16T09:23:58.872+0000] {dag.py:3036} INFO - Sync 3 DAGs
[2024-02-16T09:23:58.892+0000] {logging_mixin.py:188} INFO - [2024-02-16T09:23:58.892+0000] {dag.py:3823} INFO - Setting next_dagrun for example_subdag_operator to 2022-01-01 00:00:00+00:00, run_after=2022-01-01 00:00:00+00:00
[2024-02-16T09:23:58.895+0000] {logging_mixin.py:188} INFO - [2024-02-16T09:23:58.895+0000] {dag.py:3823} INFO - Setting next_dagrun for example_subdag_operator.section-1 to None, run_after=None
[2024-02-16T09:23:58.896+0000] {logging_mixin.py:188} INFO - [2024-02-16T09:23:58.896+0000] {dag.py:3823} INFO - Setting next_dagrun for example_subdag_operator.section-2 to None, run_after=None
[2024-02-16T09:23:58.903+0000] {logging_mixin.py:188} INFO - [2024-02-16T09:23:58.902+0000] {dag.py:3036} INFO - Sync 2 DAGs
[2024-02-16T09:23:58.908+0000] {logging_mixin.py:188} INFO - [2024-02-16T09:23:58.907+0000] {dag.py:3823} INFO - Setting next_dagrun for example_subdag_operator.section-1 to None, run_after=None
[2024-02-16T09:23:58.908+0000] {logging_mixin.py:188} INFO - [2024-02-16T09:23:58.908+0000] {dag.py:3823} INFO - Setting next_dagrun for example_subdag_operator.section-2 to None, run_after=None
[2024-02-16T09:23:58.921+0000] {processor.py:183} INFO - Processing /home/airflow/.local/lib/python3.8/site-packages/airflow/example_dags/example_subdag_operator.py took 0.092 seconds
[2024-02-16T09:24:29.343+0000] {processor.py:161} INFO - Started process (PID=2199) to work on /home/airflow/.local/lib/python3.8/site-packages/airflow/example_dags/example_subdag_operator.py
[2024-02-16T09:24:29.344+0000] {processor.py:830} INFO - Processing file /home/airflow/.local/lib/python3.8/site-packages/airflow/example_dags/example_subdag_operator.py for tasks to queue
[2024-02-16T09:24:29.345+0000] {logging_mixin.py:188} INFO - [2024-02-16T09:24:29.345+0000] {dagbag.py:538} INFO - Filling up the DagBag from /home/airflow/.local/lib/python3.8/site-packages/airflow/example_dags/example_subdag_operator.py
[2024-02-16T09:24:29.367+0000] {processor.py:840} INFO - DAG(s) 'example_subdag_operator.section-1', 'example_subdag_operator.section-2', 'example_subdag_operator' retrieved from /home/airflow/.local/lib/python3.8/site-packages/airflow/example_dags/example_subdag_operator.py
[2024-02-16T09:24:29.380+0000] {logging_mixin.py:188} INFO - [2024-02-16T09:24:29.380+0000] {dag.py:3036} INFO - Sync 3 DAGs
[2024-02-16T09:24:29.397+0000] {logging_mixin.py:188} INFO - [2024-02-16T09:24:29.397+0000] {dag.py:3823} INFO - Setting next_dagrun for example_subdag_operator to 2022-01-01 00:00:00+00:00, run_after=2022-01-01 00:00:00+00:00
[2024-02-16T09:24:29.400+0000] {logging_mixin.py:188} INFO - [2024-02-16T09:24:29.400+0000] {dag.py:3823} INFO - Setting next_dagrun for example_subdag_operator.section-1 to None, run_after=None
[2024-02-16T09:24:29.401+0000] {logging_mixin.py:188} INFO - [2024-02-16T09:24:29.401+0000] {dag.py:3823} INFO - Setting next_dagrun for example_subdag_operator.section-2 to None, run_after=None
[2024-02-16T09:24:29.407+0000] {logging_mixin.py:188} INFO - [2024-02-16T09:24:29.407+0000] {dag.py:3036} INFO - Sync 2 DAGs
[2024-02-16T09:24:29.412+0000] {logging_mixin.py:188} INFO - [2024-02-16T09:24:29.412+0000] {dag.py:3823} INFO - Setting next_dagrun for example_subdag_operator.section-1 to None, run_after=None
[2024-02-16T09:24:29.412+0000] {logging_mixin.py:188} INFO - [2024-02-16T09:24:29.412+0000] {dag.py:3823} INFO - Setting next_dagrun for example_subdag_operator.section-2 to None, run_after=None
[2024-02-16T09:24:29.425+0000] {processor.py:183} INFO - Processing /home/airflow/.local/lib/python3.8/site-packages/airflow/example_dags/example_subdag_operator.py took 0.084 seconds
[2024-02-16T09:24:59.815+0000] {processor.py:161} INFO - Started process (PID=2446) to work on /home/airflow/.local/lib/python3.8/site-packages/airflow/example_dags/example_subdag_operator.py
[2024-02-16T09:24:59.816+0000] {processor.py:830} INFO - Processing file /home/airflow/.local/lib/python3.8/site-packages/airflow/example_dags/example_subdag_operator.py for tasks to queue
[2024-02-16T09:24:59.817+0000] {logging_mixin.py:188} INFO - [2024-02-16T09:24:59.817+0000] {dagbag.py:538} INFO - Filling up the DagBag from /home/airflow/.local/lib/python3.8/site-packages/airflow/example_dags/example_subdag_operator.py
[2024-02-16T09:24:59.839+0000] {processor.py:840} INFO - DAG(s) 'example_subdag_operator.section-1', 'example_subdag_operator.section-2', 'example_subdag_operator' retrieved from /home/airflow/.local/lib/python3.8/site-packages/airflow/example_dags/example_subdag_operator.py
[2024-02-16T09:24:59.854+0000] {logging_mixin.py:188} INFO - [2024-02-16T09:24:59.854+0000] {dag.py:3036} INFO - Sync 3 DAGs
[2024-02-16T09:24:59.872+0000] {logging_mixin.py:188} INFO - [2024-02-16T09:24:59.871+0000] {dag.py:3823} INFO - Setting next_dagrun for example_subdag_operator to 2022-01-01 00:00:00+00:00, run_after=2022-01-01 00:00:00+00:00
[2024-02-16T09:24:59.875+0000] {logging_mixin.py:188} INFO - [2024-02-16T09:24:59.875+0000] {dag.py:3823} INFO - Setting next_dagrun for example_subdag_operator.section-1 to None, run_after=None
[2024-02-16T09:24:59.877+0000] {logging_mixin.py:188} INFO - [2024-02-16T09:24:59.876+0000] {dag.py:3823} INFO - Setting next_dagrun for example_subdag_operator.section-2 to None, run_after=None
[2024-02-16T09:24:59.884+0000] {logging_mixin.py:188} INFO - [2024-02-16T09:24:59.884+0000] {dag.py:3036} INFO - Sync 2 DAGs
[2024-02-16T09:24:59.890+0000] {logging_mixin.py:188} INFO - [2024-02-16T09:24:59.889+0000] {dag.py:3823} INFO - Setting next_dagrun for example_subdag_operator.section-1 to None, run_after=None
[2024-02-16T09:24:59.890+0000] {logging_mixin.py:188} INFO - [2024-02-16T09:24:59.890+0000] {dag.py:3823} INFO - Setting next_dagrun for example_subdag_operator.section-2 to None, run_after=None
[2024-02-16T09:24:59.903+0000] {processor.py:183} INFO - Processing /home/airflow/.local/lib/python3.8/site-packages/airflow/example_dags/example_subdag_operator.py took 0.090 seconds
[2024-02-16T09:25:30.301+0000] {processor.py:161} INFO - Started process (PID=2692) to work on /home/airflow/.local/lib/python3.8/site-packages/airflow/example_dags/example_subdag_operator.py
[2024-02-16T09:25:30.302+0000] {processor.py:830} INFO - Processing file /home/airflow/.local/lib/python3.8/site-packages/airflow/example_dags/example_subdag_operator.py for tasks to queue
[2024-02-16T09:25:30.303+0000] {logging_mixin.py:188} INFO - [2024-02-16T09:25:30.303+0000] {dagbag.py:538} INFO - Filling up the DagBag from /home/airflow/.local/lib/python3.8/site-packages/airflow/example_dags/example_subdag_operator.py
[2024-02-16T09:25:30.327+0000] {processor.py:840} INFO - DAG(s) 'example_subdag_operator.section-1', 'example_subdag_operator.section-2', 'example_subdag_operator' retrieved from /home/airflow/.local/lib/python3.8/site-packages/airflow/example_dags/example_subdag_operator.py
[2024-02-16T09:25:30.342+0000] {logging_mixin.py:188} INFO - [2024-02-16T09:25:30.341+0000] {dag.py:3036} INFO - Sync 3 DAGs
[2024-02-16T09:25:30.362+0000] {logging_mixin.py:188} INFO - [2024-02-16T09:25:30.361+0000] {dag.py:3823} INFO - Setting next_dagrun for example_subdag_operator to 2022-01-01 00:00:00+00:00, run_after=2022-01-01 00:00:00+00:00
[2024-02-16T09:25:30.365+0000] {logging_mixin.py:188} INFO - [2024-02-16T09:25:30.364+0000] {dag.py:3823} INFO - Setting next_dagrun for example_subdag_operator.section-1 to None, run_after=None
[2024-02-16T09:25:30.366+0000] {logging_mixin.py:188} INFO - [2024-02-16T09:25:30.366+0000] {dag.py:3823} INFO - Setting next_dagrun for example_subdag_operator.section-2 to None, run_after=None
[2024-02-16T09:25:30.374+0000] {logging_mixin.py:188} INFO - [2024-02-16T09:25:30.373+0000] {dag.py:3036} INFO - Sync 2 DAGs
[2024-02-16T09:25:30.378+0000] {logging_mixin.py:188} INFO - [2024-02-16T09:25:30.378+0000] {dag.py:3823} INFO - Setting next_dagrun for example_subdag_operator.section-1 to None, run_after=None
[2024-02-16T09:25:30.379+0000] {logging_mixin.py:188} INFO - [2024-02-16T09:25:30.379+0000] {dag.py:3823} INFO - Setting next_dagrun for example_subdag_operator.section-2 to None, run_after=None
[2024-02-16T09:25:30.391+0000] {processor.py:183} INFO - Processing /home/airflow/.local/lib/python3.8/site-packages/airflow/example_dags/example_subdag_operator.py took 0.093 seconds
[2024-02-16T09:26:00.694+0000] {processor.py:161} INFO - Started process (PID=2939) to work on /home/airflow/.local/lib/python3.8/site-packages/airflow/example_dags/example_subdag_operator.py
[2024-02-16T09:26:00.695+0000] {processor.py:830} INFO - Processing file /home/airflow/.local/lib/python3.8/site-packages/airflow/example_dags/example_subdag_operator.py for tasks to queue
[2024-02-16T09:26:00.698+0000] {logging_mixin.py:188} INFO - [2024-02-16T09:26:00.697+0000] {dagbag.py:538} INFO - Filling up the DagBag from /home/airflow/.local/lib/python3.8/site-packages/airflow/example_dags/example_subdag_operator.py
[2024-02-16T09:26:00.728+0000] {processor.py:840} INFO - DAG(s) 'example_subdag_operator.section-1', 'example_subdag_operator.section-2', 'example_subdag_operator' retrieved from /home/airflow/.local/lib/python3.8/site-packages/airflow/example_dags/example_subdag_operator.py
[2024-02-16T09:26:00.748+0000] {logging_mixin.py:188} INFO - [2024-02-16T09:26:00.747+0000] {dag.py:3036} INFO - Sync 3 DAGs
[2024-02-16T09:26:00.771+0000] {logging_mixin.py:188} INFO - [2024-02-16T09:26:00.771+0000] {dag.py:3823} INFO - Setting next_dagrun for example_subdag_operator to 2022-01-01 00:00:00+00:00, run_after=2022-01-01 00:00:00+00:00
[2024-02-16T09:26:00.775+0000] {logging_mixin.py:188} INFO - [2024-02-16T09:26:00.775+0000] {dag.py:3823} INFO - Setting next_dagrun for example_subdag_operator.section-1 to None, run_after=None
[2024-02-16T09:26:00.778+0000] {logging_mixin.py:188} INFO - [2024-02-16T09:26:00.777+0000] {dag.py:3823} INFO - Setting next_dagrun for example_subdag_operator.section-2 to None, run_after=None
[2024-02-16T09:26:00.787+0000] {logging_mixin.py:188} INFO - [2024-02-16T09:26:00.787+0000] {dag.py:3036} INFO - Sync 2 DAGs
[2024-02-16T09:26:00.794+0000] {logging_mixin.py:188} INFO - [2024-02-16T09:26:00.794+0000] {dag.py:3823} INFO - Setting next_dagrun for example_subdag_operator.section-1 to None, run_after=None
[2024-02-16T09:26:00.794+0000] {logging_mixin.py:188} INFO - [2024-02-16T09:26:00.794+0000] {dag.py:3823} INFO - Setting next_dagrun for example_subdag_operator.section-2 to None, run_after=None
[2024-02-16T09:26:00.811+0000] {processor.py:183} INFO - Processing /home/airflow/.local/lib/python3.8/site-packages/airflow/example_dags/example_subdag_operator.py took 0.121 seconds
[2024-02-16T09:26:30.844+0000] {processor.py:161} INFO - Started process (PID=3190) to work on /home/airflow/.local/lib/python3.8/site-packages/airflow/example_dags/example_subdag_operator.py
[2024-02-16T09:26:30.845+0000] {processor.py:830} INFO - Processing file /home/airflow/.local/lib/python3.8/site-packages/airflow/example_dags/example_subdag_operator.py for tasks to queue
[2024-02-16T09:26:30.845+0000] {logging_mixin.py:188} INFO - [2024-02-16T09:26:30.845+0000] {dagbag.py:538} INFO - Filling up the DagBag from /home/airflow/.local/lib/python3.8/site-packages/airflow/example_dags/example_subdag_operator.py
[2024-02-16T09:26:30.868+0000] {processor.py:840} INFO - DAG(s) 'example_subdag_operator.section-1', 'example_subdag_operator.section-2', 'example_subdag_operator' retrieved from /home/airflow/.local/lib/python3.8/site-packages/airflow/example_dags/example_subdag_operator.py
[2024-02-16T09:26:30.881+0000] {logging_mixin.py:188} INFO - [2024-02-16T09:26:30.880+0000] {dag.py:3036} INFO - Sync 3 DAGs
[2024-02-16T09:26:30.897+0000] {logging_mixin.py:188} INFO - [2024-02-16T09:26:30.897+0000] {dag.py:3823} INFO - Setting next_dagrun for example_subdag_operator to 2022-01-01 00:00:00+00:00, run_after=2022-01-01 00:00:00+00:00
[2024-02-16T09:26:30.900+0000] {logging_mixin.py:188} INFO - [2024-02-16T09:26:30.900+0000] {dag.py:3823} INFO - Setting next_dagrun for example_subdag_operator.section-1 to None, run_after=None
[2024-02-16T09:26:30.901+0000] {logging_mixin.py:188} INFO - [2024-02-16T09:26:30.901+0000] {dag.py:3823} INFO - Setting next_dagrun for example_subdag_operator.section-2 to None, run_after=None
[2024-02-16T09:26:30.907+0000] {logging_mixin.py:188} INFO - [2024-02-16T09:26:30.907+0000] {dag.py:3036} INFO - Sync 2 DAGs
[2024-02-16T09:26:30.911+0000] {logging_mixin.py:188} INFO - [2024-02-16T09:26:30.911+0000] {dag.py:3823} INFO - Setting next_dagrun for example_subdag_operator.section-1 to None, run_after=None
[2024-02-16T09:26:30.912+0000] {logging_mixin.py:188} INFO - [2024-02-16T09:26:30.912+0000] {dag.py:3823} INFO - Setting next_dagrun for example_subdag_operator.section-2 to None, run_after=None
[2024-02-16T09:26:30.922+0000] {processor.py:183} INFO - Processing /home/airflow/.local/lib/python3.8/site-packages/airflow/example_dags/example_subdag_operator.py took 0.081 seconds
[2024-02-16T09:27:01.321+0000] {processor.py:161} INFO - Started process (PID=3437) to work on /home/airflow/.local/lib/python3.8/site-packages/airflow/example_dags/example_subdag_operator.py
[2024-02-16T09:27:01.322+0000] {processor.py:830} INFO - Processing file /home/airflow/.local/lib/python3.8/site-packages/airflow/example_dags/example_subdag_operator.py for tasks to queue
[2024-02-16T09:27:01.322+0000] {logging_mixin.py:188} INFO - [2024-02-16T09:27:01.322+0000] {dagbag.py:538} INFO - Filling up the DagBag from /home/airflow/.local/lib/python3.8/site-packages/airflow/example_dags/example_subdag_operator.py
[2024-02-16T09:27:01.343+0000] {processor.py:840} INFO - DAG(s) 'example_subdag_operator.section-1', 'example_subdag_operator.section-2', 'example_subdag_operator' retrieved from /home/airflow/.local/lib/python3.8/site-packages/airflow/example_dags/example_subdag_operator.py
[2024-02-16T09:27:01.357+0000] {logging_mixin.py:188} INFO - [2024-02-16T09:27:01.357+0000] {dag.py:3036} INFO - Sync 3 DAGs
[2024-02-16T09:27:01.373+0000] {logging_mixin.py:188} INFO - [2024-02-16T09:27:01.373+0000] {dag.py:3823} INFO - Setting next_dagrun for example_subdag_operator to 2022-01-01 00:00:00+00:00, run_after=2022-01-01 00:00:00+00:00
[2024-02-16T09:27:01.376+0000] {logging_mixin.py:188} INFO - [2024-02-16T09:27:01.376+0000] {dag.py:3823} INFO - Setting next_dagrun for example_subdag_operator.section-1 to None, run_after=None
[2024-02-16T09:27:01.377+0000] {logging_mixin.py:188} INFO - [2024-02-16T09:27:01.377+0000] {dag.py:3823} INFO - Setting next_dagrun for example_subdag_operator.section-2 to None, run_after=None
[2024-02-16T09:27:01.384+0000] {logging_mixin.py:188} INFO - [2024-02-16T09:27:01.384+0000] {dag.py:3036} INFO - Sync 2 DAGs
[2024-02-16T09:27:01.389+0000] {logging_mixin.py:188} INFO - [2024-02-16T09:27:01.389+0000] {dag.py:3823} INFO - Setting next_dagrun for example_subdag_operator.section-1 to None, run_after=None
[2024-02-16T09:27:01.389+0000] {logging_mixin.py:188} INFO - [2024-02-16T09:27:01.389+0000] {dag.py:3823} INFO - Setting next_dagrun for example_subdag_operator.section-2 to None, run_after=None
[2024-02-16T09:27:01.400+0000] {processor.py:183} INFO - Processing /home/airflow/.local/lib/python3.8/site-packages/airflow/example_dags/example_subdag_operator.py took 0.082 seconds
[2024-02-16T09:27:31.833+0000] {processor.py:161} INFO - Started process (PID=3685) to work on /home/airflow/.local/lib/python3.8/site-packages/airflow/example_dags/example_subdag_operator.py
[2024-02-16T09:27:31.834+0000] {processor.py:830} INFO - Processing file /home/airflow/.local/lib/python3.8/site-packages/airflow/example_dags/example_subdag_operator.py for tasks to queue
[2024-02-16T09:27:31.835+0000] {logging_mixin.py:188} INFO - [2024-02-16T09:27:31.835+0000] {dagbag.py:538} INFO - Filling up the DagBag from /home/airflow/.local/lib/python3.8/site-packages/airflow/example_dags/example_subdag_operator.py
[2024-02-16T09:27:31.856+0000] {processor.py:840} INFO - DAG(s) 'example_subdag_operator.section-1', 'example_subdag_operator.section-2', 'example_subdag_operator' retrieved from /home/airflow/.local/lib/python3.8/site-packages/airflow/example_dags/example_subdag_operator.py
[2024-02-16T09:27:31.869+0000] {logging_mixin.py:188} INFO - [2024-02-16T09:27:31.869+0000] {dag.py:3036} INFO - Sync 3 DAGs
[2024-02-16T09:27:31.885+0000] {logging_mixin.py:188} INFO - [2024-02-16T09:27:31.885+0000] {dag.py:3823} INFO - Setting next_dagrun for example_subdag_operator to 2022-01-01 00:00:00+00:00, run_after=2022-01-01 00:00:00+00:00
[2024-02-16T09:27:31.889+0000] {logging_mixin.py:188} INFO - [2024-02-16T09:27:31.889+0000] {dag.py:3823} INFO - Setting next_dagrun for example_subdag_operator.section-1 to None, run_after=None
[2024-02-16T09:27:31.890+0000] {logging_mixin.py:188} INFO - [2024-02-16T09:27:31.890+0000] {dag.py:3823} INFO - Setting next_dagrun for example_subdag_operator.section-2 to None, run_after=None
[2024-02-16T09:27:31.897+0000] {logging_mixin.py:188} INFO - [2024-02-16T09:27:31.896+0000] {dag.py:3036} INFO - Sync 2 DAGs
[2024-02-16T09:27:31.902+0000] {logging_mixin.py:188} INFO - [2024-02-16T09:27:31.901+0000] {dag.py:3823} INFO - Setting next_dagrun for example_subdag_operator.section-1 to None, run_after=None
[2024-02-16T09:27:31.902+0000] {logging_mixin.py:188} INFO - [2024-02-16T09:27:31.902+0000] {dag.py:3823} INFO - Setting next_dagrun for example_subdag_operator.section-2 to None, run_after=None
[2024-02-16T09:27:31.915+0000] {processor.py:183} INFO - Processing /home/airflow/.local/lib/python3.8/site-packages/airflow/example_dags/example_subdag_operator.py took 0.085 seconds
[2024-02-16T09:28:02.292+0000] {processor.py:161} INFO - Started process (PID=3932) to work on /home/airflow/.local/lib/python3.8/site-packages/airflow/example_dags/example_subdag_operator.py
[2024-02-16T09:28:02.294+0000] {processor.py:830} INFO - Processing file /home/airflow/.local/lib/python3.8/site-packages/airflow/example_dags/example_subdag_operator.py for tasks to queue
[2024-02-16T09:28:02.295+0000] {logging_mixin.py:188} INFO - [2024-02-16T09:28:02.294+0000] {dagbag.py:538} INFO - Filling up the DagBag from /home/airflow/.local/lib/python3.8/site-packages/airflow/example_dags/example_subdag_operator.py
[2024-02-16T09:28:02.316+0000] {processor.py:840} INFO - DAG(s) 'example_subdag_operator.section-1', 'example_subdag_operator.section-2', 'example_subdag_operator' retrieved from /home/airflow/.local/lib/python3.8/site-packages/airflow/example_dags/example_subdag_operator.py
[2024-02-16T09:28:02.329+0000] {logging_mixin.py:188} INFO - [2024-02-16T09:28:02.329+0000] {dag.py:3036} INFO - Sync 3 DAGs
[2024-02-16T09:28:02.346+0000] {logging_mixin.py:188} INFO - [2024-02-16T09:28:02.346+0000] {dag.py:3823} INFO - Setting next_dagrun for example_subdag_operator to 2022-01-01 00:00:00+00:00, run_after=2022-01-01 00:00:00+00:00
[2024-02-16T09:28:02.349+0000] {logging_mixin.py:188} INFO - [2024-02-16T09:28:02.349+0000] {dag.py:3823} INFO - Setting next_dagrun for example_subdag_operator.section-1 to None, run_after=None
[2024-02-16T09:28:02.350+0000] {logging_mixin.py:188} INFO - [2024-02-16T09:28:02.350+0000] {dag.py:3823} INFO - Setting next_dagrun for example_subdag_operator.section-2 to None, run_after=None
[2024-02-16T09:28:02.356+0000] {logging_mixin.py:188} INFO - [2024-02-16T09:28:02.356+0000] {dag.py:3036} INFO - Sync 2 DAGs
[2024-02-16T09:28:02.361+0000] {logging_mixin.py:188} INFO - [2024-02-16T09:28:02.361+0000] {dag.py:3823} INFO - Setting next_dagrun for example_subdag_operator.section-1 to None, run_after=None
[2024-02-16T09:28:02.362+0000] {logging_mixin.py:188} INFO - [2024-02-16T09:28:02.362+0000] {dag.py:3823} INFO - Setting next_dagrun for example_subdag_operator.section-2 to None, run_after=None
[2024-02-16T09:28:02.374+0000] {processor.py:183} INFO - Processing /home/airflow/.local/lib/python3.8/site-packages/airflow/example_dags/example_subdag_operator.py took 0.084 seconds
[2024-02-16T09:28:32.631+0000] {processor.py:161} INFO - Started process (PID=4178) to work on /home/airflow/.local/lib/python3.8/site-packages/airflow/example_dags/example_subdag_operator.py
[2024-02-16T09:28:32.632+0000] {processor.py:830} INFO - Processing file /home/airflow/.local/lib/python3.8/site-packages/airflow/example_dags/example_subdag_operator.py for tasks to queue
[2024-02-16T09:28:32.633+0000] {logging_mixin.py:188} INFO - [2024-02-16T09:28:32.633+0000] {dagbag.py:538} INFO - Filling up the DagBag from /home/airflow/.local/lib/python3.8/site-packages/airflow/example_dags/example_subdag_operator.py
[2024-02-16T09:28:32.653+0000] {processor.py:840} INFO - DAG(s) 'example_subdag_operator.section-1', 'example_subdag_operator.section-2', 'example_subdag_operator' retrieved from /home/airflow/.local/lib/python3.8/site-packages/airflow/example_dags/example_subdag_operator.py
[2024-02-16T09:28:32.666+0000] {logging_mixin.py:188} INFO - [2024-02-16T09:28:32.666+0000] {dag.py:3036} INFO - Sync 3 DAGs
[2024-02-16T09:28:32.683+0000] {logging_mixin.py:188} INFO - [2024-02-16T09:28:32.682+0000] {dag.py:3823} INFO - Setting next_dagrun for example_subdag_operator to 2022-01-01 00:00:00+00:00, run_after=2022-01-01 00:00:00+00:00
[2024-02-16T09:28:32.686+0000] {logging_mixin.py:188} INFO - [2024-02-16T09:28:32.686+0000] {dag.py:3823} INFO - Setting next_dagrun for example_subdag_operator.section-1 to None, run_after=None
[2024-02-16T09:28:32.687+0000] {logging_mixin.py:188} INFO - [2024-02-16T09:28:32.687+0000] {dag.py:3823} INFO - Setting next_dagrun for example_subdag_operator.section-2 to None, run_after=None
[2024-02-16T09:28:32.694+0000] {logging_mixin.py:188} INFO - [2024-02-16T09:28:32.694+0000] {dag.py:3036} INFO - Sync 2 DAGs
[2024-02-16T09:28:32.698+0000] {logging_mixin.py:188} INFO - [2024-02-16T09:28:32.698+0000] {dag.py:3823} INFO - Setting next_dagrun for example_subdag_operator.section-1 to None, run_after=None
[2024-02-16T09:28:32.699+0000] {logging_mixin.py:188} INFO - [2024-02-16T09:28:32.699+0000] {dag.py:3823} INFO - Setting next_dagrun for example_subdag_operator.section-2 to None, run_after=None
[2024-02-16T09:28:32.709+0000] {processor.py:183} INFO - Processing /home/airflow/.local/lib/python3.8/site-packages/airflow/example_dags/example_subdag_operator.py took 0.080 seconds
[2024-02-16T09:29:03.034+0000] {processor.py:161} INFO - Started process (PID=4425) to work on /home/airflow/.local/lib/python3.8/site-packages/airflow/example_dags/example_subdag_operator.py
[2024-02-16T09:29:03.035+0000] {processor.py:830} INFO - Processing file /home/airflow/.local/lib/python3.8/site-packages/airflow/example_dags/example_subdag_operator.py for tasks to queue
[2024-02-16T09:29:03.036+0000] {logging_mixin.py:188} INFO - [2024-02-16T09:29:03.036+0000] {dagbag.py:538} INFO - Filling up the DagBag from /home/airflow/.local/lib/python3.8/site-packages/airflow/example_dags/example_subdag_operator.py
[2024-02-16T09:29:03.059+0000] {processor.py:840} INFO - DAG(s) 'example_subdag_operator.section-1', 'example_subdag_operator.section-2', 'example_subdag_operator' retrieved from /home/airflow/.local/lib/python3.8/site-packages/airflow/example_dags/example_subdag_operator.py
[2024-02-16T09:29:03.072+0000] {logging_mixin.py:188} INFO - [2024-02-16T09:29:03.072+0000] {dag.py:3036} INFO - Sync 3 DAGs
[2024-02-16T09:29:03.089+0000] {logging_mixin.py:188} INFO - [2024-02-16T09:29:03.089+0000] {dag.py:3823} INFO - Setting next_dagrun for example_subdag_operator to 2022-01-01 00:00:00+00:00, run_after=2022-01-01 00:00:00+00:00
[2024-02-16T09:29:03.092+0000] {logging_mixin.py:188} INFO - [2024-02-16T09:29:03.092+0000] {dag.py:3823} INFO - Setting next_dagrun for example_subdag_operator.section-1 to None, run_after=None
[2024-02-16T09:29:03.094+0000] {logging_mixin.py:188} INFO - [2024-02-16T09:29:03.093+0000] {dag.py:3823} INFO - Setting next_dagrun for example_subdag_operator.section-2 to None, run_after=None
[2024-02-16T09:29:03.100+0000] {logging_mixin.py:188} INFO - [2024-02-16T09:29:03.100+0000] {dag.py:3036} INFO - Sync 2 DAGs
[2024-02-16T09:29:03.105+0000] {logging_mixin.py:188} INFO - [2024-02-16T09:29:03.104+0000] {dag.py:3823} INFO - Setting next_dagrun for example_subdag_operator.section-1 to None, run_after=None
[2024-02-16T09:29:03.105+0000] {logging_mixin.py:188} INFO - [2024-02-16T09:29:03.105+0000] {dag.py:3823} INFO - Setting next_dagrun for example_subdag_operator.section-2 to None, run_after=None
[2024-02-16T09:29:03.117+0000] {processor.py:183} INFO - Processing /home/airflow/.local/lib/python3.8/site-packages/airflow/example_dags/example_subdag_operator.py took 0.087 seconds
[2024-02-16T09:29:33.448+0000] {processor.py:161} INFO - Started process (PID=4671) to work on /home/airflow/.local/lib/python3.8/site-packages/airflow/example_dags/example_subdag_operator.py
[2024-02-16T09:29:33.449+0000] {processor.py:830} INFO - Processing file /home/airflow/.local/lib/python3.8/site-packages/airflow/example_dags/example_subdag_operator.py for tasks to queue
[2024-02-16T09:29:33.450+0000] {logging_mixin.py:188} INFO - [2024-02-16T09:29:33.449+0000] {dagbag.py:538} INFO - Filling up the DagBag from /home/airflow/.local/lib/python3.8/site-packages/airflow/example_dags/example_subdag_operator.py
[2024-02-16T09:29:33.473+0000] {processor.py:840} INFO - DAG(s) 'example_subdag_operator.section-1', 'example_subdag_operator.section-2', 'example_subdag_operator' retrieved from /home/airflow/.local/lib/python3.8/site-packages/airflow/example_dags/example_subdag_operator.py
[2024-02-16T09:29:33.488+0000] {logging_mixin.py:188} INFO - [2024-02-16T09:29:33.488+0000] {dag.py:3036} INFO - Sync 3 DAGs
[2024-02-16T09:29:33.508+0000] {logging_mixin.py:188} INFO - [2024-02-16T09:29:33.508+0000] {dag.py:3823} INFO - Setting next_dagrun for example_subdag_operator to 2022-01-01 00:00:00+00:00, run_after=2022-01-01 00:00:00+00:00
[2024-02-16T09:29:33.512+0000] {logging_mixin.py:188} INFO - [2024-02-16T09:29:33.512+0000] {dag.py:3823} INFO - Setting next_dagrun for example_subdag_operator.section-1 to None, run_after=None
[2024-02-16T09:29:33.513+0000] {logging_mixin.py:188} INFO - [2024-02-16T09:29:33.513+0000] {dag.py:3823} INFO - Setting next_dagrun for example_subdag_operator.section-2 to None, run_after=None
[2024-02-16T09:29:33.520+0000] {logging_mixin.py:188} INFO - [2024-02-16T09:29:33.520+0000] {dag.py:3036} INFO - Sync 2 DAGs
[2024-02-16T09:29:33.530+0000] {logging_mixin.py:188} INFO - [2024-02-16T09:29:33.529+0000] {dag.py:3823} INFO - Setting next_dagrun for example_subdag_operator.section-1 to None, run_after=None
[2024-02-16T09:29:33.531+0000] {logging_mixin.py:188} INFO - [2024-02-16T09:29:33.531+0000] {dag.py:3823} INFO - Setting next_dagrun for example_subdag_operator.section-2 to None, run_after=None
[2024-02-16T09:29:33.547+0000] {processor.py:183} INFO - Processing /home/airflow/.local/lib/python3.8/site-packages/airflow/example_dags/example_subdag_operator.py took 0.102 seconds
[2024-02-16T09:30:04.190+0000] {processor.py:161} INFO - Started process (PID=4921) to work on /home/airflow/.local/lib/python3.8/site-packages/airflow/example_dags/example_subdag_operator.py
[2024-02-16T09:30:04.191+0000] {processor.py:830} INFO - Processing file /home/airflow/.local/lib/python3.8/site-packages/airflow/example_dags/example_subdag_operator.py for tasks to queue
[2024-02-16T09:30:04.192+0000] {logging_mixin.py:188} INFO - [2024-02-16T09:30:04.192+0000] {dagbag.py:538} INFO - Filling up the DagBag from /home/airflow/.local/lib/python3.8/site-packages/airflow/example_dags/example_subdag_operator.py
[2024-02-16T09:30:04.216+0000] {processor.py:840} INFO - DAG(s) 'example_subdag_operator.section-1', 'example_subdag_operator.section-2', 'example_subdag_operator' retrieved from /home/airflow/.local/lib/python3.8/site-packages/airflow/example_dags/example_subdag_operator.py
[2024-02-16T09:30:04.231+0000] {logging_mixin.py:188} INFO - [2024-02-16T09:30:04.231+0000] {dag.py:3036} INFO - Sync 3 DAGs
[2024-02-16T09:30:04.250+0000] {logging_mixin.py:188} INFO - [2024-02-16T09:30:04.250+0000] {dag.py:3823} INFO - Setting next_dagrun for example_subdag_operator to 2022-01-01 00:00:00+00:00, run_after=2022-01-01 00:00:00+00:00
[2024-02-16T09:30:04.254+0000] {logging_mixin.py:188} INFO - [2024-02-16T09:30:04.253+0000] {dag.py:3823} INFO - Setting next_dagrun for example_subdag_operator.section-1 to None, run_after=None
[2024-02-16T09:30:04.255+0000] {logging_mixin.py:188} INFO - [2024-02-16T09:30:04.255+0000] {dag.py:3823} INFO - Setting next_dagrun for example_subdag_operator.section-2 to None, run_after=None
[2024-02-16T09:30:04.261+0000] {logging_mixin.py:188} INFO - [2024-02-16T09:30:04.261+0000] {dag.py:3036} INFO - Sync 2 DAGs
[2024-02-16T09:30:04.266+0000] {logging_mixin.py:188} INFO - [2024-02-16T09:30:04.266+0000] {dag.py:3823} INFO - Setting next_dagrun for example_subdag_operator.section-1 to None, run_after=None
[2024-02-16T09:30:04.266+0000] {logging_mixin.py:188} INFO - [2024-02-16T09:30:04.266+0000] {dag.py:3823} INFO - Setting next_dagrun for example_subdag_operator.section-2 to None, run_after=None
[2024-02-16T09:30:04.277+0000] {processor.py:183} INFO - Processing /home/airflow/.local/lib/python3.8/site-packages/airflow/example_dags/example_subdag_operator.py took 0.090 seconds
[2024-02-16T09:30:34.574+0000] {processor.py:161} INFO - Started process (PID=5343) to work on /home/airflow/.local/lib/python3.8/site-packages/airflow/example_dags/example_subdag_operator.py
[2024-02-16T09:30:34.575+0000] {processor.py:830} INFO - Processing file /home/airflow/.local/lib/python3.8/site-packages/airflow/example_dags/example_subdag_operator.py for tasks to queue
[2024-02-16T09:30:34.576+0000] {logging_mixin.py:188} INFO - [2024-02-16T09:30:34.576+0000] {dagbag.py:538} INFO - Filling up the DagBag from /home/airflow/.local/lib/python3.8/site-packages/airflow/example_dags/example_subdag_operator.py
[2024-02-16T09:30:34.601+0000] {processor.py:840} INFO - DAG(s) 'example_subdag_operator.section-1', 'example_subdag_operator.section-2', 'example_subdag_operator' retrieved from /home/airflow/.local/lib/python3.8/site-packages/airflow/example_dags/example_subdag_operator.py
[2024-02-16T09:30:34.616+0000] {logging_mixin.py:188} INFO - [2024-02-16T09:30:34.616+0000] {dag.py:3036} INFO - Sync 3 DAGs
[2024-02-16T09:30:34.636+0000] {logging_mixin.py:188} INFO - [2024-02-16T09:30:34.635+0000] {dag.py:3823} INFO - Setting next_dagrun for example_subdag_operator to 2022-01-01 00:00:00+00:00, run_after=2022-01-01 00:00:00+00:00
[2024-02-16T09:30:34.640+0000] {logging_mixin.py:188} INFO - [2024-02-16T09:30:34.640+0000] {dag.py:3823} INFO - Setting next_dagrun for example_subdag_operator.section-1 to None, run_after=None
[2024-02-16T09:30:34.642+0000] {logging_mixin.py:188} INFO - [2024-02-16T09:30:34.642+0000] {dag.py:3823} INFO - Setting next_dagrun for example_subdag_operator.section-2 to None, run_after=None
[2024-02-16T09:30:34.649+0000] {logging_mixin.py:188} INFO - [2024-02-16T09:30:34.649+0000] {dag.py:3036} INFO - Sync 2 DAGs
[2024-02-16T09:30:34.656+0000] {logging_mixin.py:188} INFO - [2024-02-16T09:30:34.656+0000] {dag.py:3823} INFO - Setting next_dagrun for example_subdag_operator.section-1 to None, run_after=None
[2024-02-16T09:30:34.657+0000] {logging_mixin.py:188} INFO - [2024-02-16T09:30:34.656+0000] {dag.py:3823} INFO - Setting next_dagrun for example_subdag_operator.section-2 to None, run_after=None
[2024-02-16T09:30:34.668+0000] {processor.py:183} INFO - Processing /home/airflow/.local/lib/python3.8/site-packages/airflow/example_dags/example_subdag_operator.py took 0.097 seconds
[2024-02-16T09:31:04.951+0000] {processor.py:161} INFO - Started process (PID=5589) to work on /home/airflow/.local/lib/python3.8/site-packages/airflow/example_dags/example_subdag_operator.py
[2024-02-16T09:31:04.952+0000] {processor.py:830} INFO - Processing file /home/airflow/.local/lib/python3.8/site-packages/airflow/example_dags/example_subdag_operator.py for tasks to queue
[2024-02-16T09:31:04.953+0000] {logging_mixin.py:188} INFO - [2024-02-16T09:31:04.952+0000] {dagbag.py:538} INFO - Filling up the DagBag from /home/airflow/.local/lib/python3.8/site-packages/airflow/example_dags/example_subdag_operator.py
[2024-02-16T09:31:04.976+0000] {processor.py:840} INFO - DAG(s) 'example_subdag_operator.section-1', 'example_subdag_operator.section-2', 'example_subdag_operator' retrieved from /home/airflow/.local/lib/python3.8/site-packages/airflow/example_dags/example_subdag_operator.py
[2024-02-16T09:31:04.989+0000] {logging_mixin.py:188} INFO - [2024-02-16T09:31:04.989+0000] {dag.py:3036} INFO - Sync 3 DAGs
[2024-02-16T09:31:05.006+0000] {logging_mixin.py:188} INFO - [2024-02-16T09:31:05.006+0000] {dag.py:3823} INFO - Setting next_dagrun for example_subdag_operator to 2022-01-01 00:00:00+00:00, run_after=2022-01-01 00:00:00+00:00
[2024-02-16T09:31:05.009+0000] {logging_mixin.py:188} INFO - [2024-02-16T09:31:05.009+0000] {dag.py:3823} INFO - Setting next_dagrun for example_subdag_operator.section-1 to None, run_after=None
[2024-02-16T09:31:05.010+0000] {logging_mixin.py:188} INFO - [2024-02-16T09:31:05.010+0000] {dag.py:3823} INFO - Setting next_dagrun for example_subdag_operator.section-2 to None, run_after=None
[2024-02-16T09:31:05.016+0000] {logging_mixin.py:188} INFO - [2024-02-16T09:31:05.016+0000] {dag.py:3036} INFO - Sync 2 DAGs
[2024-02-16T09:31:05.021+0000] {logging_mixin.py:188} INFO - [2024-02-16T09:31:05.021+0000] {dag.py:3823} INFO - Setting next_dagrun for example_subdag_operator.section-1 to None, run_after=None
[2024-02-16T09:31:05.021+0000] {logging_mixin.py:188} INFO - [2024-02-16T09:31:05.021+0000] {dag.py:3823} INFO - Setting next_dagrun for example_subdag_operator.section-2 to None, run_after=None
[2024-02-16T09:31:05.032+0000] {processor.py:183} INFO - Processing /home/airflow/.local/lib/python3.8/site-packages/airflow/example_dags/example_subdag_operator.py took 0.084 seconds
[2024-02-16T09:31:35.347+0000] {processor.py:161} INFO - Started process (PID=5836) to work on /home/airflow/.local/lib/python3.8/site-packages/airflow/example_dags/example_subdag_operator.py
[2024-02-16T09:31:35.348+0000] {processor.py:830} INFO - Processing file /home/airflow/.local/lib/python3.8/site-packages/airflow/example_dags/example_subdag_operator.py for tasks to queue
[2024-02-16T09:31:35.349+0000] {logging_mixin.py:188} INFO - [2024-02-16T09:31:35.349+0000] {dagbag.py:538} INFO - Filling up the DagBag from /home/airflow/.local/lib/python3.8/site-packages/airflow/example_dags/example_subdag_operator.py
[2024-02-16T09:31:35.372+0000] {processor.py:840} INFO - DAG(s) 'example_subdag_operator.section-1', 'example_subdag_operator.section-2', 'example_subdag_operator' retrieved from /home/airflow/.local/lib/python3.8/site-packages/airflow/example_dags/example_subdag_operator.py
[2024-02-16T09:31:35.384+0000] {logging_mixin.py:188} INFO - [2024-02-16T09:31:35.384+0000] {dag.py:3036} INFO - Sync 3 DAGs
[2024-02-16T09:31:35.402+0000] {logging_mixin.py:188} INFO - [2024-02-16T09:31:35.402+0000] {dag.py:3823} INFO - Setting next_dagrun for example_subdag_operator to 2022-01-01 00:00:00+00:00, run_after=2022-01-01 00:00:00+00:00
[2024-02-16T09:31:35.406+0000] {logging_mixin.py:188} INFO - [2024-02-16T09:31:35.406+0000] {dag.py:3823} INFO - Setting next_dagrun for example_subdag_operator.section-1 to None, run_after=None
[2024-02-16T09:31:35.407+0000] {logging_mixin.py:188} INFO - [2024-02-16T09:31:35.407+0000] {dag.py:3823} INFO - Setting next_dagrun for example_subdag_operator.section-2 to None, run_after=None
[2024-02-16T09:31:35.413+0000] {logging_mixin.py:188} INFO - [2024-02-16T09:31:35.413+0000] {dag.py:3036} INFO - Sync 2 DAGs
[2024-02-16T09:31:35.418+0000] {logging_mixin.py:188} INFO - [2024-02-16T09:31:35.418+0000] {dag.py:3823} INFO - Setting next_dagrun for example_subdag_operator.section-1 to None, run_after=None
[2024-02-16T09:31:35.418+0000] {logging_mixin.py:188} INFO - [2024-02-16T09:31:35.418+0000] {dag.py:3823} INFO - Setting next_dagrun for example_subdag_operator.section-2 to None, run_after=None
[2024-02-16T09:31:35.432+0000] {processor.py:183} INFO - Processing /home/airflow/.local/lib/python3.8/site-packages/airflow/example_dags/example_subdag_operator.py took 0.087 seconds
[2024-02-16T09:32:05.825+0000] {processor.py:161} INFO - Started process (PID=6082) to work on /home/airflow/.local/lib/python3.8/site-packages/airflow/example_dags/example_subdag_operator.py
[2024-02-16T09:32:05.826+0000] {processor.py:830} INFO - Processing file /home/airflow/.local/lib/python3.8/site-packages/airflow/example_dags/example_subdag_operator.py for tasks to queue
[2024-02-16T09:32:05.827+0000] {logging_mixin.py:188} INFO - [2024-02-16T09:32:05.826+0000] {dagbag.py:538} INFO - Filling up the DagBag from /home/airflow/.local/lib/python3.8/site-packages/airflow/example_dags/example_subdag_operator.py
[2024-02-16T09:32:05.850+0000] {processor.py:840} INFO - DAG(s) 'example_subdag_operator.section-1', 'example_subdag_operator.section-2', 'example_subdag_operator' retrieved from /home/airflow/.local/lib/python3.8/site-packages/airflow/example_dags/example_subdag_operator.py
[2024-02-16T09:32:05.862+0000] {logging_mixin.py:188} INFO - [2024-02-16T09:32:05.862+0000] {dag.py:3036} INFO - Sync 3 DAGs
[2024-02-16T09:32:05.879+0000] {logging_mixin.py:188} INFO - [2024-02-16T09:32:05.879+0000] {dag.py:3823} INFO - Setting next_dagrun for example_subdag_operator to 2022-01-01 00:00:00+00:00, run_after=2022-01-01 00:00:00+00:00
[2024-02-16T09:32:05.882+0000] {logging_mixin.py:188} INFO - [2024-02-16T09:32:05.882+0000] {dag.py:3823} INFO - Setting next_dagrun for example_subdag_operator.section-1 to None, run_after=None
[2024-02-16T09:32:05.883+0000] {logging_mixin.py:188} INFO - [2024-02-16T09:32:05.883+0000] {dag.py:3823} INFO - Setting next_dagrun for example_subdag_operator.section-2 to None, run_after=None
[2024-02-16T09:32:05.889+0000] {logging_mixin.py:188} INFO - [2024-02-16T09:32:05.889+0000] {dag.py:3036} INFO - Sync 2 DAGs
[2024-02-16T09:32:05.894+0000] {logging_mixin.py:188} INFO - [2024-02-16T09:32:05.894+0000] {dag.py:3823} INFO - Setting next_dagrun for example_subdag_operator.section-1 to None, run_after=None
[2024-02-16T09:32:05.894+0000] {logging_mixin.py:188} INFO - [2024-02-16T09:32:05.894+0000] {dag.py:3823} INFO - Setting next_dagrun for example_subdag_operator.section-2 to None, run_after=None
[2024-02-16T09:32:05.907+0000] {processor.py:183} INFO - Processing /home/airflow/.local/lib/python3.8/site-packages/airflow/example_dags/example_subdag_operator.py took 0.085 seconds
[2024-02-16T09:32:36.328+0000] {processor.py:161} INFO - Started process (PID=6329) to work on /home/airflow/.local/lib/python3.8/site-packages/airflow/example_dags/example_subdag_operator.py
[2024-02-16T09:32:36.330+0000] {processor.py:830} INFO - Processing file /home/airflow/.local/lib/python3.8/site-packages/airflow/example_dags/example_subdag_operator.py for tasks to queue
[2024-02-16T09:32:36.331+0000] {logging_mixin.py:188} INFO - [2024-02-16T09:32:36.330+0000] {dagbag.py:538} INFO - Filling up the DagBag from /home/airflow/.local/lib/python3.8/site-packages/airflow/example_dags/example_subdag_operator.py
[2024-02-16T09:32:36.356+0000] {processor.py:840} INFO - DAG(s) 'example_subdag_operator.section-1', 'example_subdag_operator.section-2', 'example_subdag_operator' retrieved from /home/airflow/.local/lib/python3.8/site-packages/airflow/example_dags/example_subdag_operator.py
[2024-02-16T09:32:36.370+0000] {logging_mixin.py:188} INFO - [2024-02-16T09:32:36.370+0000] {dag.py:3036} INFO - Sync 3 DAGs
[2024-02-16T09:32:36.389+0000] {logging_mixin.py:188} INFO - [2024-02-16T09:32:36.389+0000] {dag.py:3823} INFO - Setting next_dagrun for example_subdag_operator to 2022-01-01 00:00:00+00:00, run_after=2022-01-01 00:00:00+00:00
[2024-02-16T09:32:36.392+0000] {logging_mixin.py:188} INFO - [2024-02-16T09:32:36.392+0000] {dag.py:3823} INFO - Setting next_dagrun for example_subdag_operator.section-1 to None, run_after=None
[2024-02-16T09:32:36.393+0000] {logging_mixin.py:188} INFO - [2024-02-16T09:32:36.393+0000] {dag.py:3823} INFO - Setting next_dagrun for example_subdag_operator.section-2 to None, run_after=None
[2024-02-16T09:32:36.401+0000] {logging_mixin.py:188} INFO - [2024-02-16T09:32:36.401+0000] {dag.py:3036} INFO - Sync 2 DAGs
[2024-02-16T09:32:36.406+0000] {logging_mixin.py:188} INFO - [2024-02-16T09:32:36.406+0000] {dag.py:3823} INFO - Setting next_dagrun for example_subdag_operator.section-1 to None, run_after=None
[2024-02-16T09:32:36.406+0000] {logging_mixin.py:188} INFO - [2024-02-16T09:32:36.406+0000] {dag.py:3823} INFO - Setting next_dagrun for example_subdag_operator.section-2 to None, run_after=None
[2024-02-16T09:32:36.419+0000] {processor.py:183} INFO - Processing /home/airflow/.local/lib/python3.8/site-packages/airflow/example_dags/example_subdag_operator.py took 0.095 seconds
[2024-02-16T09:33:06.986+0000] {processor.py:161} INFO - Started process (PID=6576) to work on /home/airflow/.local/lib/python3.8/site-packages/airflow/example_dags/example_subdag_operator.py
[2024-02-16T09:33:06.987+0000] {processor.py:830} INFO - Processing file /home/airflow/.local/lib/python3.8/site-packages/airflow/example_dags/example_subdag_operator.py for tasks to queue
[2024-02-16T09:33:06.988+0000] {logging_mixin.py:188} INFO - [2024-02-16T09:33:06.988+0000] {dagbag.py:538} INFO - Filling up the DagBag from /home/airflow/.local/lib/python3.8/site-packages/airflow/example_dags/example_subdag_operator.py
[2024-02-16T09:33:07.013+0000] {processor.py:840} INFO - DAG(s) 'example_subdag_operator.section-1', 'example_subdag_operator.section-2', 'example_subdag_operator' retrieved from /home/airflow/.local/lib/python3.8/site-packages/airflow/example_dags/example_subdag_operator.py
[2024-02-16T09:33:07.027+0000] {logging_mixin.py:188} INFO - [2024-02-16T09:33:07.026+0000] {dag.py:3036} INFO - Sync 3 DAGs
[2024-02-16T09:33:07.046+0000] {logging_mixin.py:188} INFO - [2024-02-16T09:33:07.046+0000] {dag.py:3823} INFO - Setting next_dagrun for example_subdag_operator to 2022-01-01 00:00:00+00:00, run_after=2022-01-01 00:00:00+00:00
[2024-02-16T09:33:07.049+0000] {logging_mixin.py:188} INFO - [2024-02-16T09:33:07.049+0000] {dag.py:3823} INFO - Setting next_dagrun for example_subdag_operator.section-1 to None, run_after=None
[2024-02-16T09:33:07.051+0000] {logging_mixin.py:188} INFO - [2024-02-16T09:33:07.051+0000] {dag.py:3823} INFO - Setting next_dagrun for example_subdag_operator.section-2 to None, run_after=None
[2024-02-16T09:33:07.057+0000] {logging_mixin.py:188} INFO - [2024-02-16T09:33:07.057+0000] {dag.py:3036} INFO - Sync 2 DAGs
[2024-02-16T09:33:07.061+0000] {logging_mixin.py:188} INFO - [2024-02-16T09:33:07.061+0000] {dag.py:3823} INFO - Setting next_dagrun for example_subdag_operator.section-1 to None, run_after=None
[2024-02-16T09:33:07.062+0000] {logging_mixin.py:188} INFO - [2024-02-16T09:33:07.061+0000] {dag.py:3823} INFO - Setting next_dagrun for example_subdag_operator.section-2 to None, run_after=None
[2024-02-16T09:33:07.075+0000] {processor.py:183} INFO - Processing /home/airflow/.local/lib/python3.8/site-packages/airflow/example_dags/example_subdag_operator.py took 0.091 seconds
[2024-02-16T09:33:37.508+0000] {processor.py:161} INFO - Started process (PID=6823) to work on /home/airflow/.local/lib/python3.8/site-packages/airflow/example_dags/example_subdag_operator.py
[2024-02-16T09:33:37.510+0000] {processor.py:830} INFO - Processing file /home/airflow/.local/lib/python3.8/site-packages/airflow/example_dags/example_subdag_operator.py for tasks to queue
[2024-02-16T09:33:37.511+0000] {logging_mixin.py:188} INFO - [2024-02-16T09:33:37.510+0000] {dagbag.py:538} INFO - Filling up the DagBag from /home/airflow/.local/lib/python3.8/site-packages/airflow/example_dags/example_subdag_operator.py
[2024-02-16T09:33:37.537+0000] {processor.py:840} INFO - DAG(s) 'example_subdag_operator.section-1', 'example_subdag_operator.section-2', 'example_subdag_operator' retrieved from /home/airflow/.local/lib/python3.8/site-packages/airflow/example_dags/example_subdag_operator.py
[2024-02-16T09:33:37.551+0000] {logging_mixin.py:188} INFO - [2024-02-16T09:33:37.551+0000] {dag.py:3036} INFO - Sync 3 DAGs
[2024-02-16T09:33:37.572+0000] {logging_mixin.py:188} INFO - [2024-02-16T09:33:37.572+0000] {dag.py:3823} INFO - Setting next_dagrun for example_subdag_operator to 2022-01-01 00:00:00+00:00, run_after=2022-01-01 00:00:00+00:00
[2024-02-16T09:33:37.576+0000] {logging_mixin.py:188} INFO - [2024-02-16T09:33:37.576+0000] {dag.py:3823} INFO - Setting next_dagrun for example_subdag_operator.section-1 to None, run_after=None
[2024-02-16T09:33:37.577+0000] {logging_mixin.py:188} INFO - [2024-02-16T09:33:37.577+0000] {dag.py:3823} INFO - Setting next_dagrun for example_subdag_operator.section-2 to None, run_after=None
[2024-02-16T09:33:37.584+0000] {logging_mixin.py:188} INFO - [2024-02-16T09:33:37.584+0000] {dag.py:3036} INFO - Sync 2 DAGs
[2024-02-16T09:33:37.589+0000] {logging_mixin.py:188} INFO - [2024-02-16T09:33:37.589+0000] {dag.py:3823} INFO - Setting next_dagrun for example_subdag_operator.section-1 to None, run_after=None
[2024-02-16T09:33:37.589+0000] {logging_mixin.py:188} INFO - [2024-02-16T09:33:37.589+0000] {dag.py:3823} INFO - Setting next_dagrun for example_subdag_operator.section-2 to None, run_after=None
[2024-02-16T09:33:37.601+0000] {processor.py:183} INFO - Processing /home/airflow/.local/lib/python3.8/site-packages/airflow/example_dags/example_subdag_operator.py took 0.096 seconds
[2024-02-16T09:34:07.920+0000] {processor.py:161} INFO - Started process (PID=7070) to work on /home/airflow/.local/lib/python3.8/site-packages/airflow/example_dags/example_subdag_operator.py
[2024-02-16T09:34:07.921+0000] {processor.py:830} INFO - Processing file /home/airflow/.local/lib/python3.8/site-packages/airflow/example_dags/example_subdag_operator.py for tasks to queue
[2024-02-16T09:34:07.922+0000] {logging_mixin.py:188} INFO - [2024-02-16T09:34:07.922+0000] {dagbag.py:538} INFO - Filling up the DagBag from /home/airflow/.local/lib/python3.8/site-packages/airflow/example_dags/example_subdag_operator.py
[2024-02-16T09:34:07.945+0000] {processor.py:840} INFO - DAG(s) 'example_subdag_operator.section-1', 'example_subdag_operator.section-2', 'example_subdag_operator' retrieved from /home/airflow/.local/lib/python3.8/site-packages/airflow/example_dags/example_subdag_operator.py
[2024-02-16T09:34:07.960+0000] {logging_mixin.py:188} INFO - [2024-02-16T09:34:07.959+0000] {dag.py:3036} INFO - Sync 3 DAGs
[2024-02-16T09:34:07.978+0000] {logging_mixin.py:188} INFO - [2024-02-16T09:34:07.977+0000] {dag.py:3823} INFO - Setting next_dagrun for example_subdag_operator to 2022-01-01 00:00:00+00:00, run_after=2022-01-01 00:00:00+00:00
[2024-02-16T09:34:07.982+0000] {logging_mixin.py:188} INFO - [2024-02-16T09:34:07.981+0000] {dag.py:3823} INFO - Setting next_dagrun for example_subdag_operator.section-1 to None, run_after=None
[2024-02-16T09:34:07.983+0000] {logging_mixin.py:188} INFO - [2024-02-16T09:34:07.983+0000] {dag.py:3823} INFO - Setting next_dagrun for example_subdag_operator.section-2 to None, run_after=None
[2024-02-16T09:34:07.990+0000] {logging_mixin.py:188} INFO - [2024-02-16T09:34:07.990+0000] {dag.py:3036} INFO - Sync 2 DAGs
[2024-02-16T09:34:07.996+0000] {logging_mixin.py:188} INFO - [2024-02-16T09:34:07.995+0000] {dag.py:3823} INFO - Setting next_dagrun for example_subdag_operator.section-1 to None, run_after=None
[2024-02-16T09:34:07.996+0000] {logging_mixin.py:188} INFO - [2024-02-16T09:34:07.996+0000] {dag.py:3823} INFO - Setting next_dagrun for example_subdag_operator.section-2 to None, run_after=None
[2024-02-16T09:34:08.007+0000] {processor.py:183} INFO - Processing /home/airflow/.local/lib/python3.8/site-packages/airflow/example_dags/example_subdag_operator.py took 0.090 seconds
[2024-02-16T09:38:03.492+0000] {processor.py:161} INFO - Started process (PID=225) to work on /home/airflow/.local/lib/python3.8/site-packages/airflow/example_dags/example_subdag_operator.py
[2024-02-16T09:38:03.494+0000] {processor.py:830} INFO - Processing file /home/airflow/.local/lib/python3.8/site-packages/airflow/example_dags/example_subdag_operator.py for tasks to queue
[2024-02-16T09:38:03.494+0000] {logging_mixin.py:188} INFO - [2024-02-16T09:38:03.494+0000] {dagbag.py:538} INFO - Filling up the DagBag from /home/airflow/.local/lib/python3.8/site-packages/airflow/example_dags/example_subdag_operator.py
[2024-02-16T09:38:03.522+0000] {processor.py:840} INFO - DAG(s) 'example_subdag_operator.section-1', 'example_subdag_operator.section-2', 'example_subdag_operator' retrieved from /home/airflow/.local/lib/python3.8/site-packages/airflow/example_dags/example_subdag_operator.py
[2024-02-16T09:38:03.527+0000] {logging_mixin.py:188} INFO - [2024-02-16T09:38:03.526+0000] {dag.py:3036} INFO - Sync 3 DAGs
[2024-02-16T09:38:03.552+0000] {logging_mixin.py:188} INFO - [2024-02-16T09:38:03.551+0000] {dag.py:3823} INFO - Setting next_dagrun for example_subdag_operator to 2022-01-01 00:00:00+00:00, run_after=2022-01-01 00:00:00+00:00
[2024-02-16T09:38:03.556+0000] {logging_mixin.py:188} INFO - [2024-02-16T09:38:03.556+0000] {dag.py:3823} INFO - Setting next_dagrun for example_subdag_operator.section-1 to None, run_after=None
[2024-02-16T09:38:03.558+0000] {logging_mixin.py:188} INFO - [2024-02-16T09:38:03.558+0000] {dag.py:3823} INFO - Setting next_dagrun for example_subdag_operator.section-2 to None, run_after=None
[2024-02-16T09:38:03.566+0000] {logging_mixin.py:188} INFO - [2024-02-16T09:38:03.565+0000] {dag.py:3036} INFO - Sync 2 DAGs
[2024-02-16T09:38:03.572+0000] {logging_mixin.py:188} INFO - [2024-02-16T09:38:03.572+0000] {dag.py:3823} INFO - Setting next_dagrun for example_subdag_operator.section-1 to None, run_after=None
[2024-02-16T09:38:03.573+0000] {logging_mixin.py:188} INFO - [2024-02-16T09:38:03.573+0000] {dag.py:3823} INFO - Setting next_dagrun for example_subdag_operator.section-2 to None, run_after=None
[2024-02-16T09:38:03.589+0000] {processor.py:183} INFO - Processing /home/airflow/.local/lib/python3.8/site-packages/airflow/example_dags/example_subdag_operator.py took 0.100 seconds
[2024-02-16T09:38:34.398+0000] {processor.py:161} INFO - Started process (PID=474) to work on /home/airflow/.local/lib/python3.8/site-packages/airflow/example_dags/example_subdag_operator.py
[2024-02-16T09:38:34.399+0000] {processor.py:830} INFO - Processing file /home/airflow/.local/lib/python3.8/site-packages/airflow/example_dags/example_subdag_operator.py for tasks to queue
[2024-02-16T09:38:34.400+0000] {logging_mixin.py:188} INFO - [2024-02-16T09:38:34.400+0000] {dagbag.py:538} INFO - Filling up the DagBag from /home/airflow/.local/lib/python3.8/site-packages/airflow/example_dags/example_subdag_operator.py
[2024-02-16T09:38:34.422+0000] {processor.py:840} INFO - DAG(s) 'example_subdag_operator.section-1', 'example_subdag_operator.section-2', 'example_subdag_operator' retrieved from /home/airflow/.local/lib/python3.8/site-packages/airflow/example_dags/example_subdag_operator.py
[2024-02-16T09:38:34.501+0000] {logging_mixin.py:188} INFO - [2024-02-16T09:38:34.501+0000] {dag.py:3036} INFO - Sync 3 DAGs
[2024-02-16T09:38:34.516+0000] {logging_mixin.py:188} INFO - [2024-02-16T09:38:34.516+0000] {dag.py:3823} INFO - Setting next_dagrun for example_subdag_operator to 2022-01-01 00:00:00+00:00, run_after=2022-01-01 00:00:00+00:00
[2024-02-16T09:38:34.519+0000] {logging_mixin.py:188} INFO - [2024-02-16T09:38:34.518+0000] {dag.py:3823} INFO - Setting next_dagrun for example_subdag_operator.section-1 to None, run_after=None
[2024-02-16T09:38:34.520+0000] {logging_mixin.py:188} INFO - [2024-02-16T09:38:34.520+0000] {dag.py:3823} INFO - Setting next_dagrun for example_subdag_operator.section-2 to None, run_after=None
[2024-02-16T09:38:34.529+0000] {logging_mixin.py:188} INFO - [2024-02-16T09:38:34.528+0000] {dag.py:3036} INFO - Sync 2 DAGs
[2024-02-16T09:38:34.534+0000] {logging_mixin.py:188} INFO - [2024-02-16T09:38:34.533+0000] {dag.py:3823} INFO - Setting next_dagrun for example_subdag_operator.section-1 to None, run_after=None
[2024-02-16T09:38:34.534+0000] {logging_mixin.py:188} INFO - [2024-02-16T09:38:34.534+0000] {dag.py:3823} INFO - Setting next_dagrun for example_subdag_operator.section-2 to None, run_after=None
[2024-02-16T09:38:34.548+0000] {processor.py:183} INFO - Processing /home/airflow/.local/lib/python3.8/site-packages/airflow/example_dags/example_subdag_operator.py took 0.153 seconds
