[2024-02-16T09:20:26.609+0000] {processor.py:161} INFO - Started process (PID=316) to work on /home/airflow/.local/lib/python3.8/site-packages/airflow/example_dags/example_branch_operator.py
[2024-02-16T09:20:26.610+0000] {processor.py:830} INFO - Processing file /home/airflow/.local/lib/python3.8/site-packages/airflow/example_dags/example_branch_operator.py for tasks to queue
[2024-02-16T09:20:26.611+0000] {logging_mixin.py:188} INFO - [2024-02-16T09:20:26.611+0000] {dagbag.py:538} INFO - Filling up the DagBag from /home/airflow/.local/lib/python3.8/site-packages/airflow/example_dags/example_branch_operator.py
[2024-02-16T09:20:26.625+0000] {processor.py:840} INFO - DAG(s) 'example_branch_operator' retrieved from /home/airflow/.local/lib/python3.8/site-packages/airflow/example_dags/example_branch_operator.py
[2024-02-16T09:20:26.738+0000] {logging_mixin.py:188} INFO - [2024-02-16T09:20:26.737+0000] {override.py:1769} INFO - Created Permission View: can delete on DAG:example_branch_operator
[2024-02-16T09:20:26.751+0000] {logging_mixin.py:188} INFO - [2024-02-16T09:20:26.751+0000] {override.py:1769} INFO - Created Permission View: can edit on DAG:example_branch_operator
[2024-02-16T09:20:26.760+0000] {logging_mixin.py:188} INFO - [2024-02-16T09:20:26.759+0000] {override.py:1769} INFO - Created Permission View: can read on DAG:example_branch_operator
[2024-02-16T09:20:26.761+0000] {logging_mixin.py:188} INFO - [2024-02-16T09:20:26.761+0000] {dag.py:3036} INFO - Sync 1 DAGs
[2024-02-16T09:20:26.772+0000] {logging_mixin.py:188} INFO - [2024-02-16T09:20:26.771+0000] {dag.py:3058} INFO - Creating ORM DAG for example_branch_operator
[2024-02-16T09:20:26.785+0000] {logging_mixin.py:188} INFO - [2024-02-16T09:20:26.785+0000] {dag.py:3823} INFO - Setting next_dagrun for example_branch_operator to 2024-02-15 00:00:00+00:00, run_after=2024-02-16 00:00:00+00:00
[2024-02-16T09:20:26.811+0000] {processor.py:183} INFO - Processing /home/airflow/.local/lib/python3.8/site-packages/airflow/example_dags/example_branch_operator.py took 0.205 seconds
[2024-02-16T09:20:57.443+0000] {processor.py:161} INFO - Started process (PID=563) to work on /home/airflow/.local/lib/python3.8/site-packages/airflow/example_dags/example_branch_operator.py
[2024-02-16T09:20:57.444+0000] {processor.py:830} INFO - Processing file /home/airflow/.local/lib/python3.8/site-packages/airflow/example_dags/example_branch_operator.py for tasks to queue
[2024-02-16T09:20:57.445+0000] {logging_mixin.py:188} INFO - [2024-02-16T09:20:57.445+0000] {dagbag.py:538} INFO - Filling up the DagBag from /home/airflow/.local/lib/python3.8/site-packages/airflow/example_dags/example_branch_operator.py
[2024-02-16T09:20:57.457+0000] {processor.py:840} INFO - DAG(s) 'example_branch_operator' retrieved from /home/airflow/.local/lib/python3.8/site-packages/airflow/example_dags/example_branch_operator.py
[2024-02-16T09:20:57.482+0000] {logging_mixin.py:188} INFO - [2024-02-16T09:20:57.482+0000] {dag.py:3036} INFO - Sync 1 DAGs
[2024-02-16T09:20:57.500+0000] {logging_mixin.py:188} INFO - [2024-02-16T09:20:57.500+0000] {dag.py:3823} INFO - Setting next_dagrun for example_branch_operator to 2024-02-15 00:00:00+00:00, run_after=2024-02-16 00:00:00+00:00
[2024-02-16T09:20:57.518+0000] {processor.py:183} INFO - Processing /home/airflow/.local/lib/python3.8/site-packages/airflow/example_dags/example_branch_operator.py took 0.078 seconds
[2024-02-16T09:21:27.840+0000] {processor.py:161} INFO - Started process (PID=805) to work on /home/airflow/.local/lib/python3.8/site-packages/airflow/example_dags/example_branch_operator.py
[2024-02-16T09:21:27.842+0000] {processor.py:830} INFO - Processing file /home/airflow/.local/lib/python3.8/site-packages/airflow/example_dags/example_branch_operator.py for tasks to queue
[2024-02-16T09:21:27.843+0000] {logging_mixin.py:188} INFO - [2024-02-16T09:21:27.842+0000] {dagbag.py:538} INFO - Filling up the DagBag from /home/airflow/.local/lib/python3.8/site-packages/airflow/example_dags/example_branch_operator.py
[2024-02-16T09:21:27.855+0000] {processor.py:840} INFO - DAG(s) 'example_branch_operator' retrieved from /home/airflow/.local/lib/python3.8/site-packages/airflow/example_dags/example_branch_operator.py
[2024-02-16T09:21:27.883+0000] {logging_mixin.py:188} INFO - [2024-02-16T09:21:27.883+0000] {dag.py:3036} INFO - Sync 1 DAGs
[2024-02-16T09:21:27.902+0000] {logging_mixin.py:188} INFO - [2024-02-16T09:21:27.902+0000] {dag.py:3823} INFO - Setting next_dagrun for example_branch_operator to 2024-02-15 00:00:00+00:00, run_after=2024-02-16 00:00:00+00:00
[2024-02-16T09:21:27.923+0000] {processor.py:183} INFO - Processing /home/airflow/.local/lib/python3.8/site-packages/airflow/example_dags/example_branch_operator.py took 0.085 seconds
[2024-02-16T09:21:58.700+0000] {processor.py:161} INFO - Started process (PID=1056) to work on /home/airflow/.local/lib/python3.8/site-packages/airflow/example_dags/example_branch_operator.py
[2024-02-16T09:21:58.702+0000] {processor.py:830} INFO - Processing file /home/airflow/.local/lib/python3.8/site-packages/airflow/example_dags/example_branch_operator.py for tasks to queue
[2024-02-16T09:21:58.702+0000] {logging_mixin.py:188} INFO - [2024-02-16T09:21:58.702+0000] {dagbag.py:538} INFO - Filling up the DagBag from /home/airflow/.local/lib/python3.8/site-packages/airflow/example_dags/example_branch_operator.py
[2024-02-16T09:21:58.718+0000] {processor.py:840} INFO - DAG(s) 'example_branch_operator' retrieved from /home/airflow/.local/lib/python3.8/site-packages/airflow/example_dags/example_branch_operator.py
[2024-02-16T09:21:58.743+0000] {logging_mixin.py:188} INFO - [2024-02-16T09:21:58.743+0000] {dag.py:3036} INFO - Sync 1 DAGs
[2024-02-16T09:21:58.768+0000] {logging_mixin.py:188} INFO - [2024-02-16T09:21:58.768+0000] {dag.py:3823} INFO - Setting next_dagrun for example_branch_operator to 2024-02-15 00:00:00+00:00, run_after=2024-02-16 00:00:00+00:00
[2024-02-16T09:21:58.789+0000] {processor.py:183} INFO - Processing /home/airflow/.local/lib/python3.8/site-packages/airflow/example_dags/example_branch_operator.py took 0.095 seconds
[2024-02-16T09:22:29.436+0000] {processor.py:161} INFO - Started process (PID=1303) to work on /home/airflow/.local/lib/python3.8/site-packages/airflow/example_dags/example_branch_operator.py
[2024-02-16T09:22:29.438+0000] {processor.py:830} INFO - Processing file /home/airflow/.local/lib/python3.8/site-packages/airflow/example_dags/example_branch_operator.py for tasks to queue
[2024-02-16T09:22:29.440+0000] {logging_mixin.py:188} INFO - [2024-02-16T09:22:29.439+0000] {dagbag.py:538} INFO - Filling up the DagBag from /home/airflow/.local/lib/python3.8/site-packages/airflow/example_dags/example_branch_operator.py
[2024-02-16T09:22:29.455+0000] {processor.py:840} INFO - DAG(s) 'example_branch_operator' retrieved from /home/airflow/.local/lib/python3.8/site-packages/airflow/example_dags/example_branch_operator.py
[2024-02-16T09:22:29.481+0000] {logging_mixin.py:188} INFO - [2024-02-16T09:22:29.481+0000] {dag.py:3036} INFO - Sync 1 DAGs
[2024-02-16T09:22:29.504+0000] {logging_mixin.py:188} INFO - [2024-02-16T09:22:29.504+0000] {dag.py:3823} INFO - Setting next_dagrun for example_branch_operator to 2024-02-15 00:00:00+00:00, run_after=2024-02-16 00:00:00+00:00
[2024-02-16T09:22:29.524+0000] {processor.py:183} INFO - Processing /home/airflow/.local/lib/python3.8/site-packages/airflow/example_dags/example_branch_operator.py took 0.091 seconds
[2024-02-16T09:22:59.953+0000] {processor.py:161} INFO - Started process (PID=1550) to work on /home/airflow/.local/lib/python3.8/site-packages/airflow/example_dags/example_branch_operator.py
[2024-02-16T09:22:59.954+0000] {processor.py:830} INFO - Processing file /home/airflow/.local/lib/python3.8/site-packages/airflow/example_dags/example_branch_operator.py for tasks to queue
[2024-02-16T09:22:59.955+0000] {logging_mixin.py:188} INFO - [2024-02-16T09:22:59.955+0000] {dagbag.py:538} INFO - Filling up the DagBag from /home/airflow/.local/lib/python3.8/site-packages/airflow/example_dags/example_branch_operator.py
[2024-02-16T09:22:59.968+0000] {processor.py:840} INFO - DAG(s) 'example_branch_operator' retrieved from /home/airflow/.local/lib/python3.8/site-packages/airflow/example_dags/example_branch_operator.py
[2024-02-16T09:22:59.992+0000] {logging_mixin.py:188} INFO - [2024-02-16T09:22:59.992+0000] {dag.py:3036} INFO - Sync 1 DAGs
[2024-02-16T09:23:00.015+0000] {logging_mixin.py:188} INFO - [2024-02-16T09:23:00.014+0000] {dag.py:3823} INFO - Setting next_dagrun for example_branch_operator to 2024-02-15 00:00:00+00:00, run_after=2024-02-16 00:00:00+00:00
[2024-02-16T09:23:00.034+0000] {processor.py:183} INFO - Processing /home/airflow/.local/lib/python3.8/site-packages/airflow/example_dags/example_branch_operator.py took 0.084 seconds
[2024-02-16T09:23:30.328+0000] {processor.py:161} INFO - Started process (PID=1796) to work on /home/airflow/.local/lib/python3.8/site-packages/airflow/example_dags/example_branch_operator.py
[2024-02-16T09:23:30.330+0000] {processor.py:830} INFO - Processing file /home/airflow/.local/lib/python3.8/site-packages/airflow/example_dags/example_branch_operator.py for tasks to queue
[2024-02-16T09:23:30.331+0000] {logging_mixin.py:188} INFO - [2024-02-16T09:23:30.330+0000] {dagbag.py:538} INFO - Filling up the DagBag from /home/airflow/.local/lib/python3.8/site-packages/airflow/example_dags/example_branch_operator.py
[2024-02-16T09:23:30.343+0000] {processor.py:840} INFO - DAG(s) 'example_branch_operator' retrieved from /home/airflow/.local/lib/python3.8/site-packages/airflow/example_dags/example_branch_operator.py
[2024-02-16T09:23:30.368+0000] {logging_mixin.py:188} INFO - [2024-02-16T09:23:30.368+0000] {dag.py:3036} INFO - Sync 1 DAGs
[2024-02-16T09:23:30.388+0000] {logging_mixin.py:188} INFO - [2024-02-16T09:23:30.388+0000] {dag.py:3823} INFO - Setting next_dagrun for example_branch_operator to 2024-02-15 00:00:00+00:00, run_after=2024-02-16 00:00:00+00:00
[2024-02-16T09:23:30.406+0000] {processor.py:183} INFO - Processing /home/airflow/.local/lib/python3.8/site-packages/airflow/example_dags/example_branch_operator.py took 0.081 seconds
[2024-02-16T09:24:00.716+0000] {processor.py:161} INFO - Started process (PID=2043) to work on /home/airflow/.local/lib/python3.8/site-packages/airflow/example_dags/example_branch_operator.py
[2024-02-16T09:24:00.717+0000] {processor.py:830} INFO - Processing file /home/airflow/.local/lib/python3.8/site-packages/airflow/example_dags/example_branch_operator.py for tasks to queue
[2024-02-16T09:24:00.717+0000] {logging_mixin.py:188} INFO - [2024-02-16T09:24:00.717+0000] {dagbag.py:538} INFO - Filling up the DagBag from /home/airflow/.local/lib/python3.8/site-packages/airflow/example_dags/example_branch_operator.py
[2024-02-16T09:24:00.730+0000] {processor.py:840} INFO - DAG(s) 'example_branch_operator' retrieved from /home/airflow/.local/lib/python3.8/site-packages/airflow/example_dags/example_branch_operator.py
[2024-02-16T09:24:00.756+0000] {logging_mixin.py:188} INFO - [2024-02-16T09:24:00.756+0000] {dag.py:3036} INFO - Sync 1 DAGs
[2024-02-16T09:24:00.782+0000] {logging_mixin.py:188} INFO - [2024-02-16T09:24:00.782+0000] {dag.py:3823} INFO - Setting next_dagrun for example_branch_operator to 2024-02-15 00:00:00+00:00, run_after=2024-02-16 00:00:00+00:00
[2024-02-16T09:24:00.805+0000] {processor.py:183} INFO - Processing /home/airflow/.local/lib/python3.8/site-packages/airflow/example_dags/example_branch_operator.py took 0.092 seconds
[2024-02-16T09:24:31.156+0000] {processor.py:161} INFO - Started process (PID=2284) to work on /home/airflow/.local/lib/python3.8/site-packages/airflow/example_dags/example_branch_operator.py
[2024-02-16T09:24:31.158+0000] {processor.py:830} INFO - Processing file /home/airflow/.local/lib/python3.8/site-packages/airflow/example_dags/example_branch_operator.py for tasks to queue
[2024-02-16T09:24:31.158+0000] {logging_mixin.py:188} INFO - [2024-02-16T09:24:31.158+0000] {dagbag.py:538} INFO - Filling up the DagBag from /home/airflow/.local/lib/python3.8/site-packages/airflow/example_dags/example_branch_operator.py
[2024-02-16T09:24:31.171+0000] {processor.py:840} INFO - DAG(s) 'example_branch_operator' retrieved from /home/airflow/.local/lib/python3.8/site-packages/airflow/example_dags/example_branch_operator.py
[2024-02-16T09:24:31.194+0000] {logging_mixin.py:188} INFO - [2024-02-16T09:24:31.194+0000] {dag.py:3036} INFO - Sync 1 DAGs
[2024-02-16T09:24:31.213+0000] {logging_mixin.py:188} INFO - [2024-02-16T09:24:31.213+0000] {dag.py:3823} INFO - Setting next_dagrun for example_branch_operator to 2024-02-15 00:00:00+00:00, run_after=2024-02-16 00:00:00+00:00
[2024-02-16T09:24:31.231+0000] {processor.py:183} INFO - Processing /home/airflow/.local/lib/python3.8/site-packages/airflow/example_dags/example_branch_operator.py took 0.077 seconds
[2024-02-16T09:25:01.560+0000] {processor.py:161} INFO - Started process (PID=2531) to work on /home/airflow/.local/lib/python3.8/site-packages/airflow/example_dags/example_branch_operator.py
[2024-02-16T09:25:01.561+0000] {processor.py:830} INFO - Processing file /home/airflow/.local/lib/python3.8/site-packages/airflow/example_dags/example_branch_operator.py for tasks to queue
[2024-02-16T09:25:01.562+0000] {logging_mixin.py:188} INFO - [2024-02-16T09:25:01.562+0000] {dagbag.py:538} INFO - Filling up the DagBag from /home/airflow/.local/lib/python3.8/site-packages/airflow/example_dags/example_branch_operator.py
[2024-02-16T09:25:01.576+0000] {processor.py:840} INFO - DAG(s) 'example_branch_operator' retrieved from /home/airflow/.local/lib/python3.8/site-packages/airflow/example_dags/example_branch_operator.py
[2024-02-16T09:25:01.601+0000] {logging_mixin.py:188} INFO - [2024-02-16T09:25:01.601+0000] {dag.py:3036} INFO - Sync 1 DAGs
[2024-02-16T09:25:01.618+0000] {logging_mixin.py:188} INFO - [2024-02-16T09:25:01.617+0000] {dag.py:3823} INFO - Setting next_dagrun for example_branch_operator to 2024-02-15 00:00:00+00:00, run_after=2024-02-16 00:00:00+00:00
[2024-02-16T09:25:01.638+0000] {processor.py:183} INFO - Processing /home/airflow/.local/lib/python3.8/site-packages/airflow/example_dags/example_branch_operator.py took 0.080 seconds
[2024-02-16T09:25:32.102+0000] {processor.py:161} INFO - Started process (PID=2779) to work on /home/airflow/.local/lib/python3.8/site-packages/airflow/example_dags/example_branch_operator.py
[2024-02-16T09:25:32.103+0000] {processor.py:830} INFO - Processing file /home/airflow/.local/lib/python3.8/site-packages/airflow/example_dags/example_branch_operator.py for tasks to queue
[2024-02-16T09:25:32.104+0000] {logging_mixin.py:188} INFO - [2024-02-16T09:25:32.103+0000] {dagbag.py:538} INFO - Filling up the DagBag from /home/airflow/.local/lib/python3.8/site-packages/airflow/example_dags/example_branch_operator.py
[2024-02-16T09:25:32.118+0000] {processor.py:840} INFO - DAG(s) 'example_branch_operator' retrieved from /home/airflow/.local/lib/python3.8/site-packages/airflow/example_dags/example_branch_operator.py
[2024-02-16T09:25:32.145+0000] {logging_mixin.py:188} INFO - [2024-02-16T09:25:32.145+0000] {dag.py:3036} INFO - Sync 1 DAGs
[2024-02-16T09:25:32.162+0000] {logging_mixin.py:188} INFO - [2024-02-16T09:25:32.161+0000] {dag.py:3823} INFO - Setting next_dagrun for example_branch_operator to 2024-02-15 00:00:00+00:00, run_after=2024-02-16 00:00:00+00:00
[2024-02-16T09:25:32.179+0000] {processor.py:183} INFO - Processing /home/airflow/.local/lib/python3.8/site-packages/airflow/example_dags/example_branch_operator.py took 0.081 seconds
[2024-02-16T09:26:02.736+0000] {processor.py:161} INFO - Started process (PID=3024) to work on /home/airflow/.local/lib/python3.8/site-packages/airflow/example_dags/example_branch_operator.py
[2024-02-16T09:26:02.738+0000] {processor.py:830} INFO - Processing file /home/airflow/.local/lib/python3.8/site-packages/airflow/example_dags/example_branch_operator.py for tasks to queue
[2024-02-16T09:26:02.739+0000] {logging_mixin.py:188} INFO - [2024-02-16T09:26:02.738+0000] {dagbag.py:538} INFO - Filling up the DagBag from /home/airflow/.local/lib/python3.8/site-packages/airflow/example_dags/example_branch_operator.py
[2024-02-16T09:26:02.758+0000] {processor.py:840} INFO - DAG(s) 'example_branch_operator' retrieved from /home/airflow/.local/lib/python3.8/site-packages/airflow/example_dags/example_branch_operator.py
[2024-02-16T09:26:02.799+0000] {logging_mixin.py:188} INFO - [2024-02-16T09:26:02.798+0000] {dag.py:3036} INFO - Sync 1 DAGs
[2024-02-16T09:26:02.836+0000] {logging_mixin.py:188} INFO - [2024-02-16T09:26:02.835+0000] {dag.py:3823} INFO - Setting next_dagrun for example_branch_operator to 2024-02-15 00:00:00+00:00, run_after=2024-02-16 00:00:00+00:00
[2024-02-16T09:26:02.876+0000] {processor.py:183} INFO - Processing /home/airflow/.local/lib/python3.8/site-packages/airflow/example_dags/example_branch_operator.py took 0.145 seconds
[2024-02-16T09:26:33.680+0000] {processor.py:161} INFO - Started process (PID=3280) to work on /home/airflow/.local/lib/python3.8/site-packages/airflow/example_dags/example_branch_operator.py
[2024-02-16T09:26:33.682+0000] {processor.py:830} INFO - Processing file /home/airflow/.local/lib/python3.8/site-packages/airflow/example_dags/example_branch_operator.py for tasks to queue
[2024-02-16T09:26:33.683+0000] {logging_mixin.py:188} INFO - [2024-02-16T09:26:33.682+0000] {dagbag.py:538} INFO - Filling up the DagBag from /home/airflow/.local/lib/python3.8/site-packages/airflow/example_dags/example_branch_operator.py
[2024-02-16T09:26:33.697+0000] {processor.py:840} INFO - DAG(s) 'example_branch_operator' retrieved from /home/airflow/.local/lib/python3.8/site-packages/airflow/example_dags/example_branch_operator.py
[2024-02-16T09:26:33.724+0000] {logging_mixin.py:188} INFO - [2024-02-16T09:26:33.723+0000] {dag.py:3036} INFO - Sync 1 DAGs
[2024-02-16T09:26:33.749+0000] {logging_mixin.py:188} INFO - [2024-02-16T09:26:33.748+0000] {dag.py:3823} INFO - Setting next_dagrun for example_branch_operator to 2024-02-15 00:00:00+00:00, run_after=2024-02-16 00:00:00+00:00
[2024-02-16T09:26:33.772+0000] {processor.py:183} INFO - Processing /home/airflow/.local/lib/python3.8/site-packages/airflow/example_dags/example_branch_operator.py took 0.096 seconds
[2024-02-16T09:27:04.140+0000] {processor.py:161} INFO - Started process (PID=3524) to work on /home/airflow/.local/lib/python3.8/site-packages/airflow/example_dags/example_branch_operator.py
[2024-02-16T09:27:04.141+0000] {processor.py:830} INFO - Processing file /home/airflow/.local/lib/python3.8/site-packages/airflow/example_dags/example_branch_operator.py for tasks to queue
[2024-02-16T09:27:04.142+0000] {logging_mixin.py:188} INFO - [2024-02-16T09:27:04.142+0000] {dagbag.py:538} INFO - Filling up the DagBag from /home/airflow/.local/lib/python3.8/site-packages/airflow/example_dags/example_branch_operator.py
[2024-02-16T09:27:04.155+0000] {processor.py:840} INFO - DAG(s) 'example_branch_operator' retrieved from /home/airflow/.local/lib/python3.8/site-packages/airflow/example_dags/example_branch_operator.py
[2024-02-16T09:27:04.177+0000] {logging_mixin.py:188} INFO - [2024-02-16T09:27:04.177+0000] {dag.py:3036} INFO - Sync 1 DAGs
[2024-02-16T09:27:04.193+0000] {logging_mixin.py:188} INFO - [2024-02-16T09:27:04.193+0000] {dag.py:3823} INFO - Setting next_dagrun for example_branch_operator to 2024-02-15 00:00:00+00:00, run_after=2024-02-16 00:00:00+00:00
[2024-02-16T09:27:04.210+0000] {processor.py:183} INFO - Processing /home/airflow/.local/lib/python3.8/site-packages/airflow/example_dags/example_branch_operator.py took 0.072 seconds
[2024-02-16T09:27:34.659+0000] {processor.py:161} INFO - Started process (PID=3772) to work on /home/airflow/.local/lib/python3.8/site-packages/airflow/example_dags/example_branch_operator.py
[2024-02-16T09:27:34.661+0000] {processor.py:830} INFO - Processing file /home/airflow/.local/lib/python3.8/site-packages/airflow/example_dags/example_branch_operator.py for tasks to queue
[2024-02-16T09:27:34.661+0000] {logging_mixin.py:188} INFO - [2024-02-16T09:27:34.661+0000] {dagbag.py:538} INFO - Filling up the DagBag from /home/airflow/.local/lib/python3.8/site-packages/airflow/example_dags/example_branch_operator.py
[2024-02-16T09:27:34.673+0000] {processor.py:840} INFO - DAG(s) 'example_branch_operator' retrieved from /home/airflow/.local/lib/python3.8/site-packages/airflow/example_dags/example_branch_operator.py
[2024-02-16T09:27:34.696+0000] {logging_mixin.py:188} INFO - [2024-02-16T09:27:34.696+0000] {dag.py:3036} INFO - Sync 1 DAGs
[2024-02-16T09:27:34.712+0000] {logging_mixin.py:188} INFO - [2024-02-16T09:27:34.711+0000] {dag.py:3823} INFO - Setting next_dagrun for example_branch_operator to 2024-02-15 00:00:00+00:00, run_after=2024-02-16 00:00:00+00:00
[2024-02-16T09:27:34.728+0000] {processor.py:183} INFO - Processing /home/airflow/.local/lib/python3.8/site-packages/airflow/example_dags/example_branch_operator.py took 0.071 seconds
[2024-02-16T09:28:05.023+0000] {processor.py:161} INFO - Started process (PID=4017) to work on /home/airflow/.local/lib/python3.8/site-packages/airflow/example_dags/example_branch_operator.py
[2024-02-16T09:28:05.024+0000] {processor.py:830} INFO - Processing file /home/airflow/.local/lib/python3.8/site-packages/airflow/example_dags/example_branch_operator.py for tasks to queue
[2024-02-16T09:28:05.025+0000] {logging_mixin.py:188} INFO - [2024-02-16T09:28:05.025+0000] {dagbag.py:538} INFO - Filling up the DagBag from /home/airflow/.local/lib/python3.8/site-packages/airflow/example_dags/example_branch_operator.py
[2024-02-16T09:28:05.039+0000] {processor.py:840} INFO - DAG(s) 'example_branch_operator' retrieved from /home/airflow/.local/lib/python3.8/site-packages/airflow/example_dags/example_branch_operator.py
[2024-02-16T09:28:05.064+0000] {logging_mixin.py:188} INFO - [2024-02-16T09:28:05.064+0000] {dag.py:3036} INFO - Sync 1 DAGs
[2024-02-16T09:28:05.082+0000] {logging_mixin.py:188} INFO - [2024-02-16T09:28:05.082+0000] {dag.py:3823} INFO - Setting next_dagrun for example_branch_operator to 2024-02-15 00:00:00+00:00, run_after=2024-02-16 00:00:00+00:00
[2024-02-16T09:28:05.103+0000] {processor.py:183} INFO - Processing /home/airflow/.local/lib/python3.8/site-packages/airflow/example_dags/example_branch_operator.py took 0.083 seconds
[2024-02-16T09:28:35.455+0000] {processor.py:161} INFO - Started process (PID=4268) to work on /home/airflow/.local/lib/python3.8/site-packages/airflow/example_dags/example_branch_operator.py
[2024-02-16T09:28:35.456+0000] {processor.py:830} INFO - Processing file /home/airflow/.local/lib/python3.8/site-packages/airflow/example_dags/example_branch_operator.py for tasks to queue
[2024-02-16T09:28:35.457+0000] {logging_mixin.py:188} INFO - [2024-02-16T09:28:35.457+0000] {dagbag.py:538} INFO - Filling up the DagBag from /home/airflow/.local/lib/python3.8/site-packages/airflow/example_dags/example_branch_operator.py
[2024-02-16T09:28:35.471+0000] {processor.py:840} INFO - DAG(s) 'example_branch_operator' retrieved from /home/airflow/.local/lib/python3.8/site-packages/airflow/example_dags/example_branch_operator.py
[2024-02-16T09:28:35.497+0000] {logging_mixin.py:188} INFO - [2024-02-16T09:28:35.497+0000] {dag.py:3036} INFO - Sync 1 DAGs
[2024-02-16T09:28:35.515+0000] {logging_mixin.py:188} INFO - [2024-02-16T09:28:35.515+0000] {dag.py:3823} INFO - Setting next_dagrun for example_branch_operator to 2024-02-15 00:00:00+00:00, run_after=2024-02-16 00:00:00+00:00
[2024-02-16T09:28:35.533+0000] {processor.py:183} INFO - Processing /home/airflow/.local/lib/python3.8/site-packages/airflow/example_dags/example_branch_operator.py took 0.080 seconds
[2024-02-16T09:29:05.860+0000] {processor.py:161} INFO - Started process (PID=4515) to work on /home/airflow/.local/lib/python3.8/site-packages/airflow/example_dags/example_branch_operator.py
[2024-02-16T09:29:05.862+0000] {processor.py:830} INFO - Processing file /home/airflow/.local/lib/python3.8/site-packages/airflow/example_dags/example_branch_operator.py for tasks to queue
[2024-02-16T09:29:05.863+0000] {logging_mixin.py:188} INFO - [2024-02-16T09:29:05.862+0000] {dagbag.py:538} INFO - Filling up the DagBag from /home/airflow/.local/lib/python3.8/site-packages/airflow/example_dags/example_branch_operator.py
[2024-02-16T09:29:05.876+0000] {processor.py:840} INFO - DAG(s) 'example_branch_operator' retrieved from /home/airflow/.local/lib/python3.8/site-packages/airflow/example_dags/example_branch_operator.py
[2024-02-16T09:29:05.901+0000] {logging_mixin.py:188} INFO - [2024-02-16T09:29:05.900+0000] {dag.py:3036} INFO - Sync 1 DAGs
[2024-02-16T09:29:05.921+0000] {logging_mixin.py:188} INFO - [2024-02-16T09:29:05.921+0000] {dag.py:3823} INFO - Setting next_dagrun for example_branch_operator to 2024-02-15 00:00:00+00:00, run_after=2024-02-16 00:00:00+00:00
[2024-02-16T09:29:05.937+0000] {processor.py:183} INFO - Processing /home/airflow/.local/lib/python3.8/site-packages/airflow/example_dags/example_branch_operator.py took 0.080 seconds
[2024-02-16T09:29:36.527+0000] {processor.py:161} INFO - Started process (PID=4763) to work on /home/airflow/.local/lib/python3.8/site-packages/airflow/example_dags/example_branch_operator.py
[2024-02-16T09:29:36.529+0000] {processor.py:830} INFO - Processing file /home/airflow/.local/lib/python3.8/site-packages/airflow/example_dags/example_branch_operator.py for tasks to queue
[2024-02-16T09:29:36.530+0000] {logging_mixin.py:188} INFO - [2024-02-16T09:29:36.529+0000] {dagbag.py:538} INFO - Filling up the DagBag from /home/airflow/.local/lib/python3.8/site-packages/airflow/example_dags/example_branch_operator.py
[2024-02-16T09:29:36.544+0000] {processor.py:840} INFO - DAG(s) 'example_branch_operator' retrieved from /home/airflow/.local/lib/python3.8/site-packages/airflow/example_dags/example_branch_operator.py
[2024-02-16T09:29:36.570+0000] {logging_mixin.py:188} INFO - [2024-02-16T09:29:36.569+0000] {dag.py:3036} INFO - Sync 1 DAGs
[2024-02-16T09:29:36.593+0000] {logging_mixin.py:188} INFO - [2024-02-16T09:29:36.593+0000] {dag.py:3823} INFO - Setting next_dagrun for example_branch_operator to 2024-02-15 00:00:00+00:00, run_after=2024-02-16 00:00:00+00:00
[2024-02-16T09:29:36.614+0000] {processor.py:183} INFO - Processing /home/airflow/.local/lib/python3.8/site-packages/airflow/example_dags/example_branch_operator.py took 0.090 seconds
[2024-02-16T09:30:07.387+0000] {processor.py:161} INFO - Started process (PID=5035) to work on /home/airflow/.local/lib/python3.8/site-packages/airflow/example_dags/example_branch_operator.py
[2024-02-16T09:30:07.388+0000] {processor.py:830} INFO - Processing file /home/airflow/.local/lib/python3.8/site-packages/airflow/example_dags/example_branch_operator.py for tasks to queue
[2024-02-16T09:30:07.389+0000] {logging_mixin.py:188} INFO - [2024-02-16T09:30:07.389+0000] {dagbag.py:538} INFO - Filling up the DagBag from /home/airflow/.local/lib/python3.8/site-packages/airflow/example_dags/example_branch_operator.py
[2024-02-16T09:30:07.405+0000] {processor.py:840} INFO - DAG(s) 'example_branch_operator' retrieved from /home/airflow/.local/lib/python3.8/site-packages/airflow/example_dags/example_branch_operator.py
[2024-02-16T09:30:07.438+0000] {logging_mixin.py:188} INFO - [2024-02-16T09:30:07.437+0000] {dag.py:3036} INFO - Sync 1 DAGs
[2024-02-16T09:30:07.467+0000] {logging_mixin.py:188} INFO - [2024-02-16T09:30:07.466+0000] {dag.py:3823} INFO - Setting next_dagrun for example_branch_operator to 2024-02-15 00:00:00+00:00, run_after=2024-02-16 00:00:00+00:00
[2024-02-16T09:30:07.491+0000] {processor.py:183} INFO - Processing /home/airflow/.local/lib/python3.8/site-packages/airflow/example_dags/example_branch_operator.py took 0.108 seconds
[2024-02-16T09:30:37.600+0000] {processor.py:161} INFO - Started process (PID=5438) to work on /home/airflow/.local/lib/python3.8/site-packages/airflow/example_dags/example_branch_operator.py
[2024-02-16T09:30:37.601+0000] {processor.py:830} INFO - Processing file /home/airflow/.local/lib/python3.8/site-packages/airflow/example_dags/example_branch_operator.py for tasks to queue
[2024-02-16T09:30:37.602+0000] {logging_mixin.py:188} INFO - [2024-02-16T09:30:37.602+0000] {dagbag.py:538} INFO - Filling up the DagBag from /home/airflow/.local/lib/python3.8/site-packages/airflow/example_dags/example_branch_operator.py
[2024-02-16T09:30:37.615+0000] {processor.py:840} INFO - DAG(s) 'example_branch_operator' retrieved from /home/airflow/.local/lib/python3.8/site-packages/airflow/example_dags/example_branch_operator.py
[2024-02-16T09:30:37.640+0000] {logging_mixin.py:188} INFO - [2024-02-16T09:30:37.639+0000] {dag.py:3036} INFO - Sync 1 DAGs
[2024-02-16T09:30:37.658+0000] {logging_mixin.py:188} INFO - [2024-02-16T09:30:37.657+0000] {dag.py:3823} INFO - Setting next_dagrun for example_branch_operator to 2024-02-15 00:00:00+00:00, run_after=2024-02-16 00:00:00+00:00
[2024-02-16T09:30:37.677+0000] {processor.py:183} INFO - Processing /home/airflow/.local/lib/python3.8/site-packages/airflow/example_dags/example_branch_operator.py took 0.080 seconds
[2024-02-16T09:31:07.781+0000] {processor.py:161} INFO - Started process (PID=5679) to work on /home/airflow/.local/lib/python3.8/site-packages/airflow/example_dags/example_branch_operator.py
[2024-02-16T09:31:07.782+0000] {processor.py:830} INFO - Processing file /home/airflow/.local/lib/python3.8/site-packages/airflow/example_dags/example_branch_operator.py for tasks to queue
[2024-02-16T09:31:07.783+0000] {logging_mixin.py:188} INFO - [2024-02-16T09:31:07.782+0000] {dagbag.py:538} INFO - Filling up the DagBag from /home/airflow/.local/lib/python3.8/site-packages/airflow/example_dags/example_branch_operator.py
[2024-02-16T09:31:07.794+0000] {processor.py:840} INFO - DAG(s) 'example_branch_operator' retrieved from /home/airflow/.local/lib/python3.8/site-packages/airflow/example_dags/example_branch_operator.py
[2024-02-16T09:31:07.821+0000] {logging_mixin.py:188} INFO - [2024-02-16T09:31:07.821+0000] {dag.py:3036} INFO - Sync 1 DAGs
[2024-02-16T09:31:07.840+0000] {logging_mixin.py:188} INFO - [2024-02-16T09:31:07.840+0000] {dag.py:3823} INFO - Setting next_dagrun for example_branch_operator to 2024-02-15 00:00:00+00:00, run_after=2024-02-16 00:00:00+00:00
[2024-02-16T09:31:07.858+0000] {processor.py:183} INFO - Processing /home/airflow/.local/lib/python3.8/site-packages/airflow/example_dags/example_branch_operator.py took 0.080 seconds
[2024-02-16T09:31:38.158+0000] {processor.py:161} INFO - Started process (PID=5921) to work on /home/airflow/.local/lib/python3.8/site-packages/airflow/example_dags/example_branch_operator.py
[2024-02-16T09:31:38.159+0000] {processor.py:830} INFO - Processing file /home/airflow/.local/lib/python3.8/site-packages/airflow/example_dags/example_branch_operator.py for tasks to queue
[2024-02-16T09:31:38.159+0000] {logging_mixin.py:188} INFO - [2024-02-16T09:31:38.159+0000] {dagbag.py:538} INFO - Filling up the DagBag from /home/airflow/.local/lib/python3.8/site-packages/airflow/example_dags/example_branch_operator.py
[2024-02-16T09:31:38.172+0000] {processor.py:840} INFO - DAG(s) 'example_branch_operator' retrieved from /home/airflow/.local/lib/python3.8/site-packages/airflow/example_dags/example_branch_operator.py
[2024-02-16T09:31:38.199+0000] {logging_mixin.py:188} INFO - [2024-02-16T09:31:38.198+0000] {dag.py:3036} INFO - Sync 1 DAGs
[2024-02-16T09:31:38.218+0000] {logging_mixin.py:188} INFO - [2024-02-16T09:31:38.218+0000] {dag.py:3823} INFO - Setting next_dagrun for example_branch_operator to 2024-02-15 00:00:00+00:00, run_after=2024-02-16 00:00:00+00:00
[2024-02-16T09:31:38.238+0000] {processor.py:183} INFO - Processing /home/airflow/.local/lib/python3.8/site-packages/airflow/example_dags/example_branch_operator.py took 0.083 seconds
[2024-02-16T09:32:08.584+0000] {processor.py:161} INFO - Started process (PID=6169) to work on /home/airflow/.local/lib/python3.8/site-packages/airflow/example_dags/example_branch_operator.py
[2024-02-16T09:32:08.585+0000] {processor.py:830} INFO - Processing file /home/airflow/.local/lib/python3.8/site-packages/airflow/example_dags/example_branch_operator.py for tasks to queue
[2024-02-16T09:32:08.586+0000] {logging_mixin.py:188} INFO - [2024-02-16T09:32:08.586+0000] {dagbag.py:538} INFO - Filling up the DagBag from /home/airflow/.local/lib/python3.8/site-packages/airflow/example_dags/example_branch_operator.py
[2024-02-16T09:32:08.598+0000] {processor.py:840} INFO - DAG(s) 'example_branch_operator' retrieved from /home/airflow/.local/lib/python3.8/site-packages/airflow/example_dags/example_branch_operator.py
[2024-02-16T09:32:08.621+0000] {logging_mixin.py:188} INFO - [2024-02-16T09:32:08.621+0000] {dag.py:3036} INFO - Sync 1 DAGs
[2024-02-16T09:32:08.636+0000] {logging_mixin.py:188} INFO - [2024-02-16T09:32:08.636+0000] {dag.py:3823} INFO - Setting next_dagrun for example_branch_operator to 2024-02-15 00:00:00+00:00, run_after=2024-02-16 00:00:00+00:00
[2024-02-16T09:32:08.653+0000] {processor.py:183} INFO - Processing /home/airflow/.local/lib/python3.8/site-packages/airflow/example_dags/example_branch_operator.py took 0.071 seconds
[2024-02-16T09:32:39.170+0000] {processor.py:161} INFO - Started process (PID=6416) to work on /home/airflow/.local/lib/python3.8/site-packages/airflow/example_dags/example_branch_operator.py
[2024-02-16T09:32:39.172+0000] {processor.py:830} INFO - Processing file /home/airflow/.local/lib/python3.8/site-packages/airflow/example_dags/example_branch_operator.py for tasks to queue
[2024-02-16T09:32:39.172+0000] {logging_mixin.py:188} INFO - [2024-02-16T09:32:39.172+0000] {dagbag.py:538} INFO - Filling up the DagBag from /home/airflow/.local/lib/python3.8/site-packages/airflow/example_dags/example_branch_operator.py
[2024-02-16T09:32:39.189+0000] {processor.py:840} INFO - DAG(s) 'example_branch_operator' retrieved from /home/airflow/.local/lib/python3.8/site-packages/airflow/example_dags/example_branch_operator.py
[2024-02-16T09:32:39.216+0000] {logging_mixin.py:188} INFO - [2024-02-16T09:32:39.216+0000] {dag.py:3036} INFO - Sync 1 DAGs
[2024-02-16T09:32:39.237+0000] {logging_mixin.py:188} INFO - [2024-02-16T09:32:39.236+0000] {dag.py:3823} INFO - Setting next_dagrun for example_branch_operator to 2024-02-15 00:00:00+00:00, run_after=2024-02-16 00:00:00+00:00
[2024-02-16T09:32:39.255+0000] {processor.py:183} INFO - Processing /home/airflow/.local/lib/python3.8/site-packages/airflow/example_dags/example_branch_operator.py took 0.088 seconds
[2024-02-16T09:33:09.914+0000] {processor.py:161} INFO - Started process (PID=6666) to work on /home/airflow/.local/lib/python3.8/site-packages/airflow/example_dags/example_branch_operator.py
[2024-02-16T09:33:09.915+0000] {processor.py:830} INFO - Processing file /home/airflow/.local/lib/python3.8/site-packages/airflow/example_dags/example_branch_operator.py for tasks to queue
[2024-02-16T09:33:09.916+0000] {logging_mixin.py:188} INFO - [2024-02-16T09:33:09.916+0000] {dagbag.py:538} INFO - Filling up the DagBag from /home/airflow/.local/lib/python3.8/site-packages/airflow/example_dags/example_branch_operator.py
[2024-02-16T09:33:09.934+0000] {processor.py:840} INFO - DAG(s) 'example_branch_operator' retrieved from /home/airflow/.local/lib/python3.8/site-packages/airflow/example_dags/example_branch_operator.py
[2024-02-16T09:33:09.959+0000] {logging_mixin.py:188} INFO - [2024-02-16T09:33:09.958+0000] {dag.py:3036} INFO - Sync 1 DAGs
[2024-02-16T09:33:09.977+0000] {logging_mixin.py:188} INFO - [2024-02-16T09:33:09.977+0000] {dag.py:3823} INFO - Setting next_dagrun for example_branch_operator to 2024-02-15 00:00:00+00:00, run_after=2024-02-16 00:00:00+00:00
[2024-02-16T09:33:09.996+0000] {processor.py:183} INFO - Processing /home/airflow/.local/lib/python3.8/site-packages/airflow/example_dags/example_branch_operator.py took 0.084 seconds
[2024-02-16T09:33:40.306+0000] {processor.py:161} INFO - Started process (PID=6910) to work on /home/airflow/.local/lib/python3.8/site-packages/airflow/example_dags/example_branch_operator.py
[2024-02-16T09:33:40.308+0000] {processor.py:830} INFO - Processing file /home/airflow/.local/lib/python3.8/site-packages/airflow/example_dags/example_branch_operator.py for tasks to queue
[2024-02-16T09:33:40.308+0000] {logging_mixin.py:188} INFO - [2024-02-16T09:33:40.308+0000] {dagbag.py:538} INFO - Filling up the DagBag from /home/airflow/.local/lib/python3.8/site-packages/airflow/example_dags/example_branch_operator.py
[2024-02-16T09:33:40.321+0000] {processor.py:840} INFO - DAG(s) 'example_branch_operator' retrieved from /home/airflow/.local/lib/python3.8/site-packages/airflow/example_dags/example_branch_operator.py
[2024-02-16T09:33:40.346+0000] {logging_mixin.py:188} INFO - [2024-02-16T09:33:40.346+0000] {dag.py:3036} INFO - Sync 1 DAGs
[2024-02-16T09:33:40.366+0000] {logging_mixin.py:188} INFO - [2024-02-16T09:33:40.366+0000] {dag.py:3823} INFO - Setting next_dagrun for example_branch_operator to 2024-02-15 00:00:00+00:00, run_after=2024-02-16 00:00:00+00:00
[2024-02-16T09:33:40.384+0000] {processor.py:183} INFO - Processing /home/airflow/.local/lib/python3.8/site-packages/airflow/example_dags/example_branch_operator.py took 0.081 seconds
[2024-02-16T09:34:10.675+0000] {processor.py:161} INFO - Started process (PID=7155) to work on /home/airflow/.local/lib/python3.8/site-packages/airflow/example_dags/example_branch_operator.py
[2024-02-16T09:34:10.676+0000] {processor.py:830} INFO - Processing file /home/airflow/.local/lib/python3.8/site-packages/airflow/example_dags/example_branch_operator.py for tasks to queue
[2024-02-16T09:34:10.677+0000] {logging_mixin.py:188} INFO - [2024-02-16T09:34:10.676+0000] {dagbag.py:538} INFO - Filling up the DagBag from /home/airflow/.local/lib/python3.8/site-packages/airflow/example_dags/example_branch_operator.py
[2024-02-16T09:34:10.689+0000] {processor.py:840} INFO - DAG(s) 'example_branch_operator' retrieved from /home/airflow/.local/lib/python3.8/site-packages/airflow/example_dags/example_branch_operator.py
[2024-02-16T09:34:10.715+0000] {logging_mixin.py:188} INFO - [2024-02-16T09:34:10.715+0000] {dag.py:3036} INFO - Sync 1 DAGs
[2024-02-16T09:34:10.733+0000] {logging_mixin.py:188} INFO - [2024-02-16T09:34:10.733+0000] {dag.py:3823} INFO - Setting next_dagrun for example_branch_operator to 2024-02-15 00:00:00+00:00, run_after=2024-02-16 00:00:00+00:00
[2024-02-16T09:34:10.752+0000] {processor.py:183} INFO - Processing /home/airflow/.local/lib/python3.8/site-packages/airflow/example_dags/example_branch_operator.py took 0.080 seconds
[2024-02-16T09:38:04.316+0000] {processor.py:161} INFO - Started process (PID=315) to work on /home/airflow/.local/lib/python3.8/site-packages/airflow/example_dags/example_branch_operator.py
[2024-02-16T09:38:04.317+0000] {processor.py:830} INFO - Processing file /home/airflow/.local/lib/python3.8/site-packages/airflow/example_dags/example_branch_operator.py for tasks to queue
[2024-02-16T09:38:04.318+0000] {logging_mixin.py:188} INFO - [2024-02-16T09:38:04.318+0000] {dagbag.py:538} INFO - Filling up the DagBag from /home/airflow/.local/lib/python3.8/site-packages/airflow/example_dags/example_branch_operator.py
[2024-02-16T09:38:04.333+0000] {processor.py:840} INFO - DAG(s) 'example_branch_operator' retrieved from /home/airflow/.local/lib/python3.8/site-packages/airflow/example_dags/example_branch_operator.py
[2024-02-16T09:38:04.346+0000] {logging_mixin.py:188} INFO - [2024-02-16T09:38:04.346+0000] {dag.py:3036} INFO - Sync 1 DAGs
[2024-02-16T09:38:04.373+0000] {logging_mixin.py:188} INFO - [2024-02-16T09:38:04.372+0000] {dag.py:3823} INFO - Setting next_dagrun for example_branch_operator to 2024-02-15 00:00:00+00:00, run_after=2024-02-16 00:00:00+00:00
[2024-02-16T09:38:04.394+0000] {processor.py:183} INFO - Processing /home/airflow/.local/lib/python3.8/site-packages/airflow/example_dags/example_branch_operator.py took 0.081 seconds
[2024-02-16T09:38:35.740+0000] {processor.py:161} INFO - Started process (PID=562) to work on /home/airflow/.local/lib/python3.8/site-packages/airflow/example_dags/example_branch_operator.py
[2024-02-16T09:38:35.742+0000] {processor.py:830} INFO - Processing file /home/airflow/.local/lib/python3.8/site-packages/airflow/example_dags/example_branch_operator.py for tasks to queue
[2024-02-16T09:38:35.742+0000] {logging_mixin.py:188} INFO - [2024-02-16T09:38:35.742+0000] {dagbag.py:538} INFO - Filling up the DagBag from /home/airflow/.local/lib/python3.8/site-packages/airflow/example_dags/example_branch_operator.py
[2024-02-16T09:38:35.755+0000] {processor.py:840} INFO - DAG(s) 'example_branch_operator' retrieved from /home/airflow/.local/lib/python3.8/site-packages/airflow/example_dags/example_branch_operator.py
[2024-02-16T09:38:35.846+0000] {logging_mixin.py:188} INFO - [2024-02-16T09:38:35.846+0000] {dag.py:3036} INFO - Sync 1 DAGs
[2024-02-16T09:38:35.862+0000] {logging_mixin.py:188} INFO - [2024-02-16T09:38:35.861+0000] {dag.py:3823} INFO - Setting next_dagrun for example_branch_operator to 2024-02-15 00:00:00+00:00, run_after=2024-02-16 00:00:00+00:00
[2024-02-16T09:38:35.885+0000] {processor.py:183} INFO - Processing /home/airflow/.local/lib/python3.8/site-packages/airflow/example_dags/example_branch_operator.py took 0.147 seconds
