[2024-02-16T09:20:24.072+0000] {processor.py:161} INFO - Started process (PID=201) to work on /home/airflow/.local/lib/python3.8/site-packages/airflow/example_dags/example_datasets.py
[2024-02-16T09:20:24.073+0000] {processor.py:830} INFO - Processing file /home/airflow/.local/lib/python3.8/site-packages/airflow/example_dags/example_datasets.py for tasks to queue
[2024-02-16T09:20:24.073+0000] {logging_mixin.py:188} INFO - [2024-02-16T09:20:24.073+0000] {dagbag.py:538} INFO - Filling up the DagBag from /home/airflow/.local/lib/python3.8/site-packages/airflow/example_dags/example_datasets.py
[2024-02-16T09:20:24.087+0000] {processor.py:840} INFO - DAG(s) 'dataset_produces_2', 'dataset_consumes_1_and_2', 'dataset_consumes_1', 'dataset_produces_1', 'dataset_consumes_1_never_scheduled', 'dataset_consumes_unknown_never_scheduled' retrieved from /home/airflow/.local/lib/python3.8/site-packages/airflow/example_dags/example_datasets.py
[2024-02-16T09:20:24.225+0000] {logging_mixin.py:188} INFO - [2024-02-16T09:20:24.225+0000] {override.py:1769} INFO - Created Permission View: can delete on DAG:dataset_produces_2
[2024-02-16T09:20:24.239+0000] {logging_mixin.py:188} INFO - [2024-02-16T09:20:24.239+0000] {override.py:1769} INFO - Created Permission View: can edit on DAG:dataset_produces_2
[2024-02-16T09:20:24.249+0000] {logging_mixin.py:188} INFO - [2024-02-16T09:20:24.248+0000] {override.py:1769} INFO - Created Permission View: can read on DAG:dataset_produces_2
[2024-02-16T09:20:24.265+0000] {logging_mixin.py:188} INFO - [2024-02-16T09:20:24.265+0000] {override.py:1769} INFO - Created Permission View: can delete on DAG:dataset_consumes_1_and_2
[2024-02-16T09:20:24.273+0000] {logging_mixin.py:188} INFO - [2024-02-16T09:20:24.273+0000] {override.py:1769} INFO - Created Permission View: can edit on DAG:dataset_consumes_1_and_2
[2024-02-16T09:20:24.285+0000] {logging_mixin.py:188} INFO - [2024-02-16T09:20:24.284+0000] {override.py:1769} INFO - Created Permission View: can read on DAG:dataset_consumes_1_and_2
[2024-02-16T09:20:24.302+0000] {logging_mixin.py:188} INFO - [2024-02-16T09:20:24.301+0000] {override.py:1769} INFO - Created Permission View: can delete on DAG:dataset_consumes_1
[2024-02-16T09:20:24.310+0000] {logging_mixin.py:188} INFO - [2024-02-16T09:20:24.310+0000] {override.py:1769} INFO - Created Permission View: can edit on DAG:dataset_consumes_1
[2024-02-16T09:20:24.323+0000] {logging_mixin.py:188} INFO - [2024-02-16T09:20:24.323+0000] {override.py:1769} INFO - Created Permission View: can read on DAG:dataset_consumes_1
[2024-02-16T09:20:24.341+0000] {logging_mixin.py:188} INFO - [2024-02-16T09:20:24.341+0000] {override.py:1769} INFO - Created Permission View: can delete on DAG:dataset_produces_1
[2024-02-16T09:20:24.353+0000] {logging_mixin.py:188} INFO - [2024-02-16T09:20:24.353+0000] {override.py:1769} INFO - Created Permission View: can edit on DAG:dataset_produces_1
[2024-02-16T09:20:24.363+0000] {logging_mixin.py:188} INFO - [2024-02-16T09:20:24.362+0000] {override.py:1769} INFO - Created Permission View: can read on DAG:dataset_produces_1
[2024-02-16T09:20:24.376+0000] {logging_mixin.py:188} INFO - [2024-02-16T09:20:24.376+0000] {override.py:1769} INFO - Created Permission View: can delete on DAG:dataset_consumes_1_never_scheduled
[2024-02-16T09:20:24.387+0000] {logging_mixin.py:188} INFO - [2024-02-16T09:20:24.386+0000] {override.py:1769} INFO - Created Permission View: can edit on DAG:dataset_consumes_1_never_scheduled
[2024-02-16T09:20:24.396+0000] {logging_mixin.py:188} INFO - [2024-02-16T09:20:24.395+0000] {override.py:1769} INFO - Created Permission View: can read on DAG:dataset_consumes_1_never_scheduled
[2024-02-16T09:20:24.415+0000] {logging_mixin.py:188} INFO - [2024-02-16T09:20:24.415+0000] {override.py:1769} INFO - Created Permission View: can delete on DAG:dataset_consumes_unknown_never_scheduled
[2024-02-16T09:20:24.422+0000] {logging_mixin.py:188} INFO - [2024-02-16T09:20:24.422+0000] {override.py:1769} INFO - Created Permission View: can edit on DAG:dataset_consumes_unknown_never_scheduled
[2024-02-16T09:20:24.431+0000] {logging_mixin.py:188} INFO - [2024-02-16T09:20:24.430+0000] {override.py:1769} INFO - Created Permission View: can read on DAG:dataset_consumes_unknown_never_scheduled
[2024-02-16T09:20:24.431+0000] {logging_mixin.py:188} INFO - [2024-02-16T09:20:24.431+0000] {dag.py:3036} INFO - Sync 6 DAGs
[2024-02-16T09:20:24.445+0000] {logging_mixin.py:188} INFO - [2024-02-16T09:20:24.444+0000] {dag.py:3058} INFO - Creating ORM DAG for dataset_consumes_1_never_scheduled
[2024-02-16T09:20:24.446+0000] {logging_mixin.py:188} INFO - [2024-02-16T09:20:24.446+0000] {dag.py:3058} INFO - Creating ORM DAG for dataset_produces_2
[2024-02-16T09:20:24.448+0000] {logging_mixin.py:188} INFO - [2024-02-16T09:20:24.447+0000] {dag.py:3058} INFO - Creating ORM DAG for dataset_consumes_1
[2024-02-16T09:20:24.448+0000] {logging_mixin.py:188} INFO - [2024-02-16T09:20:24.448+0000] {dag.py:3058} INFO - Creating ORM DAG for dataset_produces_1
[2024-02-16T09:20:24.449+0000] {logging_mixin.py:188} INFO - [2024-02-16T09:20:24.448+0000] {dag.py:3058} INFO - Creating ORM DAG for dataset_consumes_unknown_never_scheduled
[2024-02-16T09:20:24.449+0000] {logging_mixin.py:188} INFO - [2024-02-16T09:20:24.449+0000] {dag.py:3058} INFO - Creating ORM DAG for dataset_consumes_1_and_2
[2024-02-16T09:20:24.458+0000] {logging_mixin.py:188} INFO - [2024-02-16T09:20:24.458+0000] {dag.py:3823} INFO - Setting next_dagrun for dataset_consumes_1 to None, run_after=None
[2024-02-16T09:20:24.459+0000] {logging_mixin.py:188} INFO - [2024-02-16T09:20:24.459+0000] {dag.py:3823} INFO - Setting next_dagrun for dataset_consumes_1_and_2 to None, run_after=None
[2024-02-16T09:20:24.459+0000] {logging_mixin.py:188} INFO - [2024-02-16T09:20:24.459+0000] {dag.py:3823} INFO - Setting next_dagrun for dataset_consumes_1_never_scheduled to None, run_after=None
[2024-02-16T09:20:24.460+0000] {logging_mixin.py:188} INFO - [2024-02-16T09:20:24.460+0000] {dag.py:3823} INFO - Setting next_dagrun for dataset_consumes_unknown_never_scheduled to None, run_after=None
[2024-02-16T09:20:24.463+0000] {logging_mixin.py:188} INFO - [2024-02-16T09:20:24.462+0000] {dag.py:3823} INFO - Setting next_dagrun for dataset_produces_1 to 2024-02-15 00:00:00+00:00, run_after=2024-02-16 00:00:00+00:00
[2024-02-16T09:20:24.464+0000] {logging_mixin.py:188} INFO - [2024-02-16T09:20:24.464+0000] {dag.py:3823} INFO - Setting next_dagrun for dataset_produces_2 to None, run_after=None
[2024-02-16T09:20:24.512+0000] {processor.py:183} INFO - Processing /home/airflow/.local/lib/python3.8/site-packages/airflow/example_dags/example_datasets.py took 0.442 seconds
[2024-02-16T09:20:55.382+0000] {processor.py:161} INFO - Started process (PID=455) to work on /home/airflow/.local/lib/python3.8/site-packages/airflow/example_dags/example_datasets.py
[2024-02-16T09:20:55.384+0000] {processor.py:830} INFO - Processing file /home/airflow/.local/lib/python3.8/site-packages/airflow/example_dags/example_datasets.py for tasks to queue
[2024-02-16T09:20:55.385+0000] {logging_mixin.py:188} INFO - [2024-02-16T09:20:55.385+0000] {dagbag.py:538} INFO - Filling up the DagBag from /home/airflow/.local/lib/python3.8/site-packages/airflow/example_dags/example_datasets.py
[2024-02-16T09:20:55.392+0000] {processor.py:840} INFO - DAG(s) 'dataset_consumes_1', 'dataset_produces_1', 'dataset_produces_2', 'dataset_consumes_unknown_never_scheduled', 'dataset_consumes_1_and_2', 'dataset_consumes_1_never_scheduled' retrieved from /home/airflow/.local/lib/python3.8/site-packages/airflow/example_dags/example_datasets.py
[2024-02-16T09:20:55.428+0000] {logging_mixin.py:188} INFO - [2024-02-16T09:20:55.428+0000] {dag.py:3036} INFO - Sync 6 DAGs
[2024-02-16T09:20:55.447+0000] {logging_mixin.py:188} INFO - [2024-02-16T09:20:55.447+0000] {dag.py:3823} INFO - Setting next_dagrun for dataset_consumes_1 to None, run_after=None
[2024-02-16T09:20:55.451+0000] {logging_mixin.py:188} INFO - [2024-02-16T09:20:55.450+0000] {dag.py:3823} INFO - Setting next_dagrun for dataset_consumes_1_and_2 to None, run_after=None
[2024-02-16T09:20:55.452+0000] {logging_mixin.py:188} INFO - [2024-02-16T09:20:55.452+0000] {dag.py:3823} INFO - Setting next_dagrun for dataset_consumes_1_never_scheduled to None, run_after=None
[2024-02-16T09:20:55.453+0000] {logging_mixin.py:188} INFO - [2024-02-16T09:20:55.453+0000] {dag.py:3823} INFO - Setting next_dagrun for dataset_consumes_unknown_never_scheduled to None, run_after=None
[2024-02-16T09:20:55.456+0000] {logging_mixin.py:188} INFO - [2024-02-16T09:20:55.456+0000] {dag.py:3823} INFO - Setting next_dagrun for dataset_produces_1 to 2024-02-15 00:00:00+00:00, run_after=2024-02-16 00:00:00+00:00
[2024-02-16T09:20:55.458+0000] {logging_mixin.py:188} INFO - [2024-02-16T09:20:55.457+0000] {dag.py:3823} INFO - Setting next_dagrun for dataset_produces_2 to None, run_after=None
[2024-02-16T09:20:55.493+0000] {processor.py:183} INFO - Processing /home/airflow/.local/lib/python3.8/site-packages/airflow/example_dags/example_datasets.py took 0.114 seconds
[2024-02-16T09:21:25.814+0000] {processor.py:161} INFO - Started process (PID=702) to work on /home/airflow/.local/lib/python3.8/site-packages/airflow/example_dags/example_datasets.py
[2024-02-16T09:21:25.815+0000] {processor.py:830} INFO - Processing file /home/airflow/.local/lib/python3.8/site-packages/airflow/example_dags/example_datasets.py for tasks to queue
[2024-02-16T09:21:25.816+0000] {logging_mixin.py:188} INFO - [2024-02-16T09:21:25.815+0000] {dagbag.py:538} INFO - Filling up the DagBag from /home/airflow/.local/lib/python3.8/site-packages/airflow/example_dags/example_datasets.py
[2024-02-16T09:21:25.828+0000] {processor.py:840} INFO - DAG(s) 'dataset_produces_2', 'dataset_consumes_1_and_2', 'dataset_consumes_1_never_scheduled', 'dataset_produces_1', 'dataset_consumes_1', 'dataset_consumes_unknown_never_scheduled' retrieved from /home/airflow/.local/lib/python3.8/site-packages/airflow/example_dags/example_datasets.py
[2024-02-16T09:21:25.874+0000] {logging_mixin.py:188} INFO - [2024-02-16T09:21:25.874+0000] {dag.py:3036} INFO - Sync 6 DAGs
[2024-02-16T09:21:25.896+0000] {logging_mixin.py:188} INFO - [2024-02-16T09:21:25.895+0000] {dag.py:3823} INFO - Setting next_dagrun for dataset_consumes_1 to None, run_after=None
[2024-02-16T09:21:25.899+0000] {logging_mixin.py:188} INFO - [2024-02-16T09:21:25.899+0000] {dag.py:3823} INFO - Setting next_dagrun for dataset_consumes_1_and_2 to None, run_after=None
[2024-02-16T09:21:25.900+0000] {logging_mixin.py:188} INFO - [2024-02-16T09:21:25.900+0000] {dag.py:3823} INFO - Setting next_dagrun for dataset_consumes_1_never_scheduled to None, run_after=None
[2024-02-16T09:21:25.902+0000] {logging_mixin.py:188} INFO - [2024-02-16T09:21:25.901+0000] {dag.py:3823} INFO - Setting next_dagrun for dataset_consumes_unknown_never_scheduled to None, run_after=None
[2024-02-16T09:21:25.904+0000] {logging_mixin.py:188} INFO - [2024-02-16T09:21:25.904+0000] {dag.py:3823} INFO - Setting next_dagrun for dataset_produces_1 to 2024-02-15 00:00:00+00:00, run_after=2024-02-16 00:00:00+00:00
[2024-02-16T09:21:25.905+0000] {logging_mixin.py:188} INFO - [2024-02-16T09:21:25.905+0000] {dag.py:3823} INFO - Setting next_dagrun for dataset_produces_2 to None, run_after=None
[2024-02-16T09:21:25.941+0000] {processor.py:183} INFO - Processing /home/airflow/.local/lib/python3.8/site-packages/airflow/example_dags/example_datasets.py took 0.131 seconds
[2024-02-16T09:21:56.392+0000] {processor.py:161} INFO - Started process (PID=948) to work on /home/airflow/.local/lib/python3.8/site-packages/airflow/example_dags/example_datasets.py
[2024-02-16T09:21:56.395+0000] {processor.py:830} INFO - Processing file /home/airflow/.local/lib/python3.8/site-packages/airflow/example_dags/example_datasets.py for tasks to queue
[2024-02-16T09:21:56.396+0000] {logging_mixin.py:188} INFO - [2024-02-16T09:21:56.396+0000] {dagbag.py:538} INFO - Filling up the DagBag from /home/airflow/.local/lib/python3.8/site-packages/airflow/example_dags/example_datasets.py
[2024-02-16T09:21:56.405+0000] {processor.py:840} INFO - DAG(s) 'dataset_produces_2', 'dataset_consumes_1_and_2', 'dataset_consumes_1', 'dataset_consumes_1_never_scheduled', 'dataset_consumes_unknown_never_scheduled', 'dataset_produces_1' retrieved from /home/airflow/.local/lib/python3.8/site-packages/airflow/example_dags/example_datasets.py
[2024-02-16T09:21:56.444+0000] {logging_mixin.py:188} INFO - [2024-02-16T09:21:56.444+0000] {dag.py:3036} INFO - Sync 6 DAGs
[2024-02-16T09:21:56.468+0000] {logging_mixin.py:188} INFO - [2024-02-16T09:21:56.468+0000] {dag.py:3823} INFO - Setting next_dagrun for dataset_consumes_1 to None, run_after=None
[2024-02-16T09:21:56.471+0000] {logging_mixin.py:188} INFO - [2024-02-16T09:21:56.471+0000] {dag.py:3823} INFO - Setting next_dagrun for dataset_consumes_1_and_2 to None, run_after=None
[2024-02-16T09:21:56.472+0000] {logging_mixin.py:188} INFO - [2024-02-16T09:21:56.472+0000] {dag.py:3823} INFO - Setting next_dagrun for dataset_consumes_1_never_scheduled to None, run_after=None
[2024-02-16T09:21:56.474+0000] {logging_mixin.py:188} INFO - [2024-02-16T09:21:56.474+0000] {dag.py:3823} INFO - Setting next_dagrun for dataset_consumes_unknown_never_scheduled to None, run_after=None
[2024-02-16T09:21:56.476+0000] {logging_mixin.py:188} INFO - [2024-02-16T09:21:56.476+0000] {dag.py:3823} INFO - Setting next_dagrun for dataset_produces_1 to 2024-02-15 00:00:00+00:00, run_after=2024-02-16 00:00:00+00:00
[2024-02-16T09:21:56.478+0000] {logging_mixin.py:188} INFO - [2024-02-16T09:21:56.478+0000] {dag.py:3823} INFO - Setting next_dagrun for dataset_produces_2 to None, run_after=None
[2024-02-16T09:21:56.520+0000] {processor.py:183} INFO - Processing /home/airflow/.local/lib/python3.8/site-packages/airflow/example_dags/example_datasets.py took 0.130 seconds
[2024-02-16T09:22:27.138+0000] {processor.py:161} INFO - Started process (PID=1195) to work on /home/airflow/.local/lib/python3.8/site-packages/airflow/example_dags/example_datasets.py
[2024-02-16T09:22:27.140+0000] {processor.py:830} INFO - Processing file /home/airflow/.local/lib/python3.8/site-packages/airflow/example_dags/example_datasets.py for tasks to queue
[2024-02-16T09:22:27.141+0000] {logging_mixin.py:188} INFO - [2024-02-16T09:22:27.140+0000] {dagbag.py:538} INFO - Filling up the DagBag from /home/airflow/.local/lib/python3.8/site-packages/airflow/example_dags/example_datasets.py
[2024-02-16T09:22:27.148+0000] {processor.py:840} INFO - DAG(s) 'dataset_produces_2', 'dataset_consumes_1_never_scheduled', 'dataset_consumes_unknown_never_scheduled', 'dataset_produces_1', 'dataset_consumes_1_and_2', 'dataset_consumes_1' retrieved from /home/airflow/.local/lib/python3.8/site-packages/airflow/example_dags/example_datasets.py
[2024-02-16T09:22:27.191+0000] {logging_mixin.py:188} INFO - [2024-02-16T09:22:27.190+0000] {dag.py:3036} INFO - Sync 6 DAGs
[2024-02-16T09:22:27.215+0000] {logging_mixin.py:188} INFO - [2024-02-16T09:22:27.215+0000] {dag.py:3823} INFO - Setting next_dagrun for dataset_consumes_1 to None, run_after=None
[2024-02-16T09:22:27.219+0000] {logging_mixin.py:188} INFO - [2024-02-16T09:22:27.219+0000] {dag.py:3823} INFO - Setting next_dagrun for dataset_consumes_1_and_2 to None, run_after=None
[2024-02-16T09:22:27.221+0000] {logging_mixin.py:188} INFO - [2024-02-16T09:22:27.221+0000] {dag.py:3823} INFO - Setting next_dagrun for dataset_consumes_1_never_scheduled to None, run_after=None
[2024-02-16T09:22:27.224+0000] {logging_mixin.py:188} INFO - [2024-02-16T09:22:27.223+0000] {dag.py:3823} INFO - Setting next_dagrun for dataset_consumes_unknown_never_scheduled to None, run_after=None
[2024-02-16T09:22:27.227+0000] {logging_mixin.py:188} INFO - [2024-02-16T09:22:27.227+0000] {dag.py:3823} INFO - Setting next_dagrun for dataset_produces_1 to 2024-02-15 00:00:00+00:00, run_after=2024-02-16 00:00:00+00:00
[2024-02-16T09:22:27.229+0000] {logging_mixin.py:188} INFO - [2024-02-16T09:22:27.229+0000] {dag.py:3823} INFO - Setting next_dagrun for dataset_produces_2 to None, run_after=None
[2024-02-16T09:22:27.277+0000] {processor.py:183} INFO - Processing /home/airflow/.local/lib/python3.8/site-packages/airflow/example_dags/example_datasets.py took 0.144 seconds
[2024-02-16T09:22:57.824+0000] {processor.py:161} INFO - Started process (PID=1442) to work on /home/airflow/.local/lib/python3.8/site-packages/airflow/example_dags/example_datasets.py
[2024-02-16T09:22:57.825+0000] {processor.py:830} INFO - Processing file /home/airflow/.local/lib/python3.8/site-packages/airflow/example_dags/example_datasets.py for tasks to queue
[2024-02-16T09:22:57.826+0000] {logging_mixin.py:188} INFO - [2024-02-16T09:22:57.826+0000] {dagbag.py:538} INFO - Filling up the DagBag from /home/airflow/.local/lib/python3.8/site-packages/airflow/example_dags/example_datasets.py
[2024-02-16T09:22:57.833+0000] {processor.py:840} INFO - DAG(s) 'dataset_produces_1', 'dataset_consumes_1_and_2', 'dataset_produces_2', 'dataset_consumes_unknown_never_scheduled', 'dataset_consumes_1_never_scheduled', 'dataset_consumes_1' retrieved from /home/airflow/.local/lib/python3.8/site-packages/airflow/example_dags/example_datasets.py
[2024-02-16T09:22:57.867+0000] {logging_mixin.py:188} INFO - [2024-02-16T09:22:57.867+0000] {dag.py:3036} INFO - Sync 6 DAGs
[2024-02-16T09:22:57.885+0000] {logging_mixin.py:188} INFO - [2024-02-16T09:22:57.885+0000] {dag.py:3823} INFO - Setting next_dagrun for dataset_consumes_1 to None, run_after=None
[2024-02-16T09:22:57.889+0000] {logging_mixin.py:188} INFO - [2024-02-16T09:22:57.889+0000] {dag.py:3823} INFO - Setting next_dagrun for dataset_consumes_1_and_2 to None, run_after=None
[2024-02-16T09:22:57.891+0000] {logging_mixin.py:188} INFO - [2024-02-16T09:22:57.890+0000] {dag.py:3823} INFO - Setting next_dagrun for dataset_consumes_1_never_scheduled to None, run_after=None
[2024-02-16T09:22:57.892+0000] {logging_mixin.py:188} INFO - [2024-02-16T09:22:57.892+0000] {dag.py:3823} INFO - Setting next_dagrun for dataset_consumes_unknown_never_scheduled to None, run_after=None
[2024-02-16T09:22:57.894+0000] {logging_mixin.py:188} INFO - [2024-02-16T09:22:57.894+0000] {dag.py:3823} INFO - Setting next_dagrun for dataset_produces_1 to 2024-02-15 00:00:00+00:00, run_after=2024-02-16 00:00:00+00:00
[2024-02-16T09:22:57.895+0000] {logging_mixin.py:188} INFO - [2024-02-16T09:22:57.895+0000] {dag.py:3823} INFO - Setting next_dagrun for dataset_produces_2 to None, run_after=None
[2024-02-16T09:22:57.929+0000] {processor.py:183} INFO - Processing /home/airflow/.local/lib/python3.8/site-packages/airflow/example_dags/example_datasets.py took 0.109 seconds
[2024-02-16T09:23:28.261+0000] {processor.py:161} INFO - Started process (PID=1688) to work on /home/airflow/.local/lib/python3.8/site-packages/airflow/example_dags/example_datasets.py
[2024-02-16T09:23:28.264+0000] {processor.py:830} INFO - Processing file /home/airflow/.local/lib/python3.8/site-packages/airflow/example_dags/example_datasets.py for tasks to queue
[2024-02-16T09:23:28.265+0000] {logging_mixin.py:188} INFO - [2024-02-16T09:23:28.265+0000] {dagbag.py:538} INFO - Filling up the DagBag from /home/airflow/.local/lib/python3.8/site-packages/airflow/example_dags/example_datasets.py
[2024-02-16T09:23:28.272+0000] {processor.py:840} INFO - DAG(s) 'dataset_produces_2', 'dataset_consumes_1_and_2', 'dataset_consumes_unknown_never_scheduled', 'dataset_consumes_1_never_scheduled', 'dataset_consumes_1', 'dataset_produces_1' retrieved from /home/airflow/.local/lib/python3.8/site-packages/airflow/example_dags/example_datasets.py
[2024-02-16T09:23:28.310+0000] {logging_mixin.py:188} INFO - [2024-02-16T09:23:28.310+0000] {dag.py:3036} INFO - Sync 6 DAGs
[2024-02-16T09:23:28.330+0000] {logging_mixin.py:188} INFO - [2024-02-16T09:23:28.330+0000] {dag.py:3823} INFO - Setting next_dagrun for dataset_consumes_1 to None, run_after=None
[2024-02-16T09:23:28.333+0000] {logging_mixin.py:188} INFO - [2024-02-16T09:23:28.333+0000] {dag.py:3823} INFO - Setting next_dagrun for dataset_consumes_1_and_2 to None, run_after=None
[2024-02-16T09:23:28.334+0000] {logging_mixin.py:188} INFO - [2024-02-16T09:23:28.334+0000] {dag.py:3823} INFO - Setting next_dagrun for dataset_consumes_1_never_scheduled to None, run_after=None
[2024-02-16T09:23:28.335+0000] {logging_mixin.py:188} INFO - [2024-02-16T09:23:28.335+0000] {dag.py:3823} INFO - Setting next_dagrun for dataset_consumes_unknown_never_scheduled to None, run_after=None
[2024-02-16T09:23:28.338+0000] {logging_mixin.py:188} INFO - [2024-02-16T09:23:28.338+0000] {dag.py:3823} INFO - Setting next_dagrun for dataset_produces_1 to 2024-02-15 00:00:00+00:00, run_after=2024-02-16 00:00:00+00:00
[2024-02-16T09:23:28.340+0000] {logging_mixin.py:188} INFO - [2024-02-16T09:23:28.340+0000] {dag.py:3823} INFO - Setting next_dagrun for dataset_produces_2 to None, run_after=None
[2024-02-16T09:23:28.374+0000] {processor.py:183} INFO - Processing /home/airflow/.local/lib/python3.8/site-packages/airflow/example_dags/example_datasets.py took 0.115 seconds
[2024-02-16T09:23:58.626+0000] {processor.py:161} INFO - Started process (PID=1935) to work on /home/airflow/.local/lib/python3.8/site-packages/airflow/example_dags/example_datasets.py
[2024-02-16T09:23:58.629+0000] {processor.py:830} INFO - Processing file /home/airflow/.local/lib/python3.8/site-packages/airflow/example_dags/example_datasets.py for tasks to queue
[2024-02-16T09:23:58.630+0000] {logging_mixin.py:188} INFO - [2024-02-16T09:23:58.630+0000] {dagbag.py:538} INFO - Filling up the DagBag from /home/airflow/.local/lib/python3.8/site-packages/airflow/example_dags/example_datasets.py
[2024-02-16T09:23:58.636+0000] {processor.py:840} INFO - DAG(s) 'dataset_produces_2', 'dataset_produces_1', 'dataset_consumes_1_never_scheduled', 'dataset_consumes_unknown_never_scheduled', 'dataset_consumes_1', 'dataset_consumes_1_and_2' retrieved from /home/airflow/.local/lib/python3.8/site-packages/airflow/example_dags/example_datasets.py
[2024-02-16T09:23:58.674+0000] {logging_mixin.py:188} INFO - [2024-02-16T09:23:58.673+0000] {dag.py:3036} INFO - Sync 6 DAGs
[2024-02-16T09:23:58.692+0000] {logging_mixin.py:188} INFO - [2024-02-16T09:23:58.691+0000] {dag.py:3823} INFO - Setting next_dagrun for dataset_consumes_1 to None, run_after=None
[2024-02-16T09:23:58.694+0000] {logging_mixin.py:188} INFO - [2024-02-16T09:23:58.694+0000] {dag.py:3823} INFO - Setting next_dagrun for dataset_consumes_1_and_2 to None, run_after=None
[2024-02-16T09:23:58.695+0000] {logging_mixin.py:188} INFO - [2024-02-16T09:23:58.695+0000] {dag.py:3823} INFO - Setting next_dagrun for dataset_consumes_1_never_scheduled to None, run_after=None
[2024-02-16T09:23:58.697+0000] {logging_mixin.py:188} INFO - [2024-02-16T09:23:58.697+0000] {dag.py:3823} INFO - Setting next_dagrun for dataset_consumes_unknown_never_scheduled to None, run_after=None
[2024-02-16T09:23:58.700+0000] {logging_mixin.py:188} INFO - [2024-02-16T09:23:58.700+0000] {dag.py:3823} INFO - Setting next_dagrun for dataset_produces_1 to 2024-02-15 00:00:00+00:00, run_after=2024-02-16 00:00:00+00:00
[2024-02-16T09:23:58.701+0000] {logging_mixin.py:188} INFO - [2024-02-16T09:23:58.701+0000] {dag.py:3823} INFO - Setting next_dagrun for dataset_produces_2 to None, run_after=None
[2024-02-16T09:23:58.733+0000] {processor.py:183} INFO - Processing /home/airflow/.local/lib/python3.8/site-packages/airflow/example_dags/example_datasets.py took 0.109 seconds
[2024-02-16T09:24:29.145+0000] {processor.py:161} INFO - Started process (PID=2181) to work on /home/airflow/.local/lib/python3.8/site-packages/airflow/example_dags/example_datasets.py
[2024-02-16T09:24:29.148+0000] {processor.py:830} INFO - Processing file /home/airflow/.local/lib/python3.8/site-packages/airflow/example_dags/example_datasets.py for tasks to queue
[2024-02-16T09:24:29.149+0000] {logging_mixin.py:188} INFO - [2024-02-16T09:24:29.148+0000] {dagbag.py:538} INFO - Filling up the DagBag from /home/airflow/.local/lib/python3.8/site-packages/airflow/example_dags/example_datasets.py
[2024-02-16T09:24:29.156+0000] {processor.py:840} INFO - DAG(s) 'dataset_consumes_1', 'dataset_consumes_1_never_scheduled', 'dataset_consumes_unknown_never_scheduled', 'dataset_produces_2', 'dataset_consumes_1_and_2', 'dataset_produces_1' retrieved from /home/airflow/.local/lib/python3.8/site-packages/airflow/example_dags/example_datasets.py
[2024-02-16T09:24:29.189+0000] {logging_mixin.py:188} INFO - [2024-02-16T09:24:29.189+0000] {dag.py:3036} INFO - Sync 6 DAGs
[2024-02-16T09:24:29.207+0000] {logging_mixin.py:188} INFO - [2024-02-16T09:24:29.206+0000] {dag.py:3823} INFO - Setting next_dagrun for dataset_consumes_1 to None, run_after=None
[2024-02-16T09:24:29.209+0000] {logging_mixin.py:188} INFO - [2024-02-16T09:24:29.209+0000] {dag.py:3823} INFO - Setting next_dagrun for dataset_consumes_1_and_2 to None, run_after=None
[2024-02-16T09:24:29.211+0000] {logging_mixin.py:188} INFO - [2024-02-16T09:24:29.211+0000] {dag.py:3823} INFO - Setting next_dagrun for dataset_consumes_1_never_scheduled to None, run_after=None
[2024-02-16T09:24:29.212+0000] {logging_mixin.py:188} INFO - [2024-02-16T09:24:29.212+0000] {dag.py:3823} INFO - Setting next_dagrun for dataset_consumes_unknown_never_scheduled to None, run_after=None
[2024-02-16T09:24:29.214+0000] {logging_mixin.py:188} INFO - [2024-02-16T09:24:29.214+0000] {dag.py:3823} INFO - Setting next_dagrun for dataset_produces_1 to 2024-02-15 00:00:00+00:00, run_after=2024-02-16 00:00:00+00:00
[2024-02-16T09:24:29.215+0000] {logging_mixin.py:188} INFO - [2024-02-16T09:24:29.215+0000] {dag.py:3823} INFO - Setting next_dagrun for dataset_produces_2 to None, run_after=None
[2024-02-16T09:24:29.247+0000] {processor.py:183} INFO - Processing /home/airflow/.local/lib/python3.8/site-packages/airflow/example_dags/example_datasets.py took 0.104 seconds
[2024-02-16T09:24:59.601+0000] {processor.py:161} INFO - Started process (PID=2428) to work on /home/airflow/.local/lib/python3.8/site-packages/airflow/example_dags/example_datasets.py
[2024-02-16T09:24:59.602+0000] {processor.py:830} INFO - Processing file /home/airflow/.local/lib/python3.8/site-packages/airflow/example_dags/example_datasets.py for tasks to queue
[2024-02-16T09:24:59.603+0000] {logging_mixin.py:188} INFO - [2024-02-16T09:24:59.603+0000] {dagbag.py:538} INFO - Filling up the DagBag from /home/airflow/.local/lib/python3.8/site-packages/airflow/example_dags/example_datasets.py
[2024-02-16T09:24:59.611+0000] {processor.py:840} INFO - DAG(s) 'dataset_consumes_unknown_never_scheduled', 'dataset_consumes_1_never_scheduled', 'dataset_consumes_1_and_2', 'dataset_produces_2', 'dataset_consumes_1', 'dataset_produces_1' retrieved from /home/airflow/.local/lib/python3.8/site-packages/airflow/example_dags/example_datasets.py
[2024-02-16T09:24:59.649+0000] {logging_mixin.py:188} INFO - [2024-02-16T09:24:59.649+0000] {dag.py:3036} INFO - Sync 6 DAGs
[2024-02-16T09:24:59.671+0000] {logging_mixin.py:188} INFO - [2024-02-16T09:24:59.670+0000] {dag.py:3823} INFO - Setting next_dagrun for dataset_consumes_1 to None, run_after=None
[2024-02-16T09:24:59.675+0000] {logging_mixin.py:188} INFO - [2024-02-16T09:24:59.674+0000] {dag.py:3823} INFO - Setting next_dagrun for dataset_consumes_1_and_2 to None, run_after=None
[2024-02-16T09:24:59.676+0000] {logging_mixin.py:188} INFO - [2024-02-16T09:24:59.676+0000] {dag.py:3823} INFO - Setting next_dagrun for dataset_consumes_1_never_scheduled to None, run_after=None
[2024-02-16T09:24:59.677+0000] {logging_mixin.py:188} INFO - [2024-02-16T09:24:59.677+0000] {dag.py:3823} INFO - Setting next_dagrun for dataset_consumes_unknown_never_scheduled to None, run_after=None
[2024-02-16T09:24:59.679+0000] {logging_mixin.py:188} INFO - [2024-02-16T09:24:59.679+0000] {dag.py:3823} INFO - Setting next_dagrun for dataset_produces_1 to 2024-02-15 00:00:00+00:00, run_after=2024-02-16 00:00:00+00:00
[2024-02-16T09:24:59.681+0000] {logging_mixin.py:188} INFO - [2024-02-16T09:24:59.680+0000] {dag.py:3823} INFO - Setting next_dagrun for dataset_produces_2 to None, run_after=None
[2024-02-16T09:24:59.714+0000] {processor.py:183} INFO - Processing /home/airflow/.local/lib/python3.8/site-packages/airflow/example_dags/example_datasets.py took 0.116 seconds
[2024-02-16T09:25:30.083+0000] {processor.py:161} INFO - Started process (PID=2674) to work on /home/airflow/.local/lib/python3.8/site-packages/airflow/example_dags/example_datasets.py
[2024-02-16T09:25:30.084+0000] {processor.py:830} INFO - Processing file /home/airflow/.local/lib/python3.8/site-packages/airflow/example_dags/example_datasets.py for tasks to queue
[2024-02-16T09:25:30.085+0000] {logging_mixin.py:188} INFO - [2024-02-16T09:25:30.085+0000] {dagbag.py:538} INFO - Filling up the DagBag from /home/airflow/.local/lib/python3.8/site-packages/airflow/example_dags/example_datasets.py
[2024-02-16T09:25:30.092+0000] {processor.py:840} INFO - DAG(s) 'dataset_consumes_unknown_never_scheduled', 'dataset_consumes_1_never_scheduled', 'dataset_consumes_1', 'dataset_produces_2', 'dataset_produces_1', 'dataset_consumes_1_and_2' retrieved from /home/airflow/.local/lib/python3.8/site-packages/airflow/example_dags/example_datasets.py
[2024-02-16T09:25:30.130+0000] {logging_mixin.py:188} INFO - [2024-02-16T09:25:30.130+0000] {dag.py:3036} INFO - Sync 6 DAGs
[2024-02-16T09:25:30.149+0000] {logging_mixin.py:188} INFO - [2024-02-16T09:25:30.149+0000] {dag.py:3823} INFO - Setting next_dagrun for dataset_consumes_1 to None, run_after=None
[2024-02-16T09:25:30.152+0000] {logging_mixin.py:188} INFO - [2024-02-16T09:25:30.152+0000] {dag.py:3823} INFO - Setting next_dagrun for dataset_consumes_1_and_2 to None, run_after=None
[2024-02-16T09:25:30.153+0000] {logging_mixin.py:188} INFO - [2024-02-16T09:25:30.153+0000] {dag.py:3823} INFO - Setting next_dagrun for dataset_consumes_1_never_scheduled to None, run_after=None
[2024-02-16T09:25:30.154+0000] {logging_mixin.py:188} INFO - [2024-02-16T09:25:30.154+0000] {dag.py:3823} INFO - Setting next_dagrun for dataset_consumes_unknown_never_scheduled to None, run_after=None
[2024-02-16T09:25:30.157+0000] {logging_mixin.py:188} INFO - [2024-02-16T09:25:30.157+0000] {dag.py:3823} INFO - Setting next_dagrun for dataset_produces_1 to 2024-02-15 00:00:00+00:00, run_after=2024-02-16 00:00:00+00:00
[2024-02-16T09:25:30.159+0000] {logging_mixin.py:188} INFO - [2024-02-16T09:25:30.159+0000] {dag.py:3823} INFO - Setting next_dagrun for dataset_produces_2 to None, run_after=None
[2024-02-16T09:25:30.191+0000] {processor.py:183} INFO - Processing /home/airflow/.local/lib/python3.8/site-packages/airflow/example_dags/example_datasets.py took 0.111 seconds
[2024-02-16T09:26:00.453+0000] {processor.py:161} INFO - Started process (PID=2921) to work on /home/airflow/.local/lib/python3.8/site-packages/airflow/example_dags/example_datasets.py
[2024-02-16T09:26:00.455+0000] {processor.py:830} INFO - Processing file /home/airflow/.local/lib/python3.8/site-packages/airflow/example_dags/example_datasets.py for tasks to queue
[2024-02-16T09:26:00.456+0000] {logging_mixin.py:188} INFO - [2024-02-16T09:26:00.455+0000] {dagbag.py:538} INFO - Filling up the DagBag from /home/airflow/.local/lib/python3.8/site-packages/airflow/example_dags/example_datasets.py
[2024-02-16T09:26:00.465+0000] {processor.py:840} INFO - DAG(s) 'dataset_produces_1', 'dataset_consumes_1_never_scheduled', 'dataset_consumes_1', 'dataset_consumes_1_and_2', 'dataset_consumes_unknown_never_scheduled', 'dataset_produces_2' retrieved from /home/airflow/.local/lib/python3.8/site-packages/airflow/example_dags/example_datasets.py
[2024-02-16T09:26:00.509+0000] {logging_mixin.py:188} INFO - [2024-02-16T09:26:00.508+0000] {dag.py:3036} INFO - Sync 6 DAGs
[2024-02-16T09:26:00.530+0000] {logging_mixin.py:188} INFO - [2024-02-16T09:26:00.530+0000] {dag.py:3823} INFO - Setting next_dagrun for dataset_consumes_1 to None, run_after=None
[2024-02-16T09:26:00.535+0000] {logging_mixin.py:188} INFO - [2024-02-16T09:26:00.535+0000] {dag.py:3823} INFO - Setting next_dagrun for dataset_consumes_1_and_2 to None, run_after=None
[2024-02-16T09:26:00.536+0000] {logging_mixin.py:188} INFO - [2024-02-16T09:26:00.536+0000] {dag.py:3823} INFO - Setting next_dagrun for dataset_consumes_1_never_scheduled to None, run_after=None
[2024-02-16T09:26:00.538+0000] {logging_mixin.py:188} INFO - [2024-02-16T09:26:00.537+0000] {dag.py:3823} INFO - Setting next_dagrun for dataset_consumes_unknown_never_scheduled to None, run_after=None
[2024-02-16T09:26:00.540+0000] {logging_mixin.py:188} INFO - [2024-02-16T09:26:00.540+0000] {dag.py:3823} INFO - Setting next_dagrun for dataset_produces_1 to 2024-02-15 00:00:00+00:00, run_after=2024-02-16 00:00:00+00:00
[2024-02-16T09:26:00.541+0000] {logging_mixin.py:188} INFO - [2024-02-16T09:26:00.541+0000] {dag.py:3823} INFO - Setting next_dagrun for dataset_produces_2 to None, run_after=None
[2024-02-16T09:26:00.586+0000] {processor.py:183} INFO - Processing /home/airflow/.local/lib/python3.8/site-packages/airflow/example_dags/example_datasets.py took 0.135 seconds
[2024-02-16T09:26:30.640+0000] {processor.py:161} INFO - Started process (PID=3172) to work on /home/airflow/.local/lib/python3.8/site-packages/airflow/example_dags/example_datasets.py
[2024-02-16T09:26:30.642+0000] {processor.py:830} INFO - Processing file /home/airflow/.local/lib/python3.8/site-packages/airflow/example_dags/example_datasets.py for tasks to queue
[2024-02-16T09:26:30.642+0000] {logging_mixin.py:188} INFO - [2024-02-16T09:26:30.642+0000] {dagbag.py:538} INFO - Filling up the DagBag from /home/airflow/.local/lib/python3.8/site-packages/airflow/example_dags/example_datasets.py
[2024-02-16T09:26:30.649+0000] {processor.py:840} INFO - DAG(s) 'dataset_consumes_1_and_2', 'dataset_consumes_unknown_never_scheduled', 'dataset_consumes_1_never_scheduled', 'dataset_produces_1', 'dataset_produces_2', 'dataset_consumes_1' retrieved from /home/airflow/.local/lib/python3.8/site-packages/airflow/example_dags/example_datasets.py
[2024-02-16T09:26:30.685+0000] {logging_mixin.py:188} INFO - [2024-02-16T09:26:30.685+0000] {dag.py:3036} INFO - Sync 6 DAGs
[2024-02-16T09:26:30.706+0000] {logging_mixin.py:188} INFO - [2024-02-16T09:26:30.705+0000] {dag.py:3823} INFO - Setting next_dagrun for dataset_consumes_1 to None, run_after=None
[2024-02-16T09:26:30.709+0000] {logging_mixin.py:188} INFO - [2024-02-16T09:26:30.709+0000] {dag.py:3823} INFO - Setting next_dagrun for dataset_consumes_1_and_2 to None, run_after=None
[2024-02-16T09:26:30.710+0000] {logging_mixin.py:188} INFO - [2024-02-16T09:26:30.710+0000] {dag.py:3823} INFO - Setting next_dagrun for dataset_consumes_1_never_scheduled to None, run_after=None
[2024-02-16T09:26:30.711+0000] {logging_mixin.py:188} INFO - [2024-02-16T09:26:30.711+0000] {dag.py:3823} INFO - Setting next_dagrun for dataset_consumes_unknown_never_scheduled to None, run_after=None
[2024-02-16T09:26:30.714+0000] {logging_mixin.py:188} INFO - [2024-02-16T09:26:30.713+0000] {dag.py:3823} INFO - Setting next_dagrun for dataset_produces_1 to 2024-02-15 00:00:00+00:00, run_after=2024-02-16 00:00:00+00:00
[2024-02-16T09:26:30.715+0000] {logging_mixin.py:188} INFO - [2024-02-16T09:26:30.715+0000] {dag.py:3823} INFO - Setting next_dagrun for dataset_produces_2 to None, run_after=None
[2024-02-16T09:26:30.748+0000] {processor.py:183} INFO - Processing /home/airflow/.local/lib/python3.8/site-packages/airflow/example_dags/example_datasets.py took 0.110 seconds
[2024-02-16T09:27:01.130+0000] {processor.py:161} INFO - Started process (PID=3419) to work on /home/airflow/.local/lib/python3.8/site-packages/airflow/example_dags/example_datasets.py
[2024-02-16T09:27:01.132+0000] {processor.py:830} INFO - Processing file /home/airflow/.local/lib/python3.8/site-packages/airflow/example_dags/example_datasets.py for tasks to queue
[2024-02-16T09:27:01.133+0000] {logging_mixin.py:188} INFO - [2024-02-16T09:27:01.132+0000] {dagbag.py:538} INFO - Filling up the DagBag from /home/airflow/.local/lib/python3.8/site-packages/airflow/example_dags/example_datasets.py
[2024-02-16T09:27:01.140+0000] {processor.py:840} INFO - DAG(s) 'dataset_consumes_1_never_scheduled', 'dataset_consumes_1_and_2', 'dataset_consumes_1', 'dataset_produces_2', 'dataset_consumes_unknown_never_scheduled', 'dataset_produces_1' retrieved from /home/airflow/.local/lib/python3.8/site-packages/airflow/example_dags/example_datasets.py
[2024-02-16T09:27:01.175+0000] {logging_mixin.py:188} INFO - [2024-02-16T09:27:01.175+0000] {dag.py:3036} INFO - Sync 6 DAGs
[2024-02-16T09:27:01.194+0000] {logging_mixin.py:188} INFO - [2024-02-16T09:27:01.194+0000] {dag.py:3823} INFO - Setting next_dagrun for dataset_consumes_1 to None, run_after=None
[2024-02-16T09:27:01.198+0000] {logging_mixin.py:188} INFO - [2024-02-16T09:27:01.198+0000] {dag.py:3823} INFO - Setting next_dagrun for dataset_consumes_1_and_2 to None, run_after=None
[2024-02-16T09:27:01.199+0000] {logging_mixin.py:188} INFO - [2024-02-16T09:27:01.199+0000] {dag.py:3823} INFO - Setting next_dagrun for dataset_consumes_1_never_scheduled to None, run_after=None
[2024-02-16T09:27:01.200+0000] {logging_mixin.py:188} INFO - [2024-02-16T09:27:01.200+0000] {dag.py:3823} INFO - Setting next_dagrun for dataset_consumes_unknown_never_scheduled to None, run_after=None
[2024-02-16T09:27:01.203+0000] {logging_mixin.py:188} INFO - [2024-02-16T09:27:01.203+0000] {dag.py:3823} INFO - Setting next_dagrun for dataset_produces_1 to 2024-02-15 00:00:00+00:00, run_after=2024-02-16 00:00:00+00:00
[2024-02-16T09:27:01.205+0000] {logging_mixin.py:188} INFO - [2024-02-16T09:27:01.204+0000] {dag.py:3823} INFO - Setting next_dagrun for dataset_produces_2 to None, run_after=None
[2024-02-16T09:27:01.234+0000] {processor.py:183} INFO - Processing /home/airflow/.local/lib/python3.8/site-packages/airflow/example_dags/example_datasets.py took 0.106 seconds
[2024-02-16T09:27:31.633+0000] {processor.py:161} INFO - Started process (PID=3667) to work on /home/airflow/.local/lib/python3.8/site-packages/airflow/example_dags/example_datasets.py
[2024-02-16T09:27:31.635+0000] {processor.py:830} INFO - Processing file /home/airflow/.local/lib/python3.8/site-packages/airflow/example_dags/example_datasets.py for tasks to queue
[2024-02-16T09:27:31.636+0000] {logging_mixin.py:188} INFO - [2024-02-16T09:27:31.636+0000] {dagbag.py:538} INFO - Filling up the DagBag from /home/airflow/.local/lib/python3.8/site-packages/airflow/example_dags/example_datasets.py
[2024-02-16T09:27:31.644+0000] {processor.py:840} INFO - DAG(s) 'dataset_produces_1', 'dataset_consumes_1_and_2', 'dataset_consumes_1_never_scheduled', 'dataset_produces_2', 'dataset_consumes_unknown_never_scheduled', 'dataset_consumes_1' retrieved from /home/airflow/.local/lib/python3.8/site-packages/airflow/example_dags/example_datasets.py
[2024-02-16T09:27:31.682+0000] {logging_mixin.py:188} INFO - [2024-02-16T09:27:31.682+0000] {dag.py:3036} INFO - Sync 6 DAGs
[2024-02-16T09:27:31.700+0000] {logging_mixin.py:188} INFO - [2024-02-16T09:27:31.700+0000] {dag.py:3823} INFO - Setting next_dagrun for dataset_consumes_1 to None, run_after=None
[2024-02-16T09:27:31.703+0000] {logging_mixin.py:188} INFO - [2024-02-16T09:27:31.702+0000] {dag.py:3823} INFO - Setting next_dagrun for dataset_consumes_1_and_2 to None, run_after=None
[2024-02-16T09:27:31.704+0000] {logging_mixin.py:188} INFO - [2024-02-16T09:27:31.704+0000] {dag.py:3823} INFO - Setting next_dagrun for dataset_consumes_1_never_scheduled to None, run_after=None
[2024-02-16T09:27:31.705+0000] {logging_mixin.py:188} INFO - [2024-02-16T09:27:31.705+0000] {dag.py:3823} INFO - Setting next_dagrun for dataset_consumes_unknown_never_scheduled to None, run_after=None
[2024-02-16T09:27:31.707+0000] {logging_mixin.py:188} INFO - [2024-02-16T09:27:31.707+0000] {dag.py:3823} INFO - Setting next_dagrun for dataset_produces_1 to 2024-02-15 00:00:00+00:00, run_after=2024-02-16 00:00:00+00:00
[2024-02-16T09:27:31.708+0000] {logging_mixin.py:188} INFO - [2024-02-16T09:27:31.708+0000] {dag.py:3823} INFO - Setting next_dagrun for dataset_produces_2 to None, run_after=None
[2024-02-16T09:27:31.743+0000] {processor.py:183} INFO - Processing /home/airflow/.local/lib/python3.8/site-packages/airflow/example_dags/example_datasets.py took 0.113 seconds
[2024-02-16T09:28:02.093+0000] {processor.py:161} INFO - Started process (PID=3914) to work on /home/airflow/.local/lib/python3.8/site-packages/airflow/example_dags/example_datasets.py
[2024-02-16T09:28:02.095+0000] {processor.py:830} INFO - Processing file /home/airflow/.local/lib/python3.8/site-packages/airflow/example_dags/example_datasets.py for tasks to queue
[2024-02-16T09:28:02.096+0000] {logging_mixin.py:188} INFO - [2024-02-16T09:28:02.096+0000] {dagbag.py:538} INFO - Filling up the DagBag from /home/airflow/.local/lib/python3.8/site-packages/airflow/example_dags/example_datasets.py
[2024-02-16T09:28:02.103+0000] {processor.py:840} INFO - DAG(s) 'dataset_produces_1', 'dataset_consumes_1_never_scheduled', 'dataset_consumes_unknown_never_scheduled', 'dataset_consumes_1_and_2', 'dataset_consumes_1', 'dataset_produces_2' retrieved from /home/airflow/.local/lib/python3.8/site-packages/airflow/example_dags/example_datasets.py
[2024-02-16T09:28:02.138+0000] {logging_mixin.py:188} INFO - [2024-02-16T09:28:02.138+0000] {dag.py:3036} INFO - Sync 6 DAGs
[2024-02-16T09:28:02.159+0000] {logging_mixin.py:188} INFO - [2024-02-16T09:28:02.159+0000] {dag.py:3823} INFO - Setting next_dagrun for dataset_consumes_1 to None, run_after=None
[2024-02-16T09:28:02.163+0000] {logging_mixin.py:188} INFO - [2024-02-16T09:28:02.162+0000] {dag.py:3823} INFO - Setting next_dagrun for dataset_consumes_1_and_2 to None, run_after=None
[2024-02-16T09:28:02.164+0000] {logging_mixin.py:188} INFO - [2024-02-16T09:28:02.164+0000] {dag.py:3823} INFO - Setting next_dagrun for dataset_consumes_1_never_scheduled to None, run_after=None
[2024-02-16T09:28:02.165+0000] {logging_mixin.py:188} INFO - [2024-02-16T09:28:02.165+0000] {dag.py:3823} INFO - Setting next_dagrun for dataset_consumes_unknown_never_scheduled to None, run_after=None
[2024-02-16T09:28:02.168+0000] {logging_mixin.py:188} INFO - [2024-02-16T09:28:02.167+0000] {dag.py:3823} INFO - Setting next_dagrun for dataset_produces_1 to 2024-02-15 00:00:00+00:00, run_after=2024-02-16 00:00:00+00:00
[2024-02-16T09:28:02.169+0000] {logging_mixin.py:188} INFO - [2024-02-16T09:28:02.169+0000] {dag.py:3823} INFO - Setting next_dagrun for dataset_produces_2 to None, run_after=None
[2024-02-16T09:28:02.202+0000] {processor.py:183} INFO - Processing /home/airflow/.local/lib/python3.8/site-packages/airflow/example_dags/example_datasets.py took 0.112 seconds
[2024-02-16T09:28:32.441+0000] {processor.py:161} INFO - Started process (PID=4160) to work on /home/airflow/.local/lib/python3.8/site-packages/airflow/example_dags/example_datasets.py
[2024-02-16T09:28:32.442+0000] {processor.py:830} INFO - Processing file /home/airflow/.local/lib/python3.8/site-packages/airflow/example_dags/example_datasets.py for tasks to queue
[2024-02-16T09:28:32.443+0000] {logging_mixin.py:188} INFO - [2024-02-16T09:28:32.442+0000] {dagbag.py:538} INFO - Filling up the DagBag from /home/airflow/.local/lib/python3.8/site-packages/airflow/example_dags/example_datasets.py
[2024-02-16T09:28:32.450+0000] {processor.py:840} INFO - DAG(s) 'dataset_produces_1', 'dataset_consumes_1_never_scheduled', 'dataset_consumes_unknown_never_scheduled', 'dataset_produces_2', 'dataset_consumes_1_and_2', 'dataset_consumes_1' retrieved from /home/airflow/.local/lib/python3.8/site-packages/airflow/example_dags/example_datasets.py
[2024-02-16T09:28:32.485+0000] {logging_mixin.py:188} INFO - [2024-02-16T09:28:32.485+0000] {dag.py:3036} INFO - Sync 6 DAGs
[2024-02-16T09:28:32.504+0000] {logging_mixin.py:188} INFO - [2024-02-16T09:28:32.504+0000] {dag.py:3823} INFO - Setting next_dagrun for dataset_consumes_1 to None, run_after=None
[2024-02-16T09:28:32.507+0000] {logging_mixin.py:188} INFO - [2024-02-16T09:28:32.507+0000] {dag.py:3823} INFO - Setting next_dagrun for dataset_consumes_1_and_2 to None, run_after=None
[2024-02-16T09:28:32.508+0000] {logging_mixin.py:188} INFO - [2024-02-16T09:28:32.508+0000] {dag.py:3823} INFO - Setting next_dagrun for dataset_consumes_1_never_scheduled to None, run_after=None
[2024-02-16T09:28:32.510+0000] {logging_mixin.py:188} INFO - [2024-02-16T09:28:32.509+0000] {dag.py:3823} INFO - Setting next_dagrun for dataset_consumes_unknown_never_scheduled to None, run_after=None
[2024-02-16T09:28:32.512+0000] {logging_mixin.py:188} INFO - [2024-02-16T09:28:32.512+0000] {dag.py:3823} INFO - Setting next_dagrun for dataset_produces_1 to 2024-02-15 00:00:00+00:00, run_after=2024-02-16 00:00:00+00:00
[2024-02-16T09:28:32.513+0000] {logging_mixin.py:188} INFO - [2024-02-16T09:28:32.513+0000] {dag.py:3823} INFO - Setting next_dagrun for dataset_produces_2 to None, run_after=None
[2024-02-16T09:28:32.543+0000] {processor.py:183} INFO - Processing /home/airflow/.local/lib/python3.8/site-packages/airflow/example_dags/example_datasets.py took 0.105 seconds
[2024-02-16T09:29:02.831+0000] {processor.py:161} INFO - Started process (PID=4407) to work on /home/airflow/.local/lib/python3.8/site-packages/airflow/example_dags/example_datasets.py
[2024-02-16T09:29:02.832+0000] {processor.py:830} INFO - Processing file /home/airflow/.local/lib/python3.8/site-packages/airflow/example_dags/example_datasets.py for tasks to queue
[2024-02-16T09:29:02.833+0000] {logging_mixin.py:188} INFO - [2024-02-16T09:29:02.833+0000] {dagbag.py:538} INFO - Filling up the DagBag from /home/airflow/.local/lib/python3.8/site-packages/airflow/example_dags/example_datasets.py
[2024-02-16T09:29:02.840+0000] {processor.py:840} INFO - DAG(s) 'dataset_produces_1', 'dataset_consumes_unknown_never_scheduled', 'dataset_consumes_1_never_scheduled', 'dataset_consumes_1_and_2', 'dataset_produces_2', 'dataset_consumes_1' retrieved from /home/airflow/.local/lib/python3.8/site-packages/airflow/example_dags/example_datasets.py
[2024-02-16T09:29:02.874+0000] {logging_mixin.py:188} INFO - [2024-02-16T09:29:02.874+0000] {dag.py:3036} INFO - Sync 6 DAGs
[2024-02-16T09:29:02.893+0000] {logging_mixin.py:188} INFO - [2024-02-16T09:29:02.892+0000] {dag.py:3823} INFO - Setting next_dagrun for dataset_consumes_1 to None, run_after=None
[2024-02-16T09:29:02.896+0000] {logging_mixin.py:188} INFO - [2024-02-16T09:29:02.896+0000] {dag.py:3823} INFO - Setting next_dagrun for dataset_consumes_1_and_2 to None, run_after=None
[2024-02-16T09:29:02.897+0000] {logging_mixin.py:188} INFO - [2024-02-16T09:29:02.897+0000] {dag.py:3823} INFO - Setting next_dagrun for dataset_consumes_1_never_scheduled to None, run_after=None
[2024-02-16T09:29:02.899+0000] {logging_mixin.py:188} INFO - [2024-02-16T09:29:02.899+0000] {dag.py:3823} INFO - Setting next_dagrun for dataset_consumes_unknown_never_scheduled to None, run_after=None
[2024-02-16T09:29:02.901+0000] {logging_mixin.py:188} INFO - [2024-02-16T09:29:02.901+0000] {dag.py:3823} INFO - Setting next_dagrun for dataset_produces_1 to 2024-02-15 00:00:00+00:00, run_after=2024-02-16 00:00:00+00:00
[2024-02-16T09:29:02.904+0000] {logging_mixin.py:188} INFO - [2024-02-16T09:29:02.904+0000] {dag.py:3823} INFO - Setting next_dagrun for dataset_produces_2 to None, run_after=None
[2024-02-16T09:29:02.934+0000] {processor.py:183} INFO - Processing /home/airflow/.local/lib/python3.8/site-packages/airflow/example_dags/example_datasets.py took 0.106 seconds
[2024-02-16T09:29:33.220+0000] {processor.py:161} INFO - Started process (PID=4653) to work on /home/airflow/.local/lib/python3.8/site-packages/airflow/example_dags/example_datasets.py
[2024-02-16T09:29:33.223+0000] {processor.py:830} INFO - Processing file /home/airflow/.local/lib/python3.8/site-packages/airflow/example_dags/example_datasets.py for tasks to queue
[2024-02-16T09:29:33.225+0000] {logging_mixin.py:188} INFO - [2024-02-16T09:29:33.224+0000] {dagbag.py:538} INFO - Filling up the DagBag from /home/airflow/.local/lib/python3.8/site-packages/airflow/example_dags/example_datasets.py
[2024-02-16T09:29:33.234+0000] {processor.py:840} INFO - DAG(s) 'dataset_consumes_1_and_2', 'dataset_consumes_1_never_scheduled', 'dataset_consumes_unknown_never_scheduled', 'dataset_produces_1', 'dataset_consumes_1', 'dataset_produces_2' retrieved from /home/airflow/.local/lib/python3.8/site-packages/airflow/example_dags/example_datasets.py
[2024-02-16T09:29:33.277+0000] {logging_mixin.py:188} INFO - [2024-02-16T09:29:33.276+0000] {dag.py:3036} INFO - Sync 6 DAGs
[2024-02-16T09:29:33.298+0000] {logging_mixin.py:188} INFO - [2024-02-16T09:29:33.298+0000] {dag.py:3823} INFO - Setting next_dagrun for dataset_consumes_1 to None, run_after=None
[2024-02-16T09:29:33.301+0000] {logging_mixin.py:188} INFO - [2024-02-16T09:29:33.301+0000] {dag.py:3823} INFO - Setting next_dagrun for dataset_consumes_1_and_2 to None, run_after=None
[2024-02-16T09:29:33.302+0000] {logging_mixin.py:188} INFO - [2024-02-16T09:29:33.302+0000] {dag.py:3823} INFO - Setting next_dagrun for dataset_consumes_1_never_scheduled to None, run_after=None
[2024-02-16T09:29:33.303+0000] {logging_mixin.py:188} INFO - [2024-02-16T09:29:33.303+0000] {dag.py:3823} INFO - Setting next_dagrun for dataset_consumes_unknown_never_scheduled to None, run_after=None
[2024-02-16T09:29:33.307+0000] {logging_mixin.py:188} INFO - [2024-02-16T09:29:33.306+0000] {dag.py:3823} INFO - Setting next_dagrun for dataset_produces_1 to 2024-02-15 00:00:00+00:00, run_after=2024-02-16 00:00:00+00:00
[2024-02-16T09:29:33.309+0000] {logging_mixin.py:188} INFO - [2024-02-16T09:29:33.309+0000] {dag.py:3823} INFO - Setting next_dagrun for dataset_produces_2 to None, run_after=None
[2024-02-16T09:29:33.347+0000] {processor.py:183} INFO - Processing /home/airflow/.local/lib/python3.8/site-packages/airflow/example_dags/example_datasets.py took 0.130 seconds
[2024-02-16T09:30:03.936+0000] {processor.py:161} INFO - Started process (PID=4902) to work on /home/airflow/.local/lib/python3.8/site-packages/airflow/example_dags/example_datasets.py
[2024-02-16T09:30:03.938+0000] {processor.py:830} INFO - Processing file /home/airflow/.local/lib/python3.8/site-packages/airflow/example_dags/example_datasets.py for tasks to queue
[2024-02-16T09:30:03.939+0000] {logging_mixin.py:188} INFO - [2024-02-16T09:30:03.939+0000] {dagbag.py:538} INFO - Filling up the DagBag from /home/airflow/.local/lib/python3.8/site-packages/airflow/example_dags/example_datasets.py
[2024-02-16T09:30:03.949+0000] {processor.py:840} INFO - DAG(s) 'dataset_produces_2', 'dataset_consumes_1_and_2', 'dataset_consumes_1_never_scheduled', 'dataset_consumes_unknown_never_scheduled', 'dataset_consumes_1', 'dataset_produces_1' retrieved from /home/airflow/.local/lib/python3.8/site-packages/airflow/example_dags/example_datasets.py
[2024-02-16T09:30:03.991+0000] {logging_mixin.py:188} INFO - [2024-02-16T09:30:03.991+0000] {dag.py:3036} INFO - Sync 6 DAGs
[2024-02-16T09:30:04.058+0000] {logging_mixin.py:188} INFO - [2024-02-16T09:30:04.058+0000] {dag.py:3823} INFO - Setting next_dagrun for dataset_consumes_1 to None, run_after=None
[2024-02-16T09:30:04.061+0000] {logging_mixin.py:188} INFO - [2024-02-16T09:30:04.061+0000] {dag.py:3823} INFO - Setting next_dagrun for dataset_consumes_1_and_2 to None, run_after=None
[2024-02-16T09:30:04.063+0000] {logging_mixin.py:188} INFO - [2024-02-16T09:30:04.063+0000] {dag.py:3823} INFO - Setting next_dagrun for dataset_consumes_1_never_scheduled to None, run_after=None
[2024-02-16T09:30:04.066+0000] {logging_mixin.py:188} INFO - [2024-02-16T09:30:04.065+0000] {dag.py:3823} INFO - Setting next_dagrun for dataset_consumes_unknown_never_scheduled to None, run_after=None
[2024-02-16T09:30:04.069+0000] {logging_mixin.py:188} INFO - [2024-02-16T09:30:04.069+0000] {dag.py:3823} INFO - Setting next_dagrun for dataset_produces_1 to 2024-02-15 00:00:00+00:00, run_after=2024-02-16 00:00:00+00:00
[2024-02-16T09:30:04.072+0000] {logging_mixin.py:188} INFO - [2024-02-16T09:30:04.071+0000] {dag.py:3823} INFO - Setting next_dagrun for dataset_produces_2 to None, run_after=None
[2024-02-16T09:30:04.121+0000] {processor.py:183} INFO - Processing /home/airflow/.local/lib/python3.8/site-packages/airflow/example_dags/example_datasets.py took 0.187 seconds
[2024-02-16T09:30:34.354+0000] {processor.py:161} INFO - Started process (PID=5325) to work on /home/airflow/.local/lib/python3.8/site-packages/airflow/example_dags/example_datasets.py
[2024-02-16T09:30:34.357+0000] {processor.py:830} INFO - Processing file /home/airflow/.local/lib/python3.8/site-packages/airflow/example_dags/example_datasets.py for tasks to queue
[2024-02-16T09:30:34.358+0000] {logging_mixin.py:188} INFO - [2024-02-16T09:30:34.358+0000] {dagbag.py:538} INFO - Filling up the DagBag from /home/airflow/.local/lib/python3.8/site-packages/airflow/example_dags/example_datasets.py
[2024-02-16T09:30:34.365+0000] {processor.py:840} INFO - DAG(s) 'dataset_produces_1', 'dataset_consumes_1_and_2', 'dataset_consumes_1_never_scheduled', 'dataset_consumes_1', 'dataset_consumes_unknown_never_scheduled', 'dataset_produces_2' retrieved from /home/airflow/.local/lib/python3.8/site-packages/airflow/example_dags/example_datasets.py
[2024-02-16T09:30:34.406+0000] {logging_mixin.py:188} INFO - [2024-02-16T09:30:34.405+0000] {dag.py:3036} INFO - Sync 6 DAGs
[2024-02-16T09:30:34.426+0000] {logging_mixin.py:188} INFO - [2024-02-16T09:30:34.426+0000] {dag.py:3823} INFO - Setting next_dagrun for dataset_consumes_1 to None, run_after=None
[2024-02-16T09:30:34.429+0000] {logging_mixin.py:188} INFO - [2024-02-16T09:30:34.429+0000] {dag.py:3823} INFO - Setting next_dagrun for dataset_consumes_1_and_2 to None, run_after=None
[2024-02-16T09:30:34.430+0000] {logging_mixin.py:188} INFO - [2024-02-16T09:30:34.430+0000] {dag.py:3823} INFO - Setting next_dagrun for dataset_consumes_1_never_scheduled to None, run_after=None
[2024-02-16T09:30:34.431+0000] {logging_mixin.py:188} INFO - [2024-02-16T09:30:34.431+0000] {dag.py:3823} INFO - Setting next_dagrun for dataset_consumes_unknown_never_scheduled to None, run_after=None
[2024-02-16T09:30:34.434+0000] {logging_mixin.py:188} INFO - [2024-02-16T09:30:34.434+0000] {dag.py:3823} INFO - Setting next_dagrun for dataset_produces_1 to 2024-02-15 00:00:00+00:00, run_after=2024-02-16 00:00:00+00:00
[2024-02-16T09:30:34.436+0000] {logging_mixin.py:188} INFO - [2024-02-16T09:30:34.436+0000] {dag.py:3823} INFO - Setting next_dagrun for dataset_produces_2 to None, run_after=None
[2024-02-16T09:30:34.474+0000] {processor.py:183} INFO - Processing /home/airflow/.local/lib/python3.8/site-packages/airflow/example_dags/example_datasets.py took 0.124 seconds
[2024-02-16T09:31:04.749+0000] {processor.py:161} INFO - Started process (PID=5571) to work on /home/airflow/.local/lib/python3.8/site-packages/airflow/example_dags/example_datasets.py
[2024-02-16T09:31:04.752+0000] {processor.py:830} INFO - Processing file /home/airflow/.local/lib/python3.8/site-packages/airflow/example_dags/example_datasets.py for tasks to queue
[2024-02-16T09:31:04.753+0000] {logging_mixin.py:188} INFO - [2024-02-16T09:31:04.753+0000] {dagbag.py:538} INFO - Filling up the DagBag from /home/airflow/.local/lib/python3.8/site-packages/airflow/example_dags/example_datasets.py
[2024-02-16T09:31:04.760+0000] {processor.py:840} INFO - DAG(s) 'dataset_consumes_1_and_2', 'dataset_consumes_1_never_scheduled', 'dataset_consumes_unknown_never_scheduled', 'dataset_produces_1', 'dataset_produces_2', 'dataset_consumes_1' retrieved from /home/airflow/.local/lib/python3.8/site-packages/airflow/example_dags/example_datasets.py
[2024-02-16T09:31:04.795+0000] {logging_mixin.py:188} INFO - [2024-02-16T09:31:04.794+0000] {dag.py:3036} INFO - Sync 6 DAGs
[2024-02-16T09:31:04.813+0000] {logging_mixin.py:188} INFO - [2024-02-16T09:31:04.813+0000] {dag.py:3823} INFO - Setting next_dagrun for dataset_consumes_1 to None, run_after=None
[2024-02-16T09:31:04.816+0000] {logging_mixin.py:188} INFO - [2024-02-16T09:31:04.816+0000] {dag.py:3823} INFO - Setting next_dagrun for dataset_consumes_1_and_2 to None, run_after=None
[2024-02-16T09:31:04.817+0000] {logging_mixin.py:188} INFO - [2024-02-16T09:31:04.817+0000] {dag.py:3823} INFO - Setting next_dagrun for dataset_consumes_1_never_scheduled to None, run_after=None
[2024-02-16T09:31:04.818+0000] {logging_mixin.py:188} INFO - [2024-02-16T09:31:04.818+0000] {dag.py:3823} INFO - Setting next_dagrun for dataset_consumes_unknown_never_scheduled to None, run_after=None
[2024-02-16T09:31:04.821+0000] {logging_mixin.py:188} INFO - [2024-02-16T09:31:04.820+0000] {dag.py:3823} INFO - Setting next_dagrun for dataset_produces_1 to 2024-02-15 00:00:00+00:00, run_after=2024-02-16 00:00:00+00:00
[2024-02-16T09:31:04.822+0000] {logging_mixin.py:188} INFO - [2024-02-16T09:31:04.822+0000] {dag.py:3823} INFO - Setting next_dagrun for dataset_produces_2 to None, run_after=None
[2024-02-16T09:31:04.853+0000] {processor.py:183} INFO - Processing /home/airflow/.local/lib/python3.8/site-packages/airflow/example_dags/example_datasets.py took 0.106 seconds
[2024-02-16T09:31:35.150+0000] {processor.py:161} INFO - Started process (PID=5818) to work on /home/airflow/.local/lib/python3.8/site-packages/airflow/example_dags/example_datasets.py
[2024-02-16T09:31:35.151+0000] {processor.py:830} INFO - Processing file /home/airflow/.local/lib/python3.8/site-packages/airflow/example_dags/example_datasets.py for tasks to queue
[2024-02-16T09:31:35.152+0000] {logging_mixin.py:188} INFO - [2024-02-16T09:31:35.152+0000] {dagbag.py:538} INFO - Filling up the DagBag from /home/airflow/.local/lib/python3.8/site-packages/airflow/example_dags/example_datasets.py
[2024-02-16T09:31:35.159+0000] {processor.py:840} INFO - DAG(s) 'dataset_produces_2', 'dataset_produces_1', 'dataset_consumes_1_and_2', 'dataset_consumes_1', 'dataset_consumes_unknown_never_scheduled', 'dataset_consumes_1_never_scheduled' retrieved from /home/airflow/.local/lib/python3.8/site-packages/airflow/example_dags/example_datasets.py
[2024-02-16T09:31:35.194+0000] {logging_mixin.py:188} INFO - [2024-02-16T09:31:35.194+0000] {dag.py:3036} INFO - Sync 6 DAGs
[2024-02-16T09:31:35.213+0000] {logging_mixin.py:188} INFO - [2024-02-16T09:31:35.213+0000] {dag.py:3823} INFO - Setting next_dagrun for dataset_consumes_1 to None, run_after=None
[2024-02-16T09:31:35.216+0000] {logging_mixin.py:188} INFO - [2024-02-16T09:31:35.216+0000] {dag.py:3823} INFO - Setting next_dagrun for dataset_consumes_1_and_2 to None, run_after=None
[2024-02-16T09:31:35.217+0000] {logging_mixin.py:188} INFO - [2024-02-16T09:31:35.217+0000] {dag.py:3823} INFO - Setting next_dagrun for dataset_consumes_1_never_scheduled to None, run_after=None
[2024-02-16T09:31:35.218+0000] {logging_mixin.py:188} INFO - [2024-02-16T09:31:35.218+0000] {dag.py:3823} INFO - Setting next_dagrun for dataset_consumes_unknown_never_scheduled to None, run_after=None
[2024-02-16T09:31:35.220+0000] {logging_mixin.py:188} INFO - [2024-02-16T09:31:35.220+0000] {dag.py:3823} INFO - Setting next_dagrun for dataset_produces_1 to 2024-02-15 00:00:00+00:00, run_after=2024-02-16 00:00:00+00:00
[2024-02-16T09:31:35.222+0000] {logging_mixin.py:188} INFO - [2024-02-16T09:31:35.222+0000] {dag.py:3823} INFO - Setting next_dagrun for dataset_produces_2 to None, run_after=None
[2024-02-16T09:31:35.251+0000] {processor.py:183} INFO - Processing /home/airflow/.local/lib/python3.8/site-packages/airflow/example_dags/example_datasets.py took 0.105 seconds
[2024-02-16T09:32:05.624+0000] {processor.py:161} INFO - Started process (PID=6064) to work on /home/airflow/.local/lib/python3.8/site-packages/airflow/example_dags/example_datasets.py
[2024-02-16T09:32:05.627+0000] {processor.py:830} INFO - Processing file /home/airflow/.local/lib/python3.8/site-packages/airflow/example_dags/example_datasets.py for tasks to queue
[2024-02-16T09:32:05.628+0000] {logging_mixin.py:188} INFO - [2024-02-16T09:32:05.627+0000] {dagbag.py:538} INFO - Filling up the DagBag from /home/airflow/.local/lib/python3.8/site-packages/airflow/example_dags/example_datasets.py
[2024-02-16T09:32:05.635+0000] {processor.py:840} INFO - DAG(s) 'dataset_consumes_1', 'dataset_consumes_unknown_never_scheduled', 'dataset_consumes_1_and_2', 'dataset_produces_1', 'dataset_produces_2', 'dataset_consumes_1_never_scheduled' retrieved from /home/airflow/.local/lib/python3.8/site-packages/airflow/example_dags/example_datasets.py
[2024-02-16T09:32:05.669+0000] {logging_mixin.py:188} INFO - [2024-02-16T09:32:05.669+0000] {dag.py:3036} INFO - Sync 6 DAGs
[2024-02-16T09:32:05.687+0000] {logging_mixin.py:188} INFO - [2024-02-16T09:32:05.687+0000] {dag.py:3823} INFO - Setting next_dagrun for dataset_consumes_1 to None, run_after=None
[2024-02-16T09:32:05.690+0000] {logging_mixin.py:188} INFO - [2024-02-16T09:32:05.690+0000] {dag.py:3823} INFO - Setting next_dagrun for dataset_consumes_1_and_2 to None, run_after=None
[2024-02-16T09:32:05.691+0000] {logging_mixin.py:188} INFO - [2024-02-16T09:32:05.691+0000] {dag.py:3823} INFO - Setting next_dagrun for dataset_consumes_1_never_scheduled to None, run_after=None
[2024-02-16T09:32:05.692+0000] {logging_mixin.py:188} INFO - [2024-02-16T09:32:05.692+0000] {dag.py:3823} INFO - Setting next_dagrun for dataset_consumes_unknown_never_scheduled to None, run_after=None
[2024-02-16T09:32:05.694+0000] {logging_mixin.py:188} INFO - [2024-02-16T09:32:05.694+0000] {dag.py:3823} INFO - Setting next_dagrun for dataset_produces_1 to 2024-02-15 00:00:00+00:00, run_after=2024-02-16 00:00:00+00:00
[2024-02-16T09:32:05.696+0000] {logging_mixin.py:188} INFO - [2024-02-16T09:32:05.696+0000] {dag.py:3823} INFO - Setting next_dagrun for dataset_produces_2 to None, run_after=None
[2024-02-16T09:32:05.733+0000] {processor.py:183} INFO - Processing /home/airflow/.local/lib/python3.8/site-packages/airflow/example_dags/example_datasets.py took 0.113 seconds
[2024-02-16T09:32:36.108+0000] {processor.py:161} INFO - Started process (PID=6311) to work on /home/airflow/.local/lib/python3.8/site-packages/airflow/example_dags/example_datasets.py
[2024-02-16T09:32:36.109+0000] {processor.py:830} INFO - Processing file /home/airflow/.local/lib/python3.8/site-packages/airflow/example_dags/example_datasets.py for tasks to queue
[2024-02-16T09:32:36.110+0000] {logging_mixin.py:188} INFO - [2024-02-16T09:32:36.110+0000] {dagbag.py:538} INFO - Filling up the DagBag from /home/airflow/.local/lib/python3.8/site-packages/airflow/example_dags/example_datasets.py
[2024-02-16T09:32:36.118+0000] {processor.py:840} INFO - DAG(s) 'dataset_consumes_unknown_never_scheduled', 'dataset_consumes_1_never_scheduled', 'dataset_produces_1', 'dataset_produces_2', 'dataset_consumes_1_and_2', 'dataset_consumes_1' retrieved from /home/airflow/.local/lib/python3.8/site-packages/airflow/example_dags/example_datasets.py
[2024-02-16T09:32:36.157+0000] {logging_mixin.py:188} INFO - [2024-02-16T09:32:36.157+0000] {dag.py:3036} INFO - Sync 6 DAGs
[2024-02-16T09:32:36.180+0000] {logging_mixin.py:188} INFO - [2024-02-16T09:32:36.179+0000] {dag.py:3823} INFO - Setting next_dagrun for dataset_consumes_1 to None, run_after=None
[2024-02-16T09:32:36.183+0000] {logging_mixin.py:188} INFO - [2024-02-16T09:32:36.183+0000] {dag.py:3823} INFO - Setting next_dagrun for dataset_consumes_1_and_2 to None, run_after=None
[2024-02-16T09:32:36.184+0000] {logging_mixin.py:188} INFO - [2024-02-16T09:32:36.184+0000] {dag.py:3823} INFO - Setting next_dagrun for dataset_consumes_1_never_scheduled to None, run_after=None
[2024-02-16T09:32:36.186+0000] {logging_mixin.py:188} INFO - [2024-02-16T09:32:36.186+0000] {dag.py:3823} INFO - Setting next_dagrun for dataset_consumes_unknown_never_scheduled to None, run_after=None
[2024-02-16T09:32:36.188+0000] {logging_mixin.py:188} INFO - [2024-02-16T09:32:36.188+0000] {dag.py:3823} INFO - Setting next_dagrun for dataset_produces_1 to 2024-02-15 00:00:00+00:00, run_after=2024-02-16 00:00:00+00:00
[2024-02-16T09:32:36.190+0000] {logging_mixin.py:188} INFO - [2024-02-16T09:32:36.189+0000] {dag.py:3823} INFO - Setting next_dagrun for dataset_produces_2 to None, run_after=None
[2024-02-16T09:32:36.226+0000] {processor.py:183} INFO - Processing /home/airflow/.local/lib/python3.8/site-packages/airflow/example_dags/example_datasets.py took 0.122 seconds
[2024-02-16T09:33:06.783+0000] {processor.py:161} INFO - Started process (PID=6558) to work on /home/airflow/.local/lib/python3.8/site-packages/airflow/example_dags/example_datasets.py
[2024-02-16T09:33:06.786+0000] {processor.py:830} INFO - Processing file /home/airflow/.local/lib/python3.8/site-packages/airflow/example_dags/example_datasets.py for tasks to queue
[2024-02-16T09:33:06.786+0000] {logging_mixin.py:188} INFO - [2024-02-16T09:33:06.786+0000] {dagbag.py:538} INFO - Filling up the DagBag from /home/airflow/.local/lib/python3.8/site-packages/airflow/example_dags/example_datasets.py
[2024-02-16T09:33:06.793+0000] {processor.py:840} INFO - DAG(s) 'dataset_produces_1', 'dataset_consumes_1_and_2', 'dataset_produces_2', 'dataset_consumes_unknown_never_scheduled', 'dataset_consumes_1_never_scheduled', 'dataset_consumes_1' retrieved from /home/airflow/.local/lib/python3.8/site-packages/airflow/example_dags/example_datasets.py
[2024-02-16T09:33:06.829+0000] {logging_mixin.py:188} INFO - [2024-02-16T09:33:06.829+0000] {dag.py:3036} INFO - Sync 6 DAGs
[2024-02-16T09:33:06.848+0000] {logging_mixin.py:188} INFO - [2024-02-16T09:33:06.848+0000] {dag.py:3823} INFO - Setting next_dagrun for dataset_consumes_1 to None, run_after=None
[2024-02-16T09:33:06.851+0000] {logging_mixin.py:188} INFO - [2024-02-16T09:33:06.851+0000] {dag.py:3823} INFO - Setting next_dagrun for dataset_consumes_1_and_2 to None, run_after=None
[2024-02-16T09:33:06.852+0000] {logging_mixin.py:188} INFO - [2024-02-16T09:33:06.852+0000] {dag.py:3823} INFO - Setting next_dagrun for dataset_consumes_1_never_scheduled to None, run_after=None
[2024-02-16T09:33:06.853+0000] {logging_mixin.py:188} INFO - [2024-02-16T09:33:06.853+0000] {dag.py:3823} INFO - Setting next_dagrun for dataset_consumes_unknown_never_scheduled to None, run_after=None
[2024-02-16T09:33:06.856+0000] {logging_mixin.py:188} INFO - [2024-02-16T09:33:06.856+0000] {dag.py:3823} INFO - Setting next_dagrun for dataset_produces_1 to 2024-02-15 00:00:00+00:00, run_after=2024-02-16 00:00:00+00:00
[2024-02-16T09:33:06.857+0000] {logging_mixin.py:188} INFO - [2024-02-16T09:33:06.857+0000] {dag.py:3823} INFO - Setting next_dagrun for dataset_produces_2 to None, run_after=None
[2024-02-16T09:33:06.890+0000] {processor.py:183} INFO - Processing /home/airflow/.local/lib/python3.8/site-packages/airflow/example_dags/example_datasets.py took 0.110 seconds
[2024-02-16T09:33:37.288+0000] {processor.py:161} INFO - Started process (PID=6805) to work on /home/airflow/.local/lib/python3.8/site-packages/airflow/example_dags/example_datasets.py
[2024-02-16T09:33:37.291+0000] {processor.py:830} INFO - Processing file /home/airflow/.local/lib/python3.8/site-packages/airflow/example_dags/example_datasets.py for tasks to queue
[2024-02-16T09:33:37.291+0000] {logging_mixin.py:188} INFO - [2024-02-16T09:33:37.291+0000] {dagbag.py:538} INFO - Filling up the DagBag from /home/airflow/.local/lib/python3.8/site-packages/airflow/example_dags/example_datasets.py
[2024-02-16T09:33:37.299+0000] {processor.py:840} INFO - DAG(s) 'dataset_consumes_1', 'dataset_consumes_1_and_2', 'dataset_produces_2', 'dataset_consumes_1_never_scheduled', 'dataset_consumes_unknown_never_scheduled', 'dataset_produces_1' retrieved from /home/airflow/.local/lib/python3.8/site-packages/airflow/example_dags/example_datasets.py
[2024-02-16T09:33:37.335+0000] {logging_mixin.py:188} INFO - [2024-02-16T09:33:37.334+0000] {dag.py:3036} INFO - Sync 6 DAGs
[2024-02-16T09:33:37.358+0000] {logging_mixin.py:188} INFO - [2024-02-16T09:33:37.357+0000] {dag.py:3823} INFO - Setting next_dagrun for dataset_consumes_1 to None, run_after=None
[2024-02-16T09:33:37.361+0000] {logging_mixin.py:188} INFO - [2024-02-16T09:33:37.360+0000] {dag.py:3823} INFO - Setting next_dagrun for dataset_consumes_1_and_2 to None, run_after=None
[2024-02-16T09:33:37.362+0000] {logging_mixin.py:188} INFO - [2024-02-16T09:33:37.362+0000] {dag.py:3823} INFO - Setting next_dagrun for dataset_consumes_1_never_scheduled to None, run_after=None
[2024-02-16T09:33:37.363+0000] {logging_mixin.py:188} INFO - [2024-02-16T09:33:37.363+0000] {dag.py:3823} INFO - Setting next_dagrun for dataset_consumes_unknown_never_scheduled to None, run_after=None
[2024-02-16T09:33:37.366+0000] {logging_mixin.py:188} INFO - [2024-02-16T09:33:37.365+0000] {dag.py:3823} INFO - Setting next_dagrun for dataset_produces_1 to 2024-02-15 00:00:00+00:00, run_after=2024-02-16 00:00:00+00:00
[2024-02-16T09:33:37.367+0000] {logging_mixin.py:188} INFO - [2024-02-16T09:33:37.367+0000] {dag.py:3823} INFO - Setting next_dagrun for dataset_produces_2 to None, run_after=None
[2024-02-16T09:33:37.403+0000] {processor.py:183} INFO - Processing /home/airflow/.local/lib/python3.8/site-packages/airflow/example_dags/example_datasets.py took 0.119 seconds
[2024-02-16T09:34:07.716+0000] {processor.py:161} INFO - Started process (PID=7052) to work on /home/airflow/.local/lib/python3.8/site-packages/airflow/example_dags/example_datasets.py
[2024-02-16T09:34:07.719+0000] {processor.py:830} INFO - Processing file /home/airflow/.local/lib/python3.8/site-packages/airflow/example_dags/example_datasets.py for tasks to queue
[2024-02-16T09:34:07.719+0000] {logging_mixin.py:188} INFO - [2024-02-16T09:34:07.719+0000] {dagbag.py:538} INFO - Filling up the DagBag from /home/airflow/.local/lib/python3.8/site-packages/airflow/example_dags/example_datasets.py
[2024-02-16T09:34:07.727+0000] {processor.py:840} INFO - DAG(s) 'dataset_consumes_1_never_scheduled', 'dataset_produces_1', 'dataset_produces_2', 'dataset_consumes_unknown_never_scheduled', 'dataset_consumes_1_and_2', 'dataset_consumes_1' retrieved from /home/airflow/.local/lib/python3.8/site-packages/airflow/example_dags/example_datasets.py
[2024-02-16T09:34:07.762+0000] {logging_mixin.py:188} INFO - [2024-02-16T09:34:07.762+0000] {dag.py:3036} INFO - Sync 6 DAGs
[2024-02-16T09:34:07.780+0000] {logging_mixin.py:188} INFO - [2024-02-16T09:34:07.780+0000] {dag.py:3823} INFO - Setting next_dagrun for dataset_consumes_1 to None, run_after=None
[2024-02-16T09:34:07.783+0000] {logging_mixin.py:188} INFO - [2024-02-16T09:34:07.783+0000] {dag.py:3823} INFO - Setting next_dagrun for dataset_consumes_1_and_2 to None, run_after=None
[2024-02-16T09:34:07.785+0000] {logging_mixin.py:188} INFO - [2024-02-16T09:34:07.784+0000] {dag.py:3823} INFO - Setting next_dagrun for dataset_consumes_1_never_scheduled to None, run_after=None
[2024-02-16T09:34:07.786+0000] {logging_mixin.py:188} INFO - [2024-02-16T09:34:07.785+0000] {dag.py:3823} INFO - Setting next_dagrun for dataset_consumes_unknown_never_scheduled to None, run_after=None
[2024-02-16T09:34:07.788+0000] {logging_mixin.py:188} INFO - [2024-02-16T09:34:07.787+0000] {dag.py:3823} INFO - Setting next_dagrun for dataset_produces_1 to 2024-02-15 00:00:00+00:00, run_after=2024-02-16 00:00:00+00:00
[2024-02-16T09:34:07.789+0000] {logging_mixin.py:188} INFO - [2024-02-16T09:34:07.789+0000] {dag.py:3823} INFO - Setting next_dagrun for dataset_produces_2 to None, run_after=None
[2024-02-16T09:34:07.821+0000] {processor.py:183} INFO - Processing /home/airflow/.local/lib/python3.8/site-packages/airflow/example_dags/example_datasets.py took 0.109 seconds
[2024-02-16T09:38:03.207+0000] {processor.py:161} INFO - Started process (PID=198) to work on /home/airflow/.local/lib/python3.8/site-packages/airflow/example_dags/example_datasets.py
[2024-02-16T09:38:03.209+0000] {processor.py:830} INFO - Processing file /home/airflow/.local/lib/python3.8/site-packages/airflow/example_dags/example_datasets.py for tasks to queue
[2024-02-16T09:38:03.210+0000] {logging_mixin.py:188} INFO - [2024-02-16T09:38:03.209+0000] {dagbag.py:538} INFO - Filling up the DagBag from /home/airflow/.local/lib/python3.8/site-packages/airflow/example_dags/example_datasets.py
[2024-02-16T09:38:03.230+0000] {processor.py:840} INFO - DAG(s) 'dataset_consumes_1_and_2', 'dataset_consumes_1', 'dataset_consumes_1_never_scheduled', 'dataset_produces_2', 'dataset_produces_1', 'dataset_consumes_unknown_never_scheduled' retrieved from /home/airflow/.local/lib/python3.8/site-packages/airflow/example_dags/example_datasets.py
[2024-02-16T09:38:03.246+0000] {logging_mixin.py:188} INFO - [2024-02-16T09:38:03.246+0000] {dag.py:3036} INFO - Sync 6 DAGs
[2024-02-16T09:38:03.279+0000] {logging_mixin.py:188} INFO - [2024-02-16T09:38:03.278+0000] {dag.py:3823} INFO - Setting next_dagrun for dataset_consumes_1 to None, run_after=None
[2024-02-16T09:38:03.283+0000] {logging_mixin.py:188} INFO - [2024-02-16T09:38:03.283+0000] {dag.py:3823} INFO - Setting next_dagrun for dataset_consumes_1_and_2 to None, run_after=None
[2024-02-16T09:38:03.284+0000] {logging_mixin.py:188} INFO - [2024-02-16T09:38:03.284+0000] {dag.py:3823} INFO - Setting next_dagrun for dataset_consumes_1_never_scheduled to None, run_after=None
[2024-02-16T09:38:03.286+0000] {logging_mixin.py:188} INFO - [2024-02-16T09:38:03.286+0000] {dag.py:3823} INFO - Setting next_dagrun for dataset_consumes_unknown_never_scheduled to None, run_after=None
[2024-02-16T09:38:03.290+0000] {logging_mixin.py:188} INFO - [2024-02-16T09:38:03.290+0000] {dag.py:3823} INFO - Setting next_dagrun for dataset_produces_1 to 2024-02-15 00:00:00+00:00, run_after=2024-02-16 00:00:00+00:00
[2024-02-16T09:38:03.292+0000] {logging_mixin.py:188} INFO - [2024-02-16T09:38:03.292+0000] {dag.py:3823} INFO - Setting next_dagrun for dataset_produces_2 to None, run_after=None
[2024-02-16T09:38:03.329+0000] {processor.py:183} INFO - Processing /home/airflow/.local/lib/python3.8/site-packages/airflow/example_dags/example_datasets.py took 0.125 seconds
[2024-02-16T09:38:33.864+0000] {processor.py:161} INFO - Started process (PID=447) to work on /home/airflow/.local/lib/python3.8/site-packages/airflow/example_dags/example_datasets.py
[2024-02-16T09:38:33.865+0000] {processor.py:830} INFO - Processing file /home/airflow/.local/lib/python3.8/site-packages/airflow/example_dags/example_datasets.py for tasks to queue
[2024-02-16T09:38:33.866+0000] {logging_mixin.py:188} INFO - [2024-02-16T09:38:33.866+0000] {dagbag.py:538} INFO - Filling up the DagBag from /home/airflow/.local/lib/python3.8/site-packages/airflow/example_dags/example_datasets.py
[2024-02-16T09:38:33.875+0000] {processor.py:840} INFO - DAG(s) 'dataset_produces_1', 'dataset_consumes_1_and_2', 'dataset_produces_2', 'dataset_consumes_1', 'dataset_consumes_unknown_never_scheduled', 'dataset_consumes_1_never_scheduled' retrieved from /home/airflow/.local/lib/python3.8/site-packages/airflow/example_dags/example_datasets.py
[2024-02-16T09:38:34.013+0000] {logging_mixin.py:188} INFO - [2024-02-16T09:38:34.012+0000] {dag.py:3036} INFO - Sync 6 DAGs
[2024-02-16T09:38:34.029+0000] {logging_mixin.py:188} INFO - [2024-02-16T09:38:34.029+0000] {dag.py:3823} INFO - Setting next_dagrun for dataset_consumes_1 to None, run_after=None
[2024-02-16T09:38:34.033+0000] {logging_mixin.py:188} INFO - [2024-02-16T09:38:34.032+0000] {dag.py:3823} INFO - Setting next_dagrun for dataset_consumes_1_and_2 to None, run_after=None
[2024-02-16T09:38:34.034+0000] {logging_mixin.py:188} INFO - [2024-02-16T09:38:34.033+0000] {dag.py:3823} INFO - Setting next_dagrun for dataset_consumes_1_never_scheduled to None, run_after=None
[2024-02-16T09:38:34.035+0000] {logging_mixin.py:188} INFO - [2024-02-16T09:38:34.035+0000] {dag.py:3823} INFO - Setting next_dagrun for dataset_consumes_unknown_never_scheduled to None, run_after=None
[2024-02-16T09:38:34.037+0000] {logging_mixin.py:188} INFO - [2024-02-16T09:38:34.037+0000] {dag.py:3823} INFO - Setting next_dagrun for dataset_produces_1 to 2024-02-15 00:00:00+00:00, run_after=2024-02-16 00:00:00+00:00
[2024-02-16T09:38:34.039+0000] {logging_mixin.py:188} INFO - [2024-02-16T09:38:34.038+0000] {dag.py:3823} INFO - Setting next_dagrun for dataset_produces_2 to None, run_after=None
[2024-02-16T09:38:34.074+0000] {processor.py:183} INFO - Processing /home/airflow/.local/lib/python3.8/site-packages/airflow/example_dags/example_datasets.py took 0.213 seconds
