[2024-02-16T09:20:27.732+0000] {processor.py:161} INFO - Started process (PID=356) to work on /home/airflow/.local/lib/python3.8/site-packages/airflow/example_dags/example_task_group.py
[2024-02-16T09:20:27.733+0000] {processor.py:830} INFO - Processing file /home/airflow/.local/lib/python3.8/site-packages/airflow/example_dags/example_task_group.py for tasks to queue
[2024-02-16T09:20:27.733+0000] {logging_mixin.py:188} INFO - [2024-02-16T09:20:27.733+0000] {dagbag.py:538} INFO - Filling up the DagBag from /home/airflow/.local/lib/python3.8/site-packages/airflow/example_dags/example_task_group.py
[2024-02-16T09:20:27.740+0000] {processor.py:840} INFO - DAG(s) 'example_task_group' retrieved from /home/airflow/.local/lib/python3.8/site-packages/airflow/example_dags/example_task_group.py
[2024-02-16T09:20:27.852+0000] {logging_mixin.py:188} INFO - [2024-02-16T09:20:27.851+0000] {override.py:1769} INFO - Created Permission View: can delete on DAG:example_task_group
[2024-02-16T09:20:27.866+0000] {logging_mixin.py:188} INFO - [2024-02-16T09:20:27.866+0000] {override.py:1769} INFO - Created Permission View: can edit on DAG:example_task_group
[2024-02-16T09:20:27.874+0000] {logging_mixin.py:188} INFO - [2024-02-16T09:20:27.874+0000] {override.py:1769} INFO - Created Permission View: can read on DAG:example_task_group
[2024-02-16T09:20:27.875+0000] {logging_mixin.py:188} INFO - [2024-02-16T09:20:27.875+0000] {dag.py:3036} INFO - Sync 1 DAGs
[2024-02-16T09:20:27.888+0000] {logging_mixin.py:188} INFO - [2024-02-16T09:20:27.888+0000] {dag.py:3058} INFO - Creating ORM DAG for example_task_group
[2024-02-16T09:20:27.902+0000] {logging_mixin.py:188} INFO - [2024-02-16T09:20:27.902+0000] {dag.py:3823} INFO - Setting next_dagrun for example_task_group to 2024-02-15 00:00:00+00:00, run_after=2024-02-16 00:00:00+00:00
[2024-02-16T09:20:27.923+0000] {processor.py:183} INFO - Processing /home/airflow/.local/lib/python3.8/site-packages/airflow/example_dags/example_task_group.py took 0.195 seconds
[2024-02-16T09:20:58.855+0000] {processor.py:161} INFO - Started process (PID=605) to work on /home/airflow/.local/lib/python3.8/site-packages/airflow/example_dags/example_task_group.py
[2024-02-16T09:20:58.856+0000] {processor.py:830} INFO - Processing file /home/airflow/.local/lib/python3.8/site-packages/airflow/example_dags/example_task_group.py for tasks to queue
[2024-02-16T09:20:58.856+0000] {logging_mixin.py:188} INFO - [2024-02-16T09:20:58.856+0000] {dagbag.py:538} INFO - Filling up the DagBag from /home/airflow/.local/lib/python3.8/site-packages/airflow/example_dags/example_task_group.py
[2024-02-16T09:20:58.863+0000] {processor.py:840} INFO - DAG(s) 'example_task_group' retrieved from /home/airflow/.local/lib/python3.8/site-packages/airflow/example_dags/example_task_group.py
[2024-02-16T09:20:58.885+0000] {logging_mixin.py:188} INFO - [2024-02-16T09:20:58.885+0000] {dag.py:3036} INFO - Sync 1 DAGs
[2024-02-16T09:20:58.902+0000] {logging_mixin.py:188} INFO - [2024-02-16T09:20:58.902+0000] {dag.py:3823} INFO - Setting next_dagrun for example_task_group to 2024-02-15 00:00:00+00:00, run_after=2024-02-16 00:00:00+00:00
[2024-02-16T09:20:58.921+0000] {processor.py:183} INFO - Processing /home/airflow/.local/lib/python3.8/site-packages/airflow/example_dags/example_task_group.py took 0.070 seconds
[2024-02-16T09:21:29.387+0000] {processor.py:161} INFO - Started process (PID=852) to work on /home/airflow/.local/lib/python3.8/site-packages/airflow/example_dags/example_task_group.py
[2024-02-16T09:21:29.390+0000] {processor.py:830} INFO - Processing file /home/airflow/.local/lib/python3.8/site-packages/airflow/example_dags/example_task_group.py for tasks to queue
[2024-02-16T09:21:29.391+0000] {logging_mixin.py:188} INFO - [2024-02-16T09:21:29.390+0000] {dagbag.py:538} INFO - Filling up the DagBag from /home/airflow/.local/lib/python3.8/site-packages/airflow/example_dags/example_task_group.py
[2024-02-16T09:21:29.398+0000] {processor.py:840} INFO - DAG(s) 'example_task_group' retrieved from /home/airflow/.local/lib/python3.8/site-packages/airflow/example_dags/example_task_group.py
[2024-02-16T09:21:29.419+0000] {logging_mixin.py:188} INFO - [2024-02-16T09:21:29.419+0000] {dag.py:3036} INFO - Sync 1 DAGs
[2024-02-16T09:21:29.439+0000] {logging_mixin.py:188} INFO - [2024-02-16T09:21:29.439+0000] {dag.py:3823} INFO - Setting next_dagrun for example_task_group to 2024-02-15 00:00:00+00:00, run_after=2024-02-16 00:00:00+00:00
[2024-02-16T09:21:29.459+0000] {processor.py:183} INFO - Processing /home/airflow/.local/lib/python3.8/site-packages/airflow/example_dags/example_task_group.py took 0.074 seconds
[2024-02-16T09:22:00.161+0000] {processor.py:161} INFO - Started process (PID=1098) to work on /home/airflow/.local/lib/python3.8/site-packages/airflow/example_dags/example_task_group.py
[2024-02-16T09:22:00.164+0000] {processor.py:830} INFO - Processing file /home/airflow/.local/lib/python3.8/site-packages/airflow/example_dags/example_task_group.py for tasks to queue
[2024-02-16T09:22:00.165+0000] {logging_mixin.py:188} INFO - [2024-02-16T09:22:00.164+0000] {dagbag.py:538} INFO - Filling up the DagBag from /home/airflow/.local/lib/python3.8/site-packages/airflow/example_dags/example_task_group.py
[2024-02-16T09:22:00.170+0000] {processor.py:840} INFO - DAG(s) 'example_task_group' retrieved from /home/airflow/.local/lib/python3.8/site-packages/airflow/example_dags/example_task_group.py
[2024-02-16T09:22:00.193+0000] {logging_mixin.py:188} INFO - [2024-02-16T09:22:00.193+0000] {dag.py:3036} INFO - Sync 1 DAGs
[2024-02-16T09:22:00.215+0000] {logging_mixin.py:188} INFO - [2024-02-16T09:22:00.215+0000] {dag.py:3823} INFO - Setting next_dagrun for example_task_group to 2024-02-15 00:00:00+00:00, run_after=2024-02-16 00:00:00+00:00
[2024-02-16T09:22:00.237+0000] {processor.py:183} INFO - Processing /home/airflow/.local/lib/python3.8/site-packages/airflow/example_dags/example_task_group.py took 0.079 seconds
[2024-02-16T09:22:30.865+0000] {processor.py:161} INFO - Started process (PID=1345) to work on /home/airflow/.local/lib/python3.8/site-packages/airflow/example_dags/example_task_group.py
[2024-02-16T09:22:30.866+0000] {processor.py:830} INFO - Processing file /home/airflow/.local/lib/python3.8/site-packages/airflow/example_dags/example_task_group.py for tasks to queue
[2024-02-16T09:22:30.867+0000] {logging_mixin.py:188} INFO - [2024-02-16T09:22:30.866+0000] {dagbag.py:538} INFO - Filling up the DagBag from /home/airflow/.local/lib/python3.8/site-packages/airflow/example_dags/example_task_group.py
[2024-02-16T09:22:30.874+0000] {processor.py:840} INFO - DAG(s) 'example_task_group' retrieved from /home/airflow/.local/lib/python3.8/site-packages/airflow/example_dags/example_task_group.py
[2024-02-16T09:22:30.898+0000] {logging_mixin.py:188} INFO - [2024-02-16T09:22:30.897+0000] {dag.py:3036} INFO - Sync 1 DAGs
[2024-02-16T09:22:30.921+0000] {logging_mixin.py:188} INFO - [2024-02-16T09:22:30.921+0000] {dag.py:3823} INFO - Setting next_dagrun for example_task_group to 2024-02-15 00:00:00+00:00, run_after=2024-02-16 00:00:00+00:00
[2024-02-16T09:22:30.944+0000] {processor.py:183} INFO - Processing /home/airflow/.local/lib/python3.8/site-packages/airflow/example_dags/example_task_group.py took 0.083 seconds
[2024-02-16T09:23:01.359+0000] {processor.py:161} INFO - Started process (PID=1592) to work on /home/airflow/.local/lib/python3.8/site-packages/airflow/example_dags/example_task_group.py
[2024-02-16T09:23:01.360+0000] {processor.py:830} INFO - Processing file /home/airflow/.local/lib/python3.8/site-packages/airflow/example_dags/example_task_group.py for tasks to queue
[2024-02-16T09:23:01.361+0000] {logging_mixin.py:188} INFO - [2024-02-16T09:23:01.361+0000] {dagbag.py:538} INFO - Filling up the DagBag from /home/airflow/.local/lib/python3.8/site-packages/airflow/example_dags/example_task_group.py
[2024-02-16T09:23:01.366+0000] {processor.py:840} INFO - DAG(s) 'example_task_group' retrieved from /home/airflow/.local/lib/python3.8/site-packages/airflow/example_dags/example_task_group.py
[2024-02-16T09:23:01.389+0000] {logging_mixin.py:188} INFO - [2024-02-16T09:23:01.389+0000] {dag.py:3036} INFO - Sync 1 DAGs
[2024-02-16T09:23:01.407+0000] {logging_mixin.py:188} INFO - [2024-02-16T09:23:01.407+0000] {dag.py:3823} INFO - Setting next_dagrun for example_task_group to 2024-02-15 00:00:00+00:00, run_after=2024-02-16 00:00:00+00:00
[2024-02-16T09:23:01.426+0000] {processor.py:183} INFO - Processing /home/airflow/.local/lib/python3.8/site-packages/airflow/example_dags/example_task_group.py took 0.071 seconds
[2024-02-16T09:23:31.725+0000] {processor.py:161} INFO - Started process (PID=1838) to work on /home/airflow/.local/lib/python3.8/site-packages/airflow/example_dags/example_task_group.py
[2024-02-16T09:23:31.728+0000] {processor.py:830} INFO - Processing file /home/airflow/.local/lib/python3.8/site-packages/airflow/example_dags/example_task_group.py for tasks to queue
[2024-02-16T09:23:31.729+0000] {logging_mixin.py:188} INFO - [2024-02-16T09:23:31.729+0000] {dagbag.py:538} INFO - Filling up the DagBag from /home/airflow/.local/lib/python3.8/site-packages/airflow/example_dags/example_task_group.py
[2024-02-16T09:23:31.735+0000] {processor.py:840} INFO - DAG(s) 'example_task_group' retrieved from /home/airflow/.local/lib/python3.8/site-packages/airflow/example_dags/example_task_group.py
[2024-02-16T09:23:31.757+0000] {logging_mixin.py:188} INFO - [2024-02-16T09:23:31.757+0000] {dag.py:3036} INFO - Sync 1 DAGs
[2024-02-16T09:23:31.775+0000] {logging_mixin.py:188} INFO - [2024-02-16T09:23:31.775+0000] {dag.py:3823} INFO - Setting next_dagrun for example_task_group to 2024-02-15 00:00:00+00:00, run_after=2024-02-16 00:00:00+00:00
[2024-02-16T09:23:31.797+0000] {processor.py:183} INFO - Processing /home/airflow/.local/lib/python3.8/site-packages/airflow/example_dags/example_task_group.py took 0.075 seconds
[2024-02-16T09:24:02.239+0000] {processor.py:161} INFO - Started process (PID=2085) to work on /home/airflow/.local/lib/python3.8/site-packages/airflow/example_dags/example_task_group.py
[2024-02-16T09:24:02.241+0000] {processor.py:830} INFO - Processing file /home/airflow/.local/lib/python3.8/site-packages/airflow/example_dags/example_task_group.py for tasks to queue
[2024-02-16T09:24:02.242+0000] {logging_mixin.py:188} INFO - [2024-02-16T09:24:02.241+0000] {dagbag.py:538} INFO - Filling up the DagBag from /home/airflow/.local/lib/python3.8/site-packages/airflow/example_dags/example_task_group.py
[2024-02-16T09:24:02.247+0000] {processor.py:840} INFO - DAG(s) 'example_task_group' retrieved from /home/airflow/.local/lib/python3.8/site-packages/airflow/example_dags/example_task_group.py
[2024-02-16T09:24:02.268+0000] {logging_mixin.py:188} INFO - [2024-02-16T09:24:02.267+0000] {dag.py:3036} INFO - Sync 1 DAGs
[2024-02-16T09:24:02.285+0000] {logging_mixin.py:188} INFO - [2024-02-16T09:24:02.285+0000] {dag.py:3823} INFO - Setting next_dagrun for example_task_group to 2024-02-15 00:00:00+00:00, run_after=2024-02-16 00:00:00+00:00
[2024-02-16T09:24:02.306+0000] {processor.py:183} INFO - Processing /home/airflow/.local/lib/python3.8/site-packages/airflow/example_dags/example_task_group.py took 0.069 seconds
[2024-02-16T09:24:32.680+0000] {processor.py:161} INFO - Started process (PID=2331) to work on /home/airflow/.local/lib/python3.8/site-packages/airflow/example_dags/example_task_group.py
[2024-02-16T09:24:32.681+0000] {processor.py:830} INFO - Processing file /home/airflow/.local/lib/python3.8/site-packages/airflow/example_dags/example_task_group.py for tasks to queue
[2024-02-16T09:24:32.682+0000] {logging_mixin.py:188} INFO - [2024-02-16T09:24:32.682+0000] {dagbag.py:538} INFO - Filling up the DagBag from /home/airflow/.local/lib/python3.8/site-packages/airflow/example_dags/example_task_group.py
[2024-02-16T09:24:32.690+0000] {processor.py:840} INFO - DAG(s) 'example_task_group' retrieved from /home/airflow/.local/lib/python3.8/site-packages/airflow/example_dags/example_task_group.py
[2024-02-16T09:24:32.714+0000] {logging_mixin.py:188} INFO - [2024-02-16T09:24:32.714+0000] {dag.py:3036} INFO - Sync 1 DAGs
[2024-02-16T09:24:32.735+0000] {logging_mixin.py:188} INFO - [2024-02-16T09:24:32.735+0000] {dag.py:3823} INFO - Setting next_dagrun for example_task_group to 2024-02-15 00:00:00+00:00, run_after=2024-02-16 00:00:00+00:00
[2024-02-16T09:24:32.754+0000] {processor.py:183} INFO - Processing /home/airflow/.local/lib/python3.8/site-packages/airflow/example_dags/example_task_group.py took 0.076 seconds
[2024-02-16T09:25:03.120+0000] {processor.py:161} INFO - Started process (PID=2578) to work on /home/airflow/.local/lib/python3.8/site-packages/airflow/example_dags/example_task_group.py
[2024-02-16T09:25:03.123+0000] {processor.py:830} INFO - Processing file /home/airflow/.local/lib/python3.8/site-packages/airflow/example_dags/example_task_group.py for tasks to queue
[2024-02-16T09:25:03.124+0000] {logging_mixin.py:188} INFO - [2024-02-16T09:25:03.124+0000] {dagbag.py:538} INFO - Filling up the DagBag from /home/airflow/.local/lib/python3.8/site-packages/airflow/example_dags/example_task_group.py
[2024-02-16T09:25:03.130+0000] {processor.py:840} INFO - DAG(s) 'example_task_group' retrieved from /home/airflow/.local/lib/python3.8/site-packages/airflow/example_dags/example_task_group.py
[2024-02-16T09:25:03.151+0000] {logging_mixin.py:188} INFO - [2024-02-16T09:25:03.151+0000] {dag.py:3036} INFO - Sync 1 DAGs
[2024-02-16T09:25:03.168+0000] {logging_mixin.py:188} INFO - [2024-02-16T09:25:03.168+0000] {dag.py:3823} INFO - Setting next_dagrun for example_task_group to 2024-02-15 00:00:00+00:00, run_after=2024-02-16 00:00:00+00:00
[2024-02-16T09:25:03.191+0000] {processor.py:183} INFO - Processing /home/airflow/.local/lib/python3.8/site-packages/airflow/example_dags/example_task_group.py took 0.074 seconds
[2024-02-16T09:25:33.569+0000] {processor.py:161} INFO - Started process (PID=2824) to work on /home/airflow/.local/lib/python3.8/site-packages/airflow/example_dags/example_task_group.py
[2024-02-16T09:25:33.570+0000] {processor.py:830} INFO - Processing file /home/airflow/.local/lib/python3.8/site-packages/airflow/example_dags/example_task_group.py for tasks to queue
[2024-02-16T09:25:33.571+0000] {logging_mixin.py:188} INFO - [2024-02-16T09:25:33.570+0000] {dagbag.py:538} INFO - Filling up the DagBag from /home/airflow/.local/lib/python3.8/site-packages/airflow/example_dags/example_task_group.py
[2024-02-16T09:25:33.579+0000] {processor.py:840} INFO - DAG(s) 'example_task_group' retrieved from /home/airflow/.local/lib/python3.8/site-packages/airflow/example_dags/example_task_group.py
[2024-02-16T09:25:33.601+0000] {logging_mixin.py:188} INFO - [2024-02-16T09:25:33.601+0000] {dag.py:3036} INFO - Sync 1 DAGs
[2024-02-16T09:25:33.623+0000] {logging_mixin.py:188} INFO - [2024-02-16T09:25:33.623+0000] {dag.py:3823} INFO - Setting next_dagrun for example_task_group to 2024-02-15 00:00:00+00:00, run_after=2024-02-16 00:00:00+00:00
[2024-02-16T09:25:33.646+0000] {processor.py:183} INFO - Processing /home/airflow/.local/lib/python3.8/site-packages/airflow/example_dags/example_task_group.py took 0.080 seconds
[2024-02-16T09:26:04.502+0000] {processor.py:161} INFO - Started process (PID=3071) to work on /home/airflow/.local/lib/python3.8/site-packages/airflow/example_dags/example_task_group.py
[2024-02-16T09:26:04.503+0000] {processor.py:830} INFO - Processing file /home/airflow/.local/lib/python3.8/site-packages/airflow/example_dags/example_task_group.py for tasks to queue
[2024-02-16T09:26:04.504+0000] {logging_mixin.py:188} INFO - [2024-02-16T09:26:04.504+0000] {dagbag.py:538} INFO - Filling up the DagBag from /home/airflow/.local/lib/python3.8/site-packages/airflow/example_dags/example_task_group.py
[2024-02-16T09:26:04.510+0000] {processor.py:840} INFO - DAG(s) 'example_task_group' retrieved from /home/airflow/.local/lib/python3.8/site-packages/airflow/example_dags/example_task_group.py
[2024-02-16T09:26:04.538+0000] {logging_mixin.py:188} INFO - [2024-02-16T09:26:04.538+0000] {dag.py:3036} INFO - Sync 1 DAGs
[2024-02-16T09:26:04.558+0000] {logging_mixin.py:188} INFO - [2024-02-16T09:26:04.558+0000] {dag.py:3823} INFO - Setting next_dagrun for example_task_group to 2024-02-15 00:00:00+00:00, run_after=2024-02-16 00:00:00+00:00
[2024-02-16T09:26:04.582+0000] {processor.py:183} INFO - Processing /home/airflow/.local/lib/python3.8/site-packages/airflow/example_dags/example_task_group.py took 0.084 seconds
[2024-02-16T09:26:35.198+0000] {processor.py:161} INFO - Started process (PID=3322) to work on /home/airflow/.local/lib/python3.8/site-packages/airflow/example_dags/example_task_group.py
[2024-02-16T09:26:35.199+0000] {processor.py:830} INFO - Processing file /home/airflow/.local/lib/python3.8/site-packages/airflow/example_dags/example_task_group.py for tasks to queue
[2024-02-16T09:26:35.201+0000] {logging_mixin.py:188} INFO - [2024-02-16T09:26:35.200+0000] {dagbag.py:538} INFO - Filling up the DagBag from /home/airflow/.local/lib/python3.8/site-packages/airflow/example_dags/example_task_group.py
[2024-02-16T09:26:35.209+0000] {processor.py:840} INFO - DAG(s) 'example_task_group' retrieved from /home/airflow/.local/lib/python3.8/site-packages/airflow/example_dags/example_task_group.py
[2024-02-16T09:26:35.233+0000] {logging_mixin.py:188} INFO - [2024-02-16T09:26:35.233+0000] {dag.py:3036} INFO - Sync 1 DAGs
[2024-02-16T09:26:35.258+0000] {logging_mixin.py:188} INFO - [2024-02-16T09:26:35.257+0000] {dag.py:3823} INFO - Setting next_dagrun for example_task_group to 2024-02-15 00:00:00+00:00, run_after=2024-02-16 00:00:00+00:00
[2024-02-16T09:26:35.301+0000] {processor.py:183} INFO - Processing /home/airflow/.local/lib/python3.8/site-packages/airflow/example_dags/example_task_group.py took 0.107 seconds
[2024-02-16T09:27:05.660+0000] {processor.py:161} INFO - Started process (PID=3569) to work on /home/airflow/.local/lib/python3.8/site-packages/airflow/example_dags/example_task_group.py
[2024-02-16T09:27:05.662+0000] {processor.py:830} INFO - Processing file /home/airflow/.local/lib/python3.8/site-packages/airflow/example_dags/example_task_group.py for tasks to queue
[2024-02-16T09:27:05.663+0000] {logging_mixin.py:188} INFO - [2024-02-16T09:27:05.662+0000] {dagbag.py:538} INFO - Filling up the DagBag from /home/airflow/.local/lib/python3.8/site-packages/airflow/example_dags/example_task_group.py
[2024-02-16T09:27:05.669+0000] {processor.py:840} INFO - DAG(s) 'example_task_group' retrieved from /home/airflow/.local/lib/python3.8/site-packages/airflow/example_dags/example_task_group.py
[2024-02-16T09:27:05.691+0000] {logging_mixin.py:188} INFO - [2024-02-16T09:27:05.691+0000] {dag.py:3036} INFO - Sync 1 DAGs
[2024-02-16T09:27:05.712+0000] {logging_mixin.py:188} INFO - [2024-02-16T09:27:05.712+0000] {dag.py:3823} INFO - Setting next_dagrun for example_task_group to 2024-02-15 00:00:00+00:00, run_after=2024-02-16 00:00:00+00:00
[2024-02-16T09:27:05.735+0000] {processor.py:183} INFO - Processing /home/airflow/.local/lib/python3.8/site-packages/airflow/example_dags/example_task_group.py took 0.077 seconds
[2024-02-16T09:27:36.155+0000] {processor.py:161} INFO - Started process (PID=3817) to work on /home/airflow/.local/lib/python3.8/site-packages/airflow/example_dags/example_task_group.py
[2024-02-16T09:27:36.157+0000] {processor.py:830} INFO - Processing file /home/airflow/.local/lib/python3.8/site-packages/airflow/example_dags/example_task_group.py for tasks to queue
[2024-02-16T09:27:36.158+0000] {logging_mixin.py:188} INFO - [2024-02-16T09:27:36.158+0000] {dagbag.py:538} INFO - Filling up the DagBag from /home/airflow/.local/lib/python3.8/site-packages/airflow/example_dags/example_task_group.py
[2024-02-16T09:27:36.165+0000] {processor.py:840} INFO - DAG(s) 'example_task_group' retrieved from /home/airflow/.local/lib/python3.8/site-packages/airflow/example_dags/example_task_group.py
[2024-02-16T09:27:36.187+0000] {logging_mixin.py:188} INFO - [2024-02-16T09:27:36.187+0000] {dag.py:3036} INFO - Sync 1 DAGs
[2024-02-16T09:27:36.205+0000] {logging_mixin.py:188} INFO - [2024-02-16T09:27:36.204+0000] {dag.py:3823} INFO - Setting next_dagrun for example_task_group to 2024-02-15 00:00:00+00:00, run_after=2024-02-16 00:00:00+00:00
[2024-02-16T09:27:36.223+0000] {processor.py:183} INFO - Processing /home/airflow/.local/lib/python3.8/site-packages/airflow/example_dags/example_task_group.py took 0.074 seconds
[2024-02-16T09:28:06.580+0000] {processor.py:161} INFO - Started process (PID=4064) to work on /home/airflow/.local/lib/python3.8/site-packages/airflow/example_dags/example_task_group.py
[2024-02-16T09:28:06.583+0000] {processor.py:830} INFO - Processing file /home/airflow/.local/lib/python3.8/site-packages/airflow/example_dags/example_task_group.py for tasks to queue
[2024-02-16T09:28:06.583+0000] {logging_mixin.py:188} INFO - [2024-02-16T09:28:06.583+0000] {dagbag.py:538} INFO - Filling up the DagBag from /home/airflow/.local/lib/python3.8/site-packages/airflow/example_dags/example_task_group.py
[2024-02-16T09:28:06.589+0000] {processor.py:840} INFO - DAG(s) 'example_task_group' retrieved from /home/airflow/.local/lib/python3.8/site-packages/airflow/example_dags/example_task_group.py
[2024-02-16T09:28:06.610+0000] {logging_mixin.py:188} INFO - [2024-02-16T09:28:06.610+0000] {dag.py:3036} INFO - Sync 1 DAGs
[2024-02-16T09:28:06.629+0000] {logging_mixin.py:188} INFO - [2024-02-16T09:28:06.629+0000] {dag.py:3823} INFO - Setting next_dagrun for example_task_group to 2024-02-15 00:00:00+00:00, run_after=2024-02-16 00:00:00+00:00
[2024-02-16T09:28:06.648+0000] {processor.py:183} INFO - Processing /home/airflow/.local/lib/python3.8/site-packages/airflow/example_dags/example_task_group.py took 0.072 seconds
[2024-02-16T09:28:36.957+0000] {processor.py:161} INFO - Started process (PID=4310) to work on /home/airflow/.local/lib/python3.8/site-packages/airflow/example_dags/example_task_group.py
[2024-02-16T09:28:36.958+0000] {processor.py:830} INFO - Processing file /home/airflow/.local/lib/python3.8/site-packages/airflow/example_dags/example_task_group.py for tasks to queue
[2024-02-16T09:28:36.959+0000] {logging_mixin.py:188} INFO - [2024-02-16T09:28:36.959+0000] {dagbag.py:538} INFO - Filling up the DagBag from /home/airflow/.local/lib/python3.8/site-packages/airflow/example_dags/example_task_group.py
[2024-02-16T09:28:36.964+0000] {processor.py:840} INFO - DAG(s) 'example_task_group' retrieved from /home/airflow/.local/lib/python3.8/site-packages/airflow/example_dags/example_task_group.py
[2024-02-16T09:28:36.985+0000] {logging_mixin.py:188} INFO - [2024-02-16T09:28:36.985+0000] {dag.py:3036} INFO - Sync 1 DAGs
[2024-02-16T09:28:37.003+0000] {logging_mixin.py:188} INFO - [2024-02-16T09:28:37.003+0000] {dag.py:3823} INFO - Setting next_dagrun for example_task_group to 2024-02-15 00:00:00+00:00, run_after=2024-02-16 00:00:00+00:00
[2024-02-16T09:28:37.023+0000] {processor.py:183} INFO - Processing /home/airflow/.local/lib/python3.8/site-packages/airflow/example_dags/example_task_group.py took 0.068 seconds
[2024-02-16T09:29:07.257+0000] {processor.py:161} INFO - Started process (PID=4557) to work on /home/airflow/.local/lib/python3.8/site-packages/airflow/example_dags/example_task_group.py
[2024-02-16T09:29:07.259+0000] {processor.py:830} INFO - Processing file /home/airflow/.local/lib/python3.8/site-packages/airflow/example_dags/example_task_group.py for tasks to queue
[2024-02-16T09:29:07.260+0000] {logging_mixin.py:188} INFO - [2024-02-16T09:29:07.259+0000] {dagbag.py:538} INFO - Filling up the DagBag from /home/airflow/.local/lib/python3.8/site-packages/airflow/example_dags/example_task_group.py
[2024-02-16T09:29:07.266+0000] {processor.py:840} INFO - DAG(s) 'example_task_group' retrieved from /home/airflow/.local/lib/python3.8/site-packages/airflow/example_dags/example_task_group.py
[2024-02-16T09:29:07.288+0000] {logging_mixin.py:188} INFO - [2024-02-16T09:29:07.288+0000] {dag.py:3036} INFO - Sync 1 DAGs
[2024-02-16T09:29:07.306+0000] {logging_mixin.py:188} INFO - [2024-02-16T09:29:07.306+0000] {dag.py:3823} INFO - Setting next_dagrun for example_task_group to 2024-02-15 00:00:00+00:00, run_after=2024-02-16 00:00:00+00:00
[2024-02-16T09:29:07.325+0000] {processor.py:183} INFO - Processing /home/airflow/.local/lib/python3.8/site-packages/airflow/example_dags/example_task_group.py took 0.070 seconds
[2024-02-16T09:29:37.953+0000] {processor.py:161} INFO - Started process (PID=4803) to work on /home/airflow/.local/lib/python3.8/site-packages/airflow/example_dags/example_task_group.py
[2024-02-16T09:29:37.957+0000] {processor.py:830} INFO - Processing file /home/airflow/.local/lib/python3.8/site-packages/airflow/example_dags/example_task_group.py for tasks to queue
[2024-02-16T09:29:37.958+0000] {logging_mixin.py:188} INFO - [2024-02-16T09:29:37.958+0000] {dagbag.py:538} INFO - Filling up the DagBag from /home/airflow/.local/lib/python3.8/site-packages/airflow/example_dags/example_task_group.py
[2024-02-16T09:29:37.965+0000] {processor.py:840} INFO - DAG(s) 'example_task_group' retrieved from /home/airflow/.local/lib/python3.8/site-packages/airflow/example_dags/example_task_group.py
[2024-02-16T09:29:37.990+0000] {logging_mixin.py:188} INFO - [2024-02-16T09:29:37.990+0000] {dag.py:3036} INFO - Sync 1 DAGs
[2024-02-16T09:29:38.010+0000] {logging_mixin.py:188} INFO - [2024-02-16T09:29:38.010+0000] {dag.py:3823} INFO - Setting next_dagrun for example_task_group to 2024-02-15 00:00:00+00:00, run_after=2024-02-16 00:00:00+00:00
[2024-02-16T09:29:38.032+0000] {processor.py:183} INFO - Processing /home/airflow/.local/lib/python3.8/site-packages/airflow/example_dags/example_task_group.py took 0.082 seconds
[2024-02-16T09:30:08.069+0000] {processor.py:161} INFO - Started process (PID=5084) to work on /home/airflow/.local/lib/python3.8/site-packages/airflow/example_dags/example_task_group.py
[2024-02-16T09:30:08.070+0000] {processor.py:830} INFO - Processing file /home/airflow/.local/lib/python3.8/site-packages/airflow/example_dags/example_task_group.py for tasks to queue
[2024-02-16T09:30:08.072+0000] {logging_mixin.py:188} INFO - [2024-02-16T09:30:08.071+0000] {dagbag.py:538} INFO - Filling up the DagBag from /home/airflow/.local/lib/python3.8/site-packages/airflow/example_dags/example_task_group.py
[2024-02-16T09:30:08.082+0000] {processor.py:840} INFO - DAG(s) 'example_task_group' retrieved from /home/airflow/.local/lib/python3.8/site-packages/airflow/example_dags/example_task_group.py
[2024-02-16T09:30:08.111+0000] {logging_mixin.py:188} INFO - [2024-02-16T09:30:08.111+0000] {dag.py:3036} INFO - Sync 1 DAGs
[2024-02-16T09:30:08.147+0000] {logging_mixin.py:188} INFO - [2024-02-16T09:30:08.147+0000] {dag.py:3823} INFO - Setting next_dagrun for example_task_group to 2024-02-15 00:00:00+00:00, run_after=2024-02-16 00:00:00+00:00
[2024-02-16T09:30:08.175+0000] {processor.py:183} INFO - Processing /home/airflow/.local/lib/python3.8/site-packages/airflow/example_dags/example_task_group.py took 0.110 seconds
[2024-02-16T09:30:38.900+0000] {processor.py:161} INFO - Started process (PID=5473) to work on /home/airflow/.local/lib/python3.8/site-packages/airflow/example_dags/example_task_group.py
[2024-02-16T09:30:38.902+0000] {processor.py:830} INFO - Processing file /home/airflow/.local/lib/python3.8/site-packages/airflow/example_dags/example_task_group.py for tasks to queue
[2024-02-16T09:30:38.902+0000] {logging_mixin.py:188} INFO - [2024-02-16T09:30:38.902+0000] {dagbag.py:538} INFO - Filling up the DagBag from /home/airflow/.local/lib/python3.8/site-packages/airflow/example_dags/example_task_group.py
[2024-02-16T09:30:38.908+0000] {processor.py:840} INFO - DAG(s) 'example_task_group' retrieved from /home/airflow/.local/lib/python3.8/site-packages/airflow/example_dags/example_task_group.py
[2024-02-16T09:30:38.928+0000] {logging_mixin.py:188} INFO - [2024-02-16T09:30:38.927+0000] {dag.py:3036} INFO - Sync 1 DAGs
[2024-02-16T09:30:38.945+0000] {logging_mixin.py:188} INFO - [2024-02-16T09:30:38.945+0000] {dag.py:3823} INFO - Setting next_dagrun for example_task_group to 2024-02-15 00:00:00+00:00, run_after=2024-02-16 00:00:00+00:00
[2024-02-16T09:30:38.963+0000] {processor.py:183} INFO - Processing /home/airflow/.local/lib/python3.8/site-packages/airflow/example_dags/example_task_group.py took 0.066 seconds
[2024-02-16T09:31:09.232+0000] {processor.py:161} INFO - Started process (PID=5721) to work on /home/airflow/.local/lib/python3.8/site-packages/airflow/example_dags/example_task_group.py
[2024-02-16T09:31:09.234+0000] {processor.py:830} INFO - Processing file /home/airflow/.local/lib/python3.8/site-packages/airflow/example_dags/example_task_group.py for tasks to queue
[2024-02-16T09:31:09.234+0000] {logging_mixin.py:188} INFO - [2024-02-16T09:31:09.234+0000] {dagbag.py:538} INFO - Filling up the DagBag from /home/airflow/.local/lib/python3.8/site-packages/airflow/example_dags/example_task_group.py
[2024-02-16T09:31:09.240+0000] {processor.py:840} INFO - DAG(s) 'example_task_group' retrieved from /home/airflow/.local/lib/python3.8/site-packages/airflow/example_dags/example_task_group.py
[2024-02-16T09:31:09.258+0000] {logging_mixin.py:188} INFO - [2024-02-16T09:31:09.258+0000] {dag.py:3036} INFO - Sync 1 DAGs
[2024-02-16T09:31:09.273+0000] {logging_mixin.py:188} INFO - [2024-02-16T09:31:09.273+0000] {dag.py:3823} INFO - Setting next_dagrun for example_task_group to 2024-02-15 00:00:00+00:00, run_after=2024-02-16 00:00:00+00:00
[2024-02-16T09:31:09.289+0000] {processor.py:183} INFO - Processing /home/airflow/.local/lib/python3.8/site-packages/airflow/example_dags/example_task_group.py took 0.060 seconds
[2024-02-16T09:31:39.735+0000] {processor.py:161} INFO - Started process (PID=5968) to work on /home/airflow/.local/lib/python3.8/site-packages/airflow/example_dags/example_task_group.py
[2024-02-16T09:31:39.737+0000] {processor.py:830} INFO - Processing file /home/airflow/.local/lib/python3.8/site-packages/airflow/example_dags/example_task_group.py for tasks to queue
[2024-02-16T09:31:39.738+0000] {logging_mixin.py:188} INFO - [2024-02-16T09:31:39.737+0000] {dagbag.py:538} INFO - Filling up the DagBag from /home/airflow/.local/lib/python3.8/site-packages/airflow/example_dags/example_task_group.py
[2024-02-16T09:31:39.743+0000] {processor.py:840} INFO - DAG(s) 'example_task_group' retrieved from /home/airflow/.local/lib/python3.8/site-packages/airflow/example_dags/example_task_group.py
[2024-02-16T09:31:39.762+0000] {logging_mixin.py:188} INFO - [2024-02-16T09:31:39.762+0000] {dag.py:3036} INFO - Sync 1 DAGs
[2024-02-16T09:31:39.778+0000] {logging_mixin.py:188} INFO - [2024-02-16T09:31:39.778+0000] {dag.py:3823} INFO - Setting next_dagrun for example_task_group to 2024-02-15 00:00:00+00:00, run_after=2024-02-16 00:00:00+00:00
[2024-02-16T09:31:39.794+0000] {processor.py:183} INFO - Processing /home/airflow/.local/lib/python3.8/site-packages/airflow/example_dags/example_task_group.py took 0.062 seconds
[2024-02-16T09:32:10.152+0000] {processor.py:161} INFO - Started process (PID=6214) to work on /home/airflow/.local/lib/python3.8/site-packages/airflow/example_dags/example_task_group.py
[2024-02-16T09:32:10.154+0000] {processor.py:830} INFO - Processing file /home/airflow/.local/lib/python3.8/site-packages/airflow/example_dags/example_task_group.py for tasks to queue
[2024-02-16T09:32:10.155+0000] {logging_mixin.py:188} INFO - [2024-02-16T09:32:10.155+0000] {dagbag.py:538} INFO - Filling up the DagBag from /home/airflow/.local/lib/python3.8/site-packages/airflow/example_dags/example_task_group.py
[2024-02-16T09:32:10.162+0000] {processor.py:840} INFO - DAG(s) 'example_task_group' retrieved from /home/airflow/.local/lib/python3.8/site-packages/airflow/example_dags/example_task_group.py
[2024-02-16T09:32:10.186+0000] {logging_mixin.py:188} INFO - [2024-02-16T09:32:10.186+0000] {dag.py:3036} INFO - Sync 1 DAGs
[2024-02-16T09:32:10.210+0000] {logging_mixin.py:188} INFO - [2024-02-16T09:32:10.210+0000] {dag.py:3823} INFO - Setting next_dagrun for example_task_group to 2024-02-15 00:00:00+00:00, run_after=2024-02-16 00:00:00+00:00
[2024-02-16T09:32:10.231+0000] {processor.py:183} INFO - Processing /home/airflow/.local/lib/python3.8/site-packages/airflow/example_dags/example_task_group.py took 0.082 seconds
[2024-02-16T09:32:40.751+0000] {processor.py:161} INFO - Started process (PID=6461) to work on /home/airflow/.local/lib/python3.8/site-packages/airflow/example_dags/example_task_group.py
[2024-02-16T09:32:40.753+0000] {processor.py:830} INFO - Processing file /home/airflow/.local/lib/python3.8/site-packages/airflow/example_dags/example_task_group.py for tasks to queue
[2024-02-16T09:32:40.755+0000] {logging_mixin.py:188} INFO - [2024-02-16T09:32:40.754+0000] {dagbag.py:538} INFO - Filling up the DagBag from /home/airflow/.local/lib/python3.8/site-packages/airflow/example_dags/example_task_group.py
[2024-02-16T09:32:40.763+0000] {processor.py:840} INFO - DAG(s) 'example_task_group' retrieved from /home/airflow/.local/lib/python3.8/site-packages/airflow/example_dags/example_task_group.py
[2024-02-16T09:32:40.788+0000] {logging_mixin.py:188} INFO - [2024-02-16T09:32:40.788+0000] {dag.py:3036} INFO - Sync 1 DAGs
[2024-02-16T09:32:40.810+0000] {logging_mixin.py:188} INFO - [2024-02-16T09:32:40.810+0000] {dag.py:3823} INFO - Setting next_dagrun for example_task_group to 2024-02-15 00:00:00+00:00, run_after=2024-02-16 00:00:00+00:00
[2024-02-16T09:32:40.830+0000] {processor.py:183} INFO - Processing /home/airflow/.local/lib/python3.8/site-packages/airflow/example_dags/example_task_group.py took 0.081 seconds
[2024-02-16T09:33:11.395+0000] {processor.py:161} INFO - Started process (PID=6708) to work on /home/airflow/.local/lib/python3.8/site-packages/airflow/example_dags/example_task_group.py
[2024-02-16T09:33:11.397+0000] {processor.py:830} INFO - Processing file /home/airflow/.local/lib/python3.8/site-packages/airflow/example_dags/example_task_group.py for tasks to queue
[2024-02-16T09:33:11.397+0000] {logging_mixin.py:188} INFO - [2024-02-16T09:33:11.397+0000] {dagbag.py:538} INFO - Filling up the DagBag from /home/airflow/.local/lib/python3.8/site-packages/airflow/example_dags/example_task_group.py
[2024-02-16T09:33:11.403+0000] {processor.py:840} INFO - DAG(s) 'example_task_group' retrieved from /home/airflow/.local/lib/python3.8/site-packages/airflow/example_dags/example_task_group.py
[2024-02-16T09:33:11.423+0000] {logging_mixin.py:188} INFO - [2024-02-16T09:33:11.423+0000] {dag.py:3036} INFO - Sync 1 DAGs
[2024-02-16T09:33:11.441+0000] {logging_mixin.py:188} INFO - [2024-02-16T09:33:11.440+0000] {dag.py:3823} INFO - Setting next_dagrun for example_task_group to 2024-02-15 00:00:00+00:00, run_after=2024-02-16 00:00:00+00:00
[2024-02-16T09:33:11.459+0000] {processor.py:183} INFO - Processing /home/airflow/.local/lib/python3.8/site-packages/airflow/example_dags/example_task_group.py took 0.067 seconds
[2024-02-16T09:33:41.791+0000] {processor.py:161} INFO - Started process (PID=6955) to work on /home/airflow/.local/lib/python3.8/site-packages/airflow/example_dags/example_task_group.py
[2024-02-16T09:33:41.792+0000] {processor.py:830} INFO - Processing file /home/airflow/.local/lib/python3.8/site-packages/airflow/example_dags/example_task_group.py for tasks to queue
[2024-02-16T09:33:41.793+0000] {logging_mixin.py:188} INFO - [2024-02-16T09:33:41.792+0000] {dagbag.py:538} INFO - Filling up the DagBag from /home/airflow/.local/lib/python3.8/site-packages/airflow/example_dags/example_task_group.py
[2024-02-16T09:33:41.798+0000] {processor.py:840} INFO - DAG(s) 'example_task_group' retrieved from /home/airflow/.local/lib/python3.8/site-packages/airflow/example_dags/example_task_group.py
[2024-02-16T09:33:41.817+0000] {logging_mixin.py:188} INFO - [2024-02-16T09:33:41.817+0000] {dag.py:3036} INFO - Sync 1 DAGs
[2024-02-16T09:33:41.833+0000] {logging_mixin.py:188} INFO - [2024-02-16T09:33:41.833+0000] {dag.py:3823} INFO - Setting next_dagrun for example_task_group to 2024-02-15 00:00:00+00:00, run_after=2024-02-16 00:00:00+00:00
[2024-02-16T09:33:41.849+0000] {processor.py:183} INFO - Processing /home/airflow/.local/lib/python3.8/site-packages/airflow/example_dags/example_task_group.py took 0.061 seconds
[2024-02-16T09:34:12.087+0000] {processor.py:161} INFO - Started process (PID=7200) to work on /home/airflow/.local/lib/python3.8/site-packages/airflow/example_dags/example_task_group.py
[2024-02-16T09:34:12.088+0000] {processor.py:830} INFO - Processing file /home/airflow/.local/lib/python3.8/site-packages/airflow/example_dags/example_task_group.py for tasks to queue
[2024-02-16T09:34:12.088+0000] {logging_mixin.py:188} INFO - [2024-02-16T09:34:12.088+0000] {dagbag.py:538} INFO - Filling up the DagBag from /home/airflow/.local/lib/python3.8/site-packages/airflow/example_dags/example_task_group.py
[2024-02-16T09:34:12.094+0000] {processor.py:840} INFO - DAG(s) 'example_task_group' retrieved from /home/airflow/.local/lib/python3.8/site-packages/airflow/example_dags/example_task_group.py
[2024-02-16T09:34:12.114+0000] {logging_mixin.py:188} INFO - [2024-02-16T09:34:12.114+0000] {dag.py:3036} INFO - Sync 1 DAGs
[2024-02-16T09:34:12.132+0000] {logging_mixin.py:188} INFO - [2024-02-16T09:34:12.132+0000] {dag.py:3823} INFO - Setting next_dagrun for example_task_group to 2024-02-15 00:00:00+00:00, run_after=2024-02-16 00:00:00+00:00
[2024-02-16T09:34:12.151+0000] {processor.py:183} INFO - Processing /home/airflow/.local/lib/python3.8/site-packages/airflow/example_dags/example_task_group.py took 0.067 seconds
[2024-02-16T09:38:04.738+0000] {processor.py:161} INFO - Started process (PID=355) to work on /home/airflow/.local/lib/python3.8/site-packages/airflow/example_dags/example_task_group.py
[2024-02-16T09:38:04.739+0000] {processor.py:830} INFO - Processing file /home/airflow/.local/lib/python3.8/site-packages/airflow/example_dags/example_task_group.py for tasks to queue
[2024-02-16T09:38:04.740+0000] {logging_mixin.py:188} INFO - [2024-02-16T09:38:04.740+0000] {dagbag.py:538} INFO - Filling up the DagBag from /home/airflow/.local/lib/python3.8/site-packages/airflow/example_dags/example_task_group.py
[2024-02-16T09:38:04.746+0000] {processor.py:840} INFO - DAG(s) 'example_task_group' retrieved from /home/airflow/.local/lib/python3.8/site-packages/airflow/example_dags/example_task_group.py
[2024-02-16T09:38:04.760+0000] {logging_mixin.py:188} INFO - [2024-02-16T09:38:04.760+0000] {dag.py:3036} INFO - Sync 1 DAGs
[2024-02-16T09:38:04.783+0000] {logging_mixin.py:188} INFO - [2024-02-16T09:38:04.782+0000] {dag.py:3823} INFO - Setting next_dagrun for example_task_group to 2024-02-15 00:00:00+00:00, run_after=2024-02-16 00:00:00+00:00
[2024-02-16T09:38:04.808+0000] {processor.py:183} INFO - Processing /home/airflow/.local/lib/python3.8/site-packages/airflow/example_dags/example_task_group.py took 0.072 seconds
[2024-02-16T09:38:36.585+0000] {processor.py:161} INFO - Started process (PID=604) to work on /home/airflow/.local/lib/python3.8/site-packages/airflow/example_dags/example_task_group.py
[2024-02-16T09:38:36.587+0000] {processor.py:830} INFO - Processing file /home/airflow/.local/lib/python3.8/site-packages/airflow/example_dags/example_task_group.py for tasks to queue
[2024-02-16T09:38:36.588+0000] {logging_mixin.py:188} INFO - [2024-02-16T09:38:36.587+0000] {dagbag.py:538} INFO - Filling up the DagBag from /home/airflow/.local/lib/python3.8/site-packages/airflow/example_dags/example_task_group.py
[2024-02-16T09:38:36.593+0000] {processor.py:840} INFO - DAG(s) 'example_task_group' retrieved from /home/airflow/.local/lib/python3.8/site-packages/airflow/example_dags/example_task_group.py
[2024-02-16T09:38:36.675+0000] {logging_mixin.py:188} INFO - [2024-02-16T09:38:36.675+0000] {dag.py:3036} INFO - Sync 1 DAGs
[2024-02-16T09:38:36.691+0000] {logging_mixin.py:188} INFO - [2024-02-16T09:38:36.691+0000] {dag.py:3823} INFO - Setting next_dagrun for example_task_group to 2024-02-15 00:00:00+00:00, run_after=2024-02-16 00:00:00+00:00
[2024-02-16T09:38:36.711+0000] {processor.py:183} INFO - Processing /home/airflow/.local/lib/python3.8/site-packages/airflow/example_dags/example_task_group.py took 0.128 seconds
