[2024-02-16T09:20:27.084+0000] {processor.py:161} INFO - Started process (PID=331) to work on /home/airflow/.local/lib/python3.8/site-packages/airflow/example_dags/example_short_circuit_decorator.py
[2024-02-16T09:20:27.084+0000] {processor.py:830} INFO - Processing file /home/airflow/.local/lib/python3.8/site-packages/airflow/example_dags/example_short_circuit_decorator.py for tasks to queue
[2024-02-16T09:20:27.085+0000] {logging_mixin.py:188} INFO - [2024-02-16T09:20:27.085+0000] {dagbag.py:538} INFO - Filling up the DagBag from /home/airflow/.local/lib/python3.8/site-packages/airflow/example_dags/example_short_circuit_decorator.py
[2024-02-16T09:20:27.093+0000] {processor.py:840} INFO - DAG(s) 'example_short_circuit_decorator' retrieved from /home/airflow/.local/lib/python3.8/site-packages/airflow/example_dags/example_short_circuit_decorator.py
[2024-02-16T09:20:27.194+0000] {logging_mixin.py:188} INFO - [2024-02-16T09:20:27.193+0000] {override.py:1769} INFO - Created Permission View: can delete on DAG:example_short_circuit_decorator
[2024-02-16T09:20:27.207+0000] {logging_mixin.py:188} INFO - [2024-02-16T09:20:27.206+0000] {override.py:1769} INFO - Created Permission View: can edit on DAG:example_short_circuit_decorator
[2024-02-16T09:20:27.218+0000] {logging_mixin.py:188} INFO - [2024-02-16T09:20:27.217+0000] {override.py:1769} INFO - Created Permission View: can read on DAG:example_short_circuit_decorator
[2024-02-16T09:20:27.218+0000] {logging_mixin.py:188} INFO - [2024-02-16T09:20:27.218+0000] {dag.py:3036} INFO - Sync 1 DAGs
[2024-02-16T09:20:27.230+0000] {logging_mixin.py:188} INFO - [2024-02-16T09:20:27.229+0000] {dag.py:3058} INFO - Creating ORM DAG for example_short_circuit_decorator
[2024-02-16T09:20:27.242+0000] {logging_mixin.py:188} INFO - [2024-02-16T09:20:27.242+0000] {dag.py:3823} INFO - Setting next_dagrun for example_short_circuit_decorator to 2024-02-15 00:00:00+00:00, run_after=2024-02-16 00:00:00+00:00
[2024-02-16T09:20:27.267+0000] {processor.py:183} INFO - Processing /home/airflow/.local/lib/python3.8/site-packages/airflow/example_dags/example_short_circuit_decorator.py took 0.186 seconds
[2024-02-16T09:20:57.633+0000] {processor.py:161} INFO - Started process (PID=578) to work on /home/airflow/.local/lib/python3.8/site-packages/airflow/example_dags/example_short_circuit_decorator.py
[2024-02-16T09:20:57.634+0000] {processor.py:830} INFO - Processing file /home/airflow/.local/lib/python3.8/site-packages/airflow/example_dags/example_short_circuit_decorator.py for tasks to queue
[2024-02-16T09:20:57.635+0000] {logging_mixin.py:188} INFO - [2024-02-16T09:20:57.635+0000] {dagbag.py:538} INFO - Filling up the DagBag from /home/airflow/.local/lib/python3.8/site-packages/airflow/example_dags/example_short_circuit_decorator.py
[2024-02-16T09:20:57.642+0000] {processor.py:840} INFO - DAG(s) 'example_short_circuit_decorator' retrieved from /home/airflow/.local/lib/python3.8/site-packages/airflow/example_dags/example_short_circuit_decorator.py
[2024-02-16T09:20:57.666+0000] {logging_mixin.py:188} INFO - [2024-02-16T09:20:57.665+0000] {dag.py:3036} INFO - Sync 1 DAGs
[2024-02-16T09:20:57.685+0000] {logging_mixin.py:188} INFO - [2024-02-16T09:20:57.685+0000] {dag.py:3823} INFO - Setting next_dagrun for example_short_circuit_decorator to 2024-02-15 00:00:00+00:00, run_after=2024-02-16 00:00:00+00:00
[2024-02-16T09:20:57.704+0000] {processor.py:183} INFO - Processing /home/airflow/.local/lib/python3.8/site-packages/airflow/example_dags/example_short_circuit_decorator.py took 0.074 seconds
[2024-02-16T09:21:28.121+0000] {processor.py:161} INFO - Started process (PID=827) to work on /home/airflow/.local/lib/python3.8/site-packages/airflow/example_dags/example_short_circuit_decorator.py
[2024-02-16T09:21:28.122+0000] {processor.py:830} INFO - Processing file /home/airflow/.local/lib/python3.8/site-packages/airflow/example_dags/example_short_circuit_decorator.py for tasks to queue
[2024-02-16T09:21:28.123+0000] {logging_mixin.py:188} INFO - [2024-02-16T09:21:28.123+0000] {dagbag.py:538} INFO - Filling up the DagBag from /home/airflow/.local/lib/python3.8/site-packages/airflow/example_dags/example_short_circuit_decorator.py
[2024-02-16T09:21:28.130+0000] {processor.py:840} INFO - DAG(s) 'example_short_circuit_decorator' retrieved from /home/airflow/.local/lib/python3.8/site-packages/airflow/example_dags/example_short_circuit_decorator.py
[2024-02-16T09:21:28.149+0000] {logging_mixin.py:188} INFO - [2024-02-16T09:21:28.149+0000] {dag.py:3036} INFO - Sync 1 DAGs
[2024-02-16T09:21:28.165+0000] {logging_mixin.py:188} INFO - [2024-02-16T09:21:28.165+0000] {dag.py:3823} INFO - Setting next_dagrun for example_short_circuit_decorator to 2024-02-15 00:00:00+00:00, run_after=2024-02-16 00:00:00+00:00
[2024-02-16T09:21:28.183+0000] {processor.py:183} INFO - Processing /home/airflow/.local/lib/python3.8/site-packages/airflow/example_dags/example_short_circuit_decorator.py took 0.065 seconds
[2024-02-16T09:21:58.918+0000] {processor.py:161} INFO - Started process (PID=1071) to work on /home/airflow/.local/lib/python3.8/site-packages/airflow/example_dags/example_short_circuit_decorator.py
[2024-02-16T09:21:58.919+0000] {processor.py:830} INFO - Processing file /home/airflow/.local/lib/python3.8/site-packages/airflow/example_dags/example_short_circuit_decorator.py for tasks to queue
[2024-02-16T09:21:58.920+0000] {logging_mixin.py:188} INFO - [2024-02-16T09:21:58.919+0000] {dagbag.py:538} INFO - Filling up the DagBag from /home/airflow/.local/lib/python3.8/site-packages/airflow/example_dags/example_short_circuit_decorator.py
[2024-02-16T09:21:58.928+0000] {processor.py:840} INFO - DAG(s) 'example_short_circuit_decorator' retrieved from /home/airflow/.local/lib/python3.8/site-packages/airflow/example_dags/example_short_circuit_decorator.py
[2024-02-16T09:21:58.952+0000] {logging_mixin.py:188} INFO - [2024-02-16T09:21:58.952+0000] {dag.py:3036} INFO - Sync 1 DAGs
[2024-02-16T09:21:58.972+0000] {logging_mixin.py:188} INFO - [2024-02-16T09:21:58.972+0000] {dag.py:3823} INFO - Setting next_dagrun for example_short_circuit_decorator to 2024-02-15 00:00:00+00:00, run_after=2024-02-16 00:00:00+00:00
[2024-02-16T09:21:58.992+0000] {processor.py:183} INFO - Processing /home/airflow/.local/lib/python3.8/site-packages/airflow/example_dags/example_short_circuit_decorator.py took 0.078 seconds
[2024-02-16T09:22:29.597+0000] {processor.py:161} INFO - Started process (PID=1318) to work on /home/airflow/.local/lib/python3.8/site-packages/airflow/example_dags/example_short_circuit_decorator.py
[2024-02-16T09:22:29.599+0000] {processor.py:830} INFO - Processing file /home/airflow/.local/lib/python3.8/site-packages/airflow/example_dags/example_short_circuit_decorator.py for tasks to queue
[2024-02-16T09:22:29.599+0000] {logging_mixin.py:188} INFO - [2024-02-16T09:22:29.599+0000] {dagbag.py:538} INFO - Filling up the DagBag from /home/airflow/.local/lib/python3.8/site-packages/airflow/example_dags/example_short_circuit_decorator.py
[2024-02-16T09:22:29.608+0000] {processor.py:840} INFO - DAG(s) 'example_short_circuit_decorator' retrieved from /home/airflow/.local/lib/python3.8/site-packages/airflow/example_dags/example_short_circuit_decorator.py
[2024-02-16T09:22:29.632+0000] {logging_mixin.py:188} INFO - [2024-02-16T09:22:29.632+0000] {dag.py:3036} INFO - Sync 1 DAGs
[2024-02-16T09:22:29.652+0000] {logging_mixin.py:188} INFO - [2024-02-16T09:22:29.651+0000] {dag.py:3823} INFO - Setting next_dagrun for example_short_circuit_decorator to 2024-02-15 00:00:00+00:00, run_after=2024-02-16 00:00:00+00:00
[2024-02-16T09:22:29.675+0000] {processor.py:183} INFO - Processing /home/airflow/.local/lib/python3.8/site-packages/airflow/example_dags/example_short_circuit_decorator.py took 0.080 seconds
[2024-02-16T09:23:00.142+0000] {processor.py:161} INFO - Started process (PID=1565) to work on /home/airflow/.local/lib/python3.8/site-packages/airflow/example_dags/example_short_circuit_decorator.py
[2024-02-16T09:23:00.143+0000] {processor.py:830} INFO - Processing file /home/airflow/.local/lib/python3.8/site-packages/airflow/example_dags/example_short_circuit_decorator.py for tasks to queue
[2024-02-16T09:23:00.144+0000] {logging_mixin.py:188} INFO - [2024-02-16T09:23:00.144+0000] {dagbag.py:538} INFO - Filling up the DagBag from /home/airflow/.local/lib/python3.8/site-packages/airflow/example_dags/example_short_circuit_decorator.py
[2024-02-16T09:23:00.151+0000] {processor.py:840} INFO - DAG(s) 'example_short_circuit_decorator' retrieved from /home/airflow/.local/lib/python3.8/site-packages/airflow/example_dags/example_short_circuit_decorator.py
[2024-02-16T09:23:00.172+0000] {logging_mixin.py:188} INFO - [2024-02-16T09:23:00.172+0000] {dag.py:3036} INFO - Sync 1 DAGs
[2024-02-16T09:23:00.189+0000] {logging_mixin.py:188} INFO - [2024-02-16T09:23:00.189+0000] {dag.py:3823} INFO - Setting next_dagrun for example_short_circuit_decorator to 2024-02-15 00:00:00+00:00, run_after=2024-02-16 00:00:00+00:00
[2024-02-16T09:23:00.209+0000] {processor.py:183} INFO - Processing /home/airflow/.local/lib/python3.8/site-packages/airflow/example_dags/example_short_circuit_decorator.py took 0.069 seconds
[2024-02-16T09:23:30.516+0000] {processor.py:161} INFO - Started process (PID=1811) to work on /home/airflow/.local/lib/python3.8/site-packages/airflow/example_dags/example_short_circuit_decorator.py
[2024-02-16T09:23:30.517+0000] {processor.py:830} INFO - Processing file /home/airflow/.local/lib/python3.8/site-packages/airflow/example_dags/example_short_circuit_decorator.py for tasks to queue
[2024-02-16T09:23:30.518+0000] {logging_mixin.py:188} INFO - [2024-02-16T09:23:30.518+0000] {dagbag.py:538} INFO - Filling up the DagBag from /home/airflow/.local/lib/python3.8/site-packages/airflow/example_dags/example_short_circuit_decorator.py
[2024-02-16T09:23:30.525+0000] {processor.py:840} INFO - DAG(s) 'example_short_circuit_decorator' retrieved from /home/airflow/.local/lib/python3.8/site-packages/airflow/example_dags/example_short_circuit_decorator.py
[2024-02-16T09:23:30.545+0000] {logging_mixin.py:188} INFO - [2024-02-16T09:23:30.545+0000] {dag.py:3036} INFO - Sync 1 DAGs
[2024-02-16T09:23:30.563+0000] {logging_mixin.py:188} INFO - [2024-02-16T09:23:30.562+0000] {dag.py:3823} INFO - Setting next_dagrun for example_short_circuit_decorator to 2024-02-15 00:00:00+00:00, run_after=2024-02-16 00:00:00+00:00
[2024-02-16T09:23:30.583+0000] {processor.py:183} INFO - Processing /home/airflow/.local/lib/python3.8/site-packages/airflow/example_dags/example_short_circuit_decorator.py took 0.070 seconds
[2024-02-16T09:24:00.942+0000] {processor.py:161} INFO - Started process (PID=2058) to work on /home/airflow/.local/lib/python3.8/site-packages/airflow/example_dags/example_short_circuit_decorator.py
[2024-02-16T09:24:00.944+0000] {processor.py:830} INFO - Processing file /home/airflow/.local/lib/python3.8/site-packages/airflow/example_dags/example_short_circuit_decorator.py for tasks to queue
[2024-02-16T09:24:00.945+0000] {logging_mixin.py:188} INFO - [2024-02-16T09:24:00.945+0000] {dagbag.py:538} INFO - Filling up the DagBag from /home/airflow/.local/lib/python3.8/site-packages/airflow/example_dags/example_short_circuit_decorator.py
[2024-02-16T09:24:00.954+0000] {processor.py:840} INFO - DAG(s) 'example_short_circuit_decorator' retrieved from /home/airflow/.local/lib/python3.8/site-packages/airflow/example_dags/example_short_circuit_decorator.py
[2024-02-16T09:24:00.983+0000] {logging_mixin.py:188} INFO - [2024-02-16T09:24:00.983+0000] {dag.py:3036} INFO - Sync 1 DAGs
[2024-02-16T09:24:01.005+0000] {logging_mixin.py:188} INFO - [2024-02-16T09:24:01.005+0000] {dag.py:3823} INFO - Setting next_dagrun for example_short_circuit_decorator to 2024-02-15 00:00:00+00:00, run_after=2024-02-16 00:00:00+00:00
[2024-02-16T09:24:01.026+0000] {processor.py:183} INFO - Processing /home/airflow/.local/lib/python3.8/site-packages/airflow/example_dags/example_short_circuit_decorator.py took 0.087 seconds
[2024-02-16T09:24:31.426+0000] {processor.py:161} INFO - Started process (PID=2306) to work on /home/airflow/.local/lib/python3.8/site-packages/airflow/example_dags/example_short_circuit_decorator.py
[2024-02-16T09:24:31.428+0000] {processor.py:830} INFO - Processing file /home/airflow/.local/lib/python3.8/site-packages/airflow/example_dags/example_short_circuit_decorator.py for tasks to queue
[2024-02-16T09:24:31.429+0000] {logging_mixin.py:188} INFO - [2024-02-16T09:24:31.428+0000] {dagbag.py:538} INFO - Filling up the DagBag from /home/airflow/.local/lib/python3.8/site-packages/airflow/example_dags/example_short_circuit_decorator.py
[2024-02-16T09:24:31.435+0000] {processor.py:840} INFO - DAG(s) 'example_short_circuit_decorator' retrieved from /home/airflow/.local/lib/python3.8/site-packages/airflow/example_dags/example_short_circuit_decorator.py
[2024-02-16T09:24:31.454+0000] {logging_mixin.py:188} INFO - [2024-02-16T09:24:31.454+0000] {dag.py:3036} INFO - Sync 1 DAGs
[2024-02-16T09:24:31.469+0000] {logging_mixin.py:188} INFO - [2024-02-16T09:24:31.469+0000] {dag.py:3823} INFO - Setting next_dagrun for example_short_circuit_decorator to 2024-02-15 00:00:00+00:00, run_after=2024-02-16 00:00:00+00:00
[2024-02-16T09:24:31.484+0000] {processor.py:183} INFO - Processing /home/airflow/.local/lib/python3.8/site-packages/airflow/example_dags/example_short_circuit_decorator.py took 0.060 seconds
[2024-02-16T09:25:01.856+0000] {processor.py:161} INFO - Started process (PID=2553) to work on /home/airflow/.local/lib/python3.8/site-packages/airflow/example_dags/example_short_circuit_decorator.py
[2024-02-16T09:25:01.857+0000] {processor.py:830} INFO - Processing file /home/airflow/.local/lib/python3.8/site-packages/airflow/example_dags/example_short_circuit_decorator.py for tasks to queue
[2024-02-16T09:25:01.858+0000] {logging_mixin.py:188} INFO - [2024-02-16T09:25:01.858+0000] {dagbag.py:538} INFO - Filling up the DagBag from /home/airflow/.local/lib/python3.8/site-packages/airflow/example_dags/example_short_circuit_decorator.py
[2024-02-16T09:25:01.865+0000] {processor.py:840} INFO - DAG(s) 'example_short_circuit_decorator' retrieved from /home/airflow/.local/lib/python3.8/site-packages/airflow/example_dags/example_short_circuit_decorator.py
[2024-02-16T09:25:01.886+0000] {logging_mixin.py:188} INFO - [2024-02-16T09:25:01.885+0000] {dag.py:3036} INFO - Sync 1 DAGs
[2024-02-16T09:25:01.904+0000] {logging_mixin.py:188} INFO - [2024-02-16T09:25:01.904+0000] {dag.py:3823} INFO - Setting next_dagrun for example_short_circuit_decorator to 2024-02-15 00:00:00+00:00, run_after=2024-02-16 00:00:00+00:00
[2024-02-16T09:25:01.920+0000] {processor.py:183} INFO - Processing /home/airflow/.local/lib/python3.8/site-packages/airflow/example_dags/example_short_circuit_decorator.py took 0.067 seconds
[2024-02-16T09:25:32.375+0000] {processor.py:161} INFO - Started process (PID=2797) to work on /home/airflow/.local/lib/python3.8/site-packages/airflow/example_dags/example_short_circuit_decorator.py
[2024-02-16T09:25:32.376+0000] {processor.py:830} INFO - Processing file /home/airflow/.local/lib/python3.8/site-packages/airflow/example_dags/example_short_circuit_decorator.py for tasks to queue
[2024-02-16T09:25:32.377+0000] {logging_mixin.py:188} INFO - [2024-02-16T09:25:32.377+0000] {dagbag.py:538} INFO - Filling up the DagBag from /home/airflow/.local/lib/python3.8/site-packages/airflow/example_dags/example_short_circuit_decorator.py
[2024-02-16T09:25:32.384+0000] {processor.py:840} INFO - DAG(s) 'example_short_circuit_decorator' retrieved from /home/airflow/.local/lib/python3.8/site-packages/airflow/example_dags/example_short_circuit_decorator.py
[2024-02-16T09:25:32.406+0000] {logging_mixin.py:188} INFO - [2024-02-16T09:25:32.405+0000] {dag.py:3036} INFO - Sync 1 DAGs
[2024-02-16T09:25:32.422+0000] {logging_mixin.py:188} INFO - [2024-02-16T09:25:32.421+0000] {dag.py:3823} INFO - Setting next_dagrun for example_short_circuit_decorator to 2024-02-15 00:00:00+00:00, run_after=2024-02-16 00:00:00+00:00
[2024-02-16T09:25:32.439+0000] {processor.py:183} INFO - Processing /home/airflow/.local/lib/python3.8/site-packages/airflow/example_dags/example_short_circuit_decorator.py took 0.067 seconds
[2024-02-16T09:26:03.192+0000] {processor.py:161} INFO - Started process (PID=3044) to work on /home/airflow/.local/lib/python3.8/site-packages/airflow/example_dags/example_short_circuit_decorator.py
[2024-02-16T09:26:03.193+0000] {processor.py:830} INFO - Processing file /home/airflow/.local/lib/python3.8/site-packages/airflow/example_dags/example_short_circuit_decorator.py for tasks to queue
[2024-02-16T09:26:03.195+0000] {logging_mixin.py:188} INFO - [2024-02-16T09:26:03.194+0000] {dagbag.py:538} INFO - Filling up the DagBag from /home/airflow/.local/lib/python3.8/site-packages/airflow/example_dags/example_short_circuit_decorator.py
[2024-02-16T09:26:03.207+0000] {processor.py:840} INFO - DAG(s) 'example_short_circuit_decorator' retrieved from /home/airflow/.local/lib/python3.8/site-packages/airflow/example_dags/example_short_circuit_decorator.py
[2024-02-16T09:26:03.240+0000] {logging_mixin.py:188} INFO - [2024-02-16T09:26:03.239+0000] {dag.py:3036} INFO - Sync 1 DAGs
[2024-02-16T09:26:03.268+0000] {logging_mixin.py:188} INFO - [2024-02-16T09:26:03.268+0000] {dag.py:3823} INFO - Setting next_dagrun for example_short_circuit_decorator to 2024-02-15 00:00:00+00:00, run_after=2024-02-16 00:00:00+00:00
[2024-02-16T09:26:03.292+0000] {processor.py:183} INFO - Processing /home/airflow/.local/lib/python3.8/site-packages/airflow/example_dags/example_short_circuit_decorator.py took 0.104 seconds
[2024-02-16T09:26:33.910+0000] {processor.py:161} INFO - Started process (PID=3295) to work on /home/airflow/.local/lib/python3.8/site-packages/airflow/example_dags/example_short_circuit_decorator.py
[2024-02-16T09:26:33.912+0000] {processor.py:830} INFO - Processing file /home/airflow/.local/lib/python3.8/site-packages/airflow/example_dags/example_short_circuit_decorator.py for tasks to queue
[2024-02-16T09:26:33.913+0000] {logging_mixin.py:188} INFO - [2024-02-16T09:26:33.912+0000] {dagbag.py:538} INFO - Filling up the DagBag from /home/airflow/.local/lib/python3.8/site-packages/airflow/example_dags/example_short_circuit_decorator.py
[2024-02-16T09:26:33.921+0000] {processor.py:840} INFO - DAG(s) 'example_short_circuit_decorator' retrieved from /home/airflow/.local/lib/python3.8/site-packages/airflow/example_dags/example_short_circuit_decorator.py
[2024-02-16T09:26:33.944+0000] {logging_mixin.py:188} INFO - [2024-02-16T09:26:33.943+0000] {dag.py:3036} INFO - Sync 1 DAGs
[2024-02-16T09:26:33.962+0000] {logging_mixin.py:188} INFO - [2024-02-16T09:26:33.962+0000] {dag.py:3823} INFO - Setting next_dagrun for example_short_circuit_decorator to 2024-02-15 00:00:00+00:00, run_after=2024-02-16 00:00:00+00:00
[2024-02-16T09:26:33.983+0000] {processor.py:183} INFO - Processing /home/airflow/.local/lib/python3.8/site-packages/airflow/example_dags/example_short_circuit_decorator.py took 0.076 seconds
[2024-02-16T09:27:04.410+0000] {processor.py:161} INFO - Started process (PID=3544) to work on /home/airflow/.local/lib/python3.8/site-packages/airflow/example_dags/example_short_circuit_decorator.py
[2024-02-16T09:27:04.411+0000] {processor.py:830} INFO - Processing file /home/airflow/.local/lib/python3.8/site-packages/airflow/example_dags/example_short_circuit_decorator.py for tasks to queue
[2024-02-16T09:27:04.412+0000] {logging_mixin.py:188} INFO - [2024-02-16T09:27:04.412+0000] {dagbag.py:538} INFO - Filling up the DagBag from /home/airflow/.local/lib/python3.8/site-packages/airflow/example_dags/example_short_circuit_decorator.py
[2024-02-16T09:27:04.419+0000] {processor.py:840} INFO - DAG(s) 'example_short_circuit_decorator' retrieved from /home/airflow/.local/lib/python3.8/site-packages/airflow/example_dags/example_short_circuit_decorator.py
[2024-02-16T09:27:04.436+0000] {logging_mixin.py:188} INFO - [2024-02-16T09:27:04.436+0000] {dag.py:3036} INFO - Sync 1 DAGs
[2024-02-16T09:27:04.450+0000] {logging_mixin.py:188} INFO - [2024-02-16T09:27:04.450+0000] {dag.py:3823} INFO - Setting next_dagrun for example_short_circuit_decorator to 2024-02-15 00:00:00+00:00, run_after=2024-02-16 00:00:00+00:00
[2024-02-16T09:27:04.465+0000] {processor.py:183} INFO - Processing /home/airflow/.local/lib/python3.8/site-packages/airflow/example_dags/example_short_circuit_decorator.py took 0.057 seconds
[2024-02-16T09:27:34.936+0000] {processor.py:161} INFO - Started process (PID=3790) to work on /home/airflow/.local/lib/python3.8/site-packages/airflow/example_dags/example_short_circuit_decorator.py
[2024-02-16T09:27:34.938+0000] {processor.py:830} INFO - Processing file /home/airflow/.local/lib/python3.8/site-packages/airflow/example_dags/example_short_circuit_decorator.py for tasks to queue
[2024-02-16T09:27:34.938+0000] {logging_mixin.py:188} INFO - [2024-02-16T09:27:34.938+0000] {dagbag.py:538} INFO - Filling up the DagBag from /home/airflow/.local/lib/python3.8/site-packages/airflow/example_dags/example_short_circuit_decorator.py
[2024-02-16T09:27:34.945+0000] {processor.py:840} INFO - DAG(s) 'example_short_circuit_decorator' retrieved from /home/airflow/.local/lib/python3.8/site-packages/airflow/example_dags/example_short_circuit_decorator.py
[2024-02-16T09:27:34.969+0000] {logging_mixin.py:188} INFO - [2024-02-16T09:27:34.969+0000] {dag.py:3036} INFO - Sync 1 DAGs
[2024-02-16T09:27:34.987+0000] {logging_mixin.py:188} INFO - [2024-02-16T09:27:34.987+0000] {dag.py:3823} INFO - Setting next_dagrun for example_short_circuit_decorator to 2024-02-15 00:00:00+00:00, run_after=2024-02-16 00:00:00+00:00
[2024-02-16T09:27:35.009+0000] {processor.py:183} INFO - Processing /home/airflow/.local/lib/python3.8/site-packages/airflow/example_dags/example_short_circuit_decorator.py took 0.076 seconds
[2024-02-16T09:28:05.308+0000] {processor.py:161} INFO - Started process (PID=4039) to work on /home/airflow/.local/lib/python3.8/site-packages/airflow/example_dags/example_short_circuit_decorator.py
[2024-02-16T09:28:05.309+0000] {processor.py:830} INFO - Processing file /home/airflow/.local/lib/python3.8/site-packages/airflow/example_dags/example_short_circuit_decorator.py for tasks to queue
[2024-02-16T09:28:05.309+0000] {logging_mixin.py:188} INFO - [2024-02-16T09:28:05.309+0000] {dagbag.py:538} INFO - Filling up the DagBag from /home/airflow/.local/lib/python3.8/site-packages/airflow/example_dags/example_short_circuit_decorator.py
[2024-02-16T09:28:05.317+0000] {processor.py:840} INFO - DAG(s) 'example_short_circuit_decorator' retrieved from /home/airflow/.local/lib/python3.8/site-packages/airflow/example_dags/example_short_circuit_decorator.py
[2024-02-16T09:28:05.335+0000] {logging_mixin.py:188} INFO - [2024-02-16T09:28:05.335+0000] {dag.py:3036} INFO - Sync 1 DAGs
[2024-02-16T09:28:05.352+0000] {logging_mixin.py:188} INFO - [2024-02-16T09:28:05.352+0000] {dag.py:3823} INFO - Setting next_dagrun for example_short_circuit_decorator to 2024-02-15 00:00:00+00:00, run_after=2024-02-16 00:00:00+00:00
[2024-02-16T09:28:05.369+0000] {processor.py:183} INFO - Processing /home/airflow/.local/lib/python3.8/site-packages/airflow/example_dags/example_short_circuit_decorator.py took 0.064 seconds
[2024-02-16T09:28:35.709+0000] {processor.py:161} INFO - Started process (PID=4285) to work on /home/airflow/.local/lib/python3.8/site-packages/airflow/example_dags/example_short_circuit_decorator.py
[2024-02-16T09:28:35.710+0000] {processor.py:830} INFO - Processing file /home/airflow/.local/lib/python3.8/site-packages/airflow/example_dags/example_short_circuit_decorator.py for tasks to queue
[2024-02-16T09:28:35.711+0000] {logging_mixin.py:188} INFO - [2024-02-16T09:28:35.711+0000] {dagbag.py:538} INFO - Filling up the DagBag from /home/airflow/.local/lib/python3.8/site-packages/airflow/example_dags/example_short_circuit_decorator.py
[2024-02-16T09:28:35.718+0000] {processor.py:840} INFO - DAG(s) 'example_short_circuit_decorator' retrieved from /home/airflow/.local/lib/python3.8/site-packages/airflow/example_dags/example_short_circuit_decorator.py
[2024-02-16T09:28:35.735+0000] {logging_mixin.py:188} INFO - [2024-02-16T09:28:35.735+0000] {dag.py:3036} INFO - Sync 1 DAGs
[2024-02-16T09:28:35.751+0000] {logging_mixin.py:188} INFO - [2024-02-16T09:28:35.750+0000] {dag.py:3823} INFO - Setting next_dagrun for example_short_circuit_decorator to 2024-02-15 00:00:00+00:00, run_after=2024-02-16 00:00:00+00:00
[2024-02-16T09:28:35.764+0000] {processor.py:183} INFO - Processing /home/airflow/.local/lib/python3.8/site-packages/airflow/example_dags/example_short_circuit_decorator.py took 0.057 seconds
[2024-02-16T09:29:06.053+0000] {processor.py:161} INFO - Started process (PID=4530) to work on /home/airflow/.local/lib/python3.8/site-packages/airflow/example_dags/example_short_circuit_decorator.py
[2024-02-16T09:29:06.055+0000] {processor.py:830} INFO - Processing file /home/airflow/.local/lib/python3.8/site-packages/airflow/example_dags/example_short_circuit_decorator.py for tasks to queue
[2024-02-16T09:29:06.055+0000] {logging_mixin.py:188} INFO - [2024-02-16T09:29:06.055+0000] {dagbag.py:538} INFO - Filling up the DagBag from /home/airflow/.local/lib/python3.8/site-packages/airflow/example_dags/example_short_circuit_decorator.py
[2024-02-16T09:29:06.064+0000] {processor.py:840} INFO - DAG(s) 'example_short_circuit_decorator' retrieved from /home/airflow/.local/lib/python3.8/site-packages/airflow/example_dags/example_short_circuit_decorator.py
[2024-02-16T09:29:06.085+0000] {logging_mixin.py:188} INFO - [2024-02-16T09:29:06.085+0000] {dag.py:3036} INFO - Sync 1 DAGs
[2024-02-16T09:29:06.102+0000] {logging_mixin.py:188} INFO - [2024-02-16T09:29:06.102+0000] {dag.py:3823} INFO - Setting next_dagrun for example_short_circuit_decorator to 2024-02-15 00:00:00+00:00, run_after=2024-02-16 00:00:00+00:00
[2024-02-16T09:29:06.119+0000] {processor.py:183} INFO - Processing /home/airflow/.local/lib/python3.8/site-packages/airflow/example_dags/example_short_circuit_decorator.py took 0.069 seconds
[2024-02-16T09:29:36.741+0000] {processor.py:161} INFO - Started process (PID=4778) to work on /home/airflow/.local/lib/python3.8/site-packages/airflow/example_dags/example_short_circuit_decorator.py
[2024-02-16T09:29:36.743+0000] {processor.py:830} INFO - Processing file /home/airflow/.local/lib/python3.8/site-packages/airflow/example_dags/example_short_circuit_decorator.py for tasks to queue
[2024-02-16T09:29:36.743+0000] {logging_mixin.py:188} INFO - [2024-02-16T09:29:36.743+0000] {dagbag.py:538} INFO - Filling up the DagBag from /home/airflow/.local/lib/python3.8/site-packages/airflow/example_dags/example_short_circuit_decorator.py
[2024-02-16T09:29:36.751+0000] {processor.py:840} INFO - DAG(s) 'example_short_circuit_decorator' retrieved from /home/airflow/.local/lib/python3.8/site-packages/airflow/example_dags/example_short_circuit_decorator.py
[2024-02-16T09:29:36.774+0000] {logging_mixin.py:188} INFO - [2024-02-16T09:29:36.774+0000] {dag.py:3036} INFO - Sync 1 DAGs
[2024-02-16T09:29:36.793+0000] {logging_mixin.py:188} INFO - [2024-02-16T09:29:36.793+0000] {dag.py:3823} INFO - Setting next_dagrun for example_short_circuit_decorator to 2024-02-15 00:00:00+00:00, run_after=2024-02-16 00:00:00+00:00
[2024-02-16T09:29:36.814+0000] {processor.py:183} INFO - Processing /home/airflow/.local/lib/python3.8/site-packages/airflow/example_dags/example_short_circuit_decorator.py took 0.076 seconds
[2024-02-16T09:30:07.622+0000] {processor.py:161} INFO - Started process (PID=5054) to work on /home/airflow/.local/lib/python3.8/site-packages/airflow/example_dags/example_short_circuit_decorator.py
[2024-02-16T09:30:07.624+0000] {processor.py:830} INFO - Processing file /home/airflow/.local/lib/python3.8/site-packages/airflow/example_dags/example_short_circuit_decorator.py for tasks to queue
[2024-02-16T09:30:07.625+0000] {logging_mixin.py:188} INFO - [2024-02-16T09:30:07.624+0000] {dagbag.py:538} INFO - Filling up the DagBag from /home/airflow/.local/lib/python3.8/site-packages/airflow/example_dags/example_short_circuit_decorator.py
[2024-02-16T09:30:07.649+0000] {processor.py:840} INFO - DAG(s) 'example_short_circuit_decorator' retrieved from /home/airflow/.local/lib/python3.8/site-packages/airflow/example_dags/example_short_circuit_decorator.py
[2024-02-16T09:30:07.701+0000] {logging_mixin.py:188} INFO - [2024-02-16T09:30:07.700+0000] {dag.py:3036} INFO - Sync 1 DAGs
[2024-02-16T09:30:07.730+0000] {logging_mixin.py:188} INFO - [2024-02-16T09:30:07.730+0000] {dag.py:3823} INFO - Setting next_dagrun for example_short_circuit_decorator to 2024-02-15 00:00:00+00:00, run_after=2024-02-16 00:00:00+00:00
[2024-02-16T09:30:07.756+0000] {processor.py:183} INFO - Processing /home/airflow/.local/lib/python3.8/site-packages/airflow/example_dags/example_short_circuit_decorator.py took 0.140 seconds
[2024-02-16T09:30:38.712+0000] {processor.py:161} INFO - Started process (PID=5450) to work on /home/airflow/.local/lib/python3.8/site-packages/airflow/example_dags/example_short_circuit_decorator.py
[2024-02-16T09:30:38.714+0000] {processor.py:830} INFO - Processing file /home/airflow/.local/lib/python3.8/site-packages/airflow/example_dags/example_short_circuit_decorator.py for tasks to queue
[2024-02-16T09:30:38.715+0000] {logging_mixin.py:188} INFO - [2024-02-16T09:30:38.714+0000] {dagbag.py:538} INFO - Filling up the DagBag from /home/airflow/.local/lib/python3.8/site-packages/airflow/example_dags/example_short_circuit_decorator.py
[2024-02-16T09:30:38.722+0000] {processor.py:840} INFO - DAG(s) 'example_short_circuit_decorator' retrieved from /home/airflow/.local/lib/python3.8/site-packages/airflow/example_dags/example_short_circuit_decorator.py
[2024-02-16T09:30:38.745+0000] {logging_mixin.py:188} INFO - [2024-02-16T09:30:38.744+0000] {dag.py:3036} INFO - Sync 1 DAGs
[2024-02-16T09:30:38.762+0000] {logging_mixin.py:188} INFO - [2024-02-16T09:30:38.762+0000] {dag.py:3823} INFO - Setting next_dagrun for example_short_circuit_decorator to 2024-02-15 00:00:00+00:00, run_after=2024-02-16 00:00:00+00:00
[2024-02-16T09:30:38.783+0000] {processor.py:183} INFO - Processing /home/airflow/.local/lib/python3.8/site-packages/airflow/example_dags/example_short_circuit_decorator.py took 0.073 seconds
[2024-02-16T09:31:08.977+0000] {processor.py:161} INFO - Started process (PID=5696) to work on /home/airflow/.local/lib/python3.8/site-packages/airflow/example_dags/example_short_circuit_decorator.py
[2024-02-16T09:31:08.978+0000] {processor.py:830} INFO - Processing file /home/airflow/.local/lib/python3.8/site-packages/airflow/example_dags/example_short_circuit_decorator.py for tasks to queue
[2024-02-16T09:31:08.979+0000] {logging_mixin.py:188} INFO - [2024-02-16T09:31:08.979+0000] {dagbag.py:538} INFO - Filling up the DagBag from /home/airflow/.local/lib/python3.8/site-packages/airflow/example_dags/example_short_circuit_decorator.py
[2024-02-16T09:31:08.987+0000] {processor.py:840} INFO - DAG(s) 'example_short_circuit_decorator' retrieved from /home/airflow/.local/lib/python3.8/site-packages/airflow/example_dags/example_short_circuit_decorator.py
[2024-02-16T09:31:09.010+0000] {logging_mixin.py:188} INFO - [2024-02-16T09:31:09.010+0000] {dag.py:3036} INFO - Sync 1 DAGs
[2024-02-16T09:31:09.029+0000] {logging_mixin.py:188} INFO - [2024-02-16T09:31:09.029+0000] {dag.py:3823} INFO - Setting next_dagrun for example_short_circuit_decorator to 2024-02-15 00:00:00+00:00, run_after=2024-02-16 00:00:00+00:00
[2024-02-16T09:31:09.048+0000] {processor.py:183} INFO - Processing /home/airflow/.local/lib/python3.8/site-packages/airflow/example_dags/example_short_circuit_decorator.py took 0.074 seconds
[2024-02-16T09:31:39.453+0000] {processor.py:161} INFO - Started process (PID=5943) to work on /home/airflow/.local/lib/python3.8/site-packages/airflow/example_dags/example_short_circuit_decorator.py
[2024-02-16T09:31:39.456+0000] {processor.py:830} INFO - Processing file /home/airflow/.local/lib/python3.8/site-packages/airflow/example_dags/example_short_circuit_decorator.py for tasks to queue
[2024-02-16T09:31:39.456+0000] {logging_mixin.py:188} INFO - [2024-02-16T09:31:39.456+0000] {dagbag.py:538} INFO - Filling up the DagBag from /home/airflow/.local/lib/python3.8/site-packages/airflow/example_dags/example_short_circuit_decorator.py
[2024-02-16T09:31:39.463+0000] {processor.py:840} INFO - DAG(s) 'example_short_circuit_decorator' retrieved from /home/airflow/.local/lib/python3.8/site-packages/airflow/example_dags/example_short_circuit_decorator.py
[2024-02-16T09:31:39.485+0000] {logging_mixin.py:188} INFO - [2024-02-16T09:31:39.484+0000] {dag.py:3036} INFO - Sync 1 DAGs
[2024-02-16T09:31:39.502+0000] {logging_mixin.py:188} INFO - [2024-02-16T09:31:39.501+0000] {dag.py:3823} INFO - Setting next_dagrun for example_short_circuit_decorator to 2024-02-15 00:00:00+00:00, run_after=2024-02-16 00:00:00+00:00
[2024-02-16T09:31:39.521+0000] {processor.py:183} INFO - Processing /home/airflow/.local/lib/python3.8/site-packages/airflow/example_dags/example_short_circuit_decorator.py took 0.071 seconds
[2024-02-16T09:32:09.875+0000] {processor.py:161} INFO - Started process (PID=6189) to work on /home/airflow/.local/lib/python3.8/site-packages/airflow/example_dags/example_short_circuit_decorator.py
[2024-02-16T09:32:09.879+0000] {processor.py:830} INFO - Processing file /home/airflow/.local/lib/python3.8/site-packages/airflow/example_dags/example_short_circuit_decorator.py for tasks to queue
[2024-02-16T09:32:09.879+0000] {logging_mixin.py:188} INFO - [2024-02-16T09:32:09.879+0000] {dagbag.py:538} INFO - Filling up the DagBag from /home/airflow/.local/lib/python3.8/site-packages/airflow/example_dags/example_short_circuit_decorator.py
[2024-02-16T09:32:09.887+0000] {processor.py:840} INFO - DAG(s) 'example_short_circuit_decorator' retrieved from /home/airflow/.local/lib/python3.8/site-packages/airflow/example_dags/example_short_circuit_decorator.py
[2024-02-16T09:32:09.909+0000] {logging_mixin.py:188} INFO - [2024-02-16T09:32:09.909+0000] {dag.py:3036} INFO - Sync 1 DAGs
[2024-02-16T09:32:09.927+0000] {logging_mixin.py:188} INFO - [2024-02-16T09:32:09.927+0000] {dag.py:3823} INFO - Setting next_dagrun for example_short_circuit_decorator to 2024-02-15 00:00:00+00:00, run_after=2024-02-16 00:00:00+00:00
[2024-02-16T09:32:09.945+0000] {processor.py:183} INFO - Processing /home/airflow/.local/lib/python3.8/site-packages/airflow/example_dags/example_short_circuit_decorator.py took 0.076 seconds
[2024-02-16T09:32:40.391+0000] {processor.py:161} INFO - Started process (PID=6436) to work on /home/airflow/.local/lib/python3.8/site-packages/airflow/example_dags/example_short_circuit_decorator.py
[2024-02-16T09:32:40.394+0000] {processor.py:830} INFO - Processing file /home/airflow/.local/lib/python3.8/site-packages/airflow/example_dags/example_short_circuit_decorator.py for tasks to queue
[2024-02-16T09:32:40.395+0000] {logging_mixin.py:188} INFO - [2024-02-16T09:32:40.395+0000] {dagbag.py:538} INFO - Filling up the DagBag from /home/airflow/.local/lib/python3.8/site-packages/airflow/example_dags/example_short_circuit_decorator.py
[2024-02-16T09:32:40.405+0000] {processor.py:840} INFO - DAG(s) 'example_short_circuit_decorator' retrieved from /home/airflow/.local/lib/python3.8/site-packages/airflow/example_dags/example_short_circuit_decorator.py
[2024-02-16T09:32:40.431+0000] {logging_mixin.py:188} INFO - [2024-02-16T09:32:40.431+0000] {dag.py:3036} INFO - Sync 1 DAGs
[2024-02-16T09:32:40.456+0000] {logging_mixin.py:188} INFO - [2024-02-16T09:32:40.455+0000] {dag.py:3823} INFO - Setting next_dagrun for example_short_circuit_decorator to 2024-02-15 00:00:00+00:00, run_after=2024-02-16 00:00:00+00:00
[2024-02-16T09:32:40.480+0000] {processor.py:183} INFO - Processing /home/airflow/.local/lib/python3.8/site-packages/airflow/example_dags/example_short_circuit_decorator.py took 0.091 seconds
[2024-02-16T09:33:11.130+0000] {processor.py:161} INFO - Started process (PID=6683) to work on /home/airflow/.local/lib/python3.8/site-packages/airflow/example_dags/example_short_circuit_decorator.py
[2024-02-16T09:33:11.132+0000] {processor.py:830} INFO - Processing file /home/airflow/.local/lib/python3.8/site-packages/airflow/example_dags/example_short_circuit_decorator.py for tasks to queue
[2024-02-16T09:33:11.132+0000] {logging_mixin.py:188} INFO - [2024-02-16T09:33:11.132+0000] {dagbag.py:538} INFO - Filling up the DagBag from /home/airflow/.local/lib/python3.8/site-packages/airflow/example_dags/example_short_circuit_decorator.py
[2024-02-16T09:33:11.140+0000] {processor.py:840} INFO - DAG(s) 'example_short_circuit_decorator' retrieved from /home/airflow/.local/lib/python3.8/site-packages/airflow/example_dags/example_short_circuit_decorator.py
[2024-02-16T09:33:11.163+0000] {logging_mixin.py:188} INFO - [2024-02-16T09:33:11.163+0000] {dag.py:3036} INFO - Sync 1 DAGs
[2024-02-16T09:33:11.181+0000] {logging_mixin.py:188} INFO - [2024-02-16T09:33:11.181+0000] {dag.py:3823} INFO - Setting next_dagrun for example_short_circuit_decorator to 2024-02-15 00:00:00+00:00, run_after=2024-02-16 00:00:00+00:00
[2024-02-16T09:33:11.201+0000] {processor.py:183} INFO - Processing /home/airflow/.local/lib/python3.8/site-packages/airflow/example_dags/example_short_circuit_decorator.py took 0.073 seconds
[2024-02-16T09:33:41.522+0000] {processor.py:161} INFO - Started process (PID=6930) to work on /home/airflow/.local/lib/python3.8/site-packages/airflow/example_dags/example_short_circuit_decorator.py
[2024-02-16T09:33:41.525+0000] {processor.py:830} INFO - Processing file /home/airflow/.local/lib/python3.8/site-packages/airflow/example_dags/example_short_circuit_decorator.py for tasks to queue
[2024-02-16T09:33:41.525+0000] {logging_mixin.py:188} INFO - [2024-02-16T09:33:41.525+0000] {dagbag.py:538} INFO - Filling up the DagBag from /home/airflow/.local/lib/python3.8/site-packages/airflow/example_dags/example_short_circuit_decorator.py
[2024-02-16T09:33:41.533+0000] {processor.py:840} INFO - DAG(s) 'example_short_circuit_decorator' retrieved from /home/airflow/.local/lib/python3.8/site-packages/airflow/example_dags/example_short_circuit_decorator.py
[2024-02-16T09:33:41.555+0000] {logging_mixin.py:188} INFO - [2024-02-16T09:33:41.555+0000] {dag.py:3036} INFO - Sync 1 DAGs
[2024-02-16T09:33:41.574+0000] {logging_mixin.py:188} INFO - [2024-02-16T09:33:41.574+0000] {dag.py:3823} INFO - Setting next_dagrun for example_short_circuit_decorator to 2024-02-15 00:00:00+00:00, run_after=2024-02-16 00:00:00+00:00
[2024-02-16T09:33:41.595+0000] {processor.py:183} INFO - Processing /home/airflow/.local/lib/python3.8/site-packages/airflow/example_dags/example_short_circuit_decorator.py took 0.075 seconds
[2024-02-16T09:34:11.886+0000] {processor.py:161} INFO - Started process (PID=7177) to work on /home/airflow/.local/lib/python3.8/site-packages/airflow/example_dags/example_short_circuit_decorator.py
[2024-02-16T09:34:11.887+0000] {processor.py:830} INFO - Processing file /home/airflow/.local/lib/python3.8/site-packages/airflow/example_dags/example_short_circuit_decorator.py for tasks to queue
[2024-02-16T09:34:11.888+0000] {logging_mixin.py:188} INFO - [2024-02-16T09:34:11.888+0000] {dagbag.py:538} INFO - Filling up the DagBag from /home/airflow/.local/lib/python3.8/site-packages/airflow/example_dags/example_short_circuit_decorator.py
[2024-02-16T09:34:11.896+0000] {processor.py:840} INFO - DAG(s) 'example_short_circuit_decorator' retrieved from /home/airflow/.local/lib/python3.8/site-packages/airflow/example_dags/example_short_circuit_decorator.py
[2024-02-16T09:34:11.919+0000] {logging_mixin.py:188} INFO - [2024-02-16T09:34:11.919+0000] {dag.py:3036} INFO - Sync 1 DAGs
[2024-02-16T09:34:11.938+0000] {logging_mixin.py:188} INFO - [2024-02-16T09:34:11.938+0000] {dag.py:3823} INFO - Setting next_dagrun for example_short_circuit_decorator to 2024-02-15 00:00:00+00:00, run_after=2024-02-16 00:00:00+00:00
[2024-02-16T09:34:11.959+0000] {processor.py:183} INFO - Processing /home/airflow/.local/lib/python3.8/site-packages/airflow/example_dags/example_short_circuit_decorator.py took 0.075 seconds
[2024-02-16T09:38:04.521+0000] {processor.py:161} INFO - Started process (PID=330) to work on /home/airflow/.local/lib/python3.8/site-packages/airflow/example_dags/example_short_circuit_decorator.py
[2024-02-16T09:38:04.522+0000] {processor.py:830} INFO - Processing file /home/airflow/.local/lib/python3.8/site-packages/airflow/example_dags/example_short_circuit_decorator.py for tasks to queue
[2024-02-16T09:38:04.523+0000] {logging_mixin.py:188} INFO - [2024-02-16T09:38:04.523+0000] {dagbag.py:538} INFO - Filling up the DagBag from /home/airflow/.local/lib/python3.8/site-packages/airflow/example_dags/example_short_circuit_decorator.py
[2024-02-16T09:38:04.531+0000] {processor.py:840} INFO - DAG(s) 'example_short_circuit_decorator' retrieved from /home/airflow/.local/lib/python3.8/site-packages/airflow/example_dags/example_short_circuit_decorator.py
[2024-02-16T09:38:04.544+0000] {logging_mixin.py:188} INFO - [2024-02-16T09:38:04.544+0000] {dag.py:3036} INFO - Sync 1 DAGs
[2024-02-16T09:38:04.568+0000] {logging_mixin.py:188} INFO - [2024-02-16T09:38:04.568+0000] {dag.py:3823} INFO - Setting next_dagrun for example_short_circuit_decorator to 2024-02-15 00:00:00+00:00, run_after=2024-02-16 00:00:00+00:00
[2024-02-16T09:38:04.592+0000] {processor.py:183} INFO - Processing /home/airflow/.local/lib/python3.8/site-packages/airflow/example_dags/example_short_circuit_decorator.py took 0.074 seconds
[2024-02-16T09:38:36.073+0000] {processor.py:161} INFO - Started process (PID=579) to work on /home/airflow/.local/lib/python3.8/site-packages/airflow/example_dags/example_short_circuit_decorator.py
[2024-02-16T09:38:36.075+0000] {processor.py:830} INFO - Processing file /home/airflow/.local/lib/python3.8/site-packages/airflow/example_dags/example_short_circuit_decorator.py for tasks to queue
[2024-02-16T09:38:36.076+0000] {logging_mixin.py:188} INFO - [2024-02-16T09:38:36.075+0000] {dagbag.py:538} INFO - Filling up the DagBag from /home/airflow/.local/lib/python3.8/site-packages/airflow/example_dags/example_short_circuit_decorator.py
[2024-02-16T09:38:36.083+0000] {processor.py:840} INFO - DAG(s) 'example_short_circuit_decorator' retrieved from /home/airflow/.local/lib/python3.8/site-packages/airflow/example_dags/example_short_circuit_decorator.py
[2024-02-16T09:38:36.178+0000] {logging_mixin.py:188} INFO - [2024-02-16T09:38:36.178+0000] {dag.py:3036} INFO - Sync 1 DAGs
[2024-02-16T09:38:36.199+0000] {logging_mixin.py:188} INFO - [2024-02-16T09:38:36.199+0000] {dag.py:3823} INFO - Setting next_dagrun for example_short_circuit_decorator to 2024-02-15 00:00:00+00:00, run_after=2024-02-16 00:00:00+00:00
[2024-02-16T09:38:36.226+0000] {processor.py:183} INFO - Processing /home/airflow/.local/lib/python3.8/site-packages/airflow/example_dags/example_short_circuit_decorator.py took 0.155 seconds
