[2024-02-16T09:20:26.410+0000] {processor.py:161} INFO - Started process (PID=306) to work on /home/airflow/.local/lib/python3.8/site-packages/airflow/example_dags/example_python_operator.py
[2024-02-16T09:20:26.411+0000] {processor.py:830} INFO - Processing file /home/airflow/.local/lib/python3.8/site-packages/airflow/example_dags/example_python_operator.py for tasks to queue
[2024-02-16T09:20:26.412+0000] {logging_mixin.py:188} INFO - [2024-02-16T09:20:26.412+0000] {dagbag.py:538} INFO - Filling up the DagBag from /home/airflow/.local/lib/python3.8/site-packages/airflow/example_dags/example_python_operator.py
[2024-02-16T09:20:26.421+0000] {processor.py:840} INFO - DAG(s) 'example_python_operator' retrieved from /home/airflow/.local/lib/python3.8/site-packages/airflow/example_dags/example_python_operator.py
[2024-02-16T09:20:26.521+0000] {logging_mixin.py:188} INFO - [2024-02-16T09:20:26.520+0000] {override.py:1769} INFO - Created Permission View: can delete on DAG:example_python_operator
[2024-02-16T09:20:26.535+0000] {logging_mixin.py:188} INFO - [2024-02-16T09:20:26.534+0000] {override.py:1769} INFO - Created Permission View: can edit on DAG:example_python_operator
[2024-02-16T09:20:26.543+0000] {logging_mixin.py:188} INFO - [2024-02-16T09:20:26.543+0000] {override.py:1769} INFO - Created Permission View: can read on DAG:example_python_operator
[2024-02-16T09:20:26.544+0000] {logging_mixin.py:188} INFO - [2024-02-16T09:20:26.543+0000] {dag.py:3036} INFO - Sync 1 DAGs
[2024-02-16T09:20:26.557+0000] {logging_mixin.py:188} INFO - [2024-02-16T09:20:26.556+0000] {dag.py:3058} INFO - Creating ORM DAG for example_python_operator
[2024-02-16T09:20:26.557+0000] {logging_mixin.py:188} INFO - [2024-02-16T09:20:26.557+0000] {dag.py:3823} INFO - Setting next_dagrun for example_python_operator to None, run_after=None
[2024-02-16T09:20:26.582+0000] {processor.py:183} INFO - Processing /home/airflow/.local/lib/python3.8/site-packages/airflow/example_dags/example_python_operator.py took 0.176 seconds
[2024-02-16T09:20:57.355+0000] {processor.py:161} INFO - Started process (PID=555) to work on /home/airflow/.local/lib/python3.8/site-packages/airflow/example_dags/example_python_operator.py
[2024-02-16T09:20:57.356+0000] {processor.py:830} INFO - Processing file /home/airflow/.local/lib/python3.8/site-packages/airflow/example_dags/example_python_operator.py for tasks to queue
[2024-02-16T09:20:57.357+0000] {logging_mixin.py:188} INFO - [2024-02-16T09:20:57.356+0000] {dagbag.py:538} INFO - Filling up the DagBag from /home/airflow/.local/lib/python3.8/site-packages/airflow/example_dags/example_python_operator.py
[2024-02-16T09:20:57.365+0000] {processor.py:840} INFO - DAG(s) 'example_python_operator' retrieved from /home/airflow/.local/lib/python3.8/site-packages/airflow/example_dags/example_python_operator.py
[2024-02-16T09:20:57.386+0000] {logging_mixin.py:188} INFO - [2024-02-16T09:20:57.385+0000] {dag.py:3036} INFO - Sync 1 DAGs
[2024-02-16T09:20:57.397+0000] {logging_mixin.py:188} INFO - [2024-02-16T09:20:57.397+0000] {dag.py:3823} INFO - Setting next_dagrun for example_python_operator to None, run_after=None
[2024-02-16T09:20:57.417+0000] {processor.py:183} INFO - Processing /home/airflow/.local/lib/python3.8/site-packages/airflow/example_dags/example_python_operator.py took 0.064 seconds
[2024-02-16T09:21:27.835+0000] {processor.py:161} INFO - Started process (PID=802) to work on /home/airflow/.local/lib/python3.8/site-packages/airflow/example_dags/example_python_operator.py
[2024-02-16T09:21:27.836+0000] {processor.py:830} INFO - Processing file /home/airflow/.local/lib/python3.8/site-packages/airflow/example_dags/example_python_operator.py for tasks to queue
[2024-02-16T09:21:27.837+0000] {logging_mixin.py:188} INFO - [2024-02-16T09:21:27.836+0000] {dagbag.py:538} INFO - Filling up the DagBag from /home/airflow/.local/lib/python3.8/site-packages/airflow/example_dags/example_python_operator.py
[2024-02-16T09:21:27.845+0000] {processor.py:840} INFO - DAG(s) 'example_python_operator' retrieved from /home/airflow/.local/lib/python3.8/site-packages/airflow/example_dags/example_python_operator.py
[2024-02-16T09:21:27.866+0000] {logging_mixin.py:188} INFO - [2024-02-16T09:21:27.865+0000] {dag.py:3036} INFO - Sync 1 DAGs
[2024-02-16T09:21:27.878+0000] {logging_mixin.py:188} INFO - [2024-02-16T09:21:27.878+0000] {dag.py:3823} INFO - Setting next_dagrun for example_python_operator to None, run_after=None
[2024-02-16T09:21:27.897+0000] {processor.py:183} INFO - Processing /home/airflow/.local/lib/python3.8/site-packages/airflow/example_dags/example_python_operator.py took 0.065 seconds
[2024-02-16T09:21:58.603+0000] {processor.py:161} INFO - Started process (PID=1047) to work on /home/airflow/.local/lib/python3.8/site-packages/airflow/example_dags/example_python_operator.py
[2024-02-16T09:21:58.604+0000] {processor.py:830} INFO - Processing file /home/airflow/.local/lib/python3.8/site-packages/airflow/example_dags/example_python_operator.py for tasks to queue
[2024-02-16T09:21:58.605+0000] {logging_mixin.py:188} INFO - [2024-02-16T09:21:58.605+0000] {dagbag.py:538} INFO - Filling up the DagBag from /home/airflow/.local/lib/python3.8/site-packages/airflow/example_dags/example_python_operator.py
[2024-02-16T09:21:58.615+0000] {processor.py:840} INFO - DAG(s) 'example_python_operator' retrieved from /home/airflow/.local/lib/python3.8/site-packages/airflow/example_dags/example_python_operator.py
[2024-02-16T09:21:58.638+0000] {logging_mixin.py:188} INFO - [2024-02-16T09:21:58.638+0000] {dag.py:3036} INFO - Sync 1 DAGs
[2024-02-16T09:21:58.649+0000] {logging_mixin.py:188} INFO - [2024-02-16T09:21:58.649+0000] {dag.py:3823} INFO - Setting next_dagrun for example_python_operator to None, run_after=None
[2024-02-16T09:21:58.670+0000] {processor.py:183} INFO - Processing /home/airflow/.local/lib/python3.8/site-packages/airflow/example_dags/example_python_operator.py took 0.070 seconds
[2024-02-16T09:22:29.325+0000] {processor.py:161} INFO - Started process (PID=1295) to work on /home/airflow/.local/lib/python3.8/site-packages/airflow/example_dags/example_python_operator.py
[2024-02-16T09:22:29.327+0000] {processor.py:830} INFO - Processing file /home/airflow/.local/lib/python3.8/site-packages/airflow/example_dags/example_python_operator.py for tasks to queue
[2024-02-16T09:22:29.328+0000] {logging_mixin.py:188} INFO - [2024-02-16T09:22:29.327+0000] {dagbag.py:538} INFO - Filling up the DagBag from /home/airflow/.local/lib/python3.8/site-packages/airflow/example_dags/example_python_operator.py
[2024-02-16T09:22:29.338+0000] {processor.py:840} INFO - DAG(s) 'example_python_operator' retrieved from /home/airflow/.local/lib/python3.8/site-packages/airflow/example_dags/example_python_operator.py
[2024-02-16T09:22:29.366+0000] {logging_mixin.py:188} INFO - [2024-02-16T09:22:29.365+0000] {dag.py:3036} INFO - Sync 1 DAGs
[2024-02-16T09:22:29.380+0000] {logging_mixin.py:188} INFO - [2024-02-16T09:22:29.380+0000] {dag.py:3823} INFO - Setting next_dagrun for example_python_operator to None, run_after=None
[2024-02-16T09:22:29.408+0000] {processor.py:183} INFO - Processing /home/airflow/.local/lib/python3.8/site-packages/airflow/example_dags/example_python_operator.py took 0.087 seconds
[2024-02-16T09:22:59.869+0000] {processor.py:161} INFO - Started process (PID=1541) to work on /home/airflow/.local/lib/python3.8/site-packages/airflow/example_dags/example_python_operator.py
[2024-02-16T09:22:59.870+0000] {processor.py:830} INFO - Processing file /home/airflow/.local/lib/python3.8/site-packages/airflow/example_dags/example_python_operator.py for tasks to queue
[2024-02-16T09:22:59.870+0000] {logging_mixin.py:188} INFO - [2024-02-16T09:22:59.870+0000] {dagbag.py:538} INFO - Filling up the DagBag from /home/airflow/.local/lib/python3.8/site-packages/airflow/example_dags/example_python_operator.py
[2024-02-16T09:22:59.879+0000] {processor.py:840} INFO - DAG(s) 'example_python_operator' retrieved from /home/airflow/.local/lib/python3.8/site-packages/airflow/example_dags/example_python_operator.py
[2024-02-16T09:22:59.899+0000] {logging_mixin.py:188} INFO - [2024-02-16T09:22:59.899+0000] {dag.py:3036} INFO - Sync 1 DAGs
[2024-02-16T09:22:59.908+0000] {logging_mixin.py:188} INFO - [2024-02-16T09:22:59.908+0000] {dag.py:3823} INFO - Setting next_dagrun for example_python_operator to None, run_after=None
[2024-02-16T09:22:59.928+0000] {processor.py:183} INFO - Processing /home/airflow/.local/lib/python3.8/site-packages/airflow/example_dags/example_python_operator.py took 0.062 seconds
[2024-02-16T09:23:30.240+0000] {processor.py:161} INFO - Started process (PID=1788) to work on /home/airflow/.local/lib/python3.8/site-packages/airflow/example_dags/example_python_operator.py
[2024-02-16T09:23:30.242+0000] {processor.py:830} INFO - Processing file /home/airflow/.local/lib/python3.8/site-packages/airflow/example_dags/example_python_operator.py for tasks to queue
[2024-02-16T09:23:30.243+0000] {logging_mixin.py:188} INFO - [2024-02-16T09:23:30.242+0000] {dagbag.py:538} INFO - Filling up the DagBag from /home/airflow/.local/lib/python3.8/site-packages/airflow/example_dags/example_python_operator.py
[2024-02-16T09:23:30.251+0000] {processor.py:840} INFO - DAG(s) 'example_python_operator' retrieved from /home/airflow/.local/lib/python3.8/site-packages/airflow/example_dags/example_python_operator.py
[2024-02-16T09:23:30.273+0000] {logging_mixin.py:188} INFO - [2024-02-16T09:23:30.273+0000] {dag.py:3036} INFO - Sync 1 DAGs
[2024-02-16T09:23:30.284+0000] {logging_mixin.py:188} INFO - [2024-02-16T09:23:30.284+0000] {dag.py:3823} INFO - Setting next_dagrun for example_python_operator to None, run_after=None
[2024-02-16T09:23:30.304+0000] {processor.py:183} INFO - Processing /home/airflow/.local/lib/python3.8/site-packages/airflow/example_dags/example_python_operator.py took 0.066 seconds
[2024-02-16T09:24:00.638+0000] {processor.py:161} INFO - Started process (PID=2035) to work on /home/airflow/.local/lib/python3.8/site-packages/airflow/example_dags/example_python_operator.py
[2024-02-16T09:24:00.639+0000] {processor.py:830} INFO - Processing file /home/airflow/.local/lib/python3.8/site-packages/airflow/example_dags/example_python_operator.py for tasks to queue
[2024-02-16T09:24:00.640+0000] {logging_mixin.py:188} INFO - [2024-02-16T09:24:00.640+0000] {dagbag.py:538} INFO - Filling up the DagBag from /home/airflow/.local/lib/python3.8/site-packages/airflow/example_dags/example_python_operator.py
[2024-02-16T09:24:00.648+0000] {processor.py:840} INFO - DAG(s) 'example_python_operator' retrieved from /home/airflow/.local/lib/python3.8/site-packages/airflow/example_dags/example_python_operator.py
[2024-02-16T09:24:00.666+0000] {logging_mixin.py:188} INFO - [2024-02-16T09:24:00.665+0000] {dag.py:3036} INFO - Sync 1 DAGs
[2024-02-16T09:24:00.675+0000] {logging_mixin.py:188} INFO - [2024-02-16T09:24:00.674+0000] {dag.py:3823} INFO - Setting next_dagrun for example_python_operator to None, run_after=None
[2024-02-16T09:24:00.690+0000] {processor.py:183} INFO - Processing /home/airflow/.local/lib/python3.8/site-packages/airflow/example_dags/example_python_operator.py took 0.055 seconds
[2024-02-16T09:24:31.151+0000] {processor.py:161} INFO - Started process (PID=2281) to work on /home/airflow/.local/lib/python3.8/site-packages/airflow/example_dags/example_python_operator.py
[2024-02-16T09:24:31.152+0000] {processor.py:830} INFO - Processing file /home/airflow/.local/lib/python3.8/site-packages/airflow/example_dags/example_python_operator.py for tasks to queue
[2024-02-16T09:24:31.153+0000] {logging_mixin.py:188} INFO - [2024-02-16T09:24:31.153+0000] {dagbag.py:538} INFO - Filling up the DagBag from /home/airflow/.local/lib/python3.8/site-packages/airflow/example_dags/example_python_operator.py
[2024-02-16T09:24:31.161+0000] {processor.py:840} INFO - DAG(s) 'example_python_operator' retrieved from /home/airflow/.local/lib/python3.8/site-packages/airflow/example_dags/example_python_operator.py
[2024-02-16T09:24:31.182+0000] {logging_mixin.py:188} INFO - [2024-02-16T09:24:31.182+0000] {dag.py:3036} INFO - Sync 1 DAGs
[2024-02-16T09:24:31.192+0000] {logging_mixin.py:188} INFO - [2024-02-16T09:24:31.191+0000] {dag.py:3823} INFO - Setting next_dagrun for example_python_operator to None, run_after=None
[2024-02-16T09:24:31.207+0000] {processor.py:183} INFO - Processing /home/airflow/.local/lib/python3.8/site-packages/airflow/example_dags/example_python_operator.py took 0.059 seconds
[2024-02-16T09:25:01.556+0000] {processor.py:161} INFO - Started process (PID=2528) to work on /home/airflow/.local/lib/python3.8/site-packages/airflow/example_dags/example_python_operator.py
[2024-02-16T09:25:01.558+0000] {processor.py:830} INFO - Processing file /home/airflow/.local/lib/python3.8/site-packages/airflow/example_dags/example_python_operator.py for tasks to queue
[2024-02-16T09:25:01.559+0000] {logging_mixin.py:188} INFO - [2024-02-16T09:25:01.558+0000] {dagbag.py:538} INFO - Filling up the DagBag from /home/airflow/.local/lib/python3.8/site-packages/airflow/example_dags/example_python_operator.py
[2024-02-16T09:25:01.566+0000] {processor.py:840} INFO - DAG(s) 'example_python_operator' retrieved from /home/airflow/.local/lib/python3.8/site-packages/airflow/example_dags/example_python_operator.py
[2024-02-16T09:25:01.588+0000] {logging_mixin.py:188} INFO - [2024-02-16T09:25:01.588+0000] {dag.py:3036} INFO - Sync 1 DAGs
[2024-02-16T09:25:01.598+0000] {logging_mixin.py:188} INFO - [2024-02-16T09:25:01.598+0000] {dag.py:3823} INFO - Setting next_dagrun for example_python_operator to None, run_after=None
[2024-02-16T09:25:01.618+0000] {processor.py:183} INFO - Processing /home/airflow/.local/lib/python3.8/site-packages/airflow/example_dags/example_python_operator.py took 0.065 seconds
[2024-02-16T09:25:32.020+0000] {processor.py:161} INFO - Started process (PID=2772) to work on /home/airflow/.local/lib/python3.8/site-packages/airflow/example_dags/example_python_operator.py
[2024-02-16T09:25:32.021+0000] {processor.py:830} INFO - Processing file /home/airflow/.local/lib/python3.8/site-packages/airflow/example_dags/example_python_operator.py for tasks to queue
[2024-02-16T09:25:32.022+0000] {logging_mixin.py:188} INFO - [2024-02-16T09:25:32.022+0000] {dagbag.py:538} INFO - Filling up the DagBag from /home/airflow/.local/lib/python3.8/site-packages/airflow/example_dags/example_python_operator.py
[2024-02-16T09:25:32.030+0000] {processor.py:840} INFO - DAG(s) 'example_python_operator' retrieved from /home/airflow/.local/lib/python3.8/site-packages/airflow/example_dags/example_python_operator.py
[2024-02-16T09:25:32.052+0000] {logging_mixin.py:188} INFO - [2024-02-16T09:25:32.052+0000] {dag.py:3036} INFO - Sync 1 DAGs
[2024-02-16T09:25:32.061+0000] {logging_mixin.py:188} INFO - [2024-02-16T09:25:32.061+0000] {dag.py:3823} INFO - Setting next_dagrun for example_python_operator to None, run_after=None
[2024-02-16T09:25:32.078+0000] {processor.py:183} INFO - Processing /home/airflow/.local/lib/python3.8/site-packages/airflow/example_dags/example_python_operator.py took 0.062 seconds
[2024-02-16T09:26:02.713+0000] {processor.py:161} INFO - Started process (PID=3020) to work on /home/airflow/.local/lib/python3.8/site-packages/airflow/example_dags/example_python_operator.py
[2024-02-16T09:26:02.715+0000] {processor.py:830} INFO - Processing file /home/airflow/.local/lib/python3.8/site-packages/airflow/example_dags/example_python_operator.py for tasks to queue
[2024-02-16T09:26:02.717+0000] {logging_mixin.py:188} INFO - [2024-02-16T09:26:02.716+0000] {dagbag.py:538} INFO - Filling up the DagBag from /home/airflow/.local/lib/python3.8/site-packages/airflow/example_dags/example_python_operator.py
[2024-02-16T09:26:02.730+0000] {processor.py:840} INFO - DAG(s) 'example_python_operator' retrieved from /home/airflow/.local/lib/python3.8/site-packages/airflow/example_dags/example_python_operator.py
[2024-02-16T09:26:02.760+0000] {logging_mixin.py:188} INFO - [2024-02-16T09:26:02.760+0000] {dag.py:3036} INFO - Sync 1 DAGs
[2024-02-16T09:26:02.777+0000] {logging_mixin.py:188} INFO - [2024-02-16T09:26:02.776+0000] {dag.py:3823} INFO - Setting next_dagrun for example_python_operator to None, run_after=None
[2024-02-16T09:26:02.807+0000] {processor.py:183} INFO - Processing /home/airflow/.local/lib/python3.8/site-packages/airflow/example_dags/example_python_operator.py took 0.099 seconds
[2024-02-16T09:26:33.599+0000] {processor.py:161} INFO - Started process (PID=3272) to work on /home/airflow/.local/lib/python3.8/site-packages/airflow/example_dags/example_python_operator.py
[2024-02-16T09:26:33.600+0000] {processor.py:830} INFO - Processing file /home/airflow/.local/lib/python3.8/site-packages/airflow/example_dags/example_python_operator.py for tasks to queue
[2024-02-16T09:26:33.601+0000] {logging_mixin.py:188} INFO - [2024-02-16T09:26:33.601+0000] {dagbag.py:538} INFO - Filling up the DagBag from /home/airflow/.local/lib/python3.8/site-packages/airflow/example_dags/example_python_operator.py
[2024-02-16T09:26:33.609+0000] {processor.py:840} INFO - DAG(s) 'example_python_operator' retrieved from /home/airflow/.local/lib/python3.8/site-packages/airflow/example_dags/example_python_operator.py
[2024-02-16T09:26:33.626+0000] {logging_mixin.py:188} INFO - [2024-02-16T09:26:33.626+0000] {dag.py:3036} INFO - Sync 1 DAGs
[2024-02-16T09:26:33.636+0000] {logging_mixin.py:188} INFO - [2024-02-16T09:26:33.636+0000] {dag.py:3823} INFO - Setting next_dagrun for example_python_operator to None, run_after=None
[2024-02-16T09:26:33.652+0000] {processor.py:183} INFO - Processing /home/airflow/.local/lib/python3.8/site-packages/airflow/example_dags/example_python_operator.py took 0.056 seconds
[2024-02-16T09:27:04.075+0000] {processor.py:161} INFO - Started process (PID=3519) to work on /home/airflow/.local/lib/python3.8/site-packages/airflow/example_dags/example_python_operator.py
[2024-02-16T09:27:04.076+0000] {processor.py:830} INFO - Processing file /home/airflow/.local/lib/python3.8/site-packages/airflow/example_dags/example_python_operator.py for tasks to queue
[2024-02-16T09:27:04.077+0000] {logging_mixin.py:188} INFO - [2024-02-16T09:27:04.076+0000] {dagbag.py:538} INFO - Filling up the DagBag from /home/airflow/.local/lib/python3.8/site-packages/airflow/example_dags/example_python_operator.py
[2024-02-16T09:27:04.085+0000] {processor.py:840} INFO - DAG(s) 'example_python_operator' retrieved from /home/airflow/.local/lib/python3.8/site-packages/airflow/example_dags/example_python_operator.py
[2024-02-16T09:27:04.101+0000] {logging_mixin.py:188} INFO - [2024-02-16T09:27:04.101+0000] {dag.py:3036} INFO - Sync 1 DAGs
[2024-02-16T09:27:04.110+0000] {logging_mixin.py:188} INFO - [2024-02-16T09:27:04.110+0000] {dag.py:3823} INFO - Setting next_dagrun for example_python_operator to None, run_after=None
[2024-02-16T09:27:04.123+0000] {processor.py:183} INFO - Processing /home/airflow/.local/lib/python3.8/site-packages/airflow/example_dags/example_python_operator.py took 0.051 seconds
[2024-02-16T09:27:34.584+0000] {processor.py:161} INFO - Started process (PID=3767) to work on /home/airflow/.local/lib/python3.8/site-packages/airflow/example_dags/example_python_operator.py
[2024-02-16T09:27:34.585+0000] {processor.py:830} INFO - Processing file /home/airflow/.local/lib/python3.8/site-packages/airflow/example_dags/example_python_operator.py for tasks to queue
[2024-02-16T09:27:34.586+0000] {logging_mixin.py:188} INFO - [2024-02-16T09:27:34.585+0000] {dagbag.py:538} INFO - Filling up the DagBag from /home/airflow/.local/lib/python3.8/site-packages/airflow/example_dags/example_python_operator.py
[2024-02-16T09:27:34.593+0000] {processor.py:840} INFO - DAG(s) 'example_python_operator' retrieved from /home/airflow/.local/lib/python3.8/site-packages/airflow/example_dags/example_python_operator.py
[2024-02-16T09:27:34.611+0000] {logging_mixin.py:188} INFO - [2024-02-16T09:27:34.611+0000] {dag.py:3036} INFO - Sync 1 DAGs
[2024-02-16T09:27:34.619+0000] {logging_mixin.py:188} INFO - [2024-02-16T09:27:34.619+0000] {dag.py:3823} INFO - Setting next_dagrun for example_python_operator to None, run_after=None
[2024-02-16T09:27:34.638+0000] {processor.py:183} INFO - Processing /home/airflow/.local/lib/python3.8/site-packages/airflow/example_dags/example_python_operator.py took 0.056 seconds
[2024-02-16T09:28:05.019+0000] {processor.py:161} INFO - Started process (PID=4014) to work on /home/airflow/.local/lib/python3.8/site-packages/airflow/example_dags/example_python_operator.py
[2024-02-16T09:28:05.020+0000] {processor.py:830} INFO - Processing file /home/airflow/.local/lib/python3.8/site-packages/airflow/example_dags/example_python_operator.py for tasks to queue
[2024-02-16T09:28:05.021+0000] {logging_mixin.py:188} INFO - [2024-02-16T09:28:05.021+0000] {dagbag.py:538} INFO - Filling up the DagBag from /home/airflow/.local/lib/python3.8/site-packages/airflow/example_dags/example_python_operator.py
[2024-02-16T09:28:05.029+0000] {processor.py:840} INFO - DAG(s) 'example_python_operator' retrieved from /home/airflow/.local/lib/python3.8/site-packages/airflow/example_dags/example_python_operator.py
[2024-02-16T09:28:05.050+0000] {logging_mixin.py:188} INFO - [2024-02-16T09:28:05.049+0000] {dag.py:3036} INFO - Sync 1 DAGs
[2024-02-16T09:28:05.060+0000] {logging_mixin.py:188} INFO - [2024-02-16T09:28:05.060+0000] {dag.py:3823} INFO - Setting next_dagrun for example_python_operator to None, run_after=None
[2024-02-16T09:28:05.082+0000] {processor.py:183} INFO - Processing /home/airflow/.local/lib/python3.8/site-packages/airflow/example_dags/example_python_operator.py took 0.066 seconds
[2024-02-16T09:28:35.378+0000] {processor.py:161} INFO - Started process (PID=4260) to work on /home/airflow/.local/lib/python3.8/site-packages/airflow/example_dags/example_python_operator.py
[2024-02-16T09:28:35.379+0000] {processor.py:830} INFO - Processing file /home/airflow/.local/lib/python3.8/site-packages/airflow/example_dags/example_python_operator.py for tasks to queue
[2024-02-16T09:28:35.380+0000] {logging_mixin.py:188} INFO - [2024-02-16T09:28:35.380+0000] {dagbag.py:538} INFO - Filling up the DagBag from /home/airflow/.local/lib/python3.8/site-packages/airflow/example_dags/example_python_operator.py
[2024-02-16T09:28:35.387+0000] {processor.py:840} INFO - DAG(s) 'example_python_operator' retrieved from /home/airflow/.local/lib/python3.8/site-packages/airflow/example_dags/example_python_operator.py
[2024-02-16T09:28:35.406+0000] {logging_mixin.py:188} INFO - [2024-02-16T09:28:35.405+0000] {dag.py:3036} INFO - Sync 1 DAGs
[2024-02-16T09:28:35.415+0000] {logging_mixin.py:188} INFO - [2024-02-16T09:28:35.415+0000] {dag.py:3823} INFO - Setting next_dagrun for example_python_operator to None, run_after=None
[2024-02-16T09:28:35.430+0000] {processor.py:183} INFO - Processing /home/airflow/.local/lib/python3.8/site-packages/airflow/example_dags/example_python_operator.py took 0.055 seconds
[2024-02-16T09:29:05.774+0000] {processor.py:161} INFO - Started process (PID=4507) to work on /home/airflow/.local/lib/python3.8/site-packages/airflow/example_dags/example_python_operator.py
[2024-02-16T09:29:05.776+0000] {processor.py:830} INFO - Processing file /home/airflow/.local/lib/python3.8/site-packages/airflow/example_dags/example_python_operator.py for tasks to queue
[2024-02-16T09:29:05.776+0000] {logging_mixin.py:188} INFO - [2024-02-16T09:29:05.776+0000] {dagbag.py:538} INFO - Filling up the DagBag from /home/airflow/.local/lib/python3.8/site-packages/airflow/example_dags/example_python_operator.py
[2024-02-16T09:29:05.785+0000] {processor.py:840} INFO - DAG(s) 'example_python_operator' retrieved from /home/airflow/.local/lib/python3.8/site-packages/airflow/example_dags/example_python_operator.py
[2024-02-16T09:29:05.806+0000] {logging_mixin.py:188} INFO - [2024-02-16T09:29:05.806+0000] {dag.py:3036} INFO - Sync 1 DAGs
[2024-02-16T09:29:05.817+0000] {logging_mixin.py:188} INFO - [2024-02-16T09:29:05.817+0000] {dag.py:3823} INFO - Setting next_dagrun for example_python_operator to None, run_after=None
[2024-02-16T09:29:05.836+0000] {processor.py:183} INFO - Processing /home/airflow/.local/lib/python3.8/site-packages/airflow/example_dags/example_python_operator.py took 0.064 seconds
[2024-02-16T09:29:36.233+0000] {processor.py:161} INFO - Started process (PID=4751) to work on /home/airflow/.local/lib/python3.8/site-packages/airflow/example_dags/example_python_operator.py
[2024-02-16T09:29:36.234+0000] {processor.py:830} INFO - Processing file /home/airflow/.local/lib/python3.8/site-packages/airflow/example_dags/example_python_operator.py for tasks to queue
[2024-02-16T09:29:36.235+0000] {logging_mixin.py:188} INFO - [2024-02-16T09:29:36.235+0000] {dagbag.py:538} INFO - Filling up the DagBag from /home/airflow/.local/lib/python3.8/site-packages/airflow/example_dags/example_python_operator.py
[2024-02-16T09:29:36.245+0000] {processor.py:840} INFO - DAG(s) 'example_python_operator' retrieved from /home/airflow/.local/lib/python3.8/site-packages/airflow/example_dags/example_python_operator.py
[2024-02-16T09:29:36.267+0000] {logging_mixin.py:188} INFO - [2024-02-16T09:29:36.267+0000] {dag.py:3036} INFO - Sync 1 DAGs
[2024-02-16T09:29:36.278+0000] {logging_mixin.py:188} INFO - [2024-02-16T09:29:36.278+0000] {dag.py:3823} INFO - Setting next_dagrun for example_python_operator to None, run_after=None
[2024-02-16T09:29:36.299+0000] {processor.py:183} INFO - Processing /home/airflow/.local/lib/python3.8/site-packages/airflow/example_dags/example_python_operator.py took 0.068 seconds
[2024-02-16T09:30:07.026+0000] {processor.py:161} INFO - Started process (PID=5012) to work on /home/airflow/.local/lib/python3.8/site-packages/airflow/example_dags/example_python_operator.py
[2024-02-16T09:30:07.028+0000] {processor.py:830} INFO - Processing file /home/airflow/.local/lib/python3.8/site-packages/airflow/example_dags/example_python_operator.py for tasks to queue
[2024-02-16T09:30:07.029+0000] {logging_mixin.py:188} INFO - [2024-02-16T09:30:07.029+0000] {dagbag.py:538} INFO - Filling up the DagBag from /home/airflow/.local/lib/python3.8/site-packages/airflow/example_dags/example_python_operator.py
[2024-02-16T09:30:07.038+0000] {processor.py:840} INFO - DAG(s) 'example_python_operator' retrieved from /home/airflow/.local/lib/python3.8/site-packages/airflow/example_dags/example_python_operator.py
[2024-02-16T09:30:07.059+0000] {logging_mixin.py:188} INFO - [2024-02-16T09:30:07.059+0000] {dag.py:3036} INFO - Sync 1 DAGs
[2024-02-16T09:30:07.071+0000] {logging_mixin.py:188} INFO - [2024-02-16T09:30:07.071+0000] {dag.py:3823} INFO - Setting next_dagrun for example_python_operator to None, run_after=None
[2024-02-16T09:30:07.093+0000] {processor.py:183} INFO - Processing /home/airflow/.local/lib/python3.8/site-packages/airflow/example_dags/example_python_operator.py took 0.070 seconds
[2024-02-16T09:30:37.419+0000] {processor.py:161} INFO - Started process (PID=5425) to work on /home/airflow/.local/lib/python3.8/site-packages/airflow/example_dags/example_python_operator.py
[2024-02-16T09:30:37.420+0000] {processor.py:830} INFO - Processing file /home/airflow/.local/lib/python3.8/site-packages/airflow/example_dags/example_python_operator.py for tasks to queue
[2024-02-16T09:30:37.421+0000] {logging_mixin.py:188} INFO - [2024-02-16T09:30:37.421+0000] {dagbag.py:538} INFO - Filling up the DagBag from /home/airflow/.local/lib/python3.8/site-packages/airflow/example_dags/example_python_operator.py
[2024-02-16T09:30:37.430+0000] {processor.py:840} INFO - DAG(s) 'example_python_operator' retrieved from /home/airflow/.local/lib/python3.8/site-packages/airflow/example_dags/example_python_operator.py
[2024-02-16T09:30:37.451+0000] {logging_mixin.py:188} INFO - [2024-02-16T09:30:37.450+0000] {dag.py:3036} INFO - Sync 1 DAGs
[2024-02-16T09:30:37.460+0000] {logging_mixin.py:188} INFO - [2024-02-16T09:30:37.460+0000] {dag.py:3823} INFO - Setting next_dagrun for example_python_operator to None, run_after=None
[2024-02-16T09:30:37.482+0000] {processor.py:183} INFO - Processing /home/airflow/.local/lib/python3.8/site-packages/airflow/example_dags/example_python_operator.py took 0.065 seconds
[2024-02-16T09:31:07.699+0000] {processor.py:161} INFO - Started process (PID=5671) to work on /home/airflow/.local/lib/python3.8/site-packages/airflow/example_dags/example_python_operator.py
[2024-02-16T09:31:07.700+0000] {processor.py:830} INFO - Processing file /home/airflow/.local/lib/python3.8/site-packages/airflow/example_dags/example_python_operator.py for tasks to queue
[2024-02-16T09:31:07.701+0000] {logging_mixin.py:188} INFO - [2024-02-16T09:31:07.701+0000] {dagbag.py:538} INFO - Filling up the DagBag from /home/airflow/.local/lib/python3.8/site-packages/airflow/example_dags/example_python_operator.py
[2024-02-16T09:31:07.710+0000] {processor.py:840} INFO - DAG(s) 'example_python_operator' retrieved from /home/airflow/.local/lib/python3.8/site-packages/airflow/example_dags/example_python_operator.py
[2024-02-16T09:31:07.729+0000] {logging_mixin.py:188} INFO - [2024-02-16T09:31:07.729+0000] {dag.py:3036} INFO - Sync 1 DAGs
[2024-02-16T09:31:07.738+0000] {logging_mixin.py:188} INFO - [2024-02-16T09:31:07.738+0000] {dag.py:3823} INFO - Setting next_dagrun for example_python_operator to None, run_after=None
[2024-02-16T09:31:07.756+0000] {processor.py:183} INFO - Processing /home/airflow/.local/lib/python3.8/site-packages/airflow/example_dags/example_python_operator.py took 0.060 seconds
[2024-02-16T09:31:38.153+0000] {processor.py:161} INFO - Started process (PID=5918) to work on /home/airflow/.local/lib/python3.8/site-packages/airflow/example_dags/example_python_operator.py
[2024-02-16T09:31:38.154+0000] {processor.py:830} INFO - Processing file /home/airflow/.local/lib/python3.8/site-packages/airflow/example_dags/example_python_operator.py for tasks to queue
[2024-02-16T09:31:38.155+0000] {logging_mixin.py:188} INFO - [2024-02-16T09:31:38.155+0000] {dagbag.py:538} INFO - Filling up the DagBag from /home/airflow/.local/lib/python3.8/site-packages/airflow/example_dags/example_python_operator.py
[2024-02-16T09:31:38.163+0000] {processor.py:840} INFO - DAG(s) 'example_python_operator' retrieved from /home/airflow/.local/lib/python3.8/site-packages/airflow/example_dags/example_python_operator.py
[2024-02-16T09:31:38.185+0000] {logging_mixin.py:188} INFO - [2024-02-16T09:31:38.185+0000] {dag.py:3036} INFO - Sync 1 DAGs
[2024-02-16T09:31:38.195+0000] {logging_mixin.py:188} INFO - [2024-02-16T09:31:38.194+0000] {dag.py:3823} INFO - Setting next_dagrun for example_python_operator to None, run_after=None
[2024-02-16T09:31:38.217+0000] {processor.py:183} INFO - Processing /home/airflow/.local/lib/python3.8/site-packages/airflow/example_dags/example_python_operator.py took 0.067 seconds
[2024-02-16T09:32:08.509+0000] {processor.py:161} INFO - Started process (PID=6162) to work on /home/airflow/.local/lib/python3.8/site-packages/airflow/example_dags/example_python_operator.py
[2024-02-16T09:32:08.510+0000] {processor.py:830} INFO - Processing file /home/airflow/.local/lib/python3.8/site-packages/airflow/example_dags/example_python_operator.py for tasks to queue
[2024-02-16T09:32:08.511+0000] {logging_mixin.py:188} INFO - [2024-02-16T09:32:08.511+0000] {dagbag.py:538} INFO - Filling up the DagBag from /home/airflow/.local/lib/python3.8/site-packages/airflow/example_dags/example_python_operator.py
[2024-02-16T09:32:08.519+0000] {processor.py:840} INFO - DAG(s) 'example_python_operator' retrieved from /home/airflow/.local/lib/python3.8/site-packages/airflow/example_dags/example_python_operator.py
[2024-02-16T09:32:08.540+0000] {logging_mixin.py:188} INFO - [2024-02-16T09:32:08.540+0000] {dag.py:3036} INFO - Sync 1 DAGs
[2024-02-16T09:32:08.550+0000] {logging_mixin.py:188} INFO - [2024-02-16T09:32:08.549+0000] {dag.py:3823} INFO - Setting next_dagrun for example_python_operator to None, run_after=None
[2024-02-16T09:32:08.567+0000] {processor.py:183} INFO - Processing /home/airflow/.local/lib/python3.8/site-packages/airflow/example_dags/example_python_operator.py took 0.060 seconds
[2024-02-16T09:32:39.077+0000] {processor.py:161} INFO - Started process (PID=6409) to work on /home/airflow/.local/lib/python3.8/site-packages/airflow/example_dags/example_python_operator.py
[2024-02-16T09:32:39.079+0000] {processor.py:830} INFO - Processing file /home/airflow/.local/lib/python3.8/site-packages/airflow/example_dags/example_python_operator.py for tasks to queue
[2024-02-16T09:32:39.080+0000] {logging_mixin.py:188} INFO - [2024-02-16T09:32:39.079+0000] {dagbag.py:538} INFO - Filling up the DagBag from /home/airflow/.local/lib/python3.8/site-packages/airflow/example_dags/example_python_operator.py
[2024-02-16T09:32:39.091+0000] {processor.py:840} INFO - DAG(s) 'example_python_operator' retrieved from /home/airflow/.local/lib/python3.8/site-packages/airflow/example_dags/example_python_operator.py
[2024-02-16T09:32:39.114+0000] {logging_mixin.py:188} INFO - [2024-02-16T09:32:39.114+0000] {dag.py:3036} INFO - Sync 1 DAGs
[2024-02-16T09:32:39.124+0000] {logging_mixin.py:188} INFO - [2024-02-16T09:32:39.124+0000] {dag.py:3823} INFO - Setting next_dagrun for example_python_operator to None, run_after=None
[2024-02-16T09:32:39.145+0000] {processor.py:183} INFO - Processing /home/airflow/.local/lib/python3.8/site-packages/airflow/example_dags/example_python_operator.py took 0.072 seconds
[2024-02-16T09:33:09.822+0000] {processor.py:161} INFO - Started process (PID=6658) to work on /home/airflow/.local/lib/python3.8/site-packages/airflow/example_dags/example_python_operator.py
[2024-02-16T09:33:09.823+0000] {processor.py:830} INFO - Processing file /home/airflow/.local/lib/python3.8/site-packages/airflow/example_dags/example_python_operator.py for tasks to queue
[2024-02-16T09:33:09.824+0000] {logging_mixin.py:188} INFO - [2024-02-16T09:33:09.823+0000] {dagbag.py:538} INFO - Filling up the DagBag from /home/airflow/.local/lib/python3.8/site-packages/airflow/example_dags/example_python_operator.py
[2024-02-16T09:33:09.831+0000] {processor.py:840} INFO - DAG(s) 'example_python_operator' retrieved from /home/airflow/.local/lib/python3.8/site-packages/airflow/example_dags/example_python_operator.py
[2024-02-16T09:33:09.854+0000] {logging_mixin.py:188} INFO - [2024-02-16T09:33:09.853+0000] {dag.py:3036} INFO - Sync 1 DAGs
[2024-02-16T09:33:09.864+0000] {logging_mixin.py:188} INFO - [2024-02-16T09:33:09.864+0000] {dag.py:3823} INFO - Setting next_dagrun for example_python_operator to None, run_after=None
[2024-02-16T09:33:09.886+0000] {processor.py:183} INFO - Processing /home/airflow/.local/lib/python3.8/site-packages/airflow/example_dags/example_python_operator.py took 0.067 seconds
[2024-02-16T09:33:40.230+0000] {processor.py:161} INFO - Started process (PID=6903) to work on /home/airflow/.local/lib/python3.8/site-packages/airflow/example_dags/example_python_operator.py
[2024-02-16T09:33:40.232+0000] {processor.py:830} INFO - Processing file /home/airflow/.local/lib/python3.8/site-packages/airflow/example_dags/example_python_operator.py for tasks to queue
[2024-02-16T09:33:40.233+0000] {logging_mixin.py:188} INFO - [2024-02-16T09:33:40.232+0000] {dagbag.py:538} INFO - Filling up the DagBag from /home/airflow/.local/lib/python3.8/site-packages/airflow/example_dags/example_python_operator.py
[2024-02-16T09:33:40.241+0000] {processor.py:840} INFO - DAG(s) 'example_python_operator' retrieved from /home/airflow/.local/lib/python3.8/site-packages/airflow/example_dags/example_python_operator.py
[2024-02-16T09:33:40.263+0000] {logging_mixin.py:188} INFO - [2024-02-16T09:33:40.262+0000] {dag.py:3036} INFO - Sync 1 DAGs
[2024-02-16T09:33:40.272+0000] {logging_mixin.py:188} INFO - [2024-02-16T09:33:40.272+0000] {dag.py:3823} INFO - Setting next_dagrun for example_python_operator to None, run_after=None
[2024-02-16T09:33:40.292+0000] {processor.py:183} INFO - Processing /home/airflow/.local/lib/python3.8/site-packages/airflow/example_dags/example_python_operator.py took 0.065 seconds
[2024-02-16T09:34:10.670+0000] {processor.py:161} INFO - Started process (PID=7152) to work on /home/airflow/.local/lib/python3.8/site-packages/airflow/example_dags/example_python_operator.py
[2024-02-16T09:34:10.672+0000] {processor.py:830} INFO - Processing file /home/airflow/.local/lib/python3.8/site-packages/airflow/example_dags/example_python_operator.py for tasks to queue
[2024-02-16T09:34:10.673+0000] {logging_mixin.py:188} INFO - [2024-02-16T09:34:10.673+0000] {dagbag.py:538} INFO - Filling up the DagBag from /home/airflow/.local/lib/python3.8/site-packages/airflow/example_dags/example_python_operator.py
[2024-02-16T09:34:10.681+0000] {processor.py:840} INFO - DAG(s) 'example_python_operator' retrieved from /home/airflow/.local/lib/python3.8/site-packages/airflow/example_dags/example_python_operator.py
[2024-02-16T09:34:10.705+0000] {logging_mixin.py:188} INFO - [2024-02-16T09:34:10.704+0000] {dag.py:3036} INFO - Sync 1 DAGs
[2024-02-16T09:34:10.715+0000] {logging_mixin.py:188} INFO - [2024-02-16T09:34:10.715+0000] {dag.py:3823} INFO - Setting next_dagrun for example_python_operator to None, run_after=None
[2024-02-16T09:34:10.736+0000] {processor.py:183} INFO - Processing /home/airflow/.local/lib/python3.8/site-packages/airflow/example_dags/example_python_operator.py took 0.069 seconds
[2024-02-16T09:38:04.237+0000] {processor.py:161} INFO - Started process (PID=305) to work on /home/airflow/.local/lib/python3.8/site-packages/airflow/example_dags/example_python_operator.py
[2024-02-16T09:38:04.238+0000] {processor.py:830} INFO - Processing file /home/airflow/.local/lib/python3.8/site-packages/airflow/example_dags/example_python_operator.py for tasks to queue
[2024-02-16T09:38:04.239+0000] {logging_mixin.py:188} INFO - [2024-02-16T09:38:04.239+0000] {dagbag.py:538} INFO - Filling up the DagBag from /home/airflow/.local/lib/python3.8/site-packages/airflow/example_dags/example_python_operator.py
[2024-02-16T09:38:04.248+0000] {processor.py:840} INFO - DAG(s) 'example_python_operator' retrieved from /home/airflow/.local/lib/python3.8/site-packages/airflow/example_dags/example_python_operator.py
[2024-02-16T09:38:04.261+0000] {logging_mixin.py:188} INFO - [2024-02-16T09:38:04.261+0000] {dag.py:3036} INFO - Sync 1 DAGs
[2024-02-16T09:38:04.272+0000] {logging_mixin.py:188} INFO - [2024-02-16T09:38:04.272+0000] {dag.py:3823} INFO - Setting next_dagrun for example_python_operator to None, run_after=None
[2024-02-16T09:38:04.292+0000] {processor.py:183} INFO - Processing /home/airflow/.local/lib/python3.8/site-packages/airflow/example_dags/example_python_operator.py took 0.058 seconds
[2024-02-16T09:38:35.592+0000] {processor.py:161} INFO - Started process (PID=552) to work on /home/airflow/.local/lib/python3.8/site-packages/airflow/example_dags/example_python_operator.py
[2024-02-16T09:38:35.594+0000] {processor.py:830} INFO - Processing file /home/airflow/.local/lib/python3.8/site-packages/airflow/example_dags/example_python_operator.py for tasks to queue
[2024-02-16T09:38:35.595+0000] {logging_mixin.py:188} INFO - [2024-02-16T09:38:35.595+0000] {dagbag.py:538} INFO - Filling up the DagBag from /home/airflow/.local/lib/python3.8/site-packages/airflow/example_dags/example_python_operator.py
[2024-02-16T09:38:35.604+0000] {processor.py:840} INFO - DAG(s) 'example_python_operator' retrieved from /home/airflow/.local/lib/python3.8/site-packages/airflow/example_dags/example_python_operator.py
[2024-02-16T09:38:35.686+0000] {logging_mixin.py:188} INFO - [2024-02-16T09:38:35.685+0000] {dag.py:3036} INFO - Sync 1 DAGs
[2024-02-16T09:38:35.695+0000] {logging_mixin.py:188} INFO - [2024-02-16T09:38:35.695+0000] {dag.py:3823} INFO - Setting next_dagrun for example_python_operator to None, run_after=None
[2024-02-16T09:38:35.715+0000] {processor.py:183} INFO - Processing /home/airflow/.local/lib/python3.8/site-packages/airflow/example_dags/example_python_operator.py took 0.126 seconds
