[2024-02-16T09:20:26.982+0000] {processor.py:161} INFO - Started process (PID=326) to work on /home/airflow/.local/lib/python3.8/site-packages/airflow/example_dags/example_short_circuit_operator.py
[2024-02-16T09:20:26.982+0000] {processor.py:830} INFO - Processing file /home/airflow/.local/lib/python3.8/site-packages/airflow/example_dags/example_short_circuit_operator.py for tasks to queue
[2024-02-16T09:20:26.983+0000] {logging_mixin.py:188} INFO - [2024-02-16T09:20:26.983+0000] {dagbag.py:538} INFO - Filling up the DagBag from /home/airflow/.local/lib/python3.8/site-packages/airflow/example_dags/example_short_circuit_operator.py
[2024-02-16T09:20:26.989+0000] {processor.py:840} INFO - DAG(s) 'example_short_circuit_operator' retrieved from /home/airflow/.local/lib/python3.8/site-packages/airflow/example_dags/example_short_circuit_operator.py
[2024-02-16T09:20:27.091+0000] {logging_mixin.py:188} INFO - [2024-02-16T09:20:27.090+0000] {override.py:1769} INFO - Created Permission View: can delete on DAG:example_short_circuit_operator
[2024-02-16T09:20:27.104+0000] {logging_mixin.py:188} INFO - [2024-02-16T09:20:27.104+0000] {override.py:1769} INFO - Created Permission View: can edit on DAG:example_short_circuit_operator
[2024-02-16T09:20:27.114+0000] {logging_mixin.py:188} INFO - [2024-02-16T09:20:27.114+0000] {override.py:1769} INFO - Created Permission View: can read on DAG:example_short_circuit_operator
[2024-02-16T09:20:27.115+0000] {logging_mixin.py:188} INFO - [2024-02-16T09:20:27.115+0000] {dag.py:3036} INFO - Sync 1 DAGs
[2024-02-16T09:20:27.126+0000] {logging_mixin.py:188} INFO - [2024-02-16T09:20:27.125+0000] {dag.py:3058} INFO - Creating ORM DAG for example_short_circuit_operator
[2024-02-16T09:20:27.138+0000] {logging_mixin.py:188} INFO - [2024-02-16T09:20:27.138+0000] {dag.py:3823} INFO - Setting next_dagrun for example_short_circuit_operator to 2024-02-15 00:00:00+00:00, run_after=2024-02-16 00:00:00+00:00
[2024-02-16T09:20:27.164+0000] {processor.py:183} INFO - Processing /home/airflow/.local/lib/python3.8/site-packages/airflow/example_dags/example_short_circuit_operator.py took 0.186 seconds
[2024-02-16T09:20:57.566+0000] {processor.py:161} INFO - Started process (PID=573) to work on /home/airflow/.local/lib/python3.8/site-packages/airflow/example_dags/example_short_circuit_operator.py
[2024-02-16T09:20:57.568+0000] {processor.py:830} INFO - Processing file /home/airflow/.local/lib/python3.8/site-packages/airflow/example_dags/example_short_circuit_operator.py for tasks to queue
[2024-02-16T09:20:57.569+0000] {logging_mixin.py:188} INFO - [2024-02-16T09:20:57.568+0000] {dagbag.py:538} INFO - Filling up the DagBag from /home/airflow/.local/lib/python3.8/site-packages/airflow/example_dags/example_short_circuit_operator.py
[2024-02-16T09:20:57.575+0000] {processor.py:840} INFO - DAG(s) 'example_short_circuit_operator' retrieved from /home/airflow/.local/lib/python3.8/site-packages/airflow/example_dags/example_short_circuit_operator.py
[2024-02-16T09:20:57.597+0000] {logging_mixin.py:188} INFO - [2024-02-16T09:20:57.597+0000] {dag.py:3036} INFO - Sync 1 DAGs
[2024-02-16T09:20:57.618+0000] {logging_mixin.py:188} INFO - [2024-02-16T09:20:57.618+0000] {dag.py:3823} INFO - Setting next_dagrun for example_short_circuit_operator to 2024-02-15 00:00:00+00:00, run_after=2024-02-16 00:00:00+00:00
[2024-02-16T09:20:57.638+0000] {processor.py:183} INFO - Processing /home/airflow/.local/lib/python3.8/site-packages/airflow/example_dags/example_short_circuit_operator.py took 0.074 seconds
[2024-02-16T09:21:28.036+0000] {processor.py:161} INFO - Started process (PID=820) to work on /home/airflow/.local/lib/python3.8/site-packages/airflow/example_dags/example_short_circuit_operator.py
[2024-02-16T09:21:28.037+0000] {processor.py:830} INFO - Processing file /home/airflow/.local/lib/python3.8/site-packages/airflow/example_dags/example_short_circuit_operator.py for tasks to queue
[2024-02-16T09:21:28.039+0000] {logging_mixin.py:188} INFO - [2024-02-16T09:21:28.038+0000] {dagbag.py:538} INFO - Filling up the DagBag from /home/airflow/.local/lib/python3.8/site-packages/airflow/example_dags/example_short_circuit_operator.py
[2024-02-16T09:21:28.045+0000] {processor.py:840} INFO - DAG(s) 'example_short_circuit_operator' retrieved from /home/airflow/.local/lib/python3.8/site-packages/airflow/example_dags/example_short_circuit_operator.py
[2024-02-16T09:21:28.067+0000] {logging_mixin.py:188} INFO - [2024-02-16T09:21:28.067+0000] {dag.py:3036} INFO - Sync 1 DAGs
[2024-02-16T09:21:28.085+0000] {logging_mixin.py:188} INFO - [2024-02-16T09:21:28.085+0000] {dag.py:3823} INFO - Setting next_dagrun for example_short_circuit_operator to 2024-02-15 00:00:00+00:00, run_after=2024-02-16 00:00:00+00:00
[2024-02-16T09:21:28.106+0000] {processor.py:183} INFO - Processing /home/airflow/.local/lib/python3.8/site-packages/airflow/example_dags/example_short_circuit_operator.py took 0.073 seconds
[2024-02-16T09:21:58.845+0000] {processor.py:161} INFO - Started process (PID=1066) to work on /home/airflow/.local/lib/python3.8/site-packages/airflow/example_dags/example_short_circuit_operator.py
[2024-02-16T09:21:58.847+0000] {processor.py:830} INFO - Processing file /home/airflow/.local/lib/python3.8/site-packages/airflow/example_dags/example_short_circuit_operator.py for tasks to queue
[2024-02-16T09:21:58.849+0000] {logging_mixin.py:188} INFO - [2024-02-16T09:21:58.848+0000] {dagbag.py:538} INFO - Filling up the DagBag from /home/airflow/.local/lib/python3.8/site-packages/airflow/example_dags/example_short_circuit_operator.py
[2024-02-16T09:21:58.856+0000] {processor.py:840} INFO - DAG(s) 'example_short_circuit_operator' retrieved from /home/airflow/.local/lib/python3.8/site-packages/airflow/example_dags/example_short_circuit_operator.py
[2024-02-16T09:21:58.881+0000] {logging_mixin.py:188} INFO - [2024-02-16T09:21:58.880+0000] {dag.py:3036} INFO - Sync 1 DAGs
[2024-02-16T09:21:58.903+0000] {logging_mixin.py:188} INFO - [2024-02-16T09:21:58.902+0000] {dag.py:3823} INFO - Setting next_dagrun for example_short_circuit_operator to 2024-02-15 00:00:00+00:00, run_after=2024-02-16 00:00:00+00:00
[2024-02-16T09:21:58.927+0000] {processor.py:183} INFO - Processing /home/airflow/.local/lib/python3.8/site-packages/airflow/example_dags/example_short_circuit_operator.py took 0.085 seconds
[2024-02-16T09:22:29.549+0000] {processor.py:161} INFO - Started process (PID=1313) to work on /home/airflow/.local/lib/python3.8/site-packages/airflow/example_dags/example_short_circuit_operator.py
[2024-02-16T09:22:29.550+0000] {processor.py:830} INFO - Processing file /home/airflow/.local/lib/python3.8/site-packages/airflow/example_dags/example_short_circuit_operator.py for tasks to queue
[2024-02-16T09:22:29.552+0000] {logging_mixin.py:188} INFO - [2024-02-16T09:22:29.551+0000] {dagbag.py:538} INFO - Filling up the DagBag from /home/airflow/.local/lib/python3.8/site-packages/airflow/example_dags/example_short_circuit_operator.py
[2024-02-16T09:22:29.560+0000] {processor.py:840} INFO - DAG(s) 'example_short_circuit_operator' retrieved from /home/airflow/.local/lib/python3.8/site-packages/airflow/example_dags/example_short_circuit_operator.py
[2024-02-16T09:22:29.583+0000] {logging_mixin.py:188} INFO - [2024-02-16T09:22:29.583+0000] {dag.py:3036} INFO - Sync 1 DAGs
[2024-02-16T09:22:29.604+0000] {logging_mixin.py:188} INFO - [2024-02-16T09:22:29.604+0000] {dag.py:3823} INFO - Setting next_dagrun for example_short_circuit_operator to 2024-02-15 00:00:00+00:00, run_after=2024-02-16 00:00:00+00:00
[2024-02-16T09:22:29.629+0000] {processor.py:183} INFO - Processing /home/airflow/.local/lib/python3.8/site-packages/airflow/example_dags/example_short_circuit_operator.py took 0.083 seconds
[2024-02-16T09:23:00.085+0000] {processor.py:161} INFO - Started process (PID=1560) to work on /home/airflow/.local/lib/python3.8/site-packages/airflow/example_dags/example_short_circuit_operator.py
[2024-02-16T09:23:00.086+0000] {processor.py:830} INFO - Processing file /home/airflow/.local/lib/python3.8/site-packages/airflow/example_dags/example_short_circuit_operator.py for tasks to queue
[2024-02-16T09:23:00.087+0000] {logging_mixin.py:188} INFO - [2024-02-16T09:23:00.087+0000] {dagbag.py:538} INFO - Filling up the DagBag from /home/airflow/.local/lib/python3.8/site-packages/airflow/example_dags/example_short_circuit_operator.py
[2024-02-16T09:23:00.093+0000] {processor.py:840} INFO - DAG(s) 'example_short_circuit_operator' retrieved from /home/airflow/.local/lib/python3.8/site-packages/airflow/example_dags/example_short_circuit_operator.py
[2024-02-16T09:23:00.115+0000] {logging_mixin.py:188} INFO - [2024-02-16T09:23:00.114+0000] {dag.py:3036} INFO - Sync 1 DAGs
[2024-02-16T09:23:00.132+0000] {logging_mixin.py:188} INFO - [2024-02-16T09:23:00.132+0000] {dag.py:3823} INFO - Setting next_dagrun for example_short_circuit_operator to 2024-02-15 00:00:00+00:00, run_after=2024-02-16 00:00:00+00:00
[2024-02-16T09:23:00.150+0000] {processor.py:183} INFO - Processing /home/airflow/.local/lib/python3.8/site-packages/airflow/example_dags/example_short_circuit_operator.py took 0.068 seconds
[2024-02-16T09:23:30.451+0000] {processor.py:161} INFO - Started process (PID=1806) to work on /home/airflow/.local/lib/python3.8/site-packages/airflow/example_dags/example_short_circuit_operator.py
[2024-02-16T09:23:30.452+0000] {processor.py:830} INFO - Processing file /home/airflow/.local/lib/python3.8/site-packages/airflow/example_dags/example_short_circuit_operator.py for tasks to queue
[2024-02-16T09:23:30.452+0000] {logging_mixin.py:188} INFO - [2024-02-16T09:23:30.452+0000] {dagbag.py:538} INFO - Filling up the DagBag from /home/airflow/.local/lib/python3.8/site-packages/airflow/example_dags/example_short_circuit_operator.py
[2024-02-16T09:23:30.460+0000] {processor.py:840} INFO - DAG(s) 'example_short_circuit_operator' retrieved from /home/airflow/.local/lib/python3.8/site-packages/airflow/example_dags/example_short_circuit_operator.py
[2024-02-16T09:23:30.480+0000] {logging_mixin.py:188} INFO - [2024-02-16T09:23:30.479+0000] {dag.py:3036} INFO - Sync 1 DAGs
[2024-02-16T09:23:30.497+0000] {logging_mixin.py:188} INFO - [2024-02-16T09:23:30.496+0000] {dag.py:3823} INFO - Setting next_dagrun for example_short_circuit_operator to 2024-02-15 00:00:00+00:00, run_after=2024-02-16 00:00:00+00:00
[2024-02-16T09:23:30.516+0000] {processor.py:183} INFO - Processing /home/airflow/.local/lib/python3.8/site-packages/airflow/example_dags/example_short_circuit_operator.py took 0.067 seconds
[2024-02-16T09:24:00.918+0000] {processor.py:161} INFO - Started process (PID=2053) to work on /home/airflow/.local/lib/python3.8/site-packages/airflow/example_dags/example_short_circuit_operator.py
[2024-02-16T09:24:00.920+0000] {processor.py:830} INFO - Processing file /home/airflow/.local/lib/python3.8/site-packages/airflow/example_dags/example_short_circuit_operator.py for tasks to queue
[2024-02-16T09:24:00.920+0000] {logging_mixin.py:188} INFO - [2024-02-16T09:24:00.920+0000] {dagbag.py:538} INFO - Filling up the DagBag from /home/airflow/.local/lib/python3.8/site-packages/airflow/example_dags/example_short_circuit_operator.py
[2024-02-16T09:24:00.926+0000] {processor.py:840} INFO - DAG(s) 'example_short_circuit_operator' retrieved from /home/airflow/.local/lib/python3.8/site-packages/airflow/example_dags/example_short_circuit_operator.py
[2024-02-16T09:24:00.949+0000] {logging_mixin.py:188} INFO - [2024-02-16T09:24:00.948+0000] {dag.py:3036} INFO - Sync 1 DAGs
[2024-02-16T09:24:00.973+0000] {logging_mixin.py:188} INFO - [2024-02-16T09:24:00.973+0000] {dag.py:3823} INFO - Setting next_dagrun for example_short_circuit_operator to 2024-02-15 00:00:00+00:00, run_after=2024-02-16 00:00:00+00:00
[2024-02-16T09:24:00.998+0000] {processor.py:183} INFO - Processing /home/airflow/.local/lib/python3.8/site-packages/airflow/example_dags/example_short_circuit_operator.py took 0.083 seconds
[2024-02-16T09:24:31.339+0000] {processor.py:161} INFO - Started process (PID=2299) to work on /home/airflow/.local/lib/python3.8/site-packages/airflow/example_dags/example_short_circuit_operator.py
[2024-02-16T09:24:31.340+0000] {processor.py:830} INFO - Processing file /home/airflow/.local/lib/python3.8/site-packages/airflow/example_dags/example_short_circuit_operator.py for tasks to queue
[2024-02-16T09:24:31.341+0000] {logging_mixin.py:188} INFO - [2024-02-16T09:24:31.341+0000] {dagbag.py:538} INFO - Filling up the DagBag from /home/airflow/.local/lib/python3.8/site-packages/airflow/example_dags/example_short_circuit_operator.py
[2024-02-16T09:24:31.347+0000] {processor.py:840} INFO - DAG(s) 'example_short_circuit_operator' retrieved from /home/airflow/.local/lib/python3.8/site-packages/airflow/example_dags/example_short_circuit_operator.py
[2024-02-16T09:24:31.370+0000] {logging_mixin.py:188} INFO - [2024-02-16T09:24:31.370+0000] {dag.py:3036} INFO - Sync 1 DAGs
[2024-02-16T09:24:31.387+0000] {logging_mixin.py:188} INFO - [2024-02-16T09:24:31.387+0000] {dag.py:3823} INFO - Setting next_dagrun for example_short_circuit_operator to 2024-02-15 00:00:00+00:00, run_after=2024-02-16 00:00:00+00:00
[2024-02-16T09:24:31.407+0000] {processor.py:183} INFO - Processing /home/airflow/.local/lib/python3.8/site-packages/airflow/example_dags/example_short_circuit_operator.py took 0.070 seconds
[2024-02-16T09:25:01.764+0000] {processor.py:161} INFO - Started process (PID=2546) to work on /home/airflow/.local/lib/python3.8/site-packages/airflow/example_dags/example_short_circuit_operator.py
[2024-02-16T09:25:01.765+0000] {processor.py:830} INFO - Processing file /home/airflow/.local/lib/python3.8/site-packages/airflow/example_dags/example_short_circuit_operator.py for tasks to queue
[2024-02-16T09:25:01.766+0000] {logging_mixin.py:188} INFO - [2024-02-16T09:25:01.766+0000] {dagbag.py:538} INFO - Filling up the DagBag from /home/airflow/.local/lib/python3.8/site-packages/airflow/example_dags/example_short_circuit_operator.py
[2024-02-16T09:25:01.772+0000] {processor.py:840} INFO - DAG(s) 'example_short_circuit_operator' retrieved from /home/airflow/.local/lib/python3.8/site-packages/airflow/example_dags/example_short_circuit_operator.py
[2024-02-16T09:25:01.796+0000] {logging_mixin.py:188} INFO - [2024-02-16T09:25:01.796+0000] {dag.py:3036} INFO - Sync 1 DAGs
[2024-02-16T09:25:01.815+0000] {logging_mixin.py:188} INFO - [2024-02-16T09:25:01.815+0000] {dag.py:3823} INFO - Setting next_dagrun for example_short_circuit_operator to 2024-02-15 00:00:00+00:00, run_after=2024-02-16 00:00:00+00:00
[2024-02-16T09:25:01.835+0000] {processor.py:183} INFO - Processing /home/airflow/.local/lib/python3.8/site-packages/airflow/example_dags/example_short_circuit_operator.py took 0.075 seconds
[2024-02-16T09:25:32.282+0000] {processor.py:161} INFO - Started process (PID=2792) to work on /home/airflow/.local/lib/python3.8/site-packages/airflow/example_dags/example_short_circuit_operator.py
[2024-02-16T09:25:32.283+0000] {processor.py:830} INFO - Processing file /home/airflow/.local/lib/python3.8/site-packages/airflow/example_dags/example_short_circuit_operator.py for tasks to queue
[2024-02-16T09:25:32.284+0000] {logging_mixin.py:188} INFO - [2024-02-16T09:25:32.284+0000] {dagbag.py:538} INFO - Filling up the DagBag from /home/airflow/.local/lib/python3.8/site-packages/airflow/example_dags/example_short_circuit_operator.py
[2024-02-16T09:25:32.291+0000] {processor.py:840} INFO - DAG(s) 'example_short_circuit_operator' retrieved from /home/airflow/.local/lib/python3.8/site-packages/airflow/example_dags/example_short_circuit_operator.py
[2024-02-16T09:25:32.313+0000] {logging_mixin.py:188} INFO - [2024-02-16T09:25:32.313+0000] {dag.py:3036} INFO - Sync 1 DAGs
[2024-02-16T09:25:32.332+0000] {logging_mixin.py:188} INFO - [2024-02-16T09:25:32.332+0000] {dag.py:3823} INFO - Setting next_dagrun for example_short_circuit_operator to 2024-02-15 00:00:00+00:00, run_after=2024-02-16 00:00:00+00:00
[2024-02-16T09:25:32.351+0000] {processor.py:183} INFO - Processing /home/airflow/.local/lib/python3.8/site-packages/airflow/example_dags/example_short_circuit_operator.py took 0.071 seconds
[2024-02-16T09:26:03.058+0000] {processor.py:161} INFO - Started process (PID=3039) to work on /home/airflow/.local/lib/python3.8/site-packages/airflow/example_dags/example_short_circuit_operator.py
[2024-02-16T09:26:03.059+0000] {processor.py:830} INFO - Processing file /home/airflow/.local/lib/python3.8/site-packages/airflow/example_dags/example_short_circuit_operator.py for tasks to queue
[2024-02-16T09:26:03.060+0000] {logging_mixin.py:188} INFO - [2024-02-16T09:26:03.060+0000] {dagbag.py:538} INFO - Filling up the DagBag from /home/airflow/.local/lib/python3.8/site-packages/airflow/example_dags/example_short_circuit_operator.py
[2024-02-16T09:26:03.070+0000] {processor.py:840} INFO - DAG(s) 'example_short_circuit_operator' retrieved from /home/airflow/.local/lib/python3.8/site-packages/airflow/example_dags/example_short_circuit_operator.py
[2024-02-16T09:26:03.102+0000] {logging_mixin.py:188} INFO - [2024-02-16T09:26:03.101+0000] {dag.py:3036} INFO - Sync 1 DAGs
[2024-02-16T09:26:03.130+0000] {logging_mixin.py:188} INFO - [2024-02-16T09:26:03.129+0000] {dag.py:3823} INFO - Setting next_dagrun for example_short_circuit_operator to 2024-02-15 00:00:00+00:00, run_after=2024-02-16 00:00:00+00:00
[2024-02-16T09:26:03.160+0000] {processor.py:183} INFO - Processing /home/airflow/.local/lib/python3.8/site-packages/airflow/example_dags/example_short_circuit_operator.py took 0.106 seconds
[2024-02-16T09:26:33.894+0000] {processor.py:161} INFO - Started process (PID=3290) to work on /home/airflow/.local/lib/python3.8/site-packages/airflow/example_dags/example_short_circuit_operator.py
[2024-02-16T09:26:33.895+0000] {processor.py:830} INFO - Processing file /home/airflow/.local/lib/python3.8/site-packages/airflow/example_dags/example_short_circuit_operator.py for tasks to queue
[2024-02-16T09:26:33.896+0000] {logging_mixin.py:188} INFO - [2024-02-16T09:26:33.895+0000] {dagbag.py:538} INFO - Filling up the DagBag from /home/airflow/.local/lib/python3.8/site-packages/airflow/example_dags/example_short_circuit_operator.py
[2024-02-16T09:26:33.902+0000] {processor.py:840} INFO - DAG(s) 'example_short_circuit_operator' retrieved from /home/airflow/.local/lib/python3.8/site-packages/airflow/example_dags/example_short_circuit_operator.py
[2024-02-16T09:26:33.926+0000] {logging_mixin.py:188} INFO - [2024-02-16T09:26:33.926+0000] {dag.py:3036} INFO - Sync 1 DAGs
[2024-02-16T09:26:33.948+0000] {logging_mixin.py:188} INFO - [2024-02-16T09:26:33.948+0000] {dag.py:3823} INFO - Setting next_dagrun for example_short_circuit_operator to 2024-02-15 00:00:00+00:00, run_after=2024-02-16 00:00:00+00:00
[2024-02-16T09:26:33.969+0000] {processor.py:183} INFO - Processing /home/airflow/.local/lib/python3.8/site-packages/airflow/example_dags/example_short_circuit_operator.py took 0.079 seconds
[2024-02-16T09:27:04.325+0000] {processor.py:161} INFO - Started process (PID=3537) to work on /home/airflow/.local/lib/python3.8/site-packages/airflow/example_dags/example_short_circuit_operator.py
[2024-02-16T09:27:04.326+0000] {processor.py:830} INFO - Processing file /home/airflow/.local/lib/python3.8/site-packages/airflow/example_dags/example_short_circuit_operator.py for tasks to queue
[2024-02-16T09:27:04.327+0000] {logging_mixin.py:188} INFO - [2024-02-16T09:27:04.327+0000] {dagbag.py:538} INFO - Filling up the DagBag from /home/airflow/.local/lib/python3.8/site-packages/airflow/example_dags/example_short_circuit_operator.py
[2024-02-16T09:27:04.333+0000] {processor.py:840} INFO - DAG(s) 'example_short_circuit_operator' retrieved from /home/airflow/.local/lib/python3.8/site-packages/airflow/example_dags/example_short_circuit_operator.py
[2024-02-16T09:27:04.356+0000] {logging_mixin.py:188} INFO - [2024-02-16T09:27:04.355+0000] {dag.py:3036} INFO - Sync 1 DAGs
[2024-02-16T09:27:04.372+0000] {logging_mixin.py:188} INFO - [2024-02-16T09:27:04.372+0000] {dag.py:3823} INFO - Setting next_dagrun for example_short_circuit_operator to 2024-02-15 00:00:00+00:00, run_after=2024-02-16 00:00:00+00:00
[2024-02-16T09:27:04.391+0000] {processor.py:183} INFO - Processing /home/airflow/.local/lib/python3.8/site-packages/airflow/example_dags/example_short_circuit_operator.py took 0.068 seconds
[2024-02-16T09:27:34.848+0000] {processor.py:161} INFO - Started process (PID=3785) to work on /home/airflow/.local/lib/python3.8/site-packages/airflow/example_dags/example_short_circuit_operator.py
[2024-02-16T09:27:34.849+0000] {processor.py:830} INFO - Processing file /home/airflow/.local/lib/python3.8/site-packages/airflow/example_dags/example_short_circuit_operator.py for tasks to queue
[2024-02-16T09:27:34.850+0000] {logging_mixin.py:188} INFO - [2024-02-16T09:27:34.850+0000] {dagbag.py:538} INFO - Filling up the DagBag from /home/airflow/.local/lib/python3.8/site-packages/airflow/example_dags/example_short_circuit_operator.py
[2024-02-16T09:27:34.857+0000] {processor.py:840} INFO - DAG(s) 'example_short_circuit_operator' retrieved from /home/airflow/.local/lib/python3.8/site-packages/airflow/example_dags/example_short_circuit_operator.py
[2024-02-16T09:27:34.879+0000] {logging_mixin.py:188} INFO - [2024-02-16T09:27:34.878+0000] {dag.py:3036} INFO - Sync 1 DAGs
[2024-02-16T09:27:34.896+0000] {logging_mixin.py:188} INFO - [2024-02-16T09:27:34.896+0000] {dag.py:3823} INFO - Setting next_dagrun for example_short_circuit_operator to 2024-02-15 00:00:00+00:00, run_after=2024-02-16 00:00:00+00:00
[2024-02-16T09:27:34.914+0000] {processor.py:183} INFO - Processing /home/airflow/.local/lib/python3.8/site-packages/airflow/example_dags/example_short_circuit_operator.py took 0.069 seconds
[2024-02-16T09:28:05.223+0000] {processor.py:161} INFO - Started process (PID=4032) to work on /home/airflow/.local/lib/python3.8/site-packages/airflow/example_dags/example_short_circuit_operator.py
[2024-02-16T09:28:05.225+0000] {processor.py:830} INFO - Processing file /home/airflow/.local/lib/python3.8/site-packages/airflow/example_dags/example_short_circuit_operator.py for tasks to queue
[2024-02-16T09:28:05.226+0000] {logging_mixin.py:188} INFO - [2024-02-16T09:28:05.225+0000] {dagbag.py:538} INFO - Filling up the DagBag from /home/airflow/.local/lib/python3.8/site-packages/airflow/example_dags/example_short_circuit_operator.py
[2024-02-16T09:28:05.232+0000] {processor.py:840} INFO - DAG(s) 'example_short_circuit_operator' retrieved from /home/airflow/.local/lib/python3.8/site-packages/airflow/example_dags/example_short_circuit_operator.py
[2024-02-16T09:28:05.253+0000] {logging_mixin.py:188} INFO - [2024-02-16T09:28:05.253+0000] {dag.py:3036} INFO - Sync 1 DAGs
[2024-02-16T09:28:05.271+0000] {logging_mixin.py:188} INFO - [2024-02-16T09:28:05.271+0000] {dag.py:3823} INFO - Setting next_dagrun for example_short_circuit_operator to 2024-02-15 00:00:00+00:00, run_after=2024-02-16 00:00:00+00:00
[2024-02-16T09:28:05.288+0000] {processor.py:183} INFO - Processing /home/airflow/.local/lib/python3.8/site-packages/airflow/example_dags/example_short_circuit_operator.py took 0.067 seconds
[2024-02-16T09:28:35.638+0000] {processor.py:161} INFO - Started process (PID=4280) to work on /home/airflow/.local/lib/python3.8/site-packages/airflow/example_dags/example_short_circuit_operator.py
[2024-02-16T09:28:35.639+0000] {processor.py:830} INFO - Processing file /home/airflow/.local/lib/python3.8/site-packages/airflow/example_dags/example_short_circuit_operator.py for tasks to queue
[2024-02-16T09:28:35.640+0000] {logging_mixin.py:188} INFO - [2024-02-16T09:28:35.640+0000] {dagbag.py:538} INFO - Filling up the DagBag from /home/airflow/.local/lib/python3.8/site-packages/airflow/example_dags/example_short_circuit_operator.py
[2024-02-16T09:28:35.646+0000] {processor.py:840} INFO - DAG(s) 'example_short_circuit_operator' retrieved from /home/airflow/.local/lib/python3.8/site-packages/airflow/example_dags/example_short_circuit_operator.py
[2024-02-16T09:28:35.663+0000] {logging_mixin.py:188} INFO - [2024-02-16T09:28:35.663+0000] {dag.py:3036} INFO - Sync 1 DAGs
[2024-02-16T09:28:35.678+0000] {logging_mixin.py:188} INFO - [2024-02-16T09:28:35.678+0000] {dag.py:3823} INFO - Setting next_dagrun for example_short_circuit_operator to 2024-02-15 00:00:00+00:00, run_after=2024-02-16 00:00:00+00:00
[2024-02-16T09:28:35.691+0000] {processor.py:183} INFO - Processing /home/airflow/.local/lib/python3.8/site-packages/airflow/example_dags/example_short_circuit_operator.py took 0.055 seconds
[2024-02-16T09:29:05.986+0000] {processor.py:161} INFO - Started process (PID=4525) to work on /home/airflow/.local/lib/python3.8/site-packages/airflow/example_dags/example_short_circuit_operator.py
[2024-02-16T09:29:05.988+0000] {processor.py:830} INFO - Processing file /home/airflow/.local/lib/python3.8/site-packages/airflow/example_dags/example_short_circuit_operator.py for tasks to queue
[2024-02-16T09:29:05.988+0000] {logging_mixin.py:188} INFO - [2024-02-16T09:29:05.988+0000] {dagbag.py:538} INFO - Filling up the DagBag from /home/airflow/.local/lib/python3.8/site-packages/airflow/example_dags/example_short_circuit_operator.py
[2024-02-16T09:29:05.995+0000] {processor.py:840} INFO - DAG(s) 'example_short_circuit_operator' retrieved from /home/airflow/.local/lib/python3.8/site-packages/airflow/example_dags/example_short_circuit_operator.py
[2024-02-16T09:29:06.015+0000] {logging_mixin.py:188} INFO - [2024-02-16T09:29:06.015+0000] {dag.py:3036} INFO - Sync 1 DAGs
[2024-02-16T09:29:06.032+0000] {logging_mixin.py:188} INFO - [2024-02-16T09:29:06.032+0000] {dag.py:3823} INFO - Setting next_dagrun for example_short_circuit_operator to 2024-02-15 00:00:00+00:00, run_after=2024-02-16 00:00:00+00:00
[2024-02-16T09:29:06.052+0000] {processor.py:183} INFO - Processing /home/airflow/.local/lib/python3.8/site-packages/airflow/example_dags/example_short_circuit_operator.py took 0.068 seconds
[2024-02-16T09:29:36.645+0000] {processor.py:161} INFO - Started process (PID=4771) to work on /home/airflow/.local/lib/python3.8/site-packages/airflow/example_dags/example_short_circuit_operator.py
[2024-02-16T09:29:36.646+0000] {processor.py:830} INFO - Processing file /home/airflow/.local/lib/python3.8/site-packages/airflow/example_dags/example_short_circuit_operator.py for tasks to queue
[2024-02-16T09:29:36.647+0000] {logging_mixin.py:188} INFO - [2024-02-16T09:29:36.647+0000] {dagbag.py:538} INFO - Filling up the DagBag from /home/airflow/.local/lib/python3.8/site-packages/airflow/example_dags/example_short_circuit_operator.py
[2024-02-16T09:29:36.653+0000] {processor.py:840} INFO - DAG(s) 'example_short_circuit_operator' retrieved from /home/airflow/.local/lib/python3.8/site-packages/airflow/example_dags/example_short_circuit_operator.py
[2024-02-16T09:29:36.678+0000] {logging_mixin.py:188} INFO - [2024-02-16T09:29:36.678+0000] {dag.py:3036} INFO - Sync 1 DAGs
[2024-02-16T09:29:36.698+0000] {logging_mixin.py:188} INFO - [2024-02-16T09:29:36.697+0000] {dag.py:3823} INFO - Setting next_dagrun for example_short_circuit_operator to 2024-02-15 00:00:00+00:00, run_after=2024-02-16 00:00:00+00:00
[2024-02-16T09:29:36.719+0000] {processor.py:183} INFO - Processing /home/airflow/.local/lib/python3.8/site-packages/airflow/example_dags/example_short_circuit_operator.py took 0.076 seconds
[2024-02-16T09:30:07.508+0000] {processor.py:161} INFO - Started process (PID=5046) to work on /home/airflow/.local/lib/python3.8/site-packages/airflow/example_dags/example_short_circuit_operator.py
[2024-02-16T09:30:07.510+0000] {processor.py:830} INFO - Processing file /home/airflow/.local/lib/python3.8/site-packages/airflow/example_dags/example_short_circuit_operator.py for tasks to queue
[2024-02-16T09:30:07.511+0000] {logging_mixin.py:188} INFO - [2024-02-16T09:30:07.510+0000] {dagbag.py:538} INFO - Filling up the DagBag from /home/airflow/.local/lib/python3.8/site-packages/airflow/example_dags/example_short_circuit_operator.py
[2024-02-16T09:30:07.519+0000] {processor.py:840} INFO - DAG(s) 'example_short_circuit_operator' retrieved from /home/airflow/.local/lib/python3.8/site-packages/airflow/example_dags/example_short_circuit_operator.py
[2024-02-16T09:30:07.545+0000] {logging_mixin.py:188} INFO - [2024-02-16T09:30:07.545+0000] {dag.py:3036} INFO - Sync 1 DAGs
[2024-02-16T09:30:07.570+0000] {logging_mixin.py:188} INFO - [2024-02-16T09:30:07.570+0000] {dag.py:3823} INFO - Setting next_dagrun for example_short_circuit_operator to 2024-02-15 00:00:00+00:00, run_after=2024-02-16 00:00:00+00:00
[2024-02-16T09:30:07.593+0000] {processor.py:183} INFO - Processing /home/airflow/.local/lib/python3.8/site-packages/airflow/example_dags/example_short_circuit_operator.py took 0.088 seconds
[2024-02-16T09:30:37.633+0000] {processor.py:161} INFO - Started process (PID=5443) to work on /home/airflow/.local/lib/python3.8/site-packages/airflow/example_dags/example_short_circuit_operator.py
[2024-02-16T09:30:37.635+0000] {processor.py:830} INFO - Processing file /home/airflow/.local/lib/python3.8/site-packages/airflow/example_dags/example_short_circuit_operator.py for tasks to queue
[2024-02-16T09:30:37.636+0000] {logging_mixin.py:188} INFO - [2024-02-16T09:30:37.636+0000] {dagbag.py:538} INFO - Filling up the DagBag from /home/airflow/.local/lib/python3.8/site-packages/airflow/example_dags/example_short_circuit_operator.py
[2024-02-16T09:30:37.642+0000] {processor.py:840} INFO - DAG(s) 'example_short_circuit_operator' retrieved from /home/airflow/.local/lib/python3.8/site-packages/airflow/example_dags/example_short_circuit_operator.py
[2024-02-16T09:30:37.663+0000] {logging_mixin.py:188} INFO - [2024-02-16T09:30:37.663+0000] {dag.py:3036} INFO - Sync 1 DAGs
[2024-02-16T09:30:37.680+0000] {logging_mixin.py:188} INFO - [2024-02-16T09:30:37.680+0000] {dag.py:3823} INFO - Setting next_dagrun for example_short_circuit_operator to 2024-02-15 00:00:00+00:00, run_after=2024-02-16 00:00:00+00:00
[2024-02-16T09:30:37.699+0000] {processor.py:183} INFO - Processing /home/airflow/.local/lib/python3.8/site-packages/airflow/example_dags/example_short_circuit_operator.py took 0.069 seconds
[2024-02-16T09:31:07.902+0000] {processor.py:161} INFO - Started process (PID=5689) to work on /home/airflow/.local/lib/python3.8/site-packages/airflow/example_dags/example_short_circuit_operator.py
[2024-02-16T09:31:07.904+0000] {processor.py:830} INFO - Processing file /home/airflow/.local/lib/python3.8/site-packages/airflow/example_dags/example_short_circuit_operator.py for tasks to queue
[2024-02-16T09:31:07.904+0000] {logging_mixin.py:188} INFO - [2024-02-16T09:31:07.904+0000] {dagbag.py:538} INFO - Filling up the DagBag from /home/airflow/.local/lib/python3.8/site-packages/airflow/example_dags/example_short_circuit_operator.py
[2024-02-16T09:31:07.910+0000] {processor.py:840} INFO - DAG(s) 'example_short_circuit_operator' retrieved from /home/airflow/.local/lib/python3.8/site-packages/airflow/example_dags/example_short_circuit_operator.py
[2024-02-16T09:31:07.931+0000] {logging_mixin.py:188} INFO - [2024-02-16T09:31:07.930+0000] {dag.py:3036} INFO - Sync 1 DAGs
[2024-02-16T09:31:07.948+0000] {logging_mixin.py:188} INFO - [2024-02-16T09:31:07.947+0000] {dag.py:3823} INFO - Setting next_dagrun for example_short_circuit_operator to 2024-02-15 00:00:00+00:00, run_after=2024-02-16 00:00:00+00:00
[2024-02-16T09:31:07.966+0000] {processor.py:183} INFO - Processing /home/airflow/.local/lib/python3.8/site-packages/airflow/example_dags/example_short_circuit_operator.py took 0.066 seconds
[2024-02-16T09:31:38.356+0000] {processor.py:161} INFO - Started process (PID=5936) to work on /home/airflow/.local/lib/python3.8/site-packages/airflow/example_dags/example_short_circuit_operator.py
[2024-02-16T09:31:38.357+0000] {processor.py:830} INFO - Processing file /home/airflow/.local/lib/python3.8/site-packages/airflow/example_dags/example_short_circuit_operator.py for tasks to queue
[2024-02-16T09:31:38.358+0000] {logging_mixin.py:188} INFO - [2024-02-16T09:31:38.358+0000] {dagbag.py:538} INFO - Filling up the DagBag from /home/airflow/.local/lib/python3.8/site-packages/airflow/example_dags/example_short_circuit_operator.py
[2024-02-16T09:31:38.364+0000] {processor.py:840} INFO - DAG(s) 'example_short_circuit_operator' retrieved from /home/airflow/.local/lib/python3.8/site-packages/airflow/example_dags/example_short_circuit_operator.py
[2024-02-16T09:31:38.386+0000] {logging_mixin.py:188} INFO - [2024-02-16T09:31:38.386+0000] {dag.py:3036} INFO - Sync 1 DAGs
[2024-02-16T09:31:38.404+0000] {logging_mixin.py:188} INFO - [2024-02-16T09:31:38.404+0000] {dag.py:3823} INFO - Setting next_dagrun for example_short_circuit_operator to 2024-02-15 00:00:00+00:00, run_after=2024-02-16 00:00:00+00:00
[2024-02-16T09:31:38.424+0000] {processor.py:183} INFO - Processing /home/airflow/.local/lib/python3.8/site-packages/airflow/example_dags/example_short_circuit_operator.py took 0.072 seconds
[2024-02-16T09:32:08.772+0000] {processor.py:161} INFO - Started process (PID=6182) to work on /home/airflow/.local/lib/python3.8/site-packages/airflow/example_dags/example_short_circuit_operator.py
[2024-02-16T09:32:08.773+0000] {processor.py:830} INFO - Processing file /home/airflow/.local/lib/python3.8/site-packages/airflow/example_dags/example_short_circuit_operator.py for tasks to queue
[2024-02-16T09:32:08.774+0000] {logging_mixin.py:188} INFO - [2024-02-16T09:32:08.774+0000] {dagbag.py:538} INFO - Filling up the DagBag from /home/airflow/.local/lib/python3.8/site-packages/airflow/example_dags/example_short_circuit_operator.py
[2024-02-16T09:32:08.781+0000] {processor.py:840} INFO - DAG(s) 'example_short_circuit_operator' retrieved from /home/airflow/.local/lib/python3.8/site-packages/airflow/example_dags/example_short_circuit_operator.py
[2024-02-16T09:32:08.803+0000] {logging_mixin.py:188} INFO - [2024-02-16T09:32:08.802+0000] {dag.py:3036} INFO - Sync 1 DAGs
[2024-02-16T09:32:08.819+0000] {logging_mixin.py:188} INFO - [2024-02-16T09:32:08.819+0000] {dag.py:3823} INFO - Setting next_dagrun for example_short_circuit_operator to 2024-02-15 00:00:00+00:00, run_after=2024-02-16 00:00:00+00:00
[2024-02-16T09:32:08.839+0000] {processor.py:183} INFO - Processing /home/airflow/.local/lib/python3.8/site-packages/airflow/example_dags/example_short_circuit_operator.py took 0.069 seconds
[2024-02-16T09:32:39.281+0000] {processor.py:161} INFO - Started process (PID=6429) to work on /home/airflow/.local/lib/python3.8/site-packages/airflow/example_dags/example_short_circuit_operator.py
[2024-02-16T09:32:39.283+0000] {processor.py:830} INFO - Processing file /home/airflow/.local/lib/python3.8/site-packages/airflow/example_dags/example_short_circuit_operator.py for tasks to queue
[2024-02-16T09:32:39.284+0000] {logging_mixin.py:188} INFO - [2024-02-16T09:32:39.283+0000] {dagbag.py:538} INFO - Filling up the DagBag from /home/airflow/.local/lib/python3.8/site-packages/airflow/example_dags/example_short_circuit_operator.py
[2024-02-16T09:32:39.291+0000] {processor.py:840} INFO - DAG(s) 'example_short_circuit_operator' retrieved from /home/airflow/.local/lib/python3.8/site-packages/airflow/example_dags/example_short_circuit_operator.py
[2024-02-16T09:32:39.318+0000] {logging_mixin.py:188} INFO - [2024-02-16T09:32:39.318+0000] {dag.py:3036} INFO - Sync 1 DAGs
[2024-02-16T09:32:39.341+0000] {logging_mixin.py:188} INFO - [2024-02-16T09:32:39.340+0000] {dag.py:3823} INFO - Setting next_dagrun for example_short_circuit_operator to 2024-02-15 00:00:00+00:00, run_after=2024-02-16 00:00:00+00:00
[2024-02-16T09:32:39.361+0000] {processor.py:183} INFO - Processing /home/airflow/.local/lib/python3.8/site-packages/airflow/example_dags/example_short_circuit_operator.py took 0.083 seconds
[2024-02-16T09:33:10.115+0000] {processor.py:161} INFO - Started process (PID=6678) to work on /home/airflow/.local/lib/python3.8/site-packages/airflow/example_dags/example_short_circuit_operator.py
[2024-02-16T09:33:10.116+0000] {processor.py:830} INFO - Processing file /home/airflow/.local/lib/python3.8/site-packages/airflow/example_dags/example_short_circuit_operator.py for tasks to queue
[2024-02-16T09:33:10.117+0000] {logging_mixin.py:188} INFO - [2024-02-16T09:33:10.117+0000] {dagbag.py:538} INFO - Filling up the DagBag from /home/airflow/.local/lib/python3.8/site-packages/airflow/example_dags/example_short_circuit_operator.py
[2024-02-16T09:33:10.125+0000] {processor.py:840} INFO - DAG(s) 'example_short_circuit_operator' retrieved from /home/airflow/.local/lib/python3.8/site-packages/airflow/example_dags/example_short_circuit_operator.py
[2024-02-16T09:33:10.147+0000] {logging_mixin.py:188} INFO - [2024-02-16T09:33:10.147+0000] {dag.py:3036} INFO - Sync 1 DAGs
[2024-02-16T09:33:10.166+0000] {logging_mixin.py:188} INFO - [2024-02-16T09:33:10.166+0000] {dag.py:3823} INFO - Setting next_dagrun for example_short_circuit_operator to 2024-02-15 00:00:00+00:00, run_after=2024-02-16 00:00:00+00:00
[2024-02-16T09:33:10.188+0000] {processor.py:183} INFO - Processing /home/airflow/.local/lib/python3.8/site-packages/airflow/example_dags/example_short_circuit_operator.py took 0.075 seconds
[2024-02-16T09:33:40.495+0000] {processor.py:161} INFO - Started process (PID=6923) to work on /home/airflow/.local/lib/python3.8/site-packages/airflow/example_dags/example_short_circuit_operator.py
[2024-02-16T09:33:40.496+0000] {processor.py:830} INFO - Processing file /home/airflow/.local/lib/python3.8/site-packages/airflow/example_dags/example_short_circuit_operator.py for tasks to queue
[2024-02-16T09:33:40.496+0000] {logging_mixin.py:188} INFO - [2024-02-16T09:33:40.496+0000] {dagbag.py:538} INFO - Filling up the DagBag from /home/airflow/.local/lib/python3.8/site-packages/airflow/example_dags/example_short_circuit_operator.py
[2024-02-16T09:33:40.502+0000] {processor.py:840} INFO - DAG(s) 'example_short_circuit_operator' retrieved from /home/airflow/.local/lib/python3.8/site-packages/airflow/example_dags/example_short_circuit_operator.py
[2024-02-16T09:33:40.521+0000] {logging_mixin.py:188} INFO - [2024-02-16T09:33:40.521+0000] {dag.py:3036} INFO - Sync 1 DAGs
[2024-02-16T09:33:40.537+0000] {logging_mixin.py:188} INFO - [2024-02-16T09:33:40.537+0000] {dag.py:3823} INFO - Setting next_dagrun for example_short_circuit_operator to 2024-02-15 00:00:00+00:00, run_after=2024-02-16 00:00:00+00:00
[2024-02-16T09:33:40.553+0000] {processor.py:183} INFO - Processing /home/airflow/.local/lib/python3.8/site-packages/airflow/example_dags/example_short_circuit_operator.py took 0.061 seconds
[2024-02-16T09:34:10.878+0000] {processor.py:161} INFO - Started process (PID=7170) to work on /home/airflow/.local/lib/python3.8/site-packages/airflow/example_dags/example_short_circuit_operator.py
[2024-02-16T09:34:10.879+0000] {processor.py:830} INFO - Processing file /home/airflow/.local/lib/python3.8/site-packages/airflow/example_dags/example_short_circuit_operator.py for tasks to queue
[2024-02-16T09:34:10.880+0000] {logging_mixin.py:188} INFO - [2024-02-16T09:34:10.880+0000] {dagbag.py:538} INFO - Filling up the DagBag from /home/airflow/.local/lib/python3.8/site-packages/airflow/example_dags/example_short_circuit_operator.py
[2024-02-16T09:34:10.887+0000] {processor.py:840} INFO - DAG(s) 'example_short_circuit_operator' retrieved from /home/airflow/.local/lib/python3.8/site-packages/airflow/example_dags/example_short_circuit_operator.py
[2024-02-16T09:34:10.909+0000] {logging_mixin.py:188} INFO - [2024-02-16T09:34:10.909+0000] {dag.py:3036} INFO - Sync 1 DAGs
[2024-02-16T09:34:10.927+0000] {logging_mixin.py:188} INFO - [2024-02-16T09:34:10.927+0000] {dag.py:3823} INFO - Setting next_dagrun for example_short_circuit_operator to 2024-02-15 00:00:00+00:00, run_after=2024-02-16 00:00:00+00:00
[2024-02-16T09:34:10.948+0000] {processor.py:183} INFO - Processing /home/airflow/.local/lib/python3.8/site-packages/airflow/example_dags/example_short_circuit_operator.py took 0.073 seconds
[2024-02-16T09:38:04.436+0000] {processor.py:161} INFO - Started process (PID=325) to work on /home/airflow/.local/lib/python3.8/site-packages/airflow/example_dags/example_short_circuit_operator.py
[2024-02-16T09:38:04.438+0000] {processor.py:830} INFO - Processing file /home/airflow/.local/lib/python3.8/site-packages/airflow/example_dags/example_short_circuit_operator.py for tasks to queue
[2024-02-16T09:38:04.438+0000] {logging_mixin.py:188} INFO - [2024-02-16T09:38:04.438+0000] {dagbag.py:538} INFO - Filling up the DagBag from /home/airflow/.local/lib/python3.8/site-packages/airflow/example_dags/example_short_circuit_operator.py
[2024-02-16T09:38:04.449+0000] {processor.py:840} INFO - DAG(s) 'example_short_circuit_operator' retrieved from /home/airflow/.local/lib/python3.8/site-packages/airflow/example_dags/example_short_circuit_operator.py
[2024-02-16T09:38:04.470+0000] {logging_mixin.py:188} INFO - [2024-02-16T09:38:04.470+0000] {dag.py:3036} INFO - Sync 1 DAGs
[2024-02-16T09:38:04.492+0000] {logging_mixin.py:188} INFO - [2024-02-16T09:38:04.492+0000] {dag.py:3823} INFO - Setting next_dagrun for example_short_circuit_operator to 2024-02-15 00:00:00+00:00, run_after=2024-02-16 00:00:00+00:00
[2024-02-16T09:38:04.519+0000] {processor.py:183} INFO - Processing /home/airflow/.local/lib/python3.8/site-packages/airflow/example_dags/example_short_circuit_operator.py took 0.086 seconds
[2024-02-16T09:38:35.913+0000] {processor.py:161} INFO - Started process (PID=572) to work on /home/airflow/.local/lib/python3.8/site-packages/airflow/example_dags/example_short_circuit_operator.py
[2024-02-16T09:38:35.915+0000] {processor.py:830} INFO - Processing file /home/airflow/.local/lib/python3.8/site-packages/airflow/example_dags/example_short_circuit_operator.py for tasks to queue
[2024-02-16T09:38:35.916+0000] {logging_mixin.py:188} INFO - [2024-02-16T09:38:35.916+0000] {dagbag.py:538} INFO - Filling up the DagBag from /home/airflow/.local/lib/python3.8/site-packages/airflow/example_dags/example_short_circuit_operator.py
[2024-02-16T09:38:35.923+0000] {processor.py:840} INFO - DAG(s) 'example_short_circuit_operator' retrieved from /home/airflow/.local/lib/python3.8/site-packages/airflow/example_dags/example_short_circuit_operator.py
[2024-02-16T09:38:36.015+0000] {logging_mixin.py:188} INFO - [2024-02-16T09:38:36.015+0000] {dag.py:3036} INFO - Sync 1 DAGs
[2024-02-16T09:38:36.036+0000] {logging_mixin.py:188} INFO - [2024-02-16T09:38:36.036+0000] {dag.py:3823} INFO - Setting next_dagrun for example_short_circuit_operator to 2024-02-15 00:00:00+00:00, run_after=2024-02-16 00:00:00+00:00
[2024-02-16T09:38:36.060+0000] {processor.py:183} INFO - Processing /home/airflow/.local/lib/python3.8/site-packages/airflow/example_dags/example_short_circuit_operator.py took 0.150 seconds
