[2024-02-16T09:20:23.600+0000] {processor.py:161} INFO - Started process (PID=181) to work on /home/airflow/.local/lib/python3.8/site-packages/airflow/example_dags/example_branch_python_dop_operator_3.py
[2024-02-16T09:20:23.601+0000] {processor.py:830} INFO - Processing file /home/airflow/.local/lib/python3.8/site-packages/airflow/example_dags/example_branch_python_dop_operator_3.py for tasks to queue
[2024-02-16T09:20:23.601+0000] {logging_mixin.py:188} INFO - [2024-02-16T09:20:23.601+0000] {dagbag.py:538} INFO - Filling up the DagBag from /home/airflow/.local/lib/python3.8/site-packages/airflow/example_dags/example_branch_python_dop_operator_3.py
[2024-02-16T09:20:23.609+0000] {processor.py:840} INFO - DAG(s) 'example_branch_dop_operator_v3' retrieved from /home/airflow/.local/lib/python3.8/site-packages/airflow/example_dags/example_branch_python_dop_operator_3.py
[2024-02-16T09:20:23.720+0000] {logging_mixin.py:188} INFO - [2024-02-16T09:20:23.720+0000] {override.py:1769} INFO - Created Permission View: can delete on DAG:example_branch_dop_operator_v3
[2024-02-16T09:20:23.737+0000] {logging_mixin.py:188} INFO - [2024-02-16T09:20:23.736+0000] {override.py:1769} INFO - Created Permission View: can edit on DAG:example_branch_dop_operator_v3
[2024-02-16T09:20:23.746+0000] {logging_mixin.py:188} INFO - [2024-02-16T09:20:23.746+0000] {override.py:1769} INFO - Created Permission View: can read on DAG:example_branch_dop_operator_v3
[2024-02-16T09:20:23.747+0000] {logging_mixin.py:188} INFO - [2024-02-16T09:20:23.746+0000] {dag.py:3036} INFO - Sync 1 DAGs
[2024-02-16T09:20:23.758+0000] {logging_mixin.py:188} INFO - [2024-02-16T09:20:23.758+0000] {dag.py:3058} INFO - Creating ORM DAG for example_branch_dop_operator_v3
[2024-02-16T09:20:23.773+0000] {logging_mixin.py:188} INFO - [2024-02-16T09:20:23.773+0000] {dag.py:3823} INFO - Setting next_dagrun for example_branch_dop_operator_v3 to 2024-02-16 09:19:00+00:00, run_after=2024-02-16 09:20:00+00:00
[2024-02-16T09:20:23.799+0000] {processor.py:183} INFO - Processing /home/airflow/.local/lib/python3.8/site-packages/airflow/example_dags/example_branch_python_dop_operator_3.py took 0.203 seconds
[2024-02-16T09:20:54.065+0000] {processor.py:161} INFO - Started process (PID=430) to work on /home/airflow/.local/lib/python3.8/site-packages/airflow/example_dags/example_branch_python_dop_operator_3.py
[2024-02-16T09:20:54.066+0000] {processor.py:830} INFO - Processing file /home/airflow/.local/lib/python3.8/site-packages/airflow/example_dags/example_branch_python_dop_operator_3.py for tasks to queue
[2024-02-16T09:20:54.067+0000] {logging_mixin.py:188} INFO - [2024-02-16T09:20:54.067+0000] {dagbag.py:538} INFO - Filling up the DagBag from /home/airflow/.local/lib/python3.8/site-packages/airflow/example_dags/example_branch_python_dop_operator_3.py
[2024-02-16T09:20:54.075+0000] {processor.py:840} INFO - DAG(s) 'example_branch_dop_operator_v3' retrieved from /home/airflow/.local/lib/python3.8/site-packages/airflow/example_dags/example_branch_python_dop_operator_3.py
[2024-02-16T09:20:54.096+0000] {logging_mixin.py:188} INFO - [2024-02-16T09:20:54.096+0000] {dag.py:3036} INFO - Sync 1 DAGs
[2024-02-16T09:20:54.118+0000] {logging_mixin.py:188} INFO - [2024-02-16T09:20:54.117+0000] {dag.py:3823} INFO - Setting next_dagrun for example_branch_dop_operator_v3 to 2024-02-16 09:19:00+00:00, run_after=2024-02-16 09:20:00+00:00
[2024-02-16T09:20:54.137+0000] {processor.py:183} INFO - Processing /home/airflow/.local/lib/python3.8/site-packages/airflow/example_dags/example_branch_python_dop_operator_3.py took 0.074 seconds
[2024-02-16T09:21:24.529+0000] {processor.py:161} INFO - Started process (PID=675) to work on /home/airflow/.local/lib/python3.8/site-packages/airflow/example_dags/example_branch_python_dop_operator_3.py
[2024-02-16T09:21:24.529+0000] {processor.py:830} INFO - Processing file /home/airflow/.local/lib/python3.8/site-packages/airflow/example_dags/example_branch_python_dop_operator_3.py for tasks to queue
[2024-02-16T09:21:24.530+0000] {logging_mixin.py:188} INFO - [2024-02-16T09:21:24.530+0000] {dagbag.py:538} INFO - Filling up the DagBag from /home/airflow/.local/lib/python3.8/site-packages/airflow/example_dags/example_branch_python_dop_operator_3.py
[2024-02-16T09:21:24.536+0000] {processor.py:840} INFO - DAG(s) 'example_branch_dop_operator_v3' retrieved from /home/airflow/.local/lib/python3.8/site-packages/airflow/example_dags/example_branch_python_dop_operator_3.py
[2024-02-16T09:21:24.557+0000] {logging_mixin.py:188} INFO - [2024-02-16T09:21:24.556+0000] {dag.py:3036} INFO - Sync 1 DAGs
[2024-02-16T09:21:24.576+0000] {logging_mixin.py:188} INFO - [2024-02-16T09:21:24.576+0000] {dag.py:3823} INFO - Setting next_dagrun for example_branch_dop_operator_v3 to 2024-02-16 09:20:00+00:00, run_after=2024-02-16 09:21:00+00:00
[2024-02-16T09:21:24.598+0000] {processor.py:183} INFO - Processing /home/airflow/.local/lib/python3.8/site-packages/airflow/example_dags/example_branch_python_dop_operator_3.py took 0.073 seconds
[2024-02-16T09:21:55.089+0000] {processor.py:161} INFO - Started process (PID=923) to work on /home/airflow/.local/lib/python3.8/site-packages/airflow/example_dags/example_branch_python_dop_operator_3.py
[2024-02-16T09:21:55.090+0000] {processor.py:830} INFO - Processing file /home/airflow/.local/lib/python3.8/site-packages/airflow/example_dags/example_branch_python_dop_operator_3.py for tasks to queue
[2024-02-16T09:21:55.091+0000] {logging_mixin.py:188} INFO - [2024-02-16T09:21:55.091+0000] {dagbag.py:538} INFO - Filling up the DagBag from /home/airflow/.local/lib/python3.8/site-packages/airflow/example_dags/example_branch_python_dop_operator_3.py
[2024-02-16T09:21:55.098+0000] {processor.py:840} INFO - DAG(s) 'example_branch_dop_operator_v3' retrieved from /home/airflow/.local/lib/python3.8/site-packages/airflow/example_dags/example_branch_python_dop_operator_3.py
[2024-02-16T09:21:55.119+0000] {logging_mixin.py:188} INFO - [2024-02-16T09:21:55.119+0000] {dag.py:3036} INFO - Sync 1 DAGs
[2024-02-16T09:21:55.140+0000] {logging_mixin.py:188} INFO - [2024-02-16T09:21:55.140+0000] {dag.py:3823} INFO - Setting next_dagrun for example_branch_dop_operator_v3 to 2024-02-16 09:20:00+00:00, run_after=2024-02-16 09:21:00+00:00
[2024-02-16T09:21:55.158+0000] {processor.py:183} INFO - Processing /home/airflow/.local/lib/python3.8/site-packages/airflow/example_dags/example_branch_python_dop_operator_3.py took 0.072 seconds
[2024-02-16T09:22:25.901+0000] {processor.py:161} INFO - Started process (PID=1168) to work on /home/airflow/.local/lib/python3.8/site-packages/airflow/example_dags/example_branch_python_dop_operator_3.py
[2024-02-16T09:22:25.902+0000] {processor.py:830} INFO - Processing file /home/airflow/.local/lib/python3.8/site-packages/airflow/example_dags/example_branch_python_dop_operator_3.py for tasks to queue
[2024-02-16T09:22:25.903+0000] {logging_mixin.py:188} INFO - [2024-02-16T09:22:25.903+0000] {dagbag.py:538} INFO - Filling up the DagBag from /home/airflow/.local/lib/python3.8/site-packages/airflow/example_dags/example_branch_python_dop_operator_3.py
[2024-02-16T09:22:25.912+0000] {processor.py:840} INFO - DAG(s) 'example_branch_dop_operator_v3' retrieved from /home/airflow/.local/lib/python3.8/site-packages/airflow/example_dags/example_branch_python_dop_operator_3.py
[2024-02-16T09:22:25.933+0000] {logging_mixin.py:188} INFO - [2024-02-16T09:22:25.932+0000] {dag.py:3036} INFO - Sync 1 DAGs
[2024-02-16T09:22:25.959+0000] {logging_mixin.py:188} INFO - [2024-02-16T09:22:25.958+0000] {dag.py:3823} INFO - Setting next_dagrun for example_branch_dop_operator_v3 to 2024-02-16 09:21:00+00:00, run_after=2024-02-16 09:22:00+00:00
[2024-02-16T09:22:25.980+0000] {processor.py:183} INFO - Processing /home/airflow/.local/lib/python3.8/site-packages/airflow/example_dags/example_branch_python_dop_operator_3.py took 0.082 seconds
[2024-02-16T09:22:56.600+0000] {processor.py:161} INFO - Started process (PID=1415) to work on /home/airflow/.local/lib/python3.8/site-packages/airflow/example_dags/example_branch_python_dop_operator_3.py
[2024-02-16T09:22:56.601+0000] {processor.py:830} INFO - Processing file /home/airflow/.local/lib/python3.8/site-packages/airflow/example_dags/example_branch_python_dop_operator_3.py for tasks to queue
[2024-02-16T09:22:56.602+0000] {logging_mixin.py:188} INFO - [2024-02-16T09:22:56.602+0000] {dagbag.py:538} INFO - Filling up the DagBag from /home/airflow/.local/lib/python3.8/site-packages/airflow/example_dags/example_branch_python_dop_operator_3.py
[2024-02-16T09:22:56.609+0000] {processor.py:840} INFO - DAG(s) 'example_branch_dop_operator_v3' retrieved from /home/airflow/.local/lib/python3.8/site-packages/airflow/example_dags/example_branch_python_dop_operator_3.py
[2024-02-16T09:22:56.628+0000] {logging_mixin.py:188} INFO - [2024-02-16T09:22:56.628+0000] {dag.py:3036} INFO - Sync 1 DAGs
[2024-02-16T09:22:56.651+0000] {logging_mixin.py:188} INFO - [2024-02-16T09:22:56.651+0000] {dag.py:3823} INFO - Setting next_dagrun for example_branch_dop_operator_v3 to 2024-02-16 09:21:00+00:00, run_after=2024-02-16 09:22:00+00:00
[2024-02-16T09:22:56.671+0000] {processor.py:183} INFO - Processing /home/airflow/.local/lib/python3.8/site-packages/airflow/example_dags/example_branch_python_dop_operator_3.py took 0.074 seconds
[2024-02-16T09:23:26.999+0000] {processor.py:161} INFO - Started process (PID=1663) to work on /home/airflow/.local/lib/python3.8/site-packages/airflow/example_dags/example_branch_python_dop_operator_3.py
[2024-02-16T09:23:27.000+0000] {processor.py:830} INFO - Processing file /home/airflow/.local/lib/python3.8/site-packages/airflow/example_dags/example_branch_python_dop_operator_3.py for tasks to queue
[2024-02-16T09:23:27.001+0000] {logging_mixin.py:188} INFO - [2024-02-16T09:23:27.001+0000] {dagbag.py:538} INFO - Filling up the DagBag from /home/airflow/.local/lib/python3.8/site-packages/airflow/example_dags/example_branch_python_dop_operator_3.py
[2024-02-16T09:23:27.008+0000] {processor.py:840} INFO - DAG(s) 'example_branch_dop_operator_v3' retrieved from /home/airflow/.local/lib/python3.8/site-packages/airflow/example_dags/example_branch_python_dop_operator_3.py
[2024-02-16T09:23:27.029+0000] {logging_mixin.py:188} INFO - [2024-02-16T09:23:27.028+0000] {dag.py:3036} INFO - Sync 1 DAGs
[2024-02-16T09:23:27.049+0000] {logging_mixin.py:188} INFO - [2024-02-16T09:23:27.048+0000] {dag.py:3823} INFO - Setting next_dagrun for example_branch_dop_operator_v3 to 2024-02-16 09:22:00+00:00, run_after=2024-02-16 09:23:00+00:00
[2024-02-16T09:23:27.065+0000] {processor.py:183} INFO - Processing /home/airflow/.local/lib/python3.8/site-packages/airflow/example_dags/example_branch_python_dop_operator_3.py took 0.068 seconds
[2024-02-16T09:23:57.426+0000] {processor.py:161} INFO - Started process (PID=1910) to work on /home/airflow/.local/lib/python3.8/site-packages/airflow/example_dags/example_branch_python_dop_operator_3.py
[2024-02-16T09:23:57.428+0000] {processor.py:830} INFO - Processing file /home/airflow/.local/lib/python3.8/site-packages/airflow/example_dags/example_branch_python_dop_operator_3.py for tasks to queue
[2024-02-16T09:23:57.428+0000] {logging_mixin.py:188} INFO - [2024-02-16T09:23:57.428+0000] {dagbag.py:538} INFO - Filling up the DagBag from /home/airflow/.local/lib/python3.8/site-packages/airflow/example_dags/example_branch_python_dop_operator_3.py
[2024-02-16T09:23:57.435+0000] {processor.py:840} INFO - DAG(s) 'example_branch_dop_operator_v3' retrieved from /home/airflow/.local/lib/python3.8/site-packages/airflow/example_dags/example_branch_python_dop_operator_3.py
[2024-02-16T09:23:57.454+0000] {logging_mixin.py:188} INFO - [2024-02-16T09:23:57.454+0000] {dag.py:3036} INFO - Sync 1 DAGs
[2024-02-16T09:23:57.474+0000] {logging_mixin.py:188} INFO - [2024-02-16T09:23:57.474+0000] {dag.py:3823} INFO - Setting next_dagrun for example_branch_dop_operator_v3 to 2024-02-16 09:22:00+00:00, run_after=2024-02-16 09:23:00+00:00
[2024-02-16T09:23:57.493+0000] {processor.py:183} INFO - Processing /home/airflow/.local/lib/python3.8/site-packages/airflow/example_dags/example_branch_python_dop_operator_3.py took 0.068 seconds
[2024-02-16T09:24:27.925+0000] {processor.py:161} INFO - Started process (PID=2154) to work on /home/airflow/.local/lib/python3.8/site-packages/airflow/example_dags/example_branch_python_dop_operator_3.py
[2024-02-16T09:24:27.927+0000] {processor.py:830} INFO - Processing file /home/airflow/.local/lib/python3.8/site-packages/airflow/example_dags/example_branch_python_dop_operator_3.py for tasks to queue
[2024-02-16T09:24:27.928+0000] {logging_mixin.py:188} INFO - [2024-02-16T09:24:27.927+0000] {dagbag.py:538} INFO - Filling up the DagBag from /home/airflow/.local/lib/python3.8/site-packages/airflow/example_dags/example_branch_python_dop_operator_3.py
[2024-02-16T09:24:27.935+0000] {processor.py:840} INFO - DAG(s) 'example_branch_dop_operator_v3' retrieved from /home/airflow/.local/lib/python3.8/site-packages/airflow/example_dags/example_branch_python_dop_operator_3.py
[2024-02-16T09:24:27.959+0000] {logging_mixin.py:188} INFO - [2024-02-16T09:24:27.959+0000] {dag.py:3036} INFO - Sync 1 DAGs
[2024-02-16T09:24:27.989+0000] {logging_mixin.py:188} INFO - [2024-02-16T09:24:27.989+0000] {dag.py:3823} INFO - Setting next_dagrun for example_branch_dop_operator_v3 to 2024-02-16 09:23:00+00:00, run_after=2024-02-16 09:24:00+00:00
[2024-02-16T09:24:28.012+0000] {processor.py:183} INFO - Processing /home/airflow/.local/lib/python3.8/site-packages/airflow/example_dags/example_branch_python_dop_operator_3.py took 0.090 seconds
[2024-02-16T09:24:58.384+0000] {processor.py:161} INFO - Started process (PID=2403) to work on /home/airflow/.local/lib/python3.8/site-packages/airflow/example_dags/example_branch_python_dop_operator_3.py
[2024-02-16T09:24:58.385+0000] {processor.py:830} INFO - Processing file /home/airflow/.local/lib/python3.8/site-packages/airflow/example_dags/example_branch_python_dop_operator_3.py for tasks to queue
[2024-02-16T09:24:58.386+0000] {logging_mixin.py:188} INFO - [2024-02-16T09:24:58.386+0000] {dagbag.py:538} INFO - Filling up the DagBag from /home/airflow/.local/lib/python3.8/site-packages/airflow/example_dags/example_branch_python_dop_operator_3.py
[2024-02-16T09:24:58.393+0000] {processor.py:840} INFO - DAG(s) 'example_branch_dop_operator_v3' retrieved from /home/airflow/.local/lib/python3.8/site-packages/airflow/example_dags/example_branch_python_dop_operator_3.py
[2024-02-16T09:24:58.414+0000] {logging_mixin.py:188} INFO - [2024-02-16T09:24:58.414+0000] {dag.py:3036} INFO - Sync 1 DAGs
[2024-02-16T09:24:58.438+0000] {logging_mixin.py:188} INFO - [2024-02-16T09:24:58.438+0000] {dag.py:3823} INFO - Setting next_dagrun for example_branch_dop_operator_v3 to 2024-02-16 09:23:00+00:00, run_after=2024-02-16 09:24:00+00:00
[2024-02-16T09:24:58.457+0000] {processor.py:183} INFO - Processing /home/airflow/.local/lib/python3.8/site-packages/airflow/example_dags/example_branch_python_dop_operator_3.py took 0.076 seconds
[2024-02-16T09:25:28.790+0000] {processor.py:161} INFO - Started process (PID=2647) to work on /home/airflow/.local/lib/python3.8/site-packages/airflow/example_dags/example_branch_python_dop_operator_3.py
[2024-02-16T09:25:28.791+0000] {processor.py:830} INFO - Processing file /home/airflow/.local/lib/python3.8/site-packages/airflow/example_dags/example_branch_python_dop_operator_3.py for tasks to queue
[2024-02-16T09:25:28.792+0000] {logging_mixin.py:188} INFO - [2024-02-16T09:25:28.792+0000] {dagbag.py:538} INFO - Filling up the DagBag from /home/airflow/.local/lib/python3.8/site-packages/airflow/example_dags/example_branch_python_dop_operator_3.py
[2024-02-16T09:25:28.799+0000] {processor.py:840} INFO - DAG(s) 'example_branch_dop_operator_v3' retrieved from /home/airflow/.local/lib/python3.8/site-packages/airflow/example_dags/example_branch_python_dop_operator_3.py
[2024-02-16T09:25:28.821+0000] {logging_mixin.py:188} INFO - [2024-02-16T09:25:28.820+0000] {dag.py:3036} INFO - Sync 1 DAGs
[2024-02-16T09:25:28.845+0000] {logging_mixin.py:188} INFO - [2024-02-16T09:25:28.845+0000] {dag.py:3823} INFO - Setting next_dagrun for example_branch_dop_operator_v3 to 2024-02-16 09:24:00+00:00, run_after=2024-02-16 09:25:00+00:00
[2024-02-16T09:25:28.865+0000] {processor.py:183} INFO - Processing /home/airflow/.local/lib/python3.8/site-packages/airflow/example_dags/example_branch_python_dop_operator_3.py took 0.078 seconds
[2024-02-16T09:25:59.207+0000] {processor.py:161} INFO - Started process (PID=2896) to work on /home/airflow/.local/lib/python3.8/site-packages/airflow/example_dags/example_branch_python_dop_operator_3.py
[2024-02-16T09:25:59.209+0000] {processor.py:830} INFO - Processing file /home/airflow/.local/lib/python3.8/site-packages/airflow/example_dags/example_branch_python_dop_operator_3.py for tasks to queue
[2024-02-16T09:25:59.209+0000] {logging_mixin.py:188} INFO - [2024-02-16T09:25:59.209+0000] {dagbag.py:538} INFO - Filling up the DagBag from /home/airflow/.local/lib/python3.8/site-packages/airflow/example_dags/example_branch_python_dop_operator_3.py
[2024-02-16T09:25:59.219+0000] {processor.py:840} INFO - DAG(s) 'example_branch_dop_operator_v3' retrieved from /home/airflow/.local/lib/python3.8/site-packages/airflow/example_dags/example_branch_python_dop_operator_3.py
[2024-02-16T09:25:59.242+0000] {logging_mixin.py:188} INFO - [2024-02-16T09:25:59.241+0000] {dag.py:3036} INFO - Sync 1 DAGs
[2024-02-16T09:25:59.269+0000] {logging_mixin.py:188} INFO - [2024-02-16T09:25:59.269+0000] {dag.py:3823} INFO - Setting next_dagrun for example_branch_dop_operator_v3 to 2024-02-16 09:24:00+00:00, run_after=2024-02-16 09:25:00+00:00
[2024-02-16T09:25:59.292+0000] {processor.py:183} INFO - Processing /home/airflow/.local/lib/python3.8/site-packages/airflow/example_dags/example_branch_python_dop_operator_3.py took 0.087 seconds
[2024-02-16T09:26:29.365+0000] {processor.py:161} INFO - Started process (PID=3147) to work on /home/airflow/.local/lib/python3.8/site-packages/airflow/example_dags/example_branch_python_dop_operator_3.py
[2024-02-16T09:26:29.367+0000] {processor.py:830} INFO - Processing file /home/airflow/.local/lib/python3.8/site-packages/airflow/example_dags/example_branch_python_dop_operator_3.py for tasks to queue
[2024-02-16T09:26:29.367+0000] {logging_mixin.py:188} INFO - [2024-02-16T09:26:29.367+0000] {dagbag.py:538} INFO - Filling up the DagBag from /home/airflow/.local/lib/python3.8/site-packages/airflow/example_dags/example_branch_python_dop_operator_3.py
[2024-02-16T09:26:29.374+0000] {processor.py:840} INFO - DAG(s) 'example_branch_dop_operator_v3' retrieved from /home/airflow/.local/lib/python3.8/site-packages/airflow/example_dags/example_branch_python_dop_operator_3.py
[2024-02-16T09:26:29.395+0000] {logging_mixin.py:188} INFO - [2024-02-16T09:26:29.394+0000] {dag.py:3036} INFO - Sync 1 DAGs
[2024-02-16T09:26:29.416+0000] {logging_mixin.py:188} INFO - [2024-02-16T09:26:29.416+0000] {dag.py:3823} INFO - Setting next_dagrun for example_branch_dop_operator_v3 to 2024-02-16 09:25:00+00:00, run_after=2024-02-16 09:26:00+00:00
[2024-02-16T09:26:29.435+0000] {processor.py:183} INFO - Processing /home/airflow/.local/lib/python3.8/site-packages/airflow/example_dags/example_branch_python_dop_operator_3.py took 0.072 seconds
[2024-02-16T09:26:59.924+0000] {processor.py:161} INFO - Started process (PID=3392) to work on /home/airflow/.local/lib/python3.8/site-packages/airflow/example_dags/example_branch_python_dop_operator_3.py
[2024-02-16T09:26:59.925+0000] {processor.py:830} INFO - Processing file /home/airflow/.local/lib/python3.8/site-packages/airflow/example_dags/example_branch_python_dop_operator_3.py for tasks to queue
[2024-02-16T09:26:59.926+0000] {logging_mixin.py:188} INFO - [2024-02-16T09:26:59.926+0000] {dagbag.py:538} INFO - Filling up the DagBag from /home/airflow/.local/lib/python3.8/site-packages/airflow/example_dags/example_branch_python_dop_operator_3.py
[2024-02-16T09:26:59.933+0000] {processor.py:840} INFO - DAG(s) 'example_branch_dop_operator_v3' retrieved from /home/airflow/.local/lib/python3.8/site-packages/airflow/example_dags/example_branch_python_dop_operator_3.py
[2024-02-16T09:26:59.954+0000] {logging_mixin.py:188} INFO - [2024-02-16T09:26:59.954+0000] {dag.py:3036} INFO - Sync 1 DAGs
[2024-02-16T09:26:59.974+0000] {logging_mixin.py:188} INFO - [2024-02-16T09:26:59.974+0000] {dag.py:3823} INFO - Setting next_dagrun for example_branch_dop_operator_v3 to 2024-02-16 09:25:00+00:00, run_after=2024-02-16 09:26:00+00:00
[2024-02-16T09:26:59.993+0000] {processor.py:183} INFO - Processing /home/airflow/.local/lib/python3.8/site-packages/airflow/example_dags/example_branch_python_dop_operator_3.py took 0.072 seconds
[2024-02-16T09:27:30.432+0000] {processor.py:161} INFO - Started process (PID=3641) to work on /home/airflow/.local/lib/python3.8/site-packages/airflow/example_dags/example_branch_python_dop_operator_3.py
[2024-02-16T09:27:30.434+0000] {processor.py:830} INFO - Processing file /home/airflow/.local/lib/python3.8/site-packages/airflow/example_dags/example_branch_python_dop_operator_3.py for tasks to queue
[2024-02-16T09:27:30.434+0000] {logging_mixin.py:188} INFO - [2024-02-16T09:27:30.434+0000] {dagbag.py:538} INFO - Filling up the DagBag from /home/airflow/.local/lib/python3.8/site-packages/airflow/example_dags/example_branch_python_dop_operator_3.py
[2024-02-16T09:27:30.441+0000] {processor.py:840} INFO - DAG(s) 'example_branch_dop_operator_v3' retrieved from /home/airflow/.local/lib/python3.8/site-packages/airflow/example_dags/example_branch_python_dop_operator_3.py
[2024-02-16T09:27:30.461+0000] {logging_mixin.py:188} INFO - [2024-02-16T09:27:30.461+0000] {dag.py:3036} INFO - Sync 1 DAGs
[2024-02-16T09:27:30.482+0000] {logging_mixin.py:188} INFO - [2024-02-16T09:27:30.481+0000] {dag.py:3823} INFO - Setting next_dagrun for example_branch_dop_operator_v3 to 2024-02-16 09:26:00+00:00, run_after=2024-02-16 09:27:00+00:00
[2024-02-16T09:27:30.501+0000] {processor.py:183} INFO - Processing /home/airflow/.local/lib/python3.8/site-packages/airflow/example_dags/example_branch_python_dop_operator_3.py took 0.072 seconds
[2024-02-16T09:28:00.830+0000] {processor.py:161} INFO - Started process (PID=3889) to work on /home/airflow/.local/lib/python3.8/site-packages/airflow/example_dags/example_branch_python_dop_operator_3.py
[2024-02-16T09:28:00.832+0000] {processor.py:830} INFO - Processing file /home/airflow/.local/lib/python3.8/site-packages/airflow/example_dags/example_branch_python_dop_operator_3.py for tasks to queue
[2024-02-16T09:28:00.832+0000] {logging_mixin.py:188} INFO - [2024-02-16T09:28:00.832+0000] {dagbag.py:538} INFO - Filling up the DagBag from /home/airflow/.local/lib/python3.8/site-packages/airflow/example_dags/example_branch_python_dop_operator_3.py
[2024-02-16T09:28:00.840+0000] {processor.py:840} INFO - DAG(s) 'example_branch_dop_operator_v3' retrieved from /home/airflow/.local/lib/python3.8/site-packages/airflow/example_dags/example_branch_python_dop_operator_3.py
[2024-02-16T09:28:00.858+0000] {logging_mixin.py:188} INFO - [2024-02-16T09:28:00.857+0000] {dag.py:3036} INFO - Sync 1 DAGs
[2024-02-16T09:28:00.876+0000] {logging_mixin.py:188} INFO - [2024-02-16T09:28:00.876+0000] {dag.py:3823} INFO - Setting next_dagrun for example_branch_dop_operator_v3 to 2024-02-16 09:27:00+00:00, run_after=2024-02-16 09:28:00+00:00
[2024-02-16T09:28:00.893+0000] {processor.py:183} INFO - Processing /home/airflow/.local/lib/python3.8/site-packages/airflow/example_dags/example_branch_python_dop_operator_3.py took 0.065 seconds
[2024-02-16T09:28:31.241+0000] {processor.py:161} INFO - Started process (PID=4133) to work on /home/airflow/.local/lib/python3.8/site-packages/airflow/example_dags/example_branch_python_dop_operator_3.py
[2024-02-16T09:28:31.242+0000] {processor.py:830} INFO - Processing file /home/airflow/.local/lib/python3.8/site-packages/airflow/example_dags/example_branch_python_dop_operator_3.py for tasks to queue
[2024-02-16T09:28:31.243+0000] {logging_mixin.py:188} INFO - [2024-02-16T09:28:31.243+0000] {dagbag.py:538} INFO - Filling up the DagBag from /home/airflow/.local/lib/python3.8/site-packages/airflow/example_dags/example_branch_python_dop_operator_3.py
[2024-02-16T09:28:31.250+0000] {processor.py:840} INFO - DAG(s) 'example_branch_dop_operator_v3' retrieved from /home/airflow/.local/lib/python3.8/site-packages/airflow/example_dags/example_branch_python_dop_operator_3.py
[2024-02-16T09:28:31.269+0000] {logging_mixin.py:188} INFO - [2024-02-16T09:28:31.269+0000] {dag.py:3036} INFO - Sync 1 DAGs
[2024-02-16T09:28:31.290+0000] {logging_mixin.py:188} INFO - [2024-02-16T09:28:31.290+0000] {dag.py:3823} INFO - Setting next_dagrun for example_branch_dop_operator_v3 to 2024-02-16 09:27:00+00:00, run_after=2024-02-16 09:28:00+00:00
[2024-02-16T09:28:31.308+0000] {processor.py:183} INFO - Processing /home/airflow/.local/lib/python3.8/site-packages/airflow/example_dags/example_branch_python_dop_operator_3.py took 0.070 seconds
[2024-02-16T09:29:01.622+0000] {processor.py:161} INFO - Started process (PID=4382) to work on /home/airflow/.local/lib/python3.8/site-packages/airflow/example_dags/example_branch_python_dop_operator_3.py
[2024-02-16T09:29:01.623+0000] {processor.py:830} INFO - Processing file /home/airflow/.local/lib/python3.8/site-packages/airflow/example_dags/example_branch_python_dop_operator_3.py for tasks to queue
[2024-02-16T09:29:01.624+0000] {logging_mixin.py:188} INFO - [2024-02-16T09:29:01.624+0000] {dagbag.py:538} INFO - Filling up the DagBag from /home/airflow/.local/lib/python3.8/site-packages/airflow/example_dags/example_branch_python_dop_operator_3.py
[2024-02-16T09:29:01.631+0000] {processor.py:840} INFO - DAG(s) 'example_branch_dop_operator_v3' retrieved from /home/airflow/.local/lib/python3.8/site-packages/airflow/example_dags/example_branch_python_dop_operator_3.py
[2024-02-16T09:29:01.652+0000] {logging_mixin.py:188} INFO - [2024-02-16T09:29:01.651+0000] {dag.py:3036} INFO - Sync 1 DAGs
[2024-02-16T09:29:01.672+0000] {logging_mixin.py:188} INFO - [2024-02-16T09:29:01.672+0000] {dag.py:3823} INFO - Setting next_dagrun for example_branch_dop_operator_v3 to 2024-02-16 09:28:00+00:00, run_after=2024-02-16 09:29:00+00:00
[2024-02-16T09:29:01.693+0000] {processor.py:183} INFO - Processing /home/airflow/.local/lib/python3.8/site-packages/airflow/example_dags/example_branch_python_dop_operator_3.py took 0.073 seconds
[2024-02-16T09:29:31.955+0000] {processor.py:161} INFO - Started process (PID=4628) to work on /home/airflow/.local/lib/python3.8/site-packages/airflow/example_dags/example_branch_python_dop_operator_3.py
[2024-02-16T09:29:31.957+0000] {processor.py:830} INFO - Processing file /home/airflow/.local/lib/python3.8/site-packages/airflow/example_dags/example_branch_python_dop_operator_3.py for tasks to queue
[2024-02-16T09:29:31.959+0000] {logging_mixin.py:188} INFO - [2024-02-16T09:29:31.958+0000] {dagbag.py:538} INFO - Filling up the DagBag from /home/airflow/.local/lib/python3.8/site-packages/airflow/example_dags/example_branch_python_dop_operator_3.py
[2024-02-16T09:29:31.967+0000] {processor.py:840} INFO - DAG(s) 'example_branch_dop_operator_v3' retrieved from /home/airflow/.local/lib/python3.8/site-packages/airflow/example_dags/example_branch_python_dop_operator_3.py
[2024-02-16T09:29:31.992+0000] {logging_mixin.py:188} INFO - [2024-02-16T09:29:31.991+0000] {dag.py:3036} INFO - Sync 1 DAGs
[2024-02-16T09:29:32.021+0000] {logging_mixin.py:188} INFO - [2024-02-16T09:29:32.020+0000] {dag.py:3823} INFO - Setting next_dagrun for example_branch_dop_operator_v3 to 2024-02-16 09:28:00+00:00, run_after=2024-02-16 09:29:00+00:00
[2024-02-16T09:29:32.048+0000] {processor.py:183} INFO - Processing /home/airflow/.local/lib/python3.8/site-packages/airflow/example_dags/example_branch_python_dop_operator_3.py took 0.095 seconds
[2024-02-16T09:30:02.677+0000] {processor.py:161} INFO - Started process (PID=4873) to work on /home/airflow/.local/lib/python3.8/site-packages/airflow/example_dags/example_branch_python_dop_operator_3.py
[2024-02-16T09:30:02.678+0000] {processor.py:830} INFO - Processing file /home/airflow/.local/lib/python3.8/site-packages/airflow/example_dags/example_branch_python_dop_operator_3.py for tasks to queue
[2024-02-16T09:30:02.679+0000] {logging_mixin.py:188} INFO - [2024-02-16T09:30:02.679+0000] {dagbag.py:538} INFO - Filling up the DagBag from /home/airflow/.local/lib/python3.8/site-packages/airflow/example_dags/example_branch_python_dop_operator_3.py
[2024-02-16T09:30:02.686+0000] {processor.py:840} INFO - DAG(s) 'example_branch_dop_operator_v3' retrieved from /home/airflow/.local/lib/python3.8/site-packages/airflow/example_dags/example_branch_python_dop_operator_3.py
[2024-02-16T09:30:02.707+0000] {logging_mixin.py:188} INFO - [2024-02-16T09:30:02.707+0000] {dag.py:3036} INFO - Sync 1 DAGs
[2024-02-16T09:30:02.733+0000] {logging_mixin.py:188} INFO - [2024-02-16T09:30:02.733+0000] {dag.py:3823} INFO - Setting next_dagrun for example_branch_dop_operator_v3 to 2024-02-16 09:29:00+00:00, run_after=2024-02-16 09:30:00+00:00
[2024-02-16T09:30:02.756+0000] {processor.py:183} INFO - Processing /home/airflow/.local/lib/python3.8/site-packages/airflow/example_dags/example_branch_python_dop_operator_3.py took 0.081 seconds
[2024-02-16T09:30:33.129+0000] {processor.py:161} INFO - Started process (PID=5300) to work on /home/airflow/.local/lib/python3.8/site-packages/airflow/example_dags/example_branch_python_dop_operator_3.py
[2024-02-16T09:30:33.131+0000] {processor.py:830} INFO - Processing file /home/airflow/.local/lib/python3.8/site-packages/airflow/example_dags/example_branch_python_dop_operator_3.py for tasks to queue
[2024-02-16T09:30:33.132+0000] {logging_mixin.py:188} INFO - [2024-02-16T09:30:33.131+0000] {dagbag.py:538} INFO - Filling up the DagBag from /home/airflow/.local/lib/python3.8/site-packages/airflow/example_dags/example_branch_python_dop_operator_3.py
[2024-02-16T09:30:33.140+0000] {processor.py:840} INFO - DAG(s) 'example_branch_dop_operator_v3' retrieved from /home/airflow/.local/lib/python3.8/site-packages/airflow/example_dags/example_branch_python_dop_operator_3.py
[2024-02-16T09:30:33.161+0000] {logging_mixin.py:188} INFO - [2024-02-16T09:30:33.161+0000] {dag.py:3036} INFO - Sync 1 DAGs
[2024-02-16T09:30:33.183+0000] {logging_mixin.py:188} INFO - [2024-02-16T09:30:33.183+0000] {dag.py:3823} INFO - Setting next_dagrun for example_branch_dop_operator_v3 to 2024-02-16 09:29:00+00:00, run_after=2024-02-16 09:30:00+00:00
[2024-02-16T09:30:33.205+0000] {processor.py:183} INFO - Processing /home/airflow/.local/lib/python3.8/site-packages/airflow/example_dags/example_branch_python_dop_operator_3.py took 0.078 seconds
[2024-02-16T09:31:03.557+0000] {processor.py:161} INFO - Started process (PID=5546) to work on /home/airflow/.local/lib/python3.8/site-packages/airflow/example_dags/example_branch_python_dop_operator_3.py
[2024-02-16T09:31:03.559+0000] {processor.py:830} INFO - Processing file /home/airflow/.local/lib/python3.8/site-packages/airflow/example_dags/example_branch_python_dop_operator_3.py for tasks to queue
[2024-02-16T09:31:03.560+0000] {logging_mixin.py:188} INFO - [2024-02-16T09:31:03.559+0000] {dagbag.py:538} INFO - Filling up the DagBag from /home/airflow/.local/lib/python3.8/site-packages/airflow/example_dags/example_branch_python_dop_operator_3.py
[2024-02-16T09:31:03.566+0000] {processor.py:840} INFO - DAG(s) 'example_branch_dop_operator_v3' retrieved from /home/airflow/.local/lib/python3.8/site-packages/airflow/example_dags/example_branch_python_dop_operator_3.py
[2024-02-16T09:31:03.586+0000] {logging_mixin.py:188} INFO - [2024-02-16T09:31:03.586+0000] {dag.py:3036} INFO - Sync 1 DAGs
[2024-02-16T09:31:03.606+0000] {logging_mixin.py:188} INFO - [2024-02-16T09:31:03.606+0000] {dag.py:3823} INFO - Setting next_dagrun for example_branch_dop_operator_v3 to 2024-02-16 09:30:00+00:00, run_after=2024-02-16 09:31:00+00:00
[2024-02-16T09:31:03.624+0000] {processor.py:183} INFO - Processing /home/airflow/.local/lib/python3.8/site-packages/airflow/example_dags/example_branch_python_dop_operator_3.py took 0.070 seconds
[2024-02-16T09:31:33.924+0000] {processor.py:161} INFO - Started process (PID=5792) to work on /home/airflow/.local/lib/python3.8/site-packages/airflow/example_dags/example_branch_python_dop_operator_3.py
[2024-02-16T09:31:33.925+0000] {processor.py:830} INFO - Processing file /home/airflow/.local/lib/python3.8/site-packages/airflow/example_dags/example_branch_python_dop_operator_3.py for tasks to queue
[2024-02-16T09:31:33.925+0000] {logging_mixin.py:188} INFO - [2024-02-16T09:31:33.925+0000] {dagbag.py:538} INFO - Filling up the DagBag from /home/airflow/.local/lib/python3.8/site-packages/airflow/example_dags/example_branch_python_dop_operator_3.py
[2024-02-16T09:31:33.933+0000] {processor.py:840} INFO - DAG(s) 'example_branch_dop_operator_v3' retrieved from /home/airflow/.local/lib/python3.8/site-packages/airflow/example_dags/example_branch_python_dop_operator_3.py
[2024-02-16T09:31:33.953+0000] {logging_mixin.py:188} INFO - [2024-02-16T09:31:33.953+0000] {dag.py:3036} INFO - Sync 1 DAGs
[2024-02-16T09:31:33.975+0000] {logging_mixin.py:188} INFO - [2024-02-16T09:31:33.975+0000] {dag.py:3823} INFO - Setting next_dagrun for example_branch_dop_operator_v3 to 2024-02-16 09:30:00+00:00, run_after=2024-02-16 09:31:00+00:00
[2024-02-16T09:31:34.004+0000] {processor.py:183} INFO - Processing /home/airflow/.local/lib/python3.8/site-packages/airflow/example_dags/example_branch_python_dop_operator_3.py took 0.083 seconds
[2024-02-16T09:32:04.418+0000] {processor.py:161} INFO - Started process (PID=6039) to work on /home/airflow/.local/lib/python3.8/site-packages/airflow/example_dags/example_branch_python_dop_operator_3.py
[2024-02-16T09:32:04.420+0000] {processor.py:830} INFO - Processing file /home/airflow/.local/lib/python3.8/site-packages/airflow/example_dags/example_branch_python_dop_operator_3.py for tasks to queue
[2024-02-16T09:32:04.420+0000] {logging_mixin.py:188} INFO - [2024-02-16T09:32:04.420+0000] {dagbag.py:538} INFO - Filling up the DagBag from /home/airflow/.local/lib/python3.8/site-packages/airflow/example_dags/example_branch_python_dop_operator_3.py
[2024-02-16T09:32:04.427+0000] {processor.py:840} INFO - DAG(s) 'example_branch_dop_operator_v3' retrieved from /home/airflow/.local/lib/python3.8/site-packages/airflow/example_dags/example_branch_python_dop_operator_3.py
[2024-02-16T09:32:04.446+0000] {logging_mixin.py:188} INFO - [2024-02-16T09:32:04.446+0000] {dag.py:3036} INFO - Sync 1 DAGs
[2024-02-16T09:32:04.467+0000] {logging_mixin.py:188} INFO - [2024-02-16T09:32:04.467+0000] {dag.py:3823} INFO - Setting next_dagrun for example_branch_dop_operator_v3 to 2024-02-16 09:31:00+00:00, run_after=2024-02-16 09:32:00+00:00
[2024-02-16T09:32:04.486+0000] {processor.py:183} INFO - Processing /home/airflow/.local/lib/python3.8/site-packages/airflow/example_dags/example_branch_python_dop_operator_3.py took 0.070 seconds
[2024-02-16T09:32:34.904+0000] {processor.py:161} INFO - Started process (PID=6286) to work on /home/airflow/.local/lib/python3.8/site-packages/airflow/example_dags/example_branch_python_dop_operator_3.py
[2024-02-16T09:32:34.905+0000] {processor.py:830} INFO - Processing file /home/airflow/.local/lib/python3.8/site-packages/airflow/example_dags/example_branch_python_dop_operator_3.py for tasks to queue
[2024-02-16T09:32:34.906+0000] {logging_mixin.py:188} INFO - [2024-02-16T09:32:34.906+0000] {dagbag.py:538} INFO - Filling up the DagBag from /home/airflow/.local/lib/python3.8/site-packages/airflow/example_dags/example_branch_python_dop_operator_3.py
[2024-02-16T09:32:34.914+0000] {processor.py:840} INFO - DAG(s) 'example_branch_dop_operator_v3' retrieved from /home/airflow/.local/lib/python3.8/site-packages/airflow/example_dags/example_branch_python_dop_operator_3.py
[2024-02-16T09:32:34.931+0000] {logging_mixin.py:188} INFO - [2024-02-16T09:32:34.931+0000] {dag.py:3036} INFO - Sync 1 DAGs
[2024-02-16T09:32:34.953+0000] {logging_mixin.py:188} INFO - [2024-02-16T09:32:34.953+0000] {dag.py:3823} INFO - Setting next_dagrun for example_branch_dop_operator_v3 to 2024-02-16 09:31:00+00:00, run_after=2024-02-16 09:32:00+00:00
[2024-02-16T09:32:34.971+0000] {processor.py:183} INFO - Processing /home/airflow/.local/lib/python3.8/site-packages/airflow/example_dags/example_branch_python_dop_operator_3.py took 0.070 seconds
[2024-02-16T09:33:05.546+0000] {processor.py:161} INFO - Started process (PID=6533) to work on /home/airflow/.local/lib/python3.8/site-packages/airflow/example_dags/example_branch_python_dop_operator_3.py
[2024-02-16T09:33:05.547+0000] {processor.py:830} INFO - Processing file /home/airflow/.local/lib/python3.8/site-packages/airflow/example_dags/example_branch_python_dop_operator_3.py for tasks to queue
[2024-02-16T09:33:05.548+0000] {logging_mixin.py:188} INFO - [2024-02-16T09:33:05.548+0000] {dagbag.py:538} INFO - Filling up the DagBag from /home/airflow/.local/lib/python3.8/site-packages/airflow/example_dags/example_branch_python_dop_operator_3.py
[2024-02-16T09:33:05.555+0000] {processor.py:840} INFO - DAG(s) 'example_branch_dop_operator_v3' retrieved from /home/airflow/.local/lib/python3.8/site-packages/airflow/example_dags/example_branch_python_dop_operator_3.py
[2024-02-16T09:33:05.575+0000] {logging_mixin.py:188} INFO - [2024-02-16T09:33:05.575+0000] {dag.py:3036} INFO - Sync 1 DAGs
[2024-02-16T09:33:05.601+0000] {logging_mixin.py:188} INFO - [2024-02-16T09:33:05.601+0000] {dag.py:3823} INFO - Setting next_dagrun for example_branch_dop_operator_v3 to 2024-02-16 09:32:00+00:00, run_after=2024-02-16 09:33:00+00:00
[2024-02-16T09:33:05.622+0000] {processor.py:183} INFO - Processing /home/airflow/.local/lib/python3.8/site-packages/airflow/example_dags/example_branch_python_dop_operator_3.py took 0.080 seconds
[2024-02-16T09:33:36.072+0000] {processor.py:161} INFO - Started process (PID=6779) to work on /home/airflow/.local/lib/python3.8/site-packages/airflow/example_dags/example_branch_python_dop_operator_3.py
[2024-02-16T09:33:36.073+0000] {processor.py:830} INFO - Processing file /home/airflow/.local/lib/python3.8/site-packages/airflow/example_dags/example_branch_python_dop_operator_3.py for tasks to queue
[2024-02-16T09:33:36.074+0000] {logging_mixin.py:188} INFO - [2024-02-16T09:33:36.074+0000] {dagbag.py:538} INFO - Filling up the DagBag from /home/airflow/.local/lib/python3.8/site-packages/airflow/example_dags/example_branch_python_dop_operator_3.py
[2024-02-16T09:33:36.081+0000] {processor.py:840} INFO - DAG(s) 'example_branch_dop_operator_v3' retrieved from /home/airflow/.local/lib/python3.8/site-packages/airflow/example_dags/example_branch_python_dop_operator_3.py
[2024-02-16T09:33:36.101+0000] {logging_mixin.py:188} INFO - [2024-02-16T09:33:36.100+0000] {dag.py:3036} INFO - Sync 1 DAGs
[2024-02-16T09:33:36.121+0000] {logging_mixin.py:188} INFO - [2024-02-16T09:33:36.121+0000] {dag.py:3823} INFO - Setting next_dagrun for example_branch_dop_operator_v3 to 2024-02-16 09:32:00+00:00, run_after=2024-02-16 09:33:00+00:00
[2024-02-16T09:33:36.141+0000] {processor.py:183} INFO - Processing /home/airflow/.local/lib/python3.8/site-packages/airflow/example_dags/example_branch_python_dop_operator_3.py took 0.071 seconds
[2024-02-16T09:34:06.500+0000] {processor.py:161} INFO - Started process (PID=7027) to work on /home/airflow/.local/lib/python3.8/site-packages/airflow/example_dags/example_branch_python_dop_operator_3.py
[2024-02-16T09:34:06.501+0000] {processor.py:830} INFO - Processing file /home/airflow/.local/lib/python3.8/site-packages/airflow/example_dags/example_branch_python_dop_operator_3.py for tasks to queue
[2024-02-16T09:34:06.502+0000] {logging_mixin.py:188} INFO - [2024-02-16T09:34:06.502+0000] {dagbag.py:538} INFO - Filling up the DagBag from /home/airflow/.local/lib/python3.8/site-packages/airflow/example_dags/example_branch_python_dop_operator_3.py
[2024-02-16T09:34:06.509+0000] {processor.py:840} INFO - DAG(s) 'example_branch_dop_operator_v3' retrieved from /home/airflow/.local/lib/python3.8/site-packages/airflow/example_dags/example_branch_python_dop_operator_3.py
[2024-02-16T09:34:06.529+0000] {logging_mixin.py:188} INFO - [2024-02-16T09:34:06.528+0000] {dag.py:3036} INFO - Sync 1 DAGs
[2024-02-16T09:34:06.549+0000] {logging_mixin.py:188} INFO - [2024-02-16T09:34:06.549+0000] {dag.py:3823} INFO - Setting next_dagrun for example_branch_dop_operator_v3 to 2024-02-16 09:33:00+00:00, run_after=2024-02-16 09:34:00+00:00
[2024-02-16T09:34:06.569+0000] {processor.py:183} INFO - Processing /home/airflow/.local/lib/python3.8/site-packages/airflow/example_dags/example_branch_python_dop_operator_3.py took 0.071 seconds
[2024-02-16T09:38:03.010+0000] {processor.py:161} INFO - Started process (PID=182) to work on /home/airflow/.local/lib/python3.8/site-packages/airflow/example_dags/example_branch_python_dop_operator_3.py
[2024-02-16T09:38:03.012+0000] {processor.py:830} INFO - Processing file /home/airflow/.local/lib/python3.8/site-packages/airflow/example_dags/example_branch_python_dop_operator_3.py for tasks to queue
[2024-02-16T09:38:03.013+0000] {logging_mixin.py:188} INFO - [2024-02-16T09:38:03.013+0000] {dagbag.py:538} INFO - Filling up the DagBag from /home/airflow/.local/lib/python3.8/site-packages/airflow/example_dags/example_branch_python_dop_operator_3.py
[2024-02-16T09:38:03.022+0000] {processor.py:840} INFO - DAG(s) 'example_branch_dop_operator_v3' retrieved from /home/airflow/.local/lib/python3.8/site-packages/airflow/example_dags/example_branch_python_dop_operator_3.py
[2024-02-16T09:38:03.035+0000] {logging_mixin.py:188} INFO - [2024-02-16T09:38:03.035+0000] {dag.py:3036} INFO - Sync 1 DAGs
[2024-02-16T09:38:03.057+0000] {logging_mixin.py:188} INFO - [2024-02-16T09:38:03.057+0000] {dag.py:3823} INFO - Setting next_dagrun for example_branch_dop_operator_v3 to 2024-02-16 09:37:00+00:00, run_after=2024-02-16 09:38:00+00:00
[2024-02-16T09:38:03.078+0000] {processor.py:183} INFO - Processing /home/airflow/.local/lib/python3.8/site-packages/airflow/example_dags/example_branch_python_dop_operator_3.py took 0.070 seconds
[2024-02-16T09:38:33.551+0000] {processor.py:161} INFO - Started process (PID=429) to work on /home/airflow/.local/lib/python3.8/site-packages/airflow/example_dags/example_branch_python_dop_operator_3.py
[2024-02-16T09:38:33.553+0000] {processor.py:830} INFO - Processing file /home/airflow/.local/lib/python3.8/site-packages/airflow/example_dags/example_branch_python_dop_operator_3.py for tasks to queue
[2024-02-16T09:38:33.553+0000] {logging_mixin.py:188} INFO - [2024-02-16T09:38:33.553+0000] {dagbag.py:538} INFO - Filling up the DagBag from /home/airflow/.local/lib/python3.8/site-packages/airflow/example_dags/example_branch_python_dop_operator_3.py
[2024-02-16T09:38:33.560+0000] {processor.py:840} INFO - DAG(s) 'example_branch_dop_operator_v3' retrieved from /home/airflow/.local/lib/python3.8/site-packages/airflow/example_dags/example_branch_python_dop_operator_3.py
[2024-02-16T09:38:33.629+0000] {logging_mixin.py:188} INFO - [2024-02-16T09:38:33.628+0000] {dag.py:3036} INFO - Sync 1 DAGs
[2024-02-16T09:38:33.644+0000] {logging_mixin.py:188} INFO - [2024-02-16T09:38:33.644+0000] {dag.py:3823} INFO - Setting next_dagrun for example_branch_dop_operator_v3 to 2024-02-16 09:37:00+00:00, run_after=2024-02-16 09:38:00+00:00
[2024-02-16T09:38:33.664+0000] {processor.py:183} INFO - Processing /home/airflow/.local/lib/python3.8/site-packages/airflow/example_dags/example_branch_python_dop_operator_3.py took 0.115 seconds
