[2024-02-16T09:20:26.858+0000] {processor.py:161} INFO - Started process (PID=321) to work on /home/airflow/.local/lib/python3.8/site-packages/airflow/example_dags/example_branch_labels.py
[2024-02-16T09:20:26.858+0000] {processor.py:830} INFO - Processing file /home/airflow/.local/lib/python3.8/site-packages/airflow/example_dags/example_branch_labels.py for tasks to queue
[2024-02-16T09:20:26.859+0000] {logging_mixin.py:188} INFO - [2024-02-16T09:20:26.859+0000] {dagbag.py:538} INFO - Filling up the DagBag from /home/airflow/.local/lib/python3.8/site-packages/airflow/example_dags/example_branch_labels.py
[2024-02-16T09:20:26.873+0000] {processor.py:840} INFO - DAG(s) 'example_branch_labels' retrieved from /home/airflow/.local/lib/python3.8/site-packages/airflow/example_dags/example_branch_labels.py
[2024-02-16T09:20:26.990+0000] {logging_mixin.py:188} INFO - [2024-02-16T09:20:26.990+0000] {override.py:1769} INFO - Created Permission View: can delete on DAG:example_branch_labels
[2024-02-16T09:20:27.003+0000] {logging_mixin.py:188} INFO - [2024-02-16T09:20:27.003+0000] {override.py:1769} INFO - Created Permission View: can edit on DAG:example_branch_labels
[2024-02-16T09:20:27.013+0000] {logging_mixin.py:188} INFO - [2024-02-16T09:20:27.012+0000] {override.py:1769} INFO - Created Permission View: can read on DAG:example_branch_labels
[2024-02-16T09:20:27.013+0000] {logging_mixin.py:188} INFO - [2024-02-16T09:20:27.013+0000] {dag.py:3036} INFO - Sync 1 DAGs
[2024-02-16T09:20:27.023+0000] {logging_mixin.py:188} INFO - [2024-02-16T09:20:27.022+0000] {dag.py:3058} INFO - Creating ORM DAG for example_branch_labels
[2024-02-16T09:20:27.035+0000] {logging_mixin.py:188} INFO - [2024-02-16T09:20:27.034+0000] {dag.py:3823} INFO - Setting next_dagrun for example_branch_labels to 2024-02-15 00:00:00+00:00, run_after=2024-02-16 00:00:00+00:00
[2024-02-16T09:20:27.057+0000] {processor.py:183} INFO - Processing /home/airflow/.local/lib/python3.8/site-packages/airflow/example_dags/example_branch_labels.py took 0.203 seconds
[2024-02-16T09:20:57.539+0000] {processor.py:161} INFO - Started process (PID=568) to work on /home/airflow/.local/lib/python3.8/site-packages/airflow/example_dags/example_branch_labels.py
[2024-02-16T09:20:57.541+0000] {processor.py:830} INFO - Processing file /home/airflow/.local/lib/python3.8/site-packages/airflow/example_dags/example_branch_labels.py for tasks to queue
[2024-02-16T09:20:57.541+0000] {logging_mixin.py:188} INFO - [2024-02-16T09:20:57.541+0000] {dagbag.py:538} INFO - Filling up the DagBag from /home/airflow/.local/lib/python3.8/site-packages/airflow/example_dags/example_branch_labels.py
[2024-02-16T09:20:57.547+0000] {processor.py:840} INFO - DAG(s) 'example_branch_labels' retrieved from /home/airflow/.local/lib/python3.8/site-packages/airflow/example_dags/example_branch_labels.py
[2024-02-16T09:20:57.568+0000] {logging_mixin.py:188} INFO - [2024-02-16T09:20:57.568+0000] {dag.py:3036} INFO - Sync 1 DAGs
[2024-02-16T09:20:57.588+0000] {logging_mixin.py:188} INFO - [2024-02-16T09:20:57.588+0000] {dag.py:3823} INFO - Setting next_dagrun for example_branch_labels to 2024-02-15 00:00:00+00:00, run_after=2024-02-16 00:00:00+00:00
[2024-02-16T09:20:57.609+0000] {processor.py:183} INFO - Processing /home/airflow/.local/lib/python3.8/site-packages/airflow/example_dags/example_branch_labels.py took 0.072 seconds
[2024-02-16T09:21:27.946+0000] {processor.py:161} INFO - Started process (PID=815) to work on /home/airflow/.local/lib/python3.8/site-packages/airflow/example_dags/example_branch_labels.py
[2024-02-16T09:21:27.947+0000] {processor.py:830} INFO - Processing file /home/airflow/.local/lib/python3.8/site-packages/airflow/example_dags/example_branch_labels.py for tasks to queue
[2024-02-16T09:21:27.948+0000] {logging_mixin.py:188} INFO - [2024-02-16T09:21:27.948+0000] {dagbag.py:538} INFO - Filling up the DagBag from /home/airflow/.local/lib/python3.8/site-packages/airflow/example_dags/example_branch_labels.py
[2024-02-16T09:21:27.954+0000] {processor.py:840} INFO - DAG(s) 'example_branch_labels' retrieved from /home/airflow/.local/lib/python3.8/site-packages/airflow/example_dags/example_branch_labels.py
[2024-02-16T09:21:27.977+0000] {logging_mixin.py:188} INFO - [2024-02-16T09:21:27.977+0000] {dag.py:3036} INFO - Sync 1 DAGs
[2024-02-16T09:21:27.996+0000] {logging_mixin.py:188} INFO - [2024-02-16T09:21:27.995+0000] {dag.py:3823} INFO - Setting next_dagrun for example_branch_labels to 2024-02-15 00:00:00+00:00, run_after=2024-02-16 00:00:00+00:00
[2024-02-16T09:21:28.014+0000] {processor.py:183} INFO - Processing /home/airflow/.local/lib/python3.8/site-packages/airflow/example_dags/example_branch_labels.py took 0.071 seconds
[2024-02-16T09:21:58.814+0000] {processor.py:161} INFO - Started process (PID=1061) to work on /home/airflow/.local/lib/python3.8/site-packages/airflow/example_dags/example_branch_labels.py
[2024-02-16T09:21:58.816+0000] {processor.py:830} INFO - Processing file /home/airflow/.local/lib/python3.8/site-packages/airflow/example_dags/example_branch_labels.py for tasks to queue
[2024-02-16T09:21:58.817+0000] {logging_mixin.py:188} INFO - [2024-02-16T09:21:58.817+0000] {dagbag.py:538} INFO - Filling up the DagBag from /home/airflow/.local/lib/python3.8/site-packages/airflow/example_dags/example_branch_labels.py
[2024-02-16T09:21:58.823+0000] {processor.py:840} INFO - DAG(s) 'example_branch_labels' retrieved from /home/airflow/.local/lib/python3.8/site-packages/airflow/example_dags/example_branch_labels.py
[2024-02-16T09:21:58.845+0000] {logging_mixin.py:188} INFO - [2024-02-16T09:21:58.845+0000] {dag.py:3036} INFO - Sync 1 DAGs
[2024-02-16T09:21:58.870+0000] {logging_mixin.py:188} INFO - [2024-02-16T09:21:58.870+0000] {dag.py:3823} INFO - Setting next_dagrun for example_branch_labels to 2024-02-15 00:00:00+00:00, run_after=2024-02-16 00:00:00+00:00
[2024-02-16T09:21:58.890+0000] {processor.py:183} INFO - Processing /home/airflow/.local/lib/python3.8/site-packages/airflow/example_dags/example_branch_labels.py took 0.079 seconds
[2024-02-16T09:22:29.499+0000] {processor.py:161} INFO - Started process (PID=1308) to work on /home/airflow/.local/lib/python3.8/site-packages/airflow/example_dags/example_branch_labels.py
[2024-02-16T09:22:29.500+0000] {processor.py:830} INFO - Processing file /home/airflow/.local/lib/python3.8/site-packages/airflow/example_dags/example_branch_labels.py for tasks to queue
[2024-02-16T09:22:29.501+0000] {logging_mixin.py:188} INFO - [2024-02-16T09:22:29.500+0000] {dagbag.py:538} INFO - Filling up the DagBag from /home/airflow/.local/lib/python3.8/site-packages/airflow/example_dags/example_branch_labels.py
[2024-02-16T09:22:29.508+0000] {processor.py:840} INFO - DAG(s) 'example_branch_labels' retrieved from /home/airflow/.local/lib/python3.8/site-packages/airflow/example_dags/example_branch_labels.py
[2024-02-16T09:22:29.528+0000] {logging_mixin.py:188} INFO - [2024-02-16T09:22:29.528+0000] {dag.py:3036} INFO - Sync 1 DAGs
[2024-02-16T09:22:29.549+0000] {logging_mixin.py:188} INFO - [2024-02-16T09:22:29.549+0000] {dag.py:3823} INFO - Setting next_dagrun for example_branch_labels to 2024-02-15 00:00:00+00:00, run_after=2024-02-16 00:00:00+00:00
[2024-02-16T09:22:29.572+0000] {processor.py:183} INFO - Processing /home/airflow/.local/lib/python3.8/site-packages/airflow/example_dags/example_branch_labels.py took 0.076 seconds
[2024-02-16T09:23:00.056+0000] {processor.py:161} INFO - Started process (PID=1555) to work on /home/airflow/.local/lib/python3.8/site-packages/airflow/example_dags/example_branch_labels.py
[2024-02-16T09:23:00.057+0000] {processor.py:830} INFO - Processing file /home/airflow/.local/lib/python3.8/site-packages/airflow/example_dags/example_branch_labels.py for tasks to queue
[2024-02-16T09:23:00.058+0000] {logging_mixin.py:188} INFO - [2024-02-16T09:23:00.057+0000] {dagbag.py:538} INFO - Filling up the DagBag from /home/airflow/.local/lib/python3.8/site-packages/airflow/example_dags/example_branch_labels.py
[2024-02-16T09:23:00.063+0000] {processor.py:840} INFO - DAG(s) 'example_branch_labels' retrieved from /home/airflow/.local/lib/python3.8/site-packages/airflow/example_dags/example_branch_labels.py
[2024-02-16T09:23:00.083+0000] {logging_mixin.py:188} INFO - [2024-02-16T09:23:00.083+0000] {dag.py:3036} INFO - Sync 1 DAGs
[2024-02-16T09:23:00.102+0000] {logging_mixin.py:188} INFO - [2024-02-16T09:23:00.102+0000] {dag.py:3823} INFO - Setting next_dagrun for example_branch_labels to 2024-02-15 00:00:00+00:00, run_after=2024-02-16 00:00:00+00:00
[2024-02-16T09:23:00.121+0000] {processor.py:183} INFO - Processing /home/airflow/.local/lib/python3.8/site-packages/airflow/example_dags/example_branch_labels.py took 0.068 seconds
[2024-02-16T09:23:30.426+0000] {processor.py:161} INFO - Started process (PID=1801) to work on /home/airflow/.local/lib/python3.8/site-packages/airflow/example_dags/example_branch_labels.py
[2024-02-16T09:23:30.427+0000] {processor.py:830} INFO - Processing file /home/airflow/.local/lib/python3.8/site-packages/airflow/example_dags/example_branch_labels.py for tasks to queue
[2024-02-16T09:23:30.428+0000] {logging_mixin.py:188} INFO - [2024-02-16T09:23:30.428+0000] {dagbag.py:538} INFO - Filling up the DagBag from /home/airflow/.local/lib/python3.8/site-packages/airflow/example_dags/example_branch_labels.py
[2024-02-16T09:23:30.434+0000] {processor.py:840} INFO - DAG(s) 'example_branch_labels' retrieved from /home/airflow/.local/lib/python3.8/site-packages/airflow/example_dags/example_branch_labels.py
[2024-02-16T09:23:30.453+0000] {logging_mixin.py:188} INFO - [2024-02-16T09:23:30.453+0000] {dag.py:3036} INFO - Sync 1 DAGs
[2024-02-16T09:23:30.474+0000] {logging_mixin.py:188} INFO - [2024-02-16T09:23:30.474+0000] {dag.py:3823} INFO - Setting next_dagrun for example_branch_labels to 2024-02-15 00:00:00+00:00, run_after=2024-02-16 00:00:00+00:00
[2024-02-16T09:23:30.494+0000] {processor.py:183} INFO - Processing /home/airflow/.local/lib/python3.8/site-packages/airflow/example_dags/example_branch_labels.py took 0.071 seconds
[2024-02-16T09:24:00.827+0000] {processor.py:161} INFO - Started process (PID=2048) to work on /home/airflow/.local/lib/python3.8/site-packages/airflow/example_dags/example_branch_labels.py
[2024-02-16T09:24:00.828+0000] {processor.py:830} INFO - Processing file /home/airflow/.local/lib/python3.8/site-packages/airflow/example_dags/example_branch_labels.py for tasks to queue
[2024-02-16T09:24:00.829+0000] {logging_mixin.py:188} INFO - [2024-02-16T09:24:00.829+0000] {dagbag.py:538} INFO - Filling up the DagBag from /home/airflow/.local/lib/python3.8/site-packages/airflow/example_dags/example_branch_labels.py
[2024-02-16T09:24:00.835+0000] {processor.py:840} INFO - DAG(s) 'example_branch_labels' retrieved from /home/airflow/.local/lib/python3.8/site-packages/airflow/example_dags/example_branch_labels.py
[2024-02-16T09:24:00.855+0000] {logging_mixin.py:188} INFO - [2024-02-16T09:24:00.855+0000] {dag.py:3036} INFO - Sync 1 DAGs
[2024-02-16T09:24:00.875+0000] {logging_mixin.py:188} INFO - [2024-02-16T09:24:00.875+0000] {dag.py:3823} INFO - Setting next_dagrun for example_branch_labels to 2024-02-15 00:00:00+00:00, run_after=2024-02-16 00:00:00+00:00
[2024-02-16T09:24:00.894+0000] {processor.py:183} INFO - Processing /home/airflow/.local/lib/python3.8/site-packages/airflow/example_dags/example_branch_labels.py took 0.070 seconds
[2024-02-16T09:24:31.255+0000] {processor.py:161} INFO - Started process (PID=2294) to work on /home/airflow/.local/lib/python3.8/site-packages/airflow/example_dags/example_branch_labels.py
[2024-02-16T09:24:31.256+0000] {processor.py:830} INFO - Processing file /home/airflow/.local/lib/python3.8/site-packages/airflow/example_dags/example_branch_labels.py for tasks to queue
[2024-02-16T09:24:31.257+0000] {logging_mixin.py:188} INFO - [2024-02-16T09:24:31.257+0000] {dagbag.py:538} INFO - Filling up the DagBag from /home/airflow/.local/lib/python3.8/site-packages/airflow/example_dags/example_branch_labels.py
[2024-02-16T09:24:31.262+0000] {processor.py:840} INFO - DAG(s) 'example_branch_labels' retrieved from /home/airflow/.local/lib/python3.8/site-packages/airflow/example_dags/example_branch_labels.py
[2024-02-16T09:24:31.281+0000] {logging_mixin.py:188} INFO - [2024-02-16T09:24:31.281+0000] {dag.py:3036} INFO - Sync 1 DAGs
[2024-02-16T09:24:31.299+0000] {logging_mixin.py:188} INFO - [2024-02-16T09:24:31.299+0000] {dag.py:3823} INFO - Setting next_dagrun for example_branch_labels to 2024-02-15 00:00:00+00:00, run_after=2024-02-16 00:00:00+00:00
[2024-02-16T09:24:31.317+0000] {processor.py:183} INFO - Processing /home/airflow/.local/lib/python3.8/site-packages/airflow/example_dags/example_branch_labels.py took 0.065 seconds
[2024-02-16T09:25:01.663+0000] {processor.py:161} INFO - Started process (PID=2541) to work on /home/airflow/.local/lib/python3.8/site-packages/airflow/example_dags/example_branch_labels.py
[2024-02-16T09:25:01.664+0000] {processor.py:830} INFO - Processing file /home/airflow/.local/lib/python3.8/site-packages/airflow/example_dags/example_branch_labels.py for tasks to queue
[2024-02-16T09:25:01.665+0000] {logging_mixin.py:188} INFO - [2024-02-16T09:25:01.665+0000] {dagbag.py:538} INFO - Filling up the DagBag from /home/airflow/.local/lib/python3.8/site-packages/airflow/example_dags/example_branch_labels.py
[2024-02-16T09:25:01.673+0000] {processor.py:840} INFO - DAG(s) 'example_branch_labels' retrieved from /home/airflow/.local/lib/python3.8/site-packages/airflow/example_dags/example_branch_labels.py
[2024-02-16T09:25:01.696+0000] {logging_mixin.py:188} INFO - [2024-02-16T09:25:01.696+0000] {dag.py:3036} INFO - Sync 1 DAGs
[2024-02-16T09:25:01.719+0000] {logging_mixin.py:188} INFO - [2024-02-16T09:25:01.719+0000] {dag.py:3823} INFO - Setting next_dagrun for example_branch_labels to 2024-02-15 00:00:00+00:00, run_after=2024-02-16 00:00:00+00:00
[2024-02-16T09:25:01.740+0000] {processor.py:183} INFO - Processing /home/airflow/.local/lib/python3.8/site-packages/airflow/example_dags/example_branch_labels.py took 0.080 seconds
[2024-02-16T09:25:32.199+0000] {processor.py:161} INFO - Started process (PID=2784) to work on /home/airflow/.local/lib/python3.8/site-packages/airflow/example_dags/example_branch_labels.py
[2024-02-16T09:25:32.200+0000] {processor.py:830} INFO - Processing file /home/airflow/.local/lib/python3.8/site-packages/airflow/example_dags/example_branch_labels.py for tasks to queue
[2024-02-16T09:25:32.201+0000] {logging_mixin.py:188} INFO - [2024-02-16T09:25:32.201+0000] {dagbag.py:538} INFO - Filling up the DagBag from /home/airflow/.local/lib/python3.8/site-packages/airflow/example_dags/example_branch_labels.py
[2024-02-16T09:25:32.206+0000] {processor.py:840} INFO - DAG(s) 'example_branch_labels' retrieved from /home/airflow/.local/lib/python3.8/site-packages/airflow/example_dags/example_branch_labels.py
[2024-02-16T09:25:32.225+0000] {logging_mixin.py:188} INFO - [2024-02-16T09:25:32.225+0000] {dag.py:3036} INFO - Sync 1 DAGs
[2024-02-16T09:25:32.240+0000] {logging_mixin.py:188} INFO - [2024-02-16T09:25:32.240+0000] {dag.py:3823} INFO - Setting next_dagrun for example_branch_labels to 2024-02-15 00:00:00+00:00, run_after=2024-02-16 00:00:00+00:00
[2024-02-16T09:25:32.257+0000] {processor.py:183} INFO - Processing /home/airflow/.local/lib/python3.8/site-packages/airflow/example_dags/example_branch_labels.py took 0.060 seconds
[2024-02-16T09:26:02.862+0000] {processor.py:161} INFO - Started process (PID=3029) to work on /home/airflow/.local/lib/python3.8/site-packages/airflow/example_dags/example_branch_labels.py
[2024-02-16T09:26:02.865+0000] {processor.py:830} INFO - Processing file /home/airflow/.local/lib/python3.8/site-packages/airflow/example_dags/example_branch_labels.py for tasks to queue
[2024-02-16T09:26:02.873+0000] {logging_mixin.py:188} INFO - [2024-02-16T09:26:02.871+0000] {dagbag.py:538} INFO - Filling up the DagBag from /home/airflow/.local/lib/python3.8/site-packages/airflow/example_dags/example_branch_labels.py
[2024-02-16T09:26:02.920+0000] {processor.py:840} INFO - DAG(s) 'example_branch_labels' retrieved from /home/airflow/.local/lib/python3.8/site-packages/airflow/example_dags/example_branch_labels.py
[2024-02-16T09:26:02.960+0000] {logging_mixin.py:188} INFO - [2024-02-16T09:26:02.960+0000] {dag.py:3036} INFO - Sync 1 DAGs
[2024-02-16T09:26:02.991+0000] {logging_mixin.py:188} INFO - [2024-02-16T09:26:02.991+0000] {dag.py:3823} INFO - Setting next_dagrun for example_branch_labels to 2024-02-15 00:00:00+00:00, run_after=2024-02-16 00:00:00+00:00
[2024-02-16T09:26:03.020+0000] {processor.py:183} INFO - Processing /home/airflow/.local/lib/python3.8/site-packages/airflow/example_dags/example_branch_labels.py took 0.167 seconds
[2024-02-16T09:26:33.797+0000] {processor.py:161} INFO - Started process (PID=3285) to work on /home/airflow/.local/lib/python3.8/site-packages/airflow/example_dags/example_branch_labels.py
[2024-02-16T09:26:33.799+0000] {processor.py:830} INFO - Processing file /home/airflow/.local/lib/python3.8/site-packages/airflow/example_dags/example_branch_labels.py for tasks to queue
[2024-02-16T09:26:33.800+0000] {logging_mixin.py:188} INFO - [2024-02-16T09:26:33.799+0000] {dagbag.py:538} INFO - Filling up the DagBag from /home/airflow/.local/lib/python3.8/site-packages/airflow/example_dags/example_branch_labels.py
[2024-02-16T09:26:33.806+0000] {processor.py:840} INFO - DAG(s) 'example_branch_labels' retrieved from /home/airflow/.local/lib/python3.8/site-packages/airflow/example_dags/example_branch_labels.py
[2024-02-16T09:26:33.829+0000] {logging_mixin.py:188} INFO - [2024-02-16T09:26:33.828+0000] {dag.py:3036} INFO - Sync 1 DAGs
[2024-02-16T09:26:33.849+0000] {logging_mixin.py:188} INFO - [2024-02-16T09:26:33.849+0000] {dag.py:3823} INFO - Setting next_dagrun for example_branch_labels to 2024-02-15 00:00:00+00:00, run_after=2024-02-16 00:00:00+00:00
[2024-02-16T09:26:33.870+0000] {processor.py:183} INFO - Processing /home/airflow/.local/lib/python3.8/site-packages/airflow/example_dags/example_branch_labels.py took 0.076 seconds
[2024-02-16T09:27:04.235+0000] {processor.py:161} INFO - Started process (PID=3532) to work on /home/airflow/.local/lib/python3.8/site-packages/airflow/example_dags/example_branch_labels.py
[2024-02-16T09:27:04.237+0000] {processor.py:830} INFO - Processing file /home/airflow/.local/lib/python3.8/site-packages/airflow/example_dags/example_branch_labels.py for tasks to queue
[2024-02-16T09:27:04.237+0000] {logging_mixin.py:188} INFO - [2024-02-16T09:27:04.237+0000] {dagbag.py:538} INFO - Filling up the DagBag from /home/airflow/.local/lib/python3.8/site-packages/airflow/example_dags/example_branch_labels.py
[2024-02-16T09:27:04.243+0000] {processor.py:840} INFO - DAG(s) 'example_branch_labels' retrieved from /home/airflow/.local/lib/python3.8/site-packages/airflow/example_dags/example_branch_labels.py
[2024-02-16T09:27:04.265+0000] {logging_mixin.py:188} INFO - [2024-02-16T09:27:04.264+0000] {dag.py:3036} INFO - Sync 1 DAGs
[2024-02-16T09:27:04.284+0000] {logging_mixin.py:188} INFO - [2024-02-16T09:27:04.283+0000] {dag.py:3823} INFO - Setting next_dagrun for example_branch_labels to 2024-02-15 00:00:00+00:00, run_after=2024-02-16 00:00:00+00:00
[2024-02-16T09:27:04.302+0000] {processor.py:183} INFO - Processing /home/airflow/.local/lib/python3.8/site-packages/airflow/example_dags/example_branch_labels.py took 0.070 seconds
[2024-02-16T09:27:34.753+0000] {processor.py:161} INFO - Started process (PID=3780) to work on /home/airflow/.local/lib/python3.8/site-packages/airflow/example_dags/example_branch_labels.py
[2024-02-16T09:27:34.755+0000] {processor.py:830} INFO - Processing file /home/airflow/.local/lib/python3.8/site-packages/airflow/example_dags/example_branch_labels.py for tasks to queue
[2024-02-16T09:27:34.756+0000] {logging_mixin.py:188} INFO - [2024-02-16T09:27:34.755+0000] {dagbag.py:538} INFO - Filling up the DagBag from /home/airflow/.local/lib/python3.8/site-packages/airflow/example_dags/example_branch_labels.py
[2024-02-16T09:27:34.762+0000] {processor.py:840} INFO - DAG(s) 'example_branch_labels' retrieved from /home/airflow/.local/lib/python3.8/site-packages/airflow/example_dags/example_branch_labels.py
[2024-02-16T09:27:34.785+0000] {logging_mixin.py:188} INFO - [2024-02-16T09:27:34.785+0000] {dag.py:3036} INFO - Sync 1 DAGs
[2024-02-16T09:27:34.805+0000] {logging_mixin.py:188} INFO - [2024-02-16T09:27:34.804+0000] {dag.py:3823} INFO - Setting next_dagrun for example_branch_labels to 2024-02-15 00:00:00+00:00, run_after=2024-02-16 00:00:00+00:00
[2024-02-16T09:27:34.825+0000] {processor.py:183} INFO - Processing /home/airflow/.local/lib/python3.8/site-packages/airflow/example_dags/example_branch_labels.py took 0.073 seconds
[2024-02-16T09:28:05.128+0000] {processor.py:161} INFO - Started process (PID=4027) to work on /home/airflow/.local/lib/python3.8/site-packages/airflow/example_dags/example_branch_labels.py
[2024-02-16T09:28:05.129+0000] {processor.py:830} INFO - Processing file /home/airflow/.local/lib/python3.8/site-packages/airflow/example_dags/example_branch_labels.py for tasks to queue
[2024-02-16T09:28:05.130+0000] {logging_mixin.py:188} INFO - [2024-02-16T09:28:05.130+0000] {dagbag.py:538} INFO - Filling up the DagBag from /home/airflow/.local/lib/python3.8/site-packages/airflow/example_dags/example_branch_labels.py
[2024-02-16T09:28:05.137+0000] {processor.py:840} INFO - DAG(s) 'example_branch_labels' retrieved from /home/airflow/.local/lib/python3.8/site-packages/airflow/example_dags/example_branch_labels.py
[2024-02-16T09:28:05.159+0000] {logging_mixin.py:188} INFO - [2024-02-16T09:28:05.159+0000] {dag.py:3036} INFO - Sync 1 DAGs
[2024-02-16T09:28:05.179+0000] {logging_mixin.py:188} INFO - [2024-02-16T09:28:05.178+0000] {dag.py:3823} INFO - Setting next_dagrun for example_branch_labels to 2024-02-15 00:00:00+00:00, run_after=2024-02-16 00:00:00+00:00
[2024-02-16T09:28:05.200+0000] {processor.py:183} INFO - Processing /home/airflow/.local/lib/python3.8/site-packages/airflow/example_dags/example_branch_labels.py took 0.075 seconds
[2024-02-16T09:28:35.555+0000] {processor.py:161} INFO - Started process (PID=4273) to work on /home/airflow/.local/lib/python3.8/site-packages/airflow/example_dags/example_branch_labels.py
[2024-02-16T09:28:35.557+0000] {processor.py:830} INFO - Processing file /home/airflow/.local/lib/python3.8/site-packages/airflow/example_dags/example_branch_labels.py for tasks to queue
[2024-02-16T09:28:35.558+0000] {logging_mixin.py:188} INFO - [2024-02-16T09:28:35.557+0000] {dagbag.py:538} INFO - Filling up the DagBag from /home/airflow/.local/lib/python3.8/site-packages/airflow/example_dags/example_branch_labels.py
[2024-02-16T09:28:35.563+0000] {processor.py:840} INFO - DAG(s) 'example_branch_labels' retrieved from /home/airflow/.local/lib/python3.8/site-packages/airflow/example_dags/example_branch_labels.py
[2024-02-16T09:28:35.583+0000] {logging_mixin.py:188} INFO - [2024-02-16T09:28:35.583+0000] {dag.py:3036} INFO - Sync 1 DAGs
[2024-02-16T09:28:35.602+0000] {logging_mixin.py:188} INFO - [2024-02-16T09:28:35.602+0000] {dag.py:3823} INFO - Setting next_dagrun for example_branch_labels to 2024-02-15 00:00:00+00:00, run_after=2024-02-16 00:00:00+00:00
[2024-02-16T09:28:35.619+0000] {processor.py:183} INFO - Processing /home/airflow/.local/lib/python3.8/site-packages/airflow/example_dags/example_branch_labels.py took 0.066 seconds
[2024-02-16T09:29:05.961+0000] {processor.py:161} INFO - Started process (PID=4520) to work on /home/airflow/.local/lib/python3.8/site-packages/airflow/example_dags/example_branch_labels.py
[2024-02-16T09:29:05.962+0000] {processor.py:830} INFO - Processing file /home/airflow/.local/lib/python3.8/site-packages/airflow/example_dags/example_branch_labels.py for tasks to queue
[2024-02-16T09:29:05.963+0000] {logging_mixin.py:188} INFO - [2024-02-16T09:29:05.963+0000] {dagbag.py:538} INFO - Filling up the DagBag from /home/airflow/.local/lib/python3.8/site-packages/airflow/example_dags/example_branch_labels.py
[2024-02-16T09:29:05.969+0000] {processor.py:840} INFO - DAG(s) 'example_branch_labels' retrieved from /home/airflow/.local/lib/python3.8/site-packages/airflow/example_dags/example_branch_labels.py
[2024-02-16T09:29:05.990+0000] {logging_mixin.py:188} INFO - [2024-02-16T09:29:05.990+0000] {dag.py:3036} INFO - Sync 1 DAGs
[2024-02-16T09:29:06.010+0000] {logging_mixin.py:188} INFO - [2024-02-16T09:29:06.010+0000] {dag.py:3823} INFO - Setting next_dagrun for example_branch_labels to 2024-02-15 00:00:00+00:00, run_after=2024-02-16 00:00:00+00:00
[2024-02-16T09:29:06.029+0000] {processor.py:183} INFO - Processing /home/airflow/.local/lib/python3.8/site-packages/airflow/example_dags/example_branch_labels.py took 0.071 seconds
[2024-02-16T09:29:36.641+0000] {processor.py:161} INFO - Started process (PID=4768) to work on /home/airflow/.local/lib/python3.8/site-packages/airflow/example_dags/example_branch_labels.py
[2024-02-16T09:29:36.643+0000] {processor.py:830} INFO - Processing file /home/airflow/.local/lib/python3.8/site-packages/airflow/example_dags/example_branch_labels.py for tasks to queue
[2024-02-16T09:29:36.644+0000] {logging_mixin.py:188} INFO - [2024-02-16T09:29:36.644+0000] {dagbag.py:538} INFO - Filling up the DagBag from /home/airflow/.local/lib/python3.8/site-packages/airflow/example_dags/example_branch_labels.py
[2024-02-16T09:29:36.650+0000] {processor.py:840} INFO - DAG(s) 'example_branch_labels' retrieved from /home/airflow/.local/lib/python3.8/site-packages/airflow/example_dags/example_branch_labels.py
[2024-02-16T09:29:36.672+0000] {logging_mixin.py:188} INFO - [2024-02-16T09:29:36.672+0000] {dag.py:3036} INFO - Sync 1 DAGs
[2024-02-16T09:29:36.694+0000] {logging_mixin.py:188} INFO - [2024-02-16T09:29:36.693+0000] {dag.py:3823} INFO - Setting next_dagrun for example_branch_labels to 2024-02-15 00:00:00+00:00, run_after=2024-02-16 00:00:00+00:00
[2024-02-16T09:29:36.716+0000] {processor.py:183} INFO - Processing /home/airflow/.local/lib/python3.8/site-packages/airflow/example_dags/example_branch_labels.py took 0.079 seconds
[2024-02-16T09:30:07.394+0000] {processor.py:161} INFO - Started process (PID=5039) to work on /home/airflow/.local/lib/python3.8/site-packages/airflow/example_dags/example_branch_labels.py
[2024-02-16T09:30:07.396+0000] {processor.py:830} INFO - Processing file /home/airflow/.local/lib/python3.8/site-packages/airflow/example_dags/example_branch_labels.py for tasks to queue
[2024-02-16T09:30:07.397+0000] {logging_mixin.py:188} INFO - [2024-02-16T09:30:07.396+0000] {dagbag.py:538} INFO - Filling up the DagBag from /home/airflow/.local/lib/python3.8/site-packages/airflow/example_dags/example_branch_labels.py
[2024-02-16T09:30:07.405+0000] {processor.py:840} INFO - DAG(s) 'example_branch_labels' retrieved from /home/airflow/.local/lib/python3.8/site-packages/airflow/example_dags/example_branch_labels.py
[2024-02-16T09:30:07.430+0000] {logging_mixin.py:188} INFO - [2024-02-16T09:30:07.430+0000] {dag.py:3036} INFO - Sync 1 DAGs
[2024-02-16T09:30:07.459+0000] {logging_mixin.py:188} INFO - [2024-02-16T09:30:07.459+0000] {dag.py:3823} INFO - Setting next_dagrun for example_branch_labels to 2024-02-15 00:00:00+00:00, run_after=2024-02-16 00:00:00+00:00
[2024-02-16T09:30:07.483+0000] {processor.py:183} INFO - Processing /home/airflow/.local/lib/python3.8/site-packages/airflow/example_dags/example_branch_labels.py took 0.092 seconds
[2024-02-16T09:30:37.507+0000] {processor.py:161} INFO - Started process (PID=5433) to work on /home/airflow/.local/lib/python3.8/site-packages/airflow/example_dags/example_branch_labels.py
[2024-02-16T09:30:37.509+0000] {processor.py:830} INFO - Processing file /home/airflow/.local/lib/python3.8/site-packages/airflow/example_dags/example_branch_labels.py for tasks to queue
[2024-02-16T09:30:37.509+0000] {logging_mixin.py:188} INFO - [2024-02-16T09:30:37.509+0000] {dagbag.py:538} INFO - Filling up the DagBag from /home/airflow/.local/lib/python3.8/site-packages/airflow/example_dags/example_branch_labels.py
[2024-02-16T09:30:37.515+0000] {processor.py:840} INFO - DAG(s) 'example_branch_labels' retrieved from /home/airflow/.local/lib/python3.8/site-packages/airflow/example_dags/example_branch_labels.py
[2024-02-16T09:30:37.537+0000] {logging_mixin.py:188} INFO - [2024-02-16T09:30:37.537+0000] {dag.py:3036} INFO - Sync 1 DAGs
[2024-02-16T09:30:37.556+0000] {logging_mixin.py:188} INFO - [2024-02-16T09:30:37.556+0000] {dag.py:3823} INFO - Setting next_dagrun for example_branch_labels to 2024-02-15 00:00:00+00:00, run_after=2024-02-16 00:00:00+00:00
[2024-02-16T09:30:37.575+0000] {processor.py:183} INFO - Processing /home/airflow/.local/lib/python3.8/site-packages/airflow/example_dags/example_branch_labels.py took 0.071 seconds
[2024-02-16T09:31:07.879+0000] {processor.py:161} INFO - Started process (PID=5684) to work on /home/airflow/.local/lib/python3.8/site-packages/airflow/example_dags/example_branch_labels.py
[2024-02-16T09:31:07.881+0000] {processor.py:830} INFO - Processing file /home/airflow/.local/lib/python3.8/site-packages/airflow/example_dags/example_branch_labels.py for tasks to queue
[2024-02-16T09:31:07.882+0000] {logging_mixin.py:188} INFO - [2024-02-16T09:31:07.881+0000] {dagbag.py:538} INFO - Filling up the DagBag from /home/airflow/.local/lib/python3.8/site-packages/airflow/example_dags/example_branch_labels.py
[2024-02-16T09:31:07.888+0000] {processor.py:840} INFO - DAG(s) 'example_branch_labels' retrieved from /home/airflow/.local/lib/python3.8/site-packages/airflow/example_dags/example_branch_labels.py
[2024-02-16T09:31:07.908+0000] {logging_mixin.py:188} INFO - [2024-02-16T09:31:07.908+0000] {dag.py:3036} INFO - Sync 1 DAGs
[2024-02-16T09:31:07.927+0000] {logging_mixin.py:188} INFO - [2024-02-16T09:31:07.927+0000] {dag.py:3823} INFO - Setting next_dagrun for example_branch_labels to 2024-02-15 00:00:00+00:00, run_after=2024-02-16 00:00:00+00:00
[2024-02-16T09:31:07.945+0000] {processor.py:183} INFO - Processing /home/airflow/.local/lib/python3.8/site-packages/airflow/example_dags/example_branch_labels.py took 0.068 seconds
[2024-02-16T09:31:38.262+0000] {processor.py:161} INFO - Started process (PID=5931) to work on /home/airflow/.local/lib/python3.8/site-packages/airflow/example_dags/example_branch_labels.py
[2024-02-16T09:31:38.263+0000] {processor.py:830} INFO - Processing file /home/airflow/.local/lib/python3.8/site-packages/airflow/example_dags/example_branch_labels.py for tasks to queue
[2024-02-16T09:31:38.264+0000] {logging_mixin.py:188} INFO - [2024-02-16T09:31:38.263+0000] {dagbag.py:538} INFO - Filling up the DagBag from /home/airflow/.local/lib/python3.8/site-packages/airflow/example_dags/example_branch_labels.py
[2024-02-16T09:31:38.270+0000] {processor.py:840} INFO - DAG(s) 'example_branch_labels' retrieved from /home/airflow/.local/lib/python3.8/site-packages/airflow/example_dags/example_branch_labels.py
[2024-02-16T09:31:38.291+0000] {logging_mixin.py:188} INFO - [2024-02-16T09:31:38.291+0000] {dag.py:3036} INFO - Sync 1 DAGs
[2024-02-16T09:31:38.311+0000] {logging_mixin.py:188} INFO - [2024-02-16T09:31:38.311+0000] {dag.py:3823} INFO - Setting next_dagrun for example_branch_labels to 2024-02-15 00:00:00+00:00, run_after=2024-02-16 00:00:00+00:00
[2024-02-16T09:31:38.331+0000] {processor.py:183} INFO - Processing /home/airflow/.local/lib/python3.8/site-packages/airflow/example_dags/example_branch_labels.py took 0.072 seconds
[2024-02-16T09:32:08.677+0000] {processor.py:161} INFO - Started process (PID=6177) to work on /home/airflow/.local/lib/python3.8/site-packages/airflow/example_dags/example_branch_labels.py
[2024-02-16T09:32:08.679+0000] {processor.py:830} INFO - Processing file /home/airflow/.local/lib/python3.8/site-packages/airflow/example_dags/example_branch_labels.py for tasks to queue
[2024-02-16T09:32:08.679+0000] {logging_mixin.py:188} INFO - [2024-02-16T09:32:08.679+0000] {dagbag.py:538} INFO - Filling up the DagBag from /home/airflow/.local/lib/python3.8/site-packages/airflow/example_dags/example_branch_labels.py
[2024-02-16T09:32:08.685+0000] {processor.py:840} INFO - DAG(s) 'example_branch_labels' retrieved from /home/airflow/.local/lib/python3.8/site-packages/airflow/example_dags/example_branch_labels.py
[2024-02-16T09:32:08.706+0000] {logging_mixin.py:188} INFO - [2024-02-16T09:32:08.706+0000] {dag.py:3036} INFO - Sync 1 DAGs
[2024-02-16T09:32:08.728+0000] {logging_mixin.py:188} INFO - [2024-02-16T09:32:08.728+0000] {dag.py:3823} INFO - Setting next_dagrun for example_branch_labels to 2024-02-15 00:00:00+00:00, run_after=2024-02-16 00:00:00+00:00
[2024-02-16T09:32:08.748+0000] {processor.py:183} INFO - Processing /home/airflow/.local/lib/python3.8/site-packages/airflow/example_dags/example_branch_labels.py took 0.073 seconds
[2024-02-16T09:32:39.175+0000] {processor.py:161} INFO - Started process (PID=6419) to work on /home/airflow/.local/lib/python3.8/site-packages/airflow/example_dags/example_branch_labels.py
[2024-02-16T09:32:39.176+0000] {processor.py:830} INFO - Processing file /home/airflow/.local/lib/python3.8/site-packages/airflow/example_dags/example_branch_labels.py for tasks to queue
[2024-02-16T09:32:39.178+0000] {logging_mixin.py:188} INFO - [2024-02-16T09:32:39.177+0000] {dagbag.py:538} INFO - Filling up the DagBag from /home/airflow/.local/lib/python3.8/site-packages/airflow/example_dags/example_branch_labels.py
[2024-02-16T09:32:39.185+0000] {processor.py:840} INFO - DAG(s) 'example_branch_labels' retrieved from /home/airflow/.local/lib/python3.8/site-packages/airflow/example_dags/example_branch_labels.py
[2024-02-16T09:32:39.209+0000] {logging_mixin.py:188} INFO - [2024-02-16T09:32:39.208+0000] {dag.py:3036} INFO - Sync 1 DAGs
[2024-02-16T09:32:39.229+0000] {logging_mixin.py:188} INFO - [2024-02-16T09:32:39.229+0000] {dag.py:3823} INFO - Setting next_dagrun for example_branch_labels to 2024-02-15 00:00:00+00:00, run_after=2024-02-16 00:00:00+00:00
[2024-02-16T09:32:39.247+0000] {processor.py:183} INFO - Processing /home/airflow/.local/lib/python3.8/site-packages/airflow/example_dags/example_branch_labels.py took 0.075 seconds
[2024-02-16T09:33:10.021+0000] {processor.py:161} INFO - Started process (PID=6671) to work on /home/airflow/.local/lib/python3.8/site-packages/airflow/example_dags/example_branch_labels.py
[2024-02-16T09:33:10.023+0000] {processor.py:830} INFO - Processing file /home/airflow/.local/lib/python3.8/site-packages/airflow/example_dags/example_branch_labels.py for tasks to queue
[2024-02-16T09:33:10.024+0000] {logging_mixin.py:188} INFO - [2024-02-16T09:33:10.024+0000] {dagbag.py:538} INFO - Filling up the DagBag from /home/airflow/.local/lib/python3.8/site-packages/airflow/example_dags/example_branch_labels.py
[2024-02-16T09:33:10.031+0000] {processor.py:840} INFO - DAG(s) 'example_branch_labels' retrieved from /home/airflow/.local/lib/python3.8/site-packages/airflow/example_dags/example_branch_labels.py
[2024-02-16T09:33:10.053+0000] {logging_mixin.py:188} INFO - [2024-02-16T09:33:10.053+0000] {dag.py:3036} INFO - Sync 1 DAGs
[2024-02-16T09:33:10.074+0000] {logging_mixin.py:188} INFO - [2024-02-16T09:33:10.074+0000] {dag.py:3823} INFO - Setting next_dagrun for example_branch_labels to 2024-02-15 00:00:00+00:00, run_after=2024-02-16 00:00:00+00:00
[2024-02-16T09:33:10.093+0000] {processor.py:183} INFO - Processing /home/airflow/.local/lib/python3.8/site-packages/airflow/example_dags/example_branch_labels.py took 0.075 seconds
[2024-02-16T09:33:40.408+0000] {processor.py:161} INFO - Started process (PID=6918) to work on /home/airflow/.local/lib/python3.8/site-packages/airflow/example_dags/example_branch_labels.py
[2024-02-16T09:33:40.409+0000] {processor.py:830} INFO - Processing file /home/airflow/.local/lib/python3.8/site-packages/airflow/example_dags/example_branch_labels.py for tasks to queue
[2024-02-16T09:33:40.410+0000] {logging_mixin.py:188} INFO - [2024-02-16T09:33:40.410+0000] {dagbag.py:538} INFO - Filling up the DagBag from /home/airflow/.local/lib/python3.8/site-packages/airflow/example_dags/example_branch_labels.py
[2024-02-16T09:33:40.416+0000] {processor.py:840} INFO - DAG(s) 'example_branch_labels' retrieved from /home/airflow/.local/lib/python3.8/site-packages/airflow/example_dags/example_branch_labels.py
[2024-02-16T09:33:40.438+0000] {logging_mixin.py:188} INFO - [2024-02-16T09:33:40.437+0000] {dag.py:3036} INFO - Sync 1 DAGs
[2024-02-16T09:33:40.456+0000] {logging_mixin.py:188} INFO - [2024-02-16T09:33:40.456+0000] {dag.py:3823} INFO - Setting next_dagrun for example_branch_labels to 2024-02-15 00:00:00+00:00, run_after=2024-02-16 00:00:00+00:00
[2024-02-16T09:33:40.473+0000] {processor.py:183} INFO - Processing /home/airflow/.local/lib/python3.8/site-packages/airflow/example_dags/example_branch_labels.py took 0.068 seconds
[2024-02-16T09:34:10.779+0000] {processor.py:161} INFO - Started process (PID=7165) to work on /home/airflow/.local/lib/python3.8/site-packages/airflow/example_dags/example_branch_labels.py
[2024-02-16T09:34:10.780+0000] {processor.py:830} INFO - Processing file /home/airflow/.local/lib/python3.8/site-packages/airflow/example_dags/example_branch_labels.py for tasks to queue
[2024-02-16T09:34:10.781+0000] {logging_mixin.py:188} INFO - [2024-02-16T09:34:10.781+0000] {dagbag.py:538} INFO - Filling up the DagBag from /home/airflow/.local/lib/python3.8/site-packages/airflow/example_dags/example_branch_labels.py
[2024-02-16T09:34:10.787+0000] {processor.py:840} INFO - DAG(s) 'example_branch_labels' retrieved from /home/airflow/.local/lib/python3.8/site-packages/airflow/example_dags/example_branch_labels.py
[2024-02-16T09:34:10.809+0000] {logging_mixin.py:188} INFO - [2024-02-16T09:34:10.809+0000] {dag.py:3036} INFO - Sync 1 DAGs
[2024-02-16T09:34:10.830+0000] {logging_mixin.py:188} INFO - [2024-02-16T09:34:10.829+0000] {dag.py:3823} INFO - Setting next_dagrun for example_branch_labels to 2024-02-15 00:00:00+00:00, run_after=2024-02-16 00:00:00+00:00
[2024-02-16T09:34:10.853+0000] {processor.py:183} INFO - Processing /home/airflow/.local/lib/python3.8/site-packages/airflow/example_dags/example_branch_labels.py took 0.077 seconds
[2024-02-16T09:38:04.418+0000] {processor.py:161} INFO - Started process (PID=320) to work on /home/airflow/.local/lib/python3.8/site-packages/airflow/example_dags/example_branch_labels.py
[2024-02-16T09:38:04.419+0000] {processor.py:830} INFO - Processing file /home/airflow/.local/lib/python3.8/site-packages/airflow/example_dags/example_branch_labels.py for tasks to queue
[2024-02-16T09:38:04.420+0000] {logging_mixin.py:188} INFO - [2024-02-16T09:38:04.420+0000] {dagbag.py:538} INFO - Filling up the DagBag from /home/airflow/.local/lib/python3.8/site-packages/airflow/example_dags/example_branch_labels.py
[2024-02-16T09:38:04.426+0000] {processor.py:840} INFO - DAG(s) 'example_branch_labels' retrieved from /home/airflow/.local/lib/python3.8/site-packages/airflow/example_dags/example_branch_labels.py
[2024-02-16T09:38:04.439+0000] {logging_mixin.py:188} INFO - [2024-02-16T09:38:04.439+0000] {dag.py:3036} INFO - Sync 1 DAGs
[2024-02-16T09:38:04.471+0000] {logging_mixin.py:188} INFO - [2024-02-16T09:38:04.471+0000] {dag.py:3823} INFO - Setting next_dagrun for example_branch_labels to 2024-02-15 00:00:00+00:00, run_after=2024-02-16 00:00:00+00:00
[2024-02-16T09:38:04.496+0000] {processor.py:183} INFO - Processing /home/airflow/.local/lib/python3.8/site-packages/airflow/example_dags/example_branch_labels.py took 0.081 seconds
[2024-02-16T09:38:35.899+0000] {processor.py:161} INFO - Started process (PID=569) to work on /home/airflow/.local/lib/python3.8/site-packages/airflow/example_dags/example_branch_labels.py
[2024-02-16T09:38:35.901+0000] {processor.py:830} INFO - Processing file /home/airflow/.local/lib/python3.8/site-packages/airflow/example_dags/example_branch_labels.py for tasks to queue
[2024-02-16T09:38:35.902+0000] {logging_mixin.py:188} INFO - [2024-02-16T09:38:35.901+0000] {dagbag.py:538} INFO - Filling up the DagBag from /home/airflow/.local/lib/python3.8/site-packages/airflow/example_dags/example_branch_labels.py
[2024-02-16T09:38:35.909+0000] {processor.py:840} INFO - DAG(s) 'example_branch_labels' retrieved from /home/airflow/.local/lib/python3.8/site-packages/airflow/example_dags/example_branch_labels.py
[2024-02-16T09:38:36.003+0000] {logging_mixin.py:188} INFO - [2024-02-16T09:38:36.003+0000] {dag.py:3036} INFO - Sync 1 DAGs
[2024-02-16T09:38:36.025+0000] {logging_mixin.py:188} INFO - [2024-02-16T09:38:36.025+0000] {dag.py:3823} INFO - Setting next_dagrun for example_branch_labels to 2024-02-15 00:00:00+00:00, run_after=2024-02-16 00:00:00+00:00
[2024-02-16T09:38:36.047+0000] {processor.py:183} INFO - Processing /home/airflow/.local/lib/python3.8/site-packages/airflow/example_dags/example_branch_labels.py took 0.152 seconds
