[2024-02-16T09:20:24.323+0000] {processor.py:161} INFO - Started process (PID=211) to work on /home/airflow/.local/lib/python3.8/site-packages/airflow/example_dags/example_params_ui_tutorial.py
[2024-02-16T09:20:24.324+0000] {processor.py:830} INFO - Processing file /home/airflow/.local/lib/python3.8/site-packages/airflow/example_dags/example_params_ui_tutorial.py for tasks to queue
[2024-02-16T09:20:24.324+0000] {logging_mixin.py:188} INFO - [2024-02-16T09:20:24.324+0000] {dagbag.py:538} INFO - Filling up the DagBag from /home/airflow/.local/lib/python3.8/site-packages/airflow/example_dags/example_params_ui_tutorial.py
[2024-02-16T09:20:24.339+0000] {processor.py:840} INFO - DAG(s) 'example_params_ui_tutorial' retrieved from /home/airflow/.local/lib/python3.8/site-packages/airflow/example_dags/example_params_ui_tutorial.py
[2024-02-16T09:20:24.481+0000] {logging_mixin.py:188} INFO - [2024-02-16T09:20:24.479+0000] {override.py:1769} INFO - Created Permission View: can delete on DAG:example_params_ui_tutorial
[2024-02-16T09:20:24.492+0000] {logging_mixin.py:188} INFO - [2024-02-16T09:20:24.492+0000] {override.py:1769} INFO - Created Permission View: can edit on DAG:example_params_ui_tutorial
[2024-02-16T09:20:24.503+0000] {logging_mixin.py:188} INFO - [2024-02-16T09:20:24.502+0000] {override.py:1769} INFO - Created Permission View: can read on DAG:example_params_ui_tutorial
[2024-02-16T09:20:24.503+0000] {logging_mixin.py:188} INFO - [2024-02-16T09:20:24.503+0000] {dag.py:3036} INFO - Sync 1 DAGs
[2024-02-16T09:20:24.514+0000] {logging_mixin.py:188} INFO - [2024-02-16T09:20:24.513+0000] {dag.py:3058} INFO - Creating ORM DAG for example_params_ui_tutorial
[2024-02-16T09:20:24.514+0000] {logging_mixin.py:188} INFO - [2024-02-16T09:20:24.514+0000] {dag.py:3823} INFO - Setting next_dagrun for example_params_ui_tutorial to None, run_after=None
[2024-02-16T09:20:24.537+0000] {processor.py:183} INFO - Processing /home/airflow/.local/lib/python3.8/site-packages/airflow/example_dags/example_params_ui_tutorial.py took 0.217 seconds
[2024-02-16T09:20:55.387+0000] {processor.py:161} INFO - Started process (PID=458) to work on /home/airflow/.local/lib/python3.8/site-packages/airflow/example_dags/example_params_ui_tutorial.py
[2024-02-16T09:20:55.388+0000] {processor.py:830} INFO - Processing file /home/airflow/.local/lib/python3.8/site-packages/airflow/example_dags/example_params_ui_tutorial.py for tasks to queue
[2024-02-16T09:20:55.389+0000] {logging_mixin.py:188} INFO - [2024-02-16T09:20:55.389+0000] {dagbag.py:538} INFO - Filling up the DagBag from /home/airflow/.local/lib/python3.8/site-packages/airflow/example_dags/example_params_ui_tutorial.py
[2024-02-16T09:20:55.399+0000] {processor.py:840} INFO - DAG(s) 'example_params_ui_tutorial' retrieved from /home/airflow/.local/lib/python3.8/site-packages/airflow/example_dags/example_params_ui_tutorial.py
[2024-02-16T09:20:55.446+0000] {logging_mixin.py:188} INFO - [2024-02-16T09:20:55.446+0000] {dag.py:3036} INFO - Sync 1 DAGs
[2024-02-16T09:20:55.455+0000] {logging_mixin.py:188} INFO - [2024-02-16T09:20:55.455+0000] {dag.py:3823} INFO - Setting next_dagrun for example_params_ui_tutorial to None, run_after=None
[2024-02-16T09:20:55.475+0000] {processor.py:183} INFO - Processing /home/airflow/.local/lib/python3.8/site-packages/airflow/example_dags/example_params_ui_tutorial.py took 0.091 seconds
[2024-02-16T09:21:25.824+0000] {processor.py:161} INFO - Started process (PID=705) to work on /home/airflow/.local/lib/python3.8/site-packages/airflow/example_dags/example_params_ui_tutorial.py
[2024-02-16T09:21:25.825+0000] {processor.py:830} INFO - Processing file /home/airflow/.local/lib/python3.8/site-packages/airflow/example_dags/example_params_ui_tutorial.py for tasks to queue
[2024-02-16T09:21:25.826+0000] {logging_mixin.py:188} INFO - [2024-02-16T09:21:25.825+0000] {dagbag.py:538} INFO - Filling up the DagBag from /home/airflow/.local/lib/python3.8/site-packages/airflow/example_dags/example_params_ui_tutorial.py
[2024-02-16T09:21:25.838+0000] {processor.py:840} INFO - DAG(s) 'example_params_ui_tutorial' retrieved from /home/airflow/.local/lib/python3.8/site-packages/airflow/example_dags/example_params_ui_tutorial.py
[2024-02-16T09:21:25.888+0000] {logging_mixin.py:188} INFO - [2024-02-16T09:21:25.887+0000] {dag.py:3036} INFO - Sync 1 DAGs
[2024-02-16T09:21:25.897+0000] {logging_mixin.py:188} INFO - [2024-02-16T09:21:25.897+0000] {dag.py:3823} INFO - Setting next_dagrun for example_params_ui_tutorial to None, run_after=None
[2024-02-16T09:21:25.916+0000] {processor.py:183} INFO - Processing /home/airflow/.local/lib/python3.8/site-packages/airflow/example_dags/example_params_ui_tutorial.py took 0.096 seconds
[2024-02-16T09:21:56.400+0000] {processor.py:161} INFO - Started process (PID=951) to work on /home/airflow/.local/lib/python3.8/site-packages/airflow/example_dags/example_params_ui_tutorial.py
[2024-02-16T09:21:56.401+0000] {processor.py:830} INFO - Processing file /home/airflow/.local/lib/python3.8/site-packages/airflow/example_dags/example_params_ui_tutorial.py for tasks to queue
[2024-02-16T09:21:56.402+0000] {logging_mixin.py:188} INFO - [2024-02-16T09:21:56.402+0000] {dagbag.py:538} INFO - Filling up the DagBag from /home/airflow/.local/lib/python3.8/site-packages/airflow/example_dags/example_params_ui_tutorial.py
[2024-02-16T09:21:56.412+0000] {processor.py:840} INFO - DAG(s) 'example_params_ui_tutorial' retrieved from /home/airflow/.local/lib/python3.8/site-packages/airflow/example_dags/example_params_ui_tutorial.py
[2024-02-16T09:21:56.462+0000] {logging_mixin.py:188} INFO - [2024-02-16T09:21:56.461+0000] {dag.py:3036} INFO - Sync 1 DAGs
[2024-02-16T09:21:56.473+0000] {logging_mixin.py:188} INFO - [2024-02-16T09:21:56.473+0000] {dag.py:3823} INFO - Setting next_dagrun for example_params_ui_tutorial to None, run_after=None
[2024-02-16T09:21:56.494+0000] {processor.py:183} INFO - Processing /home/airflow/.local/lib/python3.8/site-packages/airflow/example_dags/example_params_ui_tutorial.py took 0.099 seconds
[2024-02-16T09:22:27.143+0000] {processor.py:161} INFO - Started process (PID=1198) to work on /home/airflow/.local/lib/python3.8/site-packages/airflow/example_dags/example_params_ui_tutorial.py
[2024-02-16T09:22:27.144+0000] {processor.py:830} INFO - Processing file /home/airflow/.local/lib/python3.8/site-packages/airflow/example_dags/example_params_ui_tutorial.py for tasks to queue
[2024-02-16T09:22:27.145+0000] {logging_mixin.py:188} INFO - [2024-02-16T09:22:27.145+0000] {dagbag.py:538} INFO - Filling up the DagBag from /home/airflow/.local/lib/python3.8/site-packages/airflow/example_dags/example_params_ui_tutorial.py
[2024-02-16T09:22:27.156+0000] {processor.py:840} INFO - DAG(s) 'example_params_ui_tutorial' retrieved from /home/airflow/.local/lib/python3.8/site-packages/airflow/example_dags/example_params_ui_tutorial.py
[2024-02-16T09:22:27.211+0000] {logging_mixin.py:188} INFO - [2024-02-16T09:22:27.210+0000] {dag.py:3036} INFO - Sync 1 DAGs
[2024-02-16T09:22:27.221+0000] {logging_mixin.py:188} INFO - [2024-02-16T09:22:27.221+0000] {dag.py:3823} INFO - Setting next_dagrun for example_params_ui_tutorial to None, run_after=None
[2024-02-16T09:22:27.246+0000] {processor.py:183} INFO - Processing /home/airflow/.local/lib/python3.8/site-packages/airflow/example_dags/example_params_ui_tutorial.py took 0.105 seconds
[2024-02-16T09:22:57.828+0000] {processor.py:161} INFO - Started process (PID=1445) to work on /home/airflow/.local/lib/python3.8/site-packages/airflow/example_dags/example_params_ui_tutorial.py
[2024-02-16T09:22:57.830+0000] {processor.py:830} INFO - Processing file /home/airflow/.local/lib/python3.8/site-packages/airflow/example_dags/example_params_ui_tutorial.py for tasks to queue
[2024-02-16T09:22:57.830+0000] {logging_mixin.py:188} INFO - [2024-02-16T09:22:57.830+0000] {dagbag.py:538} INFO - Filling up the DagBag from /home/airflow/.local/lib/python3.8/site-packages/airflow/example_dags/example_params_ui_tutorial.py
[2024-02-16T09:22:57.840+0000] {processor.py:840} INFO - DAG(s) 'example_params_ui_tutorial' retrieved from /home/airflow/.local/lib/python3.8/site-packages/airflow/example_dags/example_params_ui_tutorial.py
[2024-02-16T09:22:57.885+0000] {logging_mixin.py:188} INFO - [2024-02-16T09:22:57.885+0000] {dag.py:3036} INFO - Sync 1 DAGs
[2024-02-16T09:22:57.895+0000] {logging_mixin.py:188} INFO - [2024-02-16T09:22:57.894+0000] {dag.py:3823} INFO - Setting next_dagrun for example_params_ui_tutorial to None, run_after=None
[2024-02-16T09:22:57.913+0000] {processor.py:183} INFO - Processing /home/airflow/.local/lib/python3.8/site-packages/airflow/example_dags/example_params_ui_tutorial.py took 0.087 seconds
[2024-02-16T09:23:28.267+0000] {processor.py:161} INFO - Started process (PID=1691) to work on /home/airflow/.local/lib/python3.8/site-packages/airflow/example_dags/example_params_ui_tutorial.py
[2024-02-16T09:23:28.268+0000] {processor.py:830} INFO - Processing file /home/airflow/.local/lib/python3.8/site-packages/airflow/example_dags/example_params_ui_tutorial.py for tasks to queue
[2024-02-16T09:23:28.268+0000] {logging_mixin.py:188} INFO - [2024-02-16T09:23:28.268+0000] {dagbag.py:538} INFO - Filling up the DagBag from /home/airflow/.local/lib/python3.8/site-packages/airflow/example_dags/example_params_ui_tutorial.py
[2024-02-16T09:23:28.278+0000] {processor.py:840} INFO - DAG(s) 'example_params_ui_tutorial' retrieved from /home/airflow/.local/lib/python3.8/site-packages/airflow/example_dags/example_params_ui_tutorial.py
[2024-02-16T09:23:28.323+0000] {logging_mixin.py:188} INFO - [2024-02-16T09:23:28.322+0000] {dag.py:3036} INFO - Sync 1 DAGs
[2024-02-16T09:23:28.331+0000] {logging_mixin.py:188} INFO - [2024-02-16T09:23:28.331+0000] {dag.py:3823} INFO - Setting next_dagrun for example_params_ui_tutorial to None, run_after=None
[2024-02-16T09:23:28.351+0000] {processor.py:183} INFO - Processing /home/airflow/.local/lib/python3.8/site-packages/airflow/example_dags/example_params_ui_tutorial.py took 0.086 seconds
[2024-02-16T09:23:58.633+0000] {processor.py:161} INFO - Started process (PID=1938) to work on /home/airflow/.local/lib/python3.8/site-packages/airflow/example_dags/example_params_ui_tutorial.py
[2024-02-16T09:23:58.634+0000] {processor.py:830} INFO - Processing file /home/airflow/.local/lib/python3.8/site-packages/airflow/example_dags/example_params_ui_tutorial.py for tasks to queue
[2024-02-16T09:23:58.635+0000] {logging_mixin.py:188} INFO - [2024-02-16T09:23:58.635+0000] {dagbag.py:538} INFO - Filling up the DagBag from /home/airflow/.local/lib/python3.8/site-packages/airflow/example_dags/example_params_ui_tutorial.py
[2024-02-16T09:23:58.645+0000] {processor.py:840} INFO - DAG(s) 'example_params_ui_tutorial' retrieved from /home/airflow/.local/lib/python3.8/site-packages/airflow/example_dags/example_params_ui_tutorial.py
[2024-02-16T09:23:58.697+0000] {logging_mixin.py:188} INFO - [2024-02-16T09:23:58.697+0000] {dag.py:3036} INFO - Sync 1 DAGs
[2024-02-16T09:23:58.706+0000] {logging_mixin.py:188} INFO - [2024-02-16T09:23:58.706+0000] {dag.py:3823} INFO - Setting next_dagrun for example_params_ui_tutorial to None, run_after=None
[2024-02-16T09:23:58.726+0000] {processor.py:183} INFO - Processing /home/airflow/.local/lib/python3.8/site-packages/airflow/example_dags/example_params_ui_tutorial.py took 0.096 seconds
[2024-02-16T09:24:29.152+0000] {processor.py:161} INFO - Started process (PID=2184) to work on /home/airflow/.local/lib/python3.8/site-packages/airflow/example_dags/example_params_ui_tutorial.py
[2024-02-16T09:24:29.153+0000] {processor.py:830} INFO - Processing file /home/airflow/.local/lib/python3.8/site-packages/airflow/example_dags/example_params_ui_tutorial.py for tasks to queue
[2024-02-16T09:24:29.153+0000] {logging_mixin.py:188} INFO - [2024-02-16T09:24:29.153+0000] {dagbag.py:538} INFO - Filling up the DagBag from /home/airflow/.local/lib/python3.8/site-packages/airflow/example_dags/example_params_ui_tutorial.py
[2024-02-16T09:24:29.162+0000] {processor.py:840} INFO - DAG(s) 'example_params_ui_tutorial' retrieved from /home/airflow/.local/lib/python3.8/site-packages/airflow/example_dags/example_params_ui_tutorial.py
[2024-02-16T09:24:29.208+0000] {logging_mixin.py:188} INFO - [2024-02-16T09:24:29.207+0000] {dag.py:3036} INFO - Sync 1 DAGs
[2024-02-16T09:24:29.216+0000] {logging_mixin.py:188} INFO - [2024-02-16T09:24:29.216+0000] {dag.py:3823} INFO - Setting next_dagrun for example_params_ui_tutorial to None, run_after=None
[2024-02-16T09:24:29.235+0000] {processor.py:183} INFO - Processing /home/airflow/.local/lib/python3.8/site-packages/airflow/example_dags/example_params_ui_tutorial.py took 0.086 seconds
[2024-02-16T09:24:59.607+0000] {processor.py:161} INFO - Started process (PID=2431) to work on /home/airflow/.local/lib/python3.8/site-packages/airflow/example_dags/example_params_ui_tutorial.py
[2024-02-16T09:24:59.608+0000] {processor.py:830} INFO - Processing file /home/airflow/.local/lib/python3.8/site-packages/airflow/example_dags/example_params_ui_tutorial.py for tasks to queue
[2024-02-16T09:24:59.609+0000] {logging_mixin.py:188} INFO - [2024-02-16T09:24:59.609+0000] {dagbag.py:538} INFO - Filling up the DagBag from /home/airflow/.local/lib/python3.8/site-packages/airflow/example_dags/example_params_ui_tutorial.py
[2024-02-16T09:24:59.618+0000] {processor.py:840} INFO - DAG(s) 'example_params_ui_tutorial' retrieved from /home/airflow/.local/lib/python3.8/site-packages/airflow/example_dags/example_params_ui_tutorial.py
[2024-02-16T09:24:59.669+0000] {logging_mixin.py:188} INFO - [2024-02-16T09:24:59.668+0000] {dag.py:3036} INFO - Sync 1 DAGs
[2024-02-16T09:24:59.679+0000] {logging_mixin.py:188} INFO - [2024-02-16T09:24:59.679+0000] {dag.py:3823} INFO - Setting next_dagrun for example_params_ui_tutorial to None, run_after=None
[2024-02-16T09:24:59.698+0000] {processor.py:183} INFO - Processing /home/airflow/.local/lib/python3.8/site-packages/airflow/example_dags/example_params_ui_tutorial.py took 0.095 seconds
[2024-02-16T09:25:30.088+0000] {processor.py:161} INFO - Started process (PID=2677) to work on /home/airflow/.local/lib/python3.8/site-packages/airflow/example_dags/example_params_ui_tutorial.py
[2024-02-16T09:25:30.089+0000] {processor.py:830} INFO - Processing file /home/airflow/.local/lib/python3.8/site-packages/airflow/example_dags/example_params_ui_tutorial.py for tasks to queue
[2024-02-16T09:25:30.090+0000] {logging_mixin.py:188} INFO - [2024-02-16T09:25:30.090+0000] {dagbag.py:538} INFO - Filling up the DagBag from /home/airflow/.local/lib/python3.8/site-packages/airflow/example_dags/example_params_ui_tutorial.py
[2024-02-16T09:25:30.100+0000] {processor.py:840} INFO - DAG(s) 'example_params_ui_tutorial' retrieved from /home/airflow/.local/lib/python3.8/site-packages/airflow/example_dags/example_params_ui_tutorial.py
[2024-02-16T09:25:30.155+0000] {logging_mixin.py:188} INFO - [2024-02-16T09:25:30.154+0000] {dag.py:3036} INFO - Sync 1 DAGs
[2024-02-16T09:25:30.165+0000] {logging_mixin.py:188} INFO - [2024-02-16T09:25:30.165+0000] {dag.py:3823} INFO - Setting next_dagrun for example_params_ui_tutorial to None, run_after=None
[2024-02-16T09:25:30.184+0000] {processor.py:183} INFO - Processing /home/airflow/.local/lib/python3.8/site-packages/airflow/example_dags/example_params_ui_tutorial.py took 0.099 seconds
[2024-02-16T09:26:00.461+0000] {processor.py:161} INFO - Started process (PID=2924) to work on /home/airflow/.local/lib/python3.8/site-packages/airflow/example_dags/example_params_ui_tutorial.py
[2024-02-16T09:26:00.462+0000] {processor.py:830} INFO - Processing file /home/airflow/.local/lib/python3.8/site-packages/airflow/example_dags/example_params_ui_tutorial.py for tasks to queue
[2024-02-16T09:26:00.464+0000] {logging_mixin.py:188} INFO - [2024-02-16T09:26:00.463+0000] {dagbag.py:538} INFO - Filling up the DagBag from /home/airflow/.local/lib/python3.8/site-packages/airflow/example_dags/example_params_ui_tutorial.py
[2024-02-16T09:26:00.475+0000] {processor.py:840} INFO - DAG(s) 'example_params_ui_tutorial' retrieved from /home/airflow/.local/lib/python3.8/site-packages/airflow/example_dags/example_params_ui_tutorial.py
[2024-02-16T09:26:00.528+0000] {logging_mixin.py:188} INFO - [2024-02-16T09:26:00.527+0000] {dag.py:3036} INFO - Sync 1 DAGs
[2024-02-16T09:26:00.540+0000] {logging_mixin.py:188} INFO - [2024-02-16T09:26:00.540+0000] {dag.py:3823} INFO - Setting next_dagrun for example_params_ui_tutorial to None, run_after=None
[2024-02-16T09:26:00.561+0000] {processor.py:183} INFO - Processing /home/airflow/.local/lib/python3.8/site-packages/airflow/example_dags/example_params_ui_tutorial.py took 0.103 seconds
[2024-02-16T09:26:30.647+0000] {processor.py:161} INFO - Started process (PID=3175) to work on /home/airflow/.local/lib/python3.8/site-packages/airflow/example_dags/example_params_ui_tutorial.py
[2024-02-16T09:26:30.648+0000] {processor.py:830} INFO - Processing file /home/airflow/.local/lib/python3.8/site-packages/airflow/example_dags/example_params_ui_tutorial.py for tasks to queue
[2024-02-16T09:26:30.649+0000] {logging_mixin.py:188} INFO - [2024-02-16T09:26:30.649+0000] {dagbag.py:538} INFO - Filling up the DagBag from /home/airflow/.local/lib/python3.8/site-packages/airflow/example_dags/example_params_ui_tutorial.py
[2024-02-16T09:26:30.659+0000] {processor.py:840} INFO - DAG(s) 'example_params_ui_tutorial' retrieved from /home/airflow/.local/lib/python3.8/site-packages/airflow/example_dags/example_params_ui_tutorial.py
[2024-02-16T09:26:30.706+0000] {logging_mixin.py:188} INFO - [2024-02-16T09:26:30.706+0000] {dag.py:3036} INFO - Sync 1 DAGs
[2024-02-16T09:26:30.715+0000] {logging_mixin.py:188} INFO - [2024-02-16T09:26:30.715+0000] {dag.py:3823} INFO - Setting next_dagrun for example_params_ui_tutorial to None, run_after=None
[2024-02-16T09:26:30.735+0000] {processor.py:183} INFO - Processing /home/airflow/.local/lib/python3.8/site-packages/airflow/example_dags/example_params_ui_tutorial.py took 0.091 seconds
[2024-02-16T09:27:01.137+0000] {processor.py:161} INFO - Started process (PID=3422) to work on /home/airflow/.local/lib/python3.8/site-packages/airflow/example_dags/example_params_ui_tutorial.py
[2024-02-16T09:27:01.138+0000] {processor.py:830} INFO - Processing file /home/airflow/.local/lib/python3.8/site-packages/airflow/example_dags/example_params_ui_tutorial.py for tasks to queue
[2024-02-16T09:27:01.139+0000] {logging_mixin.py:188} INFO - [2024-02-16T09:27:01.138+0000] {dagbag.py:538} INFO - Filling up the DagBag from /home/airflow/.local/lib/python3.8/site-packages/airflow/example_dags/example_params_ui_tutorial.py
[2024-02-16T09:27:01.148+0000] {processor.py:840} INFO - DAG(s) 'example_params_ui_tutorial' retrieved from /home/airflow/.local/lib/python3.8/site-packages/airflow/example_dags/example_params_ui_tutorial.py
[2024-02-16T09:27:01.194+0000] {logging_mixin.py:188} INFO - [2024-02-16T09:27:01.193+0000] {dag.py:3036} INFO - Sync 1 DAGs
[2024-02-16T09:27:01.202+0000] {logging_mixin.py:188} INFO - [2024-02-16T09:27:01.202+0000] {dag.py:3823} INFO - Setting next_dagrun for example_params_ui_tutorial to None, run_after=None
[2024-02-16T09:27:01.219+0000] {processor.py:183} INFO - Processing /home/airflow/.local/lib/python3.8/site-packages/airflow/example_dags/example_params_ui_tutorial.py took 0.085 seconds
[2024-02-16T09:27:31.639+0000] {processor.py:161} INFO - Started process (PID=3670) to work on /home/airflow/.local/lib/python3.8/site-packages/airflow/example_dags/example_params_ui_tutorial.py
[2024-02-16T09:27:31.640+0000] {processor.py:830} INFO - Processing file /home/airflow/.local/lib/python3.8/site-packages/airflow/example_dags/example_params_ui_tutorial.py for tasks to queue
[2024-02-16T09:27:31.641+0000] {logging_mixin.py:188} INFO - [2024-02-16T09:27:31.641+0000] {dagbag.py:538} INFO - Filling up the DagBag from /home/airflow/.local/lib/python3.8/site-packages/airflow/example_dags/example_params_ui_tutorial.py
[2024-02-16T09:27:31.651+0000] {processor.py:840} INFO - DAG(s) 'example_params_ui_tutorial' retrieved from /home/airflow/.local/lib/python3.8/site-packages/airflow/example_dags/example_params_ui_tutorial.py
[2024-02-16T09:27:31.695+0000] {logging_mixin.py:188} INFO - [2024-02-16T09:27:31.695+0000] {dag.py:3036} INFO - Sync 1 DAGs
[2024-02-16T09:27:31.704+0000] {logging_mixin.py:188} INFO - [2024-02-16T09:27:31.704+0000] {dag.py:3823} INFO - Setting next_dagrun for example_params_ui_tutorial to None, run_after=None
[2024-02-16T09:27:31.722+0000] {processor.py:183} INFO - Processing /home/airflow/.local/lib/python3.8/site-packages/airflow/example_dags/example_params_ui_tutorial.py took 0.087 seconds
[2024-02-16T09:28:02.099+0000] {processor.py:161} INFO - Started process (PID=3917) to work on /home/airflow/.local/lib/python3.8/site-packages/airflow/example_dags/example_params_ui_tutorial.py
[2024-02-16T09:28:02.100+0000] {processor.py:830} INFO - Processing file /home/airflow/.local/lib/python3.8/site-packages/airflow/example_dags/example_params_ui_tutorial.py for tasks to queue
[2024-02-16T09:28:02.101+0000] {logging_mixin.py:188} INFO - [2024-02-16T09:28:02.100+0000] {dagbag.py:538} INFO - Filling up the DagBag from /home/airflow/.local/lib/python3.8/site-packages/airflow/example_dags/example_params_ui_tutorial.py
[2024-02-16T09:28:02.110+0000] {processor.py:840} INFO - DAG(s) 'example_params_ui_tutorial' retrieved from /home/airflow/.local/lib/python3.8/site-packages/airflow/example_dags/example_params_ui_tutorial.py
[2024-02-16T09:28:02.155+0000] {logging_mixin.py:188} INFO - [2024-02-16T09:28:02.155+0000] {dag.py:3036} INFO - Sync 1 DAGs
[2024-02-16T09:28:02.166+0000] {logging_mixin.py:188} INFO - [2024-02-16T09:28:02.166+0000] {dag.py:3823} INFO - Setting next_dagrun for example_params_ui_tutorial to None, run_after=None
[2024-02-16T09:28:02.184+0000] {processor.py:183} INFO - Processing /home/airflow/.local/lib/python3.8/site-packages/airflow/example_dags/example_params_ui_tutorial.py took 0.088 seconds
[2024-02-16T09:28:32.448+0000] {processor.py:161} INFO - Started process (PID=4163) to work on /home/airflow/.local/lib/python3.8/site-packages/airflow/example_dags/example_params_ui_tutorial.py
[2024-02-16T09:28:32.449+0000] {processor.py:830} INFO - Processing file /home/airflow/.local/lib/python3.8/site-packages/airflow/example_dags/example_params_ui_tutorial.py for tasks to queue
[2024-02-16T09:28:32.449+0000] {logging_mixin.py:188} INFO - [2024-02-16T09:28:32.449+0000] {dagbag.py:538} INFO - Filling up the DagBag from /home/airflow/.local/lib/python3.8/site-packages/airflow/example_dags/example_params_ui_tutorial.py
[2024-02-16T09:28:32.459+0000] {processor.py:840} INFO - DAG(s) 'example_params_ui_tutorial' retrieved from /home/airflow/.local/lib/python3.8/site-packages/airflow/example_dags/example_params_ui_tutorial.py
[2024-02-16T09:28:32.504+0000] {logging_mixin.py:188} INFO - [2024-02-16T09:28:32.504+0000] {dag.py:3036} INFO - Sync 1 DAGs
[2024-02-16T09:28:32.513+0000] {logging_mixin.py:188} INFO - [2024-02-16T09:28:32.513+0000] {dag.py:3823} INFO - Setting next_dagrun for example_params_ui_tutorial to None, run_after=None
[2024-02-16T09:28:32.530+0000] {processor.py:183} INFO - Processing /home/airflow/.local/lib/python3.8/site-packages/airflow/example_dags/example_params_ui_tutorial.py took 0.085 seconds
[2024-02-16T09:29:02.837+0000] {processor.py:161} INFO - Started process (PID=4410) to work on /home/airflow/.local/lib/python3.8/site-packages/airflow/example_dags/example_params_ui_tutorial.py
[2024-02-16T09:29:02.838+0000] {processor.py:830} INFO - Processing file /home/airflow/.local/lib/python3.8/site-packages/airflow/example_dags/example_params_ui_tutorial.py for tasks to queue
[2024-02-16T09:29:02.839+0000] {logging_mixin.py:188} INFO - [2024-02-16T09:29:02.839+0000] {dagbag.py:538} INFO - Filling up the DagBag from /home/airflow/.local/lib/python3.8/site-packages/airflow/example_dags/example_params_ui_tutorial.py
[2024-02-16T09:29:02.849+0000] {processor.py:840} INFO - DAG(s) 'example_params_ui_tutorial' retrieved from /home/airflow/.local/lib/python3.8/site-packages/airflow/example_dags/example_params_ui_tutorial.py
[2024-02-16T09:29:02.895+0000] {logging_mixin.py:188} INFO - [2024-02-16T09:29:02.894+0000] {dag.py:3036} INFO - Sync 1 DAGs
[2024-02-16T09:29:02.904+0000] {logging_mixin.py:188} INFO - [2024-02-16T09:29:02.904+0000] {dag.py:3823} INFO - Setting next_dagrun for example_params_ui_tutorial to None, run_after=None
[2024-02-16T09:29:02.924+0000] {processor.py:183} INFO - Processing /home/airflow/.local/lib/python3.8/site-packages/airflow/example_dags/example_params_ui_tutorial.py took 0.089 seconds
[2024-02-16T09:29:33.227+0000] {processor.py:161} INFO - Started process (PID=4656) to work on /home/airflow/.local/lib/python3.8/site-packages/airflow/example_dags/example_params_ui_tutorial.py
[2024-02-16T09:29:33.229+0000] {processor.py:830} INFO - Processing file /home/airflow/.local/lib/python3.8/site-packages/airflow/example_dags/example_params_ui_tutorial.py for tasks to queue
[2024-02-16T09:29:33.230+0000] {logging_mixin.py:188} INFO - [2024-02-16T09:29:33.229+0000] {dagbag.py:538} INFO - Filling up the DagBag from /home/airflow/.local/lib/python3.8/site-packages/airflow/example_dags/example_params_ui_tutorial.py
[2024-02-16T09:29:33.240+0000] {processor.py:840} INFO - DAG(s) 'example_params_ui_tutorial' retrieved from /home/airflow/.local/lib/python3.8/site-packages/airflow/example_dags/example_params_ui_tutorial.py
[2024-02-16T09:29:33.295+0000] {logging_mixin.py:188} INFO - [2024-02-16T09:29:33.294+0000] {dag.py:3036} INFO - Sync 1 DAGs
[2024-02-16T09:29:33.304+0000] {logging_mixin.py:188} INFO - [2024-02-16T09:29:33.304+0000] {dag.py:3823} INFO - Setting next_dagrun for example_params_ui_tutorial to None, run_after=None
[2024-02-16T09:29:33.327+0000] {processor.py:183} INFO - Processing /home/airflow/.local/lib/python3.8/site-packages/airflow/example_dags/example_params_ui_tutorial.py took 0.104 seconds
[2024-02-16T09:30:03.943+0000] {processor.py:161} INFO - Started process (PID=4905) to work on /home/airflow/.local/lib/python3.8/site-packages/airflow/example_dags/example_params_ui_tutorial.py
[2024-02-16T09:30:03.945+0000] {processor.py:830} INFO - Processing file /home/airflow/.local/lib/python3.8/site-packages/airflow/example_dags/example_params_ui_tutorial.py for tasks to queue
[2024-02-16T09:30:03.946+0000] {logging_mixin.py:188} INFO - [2024-02-16T09:30:03.945+0000] {dagbag.py:538} INFO - Filling up the DagBag from /home/airflow/.local/lib/python3.8/site-packages/airflow/example_dags/example_params_ui_tutorial.py
[2024-02-16T09:30:03.957+0000] {processor.py:840} INFO - DAG(s) 'example_params_ui_tutorial' retrieved from /home/airflow/.local/lib/python3.8/site-packages/airflow/example_dags/example_params_ui_tutorial.py
[2024-02-16T09:30:04.012+0000] {logging_mixin.py:188} INFO - [2024-02-16T09:30:04.012+0000] {dag.py:3036} INFO - Sync 1 DAGs
[2024-02-16T09:30:04.043+0000] {logging_mixin.py:188} INFO - [2024-02-16T09:30:04.043+0000] {dag.py:3823} INFO - Setting next_dagrun for example_params_ui_tutorial to None, run_after=None
[2024-02-16T09:30:04.070+0000] {processor.py:183} INFO - Processing /home/airflow/.local/lib/python3.8/site-packages/airflow/example_dags/example_params_ui_tutorial.py took 0.129 seconds
[2024-02-16T09:30:34.360+0000] {processor.py:161} INFO - Started process (PID=5328) to work on /home/airflow/.local/lib/python3.8/site-packages/airflow/example_dags/example_params_ui_tutorial.py
[2024-02-16T09:30:34.361+0000] {processor.py:830} INFO - Processing file /home/airflow/.local/lib/python3.8/site-packages/airflow/example_dags/example_params_ui_tutorial.py for tasks to queue
[2024-02-16T09:30:34.362+0000] {logging_mixin.py:188} INFO - [2024-02-16T09:30:34.362+0000] {dagbag.py:538} INFO - Filling up the DagBag from /home/airflow/.local/lib/python3.8/site-packages/airflow/example_dags/example_params_ui_tutorial.py
[2024-02-16T09:30:34.373+0000] {processor.py:840} INFO - DAG(s) 'example_params_ui_tutorial' retrieved from /home/airflow/.local/lib/python3.8/site-packages/airflow/example_dags/example_params_ui_tutorial.py
[2024-02-16T09:30:34.427+0000] {logging_mixin.py:188} INFO - [2024-02-16T09:30:34.427+0000] {dag.py:3036} INFO - Sync 1 DAGs
[2024-02-16T09:30:34.436+0000] {logging_mixin.py:188} INFO - [2024-02-16T09:30:34.436+0000] {dag.py:3823} INFO - Setting next_dagrun for example_params_ui_tutorial to None, run_after=None
[2024-02-16T09:30:34.458+0000] {processor.py:183} INFO - Processing /home/airflow/.local/lib/python3.8/site-packages/airflow/example_dags/example_params_ui_tutorial.py took 0.101 seconds
[2024-02-16T09:31:04.757+0000] {processor.py:161} INFO - Started process (PID=5574) to work on /home/airflow/.local/lib/python3.8/site-packages/airflow/example_dags/example_params_ui_tutorial.py
[2024-02-16T09:31:04.758+0000] {processor.py:830} INFO - Processing file /home/airflow/.local/lib/python3.8/site-packages/airflow/example_dags/example_params_ui_tutorial.py for tasks to queue
[2024-02-16T09:31:04.759+0000] {logging_mixin.py:188} INFO - [2024-02-16T09:31:04.758+0000] {dagbag.py:538} INFO - Filling up the DagBag from /home/airflow/.local/lib/python3.8/site-packages/airflow/example_dags/example_params_ui_tutorial.py
[2024-02-16T09:31:04.768+0000] {processor.py:840} INFO - DAG(s) 'example_params_ui_tutorial' retrieved from /home/airflow/.local/lib/python3.8/site-packages/airflow/example_dags/example_params_ui_tutorial.py
[2024-02-16T09:31:04.814+0000] {logging_mixin.py:188} INFO - [2024-02-16T09:31:04.814+0000] {dag.py:3036} INFO - Sync 1 DAGs
[2024-02-16T09:31:04.823+0000] {logging_mixin.py:188} INFO - [2024-02-16T09:31:04.823+0000] {dag.py:3823} INFO - Setting next_dagrun for example_params_ui_tutorial to None, run_after=None
[2024-02-16T09:31:04.841+0000] {processor.py:183} INFO - Processing /home/airflow/.local/lib/python3.8/site-packages/airflow/example_dags/example_params_ui_tutorial.py took 0.088 seconds
[2024-02-16T09:31:35.157+0000] {processor.py:161} INFO - Started process (PID=5821) to work on /home/airflow/.local/lib/python3.8/site-packages/airflow/example_dags/example_params_ui_tutorial.py
[2024-02-16T09:31:35.159+0000] {processor.py:830} INFO - Processing file /home/airflow/.local/lib/python3.8/site-packages/airflow/example_dags/example_params_ui_tutorial.py for tasks to queue
[2024-02-16T09:31:35.160+0000] {logging_mixin.py:188} INFO - [2024-02-16T09:31:35.159+0000] {dagbag.py:538} INFO - Filling up the DagBag from /home/airflow/.local/lib/python3.8/site-packages/airflow/example_dags/example_params_ui_tutorial.py
[2024-02-16T09:31:35.173+0000] {processor.py:840} INFO - DAG(s) 'example_params_ui_tutorial' retrieved from /home/airflow/.local/lib/python3.8/site-packages/airflow/example_dags/example_params_ui_tutorial.py
[2024-02-16T09:31:35.220+0000] {logging_mixin.py:188} INFO - [2024-02-16T09:31:35.220+0000] {dag.py:3036} INFO - Sync 1 DAGs
[2024-02-16T09:31:35.229+0000] {logging_mixin.py:188} INFO - [2024-02-16T09:31:35.229+0000] {dag.py:3823} INFO - Setting next_dagrun for example_params_ui_tutorial to None, run_after=None
[2024-02-16T09:31:35.247+0000] {processor.py:183} INFO - Processing /home/airflow/.local/lib/python3.8/site-packages/airflow/example_dags/example_params_ui_tutorial.py took 0.094 seconds
[2024-02-16T09:32:05.627+0000] {processor.py:161} INFO - Started process (PID=6067) to work on /home/airflow/.local/lib/python3.8/site-packages/airflow/example_dags/example_params_ui_tutorial.py
[2024-02-16T09:32:05.628+0000] {processor.py:830} INFO - Processing file /home/airflow/.local/lib/python3.8/site-packages/airflow/example_dags/example_params_ui_tutorial.py for tasks to queue
[2024-02-16T09:32:05.629+0000] {logging_mixin.py:188} INFO - [2024-02-16T09:32:05.629+0000] {dagbag.py:538} INFO - Filling up the DagBag from /home/airflow/.local/lib/python3.8/site-packages/airflow/example_dags/example_params_ui_tutorial.py
[2024-02-16T09:32:05.639+0000] {processor.py:840} INFO - DAG(s) 'example_params_ui_tutorial' retrieved from /home/airflow/.local/lib/python3.8/site-packages/airflow/example_dags/example_params_ui_tutorial.py
[2024-02-16T09:32:05.684+0000] {logging_mixin.py:188} INFO - [2024-02-16T09:32:05.684+0000] {dag.py:3036} INFO - Sync 1 DAGs
[2024-02-16T09:32:05.693+0000] {logging_mixin.py:188} INFO - [2024-02-16T09:32:05.693+0000] {dag.py:3823} INFO - Setting next_dagrun for example_params_ui_tutorial to None, run_after=None
[2024-02-16T09:32:05.714+0000] {processor.py:183} INFO - Processing /home/airflow/.local/lib/python3.8/site-packages/airflow/example_dags/example_params_ui_tutorial.py took 0.089 seconds
[2024-02-16T09:32:36.114+0000] {processor.py:161} INFO - Started process (PID=6314) to work on /home/airflow/.local/lib/python3.8/site-packages/airflow/example_dags/example_params_ui_tutorial.py
[2024-02-16T09:32:36.116+0000] {processor.py:830} INFO - Processing file /home/airflow/.local/lib/python3.8/site-packages/airflow/example_dags/example_params_ui_tutorial.py for tasks to queue
[2024-02-16T09:32:36.117+0000] {logging_mixin.py:188} INFO - [2024-02-16T09:32:36.116+0000] {dagbag.py:538} INFO - Filling up the DagBag from /home/airflow/.local/lib/python3.8/site-packages/airflow/example_dags/example_params_ui_tutorial.py
[2024-02-16T09:32:36.126+0000] {processor.py:840} INFO - DAG(s) 'example_params_ui_tutorial' retrieved from /home/airflow/.local/lib/python3.8/site-packages/airflow/example_dags/example_params_ui_tutorial.py
[2024-02-16T09:32:36.178+0000] {logging_mixin.py:188} INFO - [2024-02-16T09:32:36.178+0000] {dag.py:3036} INFO - Sync 1 DAGs
[2024-02-16T09:32:36.188+0000] {logging_mixin.py:188} INFO - [2024-02-16T09:32:36.188+0000] {dag.py:3823} INFO - Setting next_dagrun for example_params_ui_tutorial to None, run_after=None
[2024-02-16T09:32:36.209+0000] {processor.py:183} INFO - Processing /home/airflow/.local/lib/python3.8/site-packages/airflow/example_dags/example_params_ui_tutorial.py took 0.098 seconds
[2024-02-16T09:33:06.788+0000] {processor.py:161} INFO - Started process (PID=6561) to work on /home/airflow/.local/lib/python3.8/site-packages/airflow/example_dags/example_params_ui_tutorial.py
[2024-02-16T09:33:06.789+0000] {processor.py:830} INFO - Processing file /home/airflow/.local/lib/python3.8/site-packages/airflow/example_dags/example_params_ui_tutorial.py for tasks to queue
[2024-02-16T09:33:06.790+0000] {logging_mixin.py:188} INFO - [2024-02-16T09:33:06.790+0000] {dagbag.py:538} INFO - Filling up the DagBag from /home/airflow/.local/lib/python3.8/site-packages/airflow/example_dags/example_params_ui_tutorial.py
[2024-02-16T09:33:06.800+0000] {processor.py:840} INFO - DAG(s) 'example_params_ui_tutorial' retrieved from /home/airflow/.local/lib/python3.8/site-packages/airflow/example_dags/example_params_ui_tutorial.py
[2024-02-16T09:33:06.849+0000] {logging_mixin.py:188} INFO - [2024-02-16T09:33:06.849+0000] {dag.py:3036} INFO - Sync 1 DAGs
[2024-02-16T09:33:06.859+0000] {logging_mixin.py:188} INFO - [2024-02-16T09:33:06.859+0000] {dag.py:3823} INFO - Setting next_dagrun for example_params_ui_tutorial to None, run_after=None
[2024-02-16T09:33:06.878+0000] {processor.py:183} INFO - Processing /home/airflow/.local/lib/python3.8/site-packages/airflow/example_dags/example_params_ui_tutorial.py took 0.093 seconds
[2024-02-16T09:33:37.293+0000] {processor.py:161} INFO - Started process (PID=6808) to work on /home/airflow/.local/lib/python3.8/site-packages/airflow/example_dags/example_params_ui_tutorial.py
[2024-02-16T09:33:37.294+0000] {processor.py:830} INFO - Processing file /home/airflow/.local/lib/python3.8/site-packages/airflow/example_dags/example_params_ui_tutorial.py for tasks to queue
[2024-02-16T09:33:37.295+0000] {logging_mixin.py:188} INFO - [2024-02-16T09:33:37.295+0000] {dagbag.py:538} INFO - Filling up the DagBag from /home/airflow/.local/lib/python3.8/site-packages/airflow/example_dags/example_params_ui_tutorial.py
[2024-02-16T09:33:37.305+0000] {processor.py:840} INFO - DAG(s) 'example_params_ui_tutorial' retrieved from /home/airflow/.local/lib/python3.8/site-packages/airflow/example_dags/example_params_ui_tutorial.py
[2024-02-16T09:33:37.357+0000] {logging_mixin.py:188} INFO - [2024-02-16T09:33:37.357+0000] {dag.py:3036} INFO - Sync 1 DAGs
[2024-02-16T09:33:37.368+0000] {logging_mixin.py:188} INFO - [2024-02-16T09:33:37.368+0000] {dag.py:3823} INFO - Setting next_dagrun for example_params_ui_tutorial to None, run_after=None
[2024-02-16T09:33:37.389+0000] {processor.py:183} INFO - Processing /home/airflow/.local/lib/python3.8/site-packages/airflow/example_dags/example_params_ui_tutorial.py took 0.099 seconds
[2024-02-16T09:34:07.722+0000] {processor.py:161} INFO - Started process (PID=7055) to work on /home/airflow/.local/lib/python3.8/site-packages/airflow/example_dags/example_params_ui_tutorial.py
[2024-02-16T09:34:07.723+0000] {processor.py:830} INFO - Processing file /home/airflow/.local/lib/python3.8/site-packages/airflow/example_dags/example_params_ui_tutorial.py for tasks to queue
[2024-02-16T09:34:07.724+0000] {logging_mixin.py:188} INFO - [2024-02-16T09:34:07.724+0000] {dagbag.py:538} INFO - Filling up the DagBag from /home/airflow/.local/lib/python3.8/site-packages/airflow/example_dags/example_params_ui_tutorial.py
[2024-02-16T09:34:07.733+0000] {processor.py:840} INFO - DAG(s) 'example_params_ui_tutorial' retrieved from /home/airflow/.local/lib/python3.8/site-packages/airflow/example_dags/example_params_ui_tutorial.py
[2024-02-16T09:34:07.782+0000] {logging_mixin.py:188} INFO - [2024-02-16T09:34:07.782+0000] {dag.py:3036} INFO - Sync 1 DAGs
[2024-02-16T09:34:07.791+0000] {logging_mixin.py:188} INFO - [2024-02-16T09:34:07.790+0000] {dag.py:3823} INFO - Setting next_dagrun for example_params_ui_tutorial to None, run_after=None
[2024-02-16T09:34:07.809+0000] {processor.py:183} INFO - Processing /home/airflow/.local/lib/python3.8/site-packages/airflow/example_dags/example_params_ui_tutorial.py took 0.090 seconds
[2024-02-16T09:38:03.353+0000] {processor.py:161} INFO - Started process (PID=210) to work on /home/airflow/.local/lib/python3.8/site-packages/airflow/example_dags/example_params_ui_tutorial.py
[2024-02-16T09:38:03.355+0000] {processor.py:830} INFO - Processing file /home/airflow/.local/lib/python3.8/site-packages/airflow/example_dags/example_params_ui_tutorial.py for tasks to queue
[2024-02-16T09:38:03.355+0000] {logging_mixin.py:188} INFO - [2024-02-16T09:38:03.355+0000] {dagbag.py:538} INFO - Filling up the DagBag from /home/airflow/.local/lib/python3.8/site-packages/airflow/example_dags/example_params_ui_tutorial.py
[2024-02-16T09:38:03.366+0000] {processor.py:840} INFO - DAG(s) 'example_params_ui_tutorial' retrieved from /home/airflow/.local/lib/python3.8/site-packages/airflow/example_dags/example_params_ui_tutorial.py
[2024-02-16T09:38:03.379+0000] {logging_mixin.py:188} INFO - [2024-02-16T09:38:03.378+0000] {dag.py:3036} INFO - Sync 1 DAGs
[2024-02-16T09:38:03.392+0000] {logging_mixin.py:188} INFO - [2024-02-16T09:38:03.392+0000] {dag.py:3823} INFO - Setting next_dagrun for example_params_ui_tutorial to None, run_after=None
[2024-02-16T09:38:03.415+0000] {processor.py:183} INFO - Processing /home/airflow/.local/lib/python3.8/site-packages/airflow/example_dags/example_params_ui_tutorial.py took 0.064 seconds
[2024-02-16T09:38:34.099+0000] {processor.py:161} INFO - Started process (PID=457) to work on /home/airflow/.local/lib/python3.8/site-packages/airflow/example_dags/example_params_ui_tutorial.py
[2024-02-16T09:38:34.100+0000] {processor.py:830} INFO - Processing file /home/airflow/.local/lib/python3.8/site-packages/airflow/example_dags/example_params_ui_tutorial.py for tasks to queue
[2024-02-16T09:38:34.101+0000] {logging_mixin.py:188} INFO - [2024-02-16T09:38:34.100+0000] {dagbag.py:538} INFO - Filling up the DagBag from /home/airflow/.local/lib/python3.8/site-packages/airflow/example_dags/example_params_ui_tutorial.py
[2024-02-16T09:38:34.110+0000] {processor.py:840} INFO - DAG(s) 'example_params_ui_tutorial' retrieved from /home/airflow/.local/lib/python3.8/site-packages/airflow/example_dags/example_params_ui_tutorial.py
[2024-02-16T09:38:34.211+0000] {logging_mixin.py:188} INFO - [2024-02-16T09:38:34.211+0000] {dag.py:3036} INFO - Sync 1 DAGs
[2024-02-16T09:38:34.220+0000] {logging_mixin.py:188} INFO - [2024-02-16T09:38:34.219+0000] {dag.py:3823} INFO - Setting next_dagrun for example_params_ui_tutorial to None, run_after=None
[2024-02-16T09:38:34.239+0000] {processor.py:183} INFO - Processing /home/airflow/.local/lib/python3.8/site-packages/airflow/example_dags/example_params_ui_tutorial.py took 0.144 seconds
