[2024-02-16T09:20:27.295+0000] {processor.py:161} INFO - Started process (PID=341) to work on /home/airflow/.local/lib/python3.8/site-packages/airflow/example_dags/example_python_decorator.py
[2024-02-16T09:20:27.296+0000] {processor.py:830} INFO - Processing file /home/airflow/.local/lib/python3.8/site-packages/airflow/example_dags/example_python_decorator.py for tasks to queue
[2024-02-16T09:20:27.297+0000] {logging_mixin.py:188} INFO - [2024-02-16T09:20:27.297+0000] {dagbag.py:538} INFO - Filling up the DagBag from /home/airflow/.local/lib/python3.8/site-packages/airflow/example_dags/example_python_decorator.py
[2024-02-16T09:20:27.308+0000] {processor.py:840} INFO - DAG(s) 'example_python_decorator' retrieved from /home/airflow/.local/lib/python3.8/site-packages/airflow/example_dags/example_python_decorator.py
[2024-02-16T09:20:27.409+0000] {logging_mixin.py:188} INFO - [2024-02-16T09:20:27.408+0000] {override.py:1769} INFO - Created Permission View: can delete on DAG:example_python_decorator
[2024-02-16T09:20:27.422+0000] {logging_mixin.py:188} INFO - [2024-02-16T09:20:27.421+0000] {override.py:1769} INFO - Created Permission View: can edit on DAG:example_python_decorator
[2024-02-16T09:20:27.432+0000] {logging_mixin.py:188} INFO - [2024-02-16T09:20:27.432+0000] {override.py:1769} INFO - Created Permission View: can read on DAG:example_python_decorator
[2024-02-16T09:20:27.433+0000] {logging_mixin.py:188} INFO - [2024-02-16T09:20:27.432+0000] {dag.py:3036} INFO - Sync 1 DAGs
[2024-02-16T09:20:27.455+0000] {logging_mixin.py:188} INFO - [2024-02-16T09:20:27.455+0000] {dag.py:3058} INFO - Creating ORM DAG for example_python_decorator
[2024-02-16T09:20:27.457+0000] {logging_mixin.py:188} INFO - [2024-02-16T09:20:27.457+0000] {dag.py:3823} INFO - Setting next_dagrun for example_python_decorator to None, run_after=None
[2024-02-16T09:20:27.517+0000] {processor.py:183} INFO - Processing /home/airflow/.local/lib/python3.8/site-packages/airflow/example_dags/example_python_decorator.py took 0.226 seconds
[2024-02-16T09:20:57.727+0000] {processor.py:161} INFO - Started process (PID=588) to work on /home/airflow/.local/lib/python3.8/site-packages/airflow/example_dags/example_python_decorator.py
[2024-02-16T09:20:57.728+0000] {processor.py:830} INFO - Processing file /home/airflow/.local/lib/python3.8/site-packages/airflow/example_dags/example_python_decorator.py for tasks to queue
[2024-02-16T09:20:57.729+0000] {logging_mixin.py:188} INFO - [2024-02-16T09:20:57.728+0000] {dagbag.py:538} INFO - Filling up the DagBag from /home/airflow/.local/lib/python3.8/site-packages/airflow/example_dags/example_python_decorator.py
[2024-02-16T09:20:57.739+0000] {processor.py:840} INFO - DAG(s) 'example_python_decorator' retrieved from /home/airflow/.local/lib/python3.8/site-packages/airflow/example_dags/example_python_decorator.py
[2024-02-16T09:20:57.761+0000] {logging_mixin.py:188} INFO - [2024-02-16T09:20:57.761+0000] {dag.py:3036} INFO - Sync 1 DAGs
[2024-02-16T09:20:57.771+0000] {logging_mixin.py:188} INFO - [2024-02-16T09:20:57.771+0000] {dag.py:3823} INFO - Setting next_dagrun for example_python_decorator to None, run_after=None
[2024-02-16T09:20:57.791+0000] {processor.py:183} INFO - Processing /home/airflow/.local/lib/python3.8/site-packages/airflow/example_dags/example_python_decorator.py took 0.066 seconds
[2024-02-16T09:21:28.213+0000] {processor.py:161} INFO - Started process (PID=835) to work on /home/airflow/.local/lib/python3.8/site-packages/airflow/example_dags/example_python_decorator.py
[2024-02-16T09:21:28.214+0000] {processor.py:830} INFO - Processing file /home/airflow/.local/lib/python3.8/site-packages/airflow/example_dags/example_python_decorator.py for tasks to queue
[2024-02-16T09:21:28.215+0000] {logging_mixin.py:188} INFO - [2024-02-16T09:21:28.215+0000] {dagbag.py:538} INFO - Filling up the DagBag from /home/airflow/.local/lib/python3.8/site-packages/airflow/example_dags/example_python_decorator.py
[2024-02-16T09:21:28.225+0000] {processor.py:840} INFO - DAG(s) 'example_python_decorator' retrieved from /home/airflow/.local/lib/python3.8/site-packages/airflow/example_dags/example_python_decorator.py
[2024-02-16T09:21:28.246+0000] {logging_mixin.py:188} INFO - [2024-02-16T09:21:28.246+0000] {dag.py:3036} INFO - Sync 1 DAGs
[2024-02-16T09:21:28.256+0000] {logging_mixin.py:188} INFO - [2024-02-16T09:21:28.255+0000] {dag.py:3823} INFO - Setting next_dagrun for example_python_decorator to None, run_after=None
[2024-02-16T09:21:28.276+0000] {processor.py:183} INFO - Processing /home/airflow/.local/lib/python3.8/site-packages/airflow/example_dags/example_python_decorator.py took 0.066 seconds
[2024-02-16T09:21:59.019+0000] {processor.py:161} INFO - Started process (PID=1081) to work on /home/airflow/.local/lib/python3.8/site-packages/airflow/example_dags/example_python_decorator.py
[2024-02-16T09:21:59.020+0000] {processor.py:830} INFO - Processing file /home/airflow/.local/lib/python3.8/site-packages/airflow/example_dags/example_python_decorator.py for tasks to queue
[2024-02-16T09:21:59.021+0000] {logging_mixin.py:188} INFO - [2024-02-16T09:21:59.021+0000] {dagbag.py:538} INFO - Filling up the DagBag from /home/airflow/.local/lib/python3.8/site-packages/airflow/example_dags/example_python_decorator.py
[2024-02-16T09:21:59.032+0000] {processor.py:840} INFO - DAG(s) 'example_python_decorator' retrieved from /home/airflow/.local/lib/python3.8/site-packages/airflow/example_dags/example_python_decorator.py
[2024-02-16T09:21:59.055+0000] {logging_mixin.py:188} INFO - [2024-02-16T09:21:59.055+0000] {dag.py:3036} INFO - Sync 1 DAGs
[2024-02-16T09:21:59.066+0000] {logging_mixin.py:188} INFO - [2024-02-16T09:21:59.066+0000] {dag.py:3823} INFO - Setting next_dagrun for example_python_decorator to None, run_after=None
[2024-02-16T09:21:59.088+0000] {processor.py:183} INFO - Processing /home/airflow/.local/lib/python3.8/site-packages/airflow/example_dags/example_python_decorator.py took 0.071 seconds
[2024-02-16T09:22:29.700+0000] {processor.py:161} INFO - Started process (PID=1328) to work on /home/airflow/.local/lib/python3.8/site-packages/airflow/example_dags/example_python_decorator.py
[2024-02-16T09:22:29.701+0000] {processor.py:830} INFO - Processing file /home/airflow/.local/lib/python3.8/site-packages/airflow/example_dags/example_python_decorator.py for tasks to queue
[2024-02-16T09:22:29.703+0000] {logging_mixin.py:188} INFO - [2024-02-16T09:22:29.702+0000] {dagbag.py:538} INFO - Filling up the DagBag from /home/airflow/.local/lib/python3.8/site-packages/airflow/example_dags/example_python_decorator.py
[2024-02-16T09:22:29.713+0000] {processor.py:840} INFO - DAG(s) 'example_python_decorator' retrieved from /home/airflow/.local/lib/python3.8/site-packages/airflow/example_dags/example_python_decorator.py
[2024-02-16T09:22:29.733+0000] {logging_mixin.py:188} INFO - [2024-02-16T09:22:29.733+0000] {dag.py:3036} INFO - Sync 1 DAGs
[2024-02-16T09:22:29.745+0000] {logging_mixin.py:188} INFO - [2024-02-16T09:22:29.745+0000] {dag.py:3823} INFO - Setting next_dagrun for example_python_decorator to None, run_after=None
[2024-02-16T09:22:29.766+0000] {processor.py:183} INFO - Processing /home/airflow/.local/lib/python3.8/site-packages/airflow/example_dags/example_python_decorator.py took 0.068 seconds
[2024-02-16T09:23:00.231+0000] {processor.py:161} INFO - Started process (PID=1575) to work on /home/airflow/.local/lib/python3.8/site-packages/airflow/example_dags/example_python_decorator.py
[2024-02-16T09:23:00.232+0000] {processor.py:830} INFO - Processing file /home/airflow/.local/lib/python3.8/site-packages/airflow/example_dags/example_python_decorator.py for tasks to queue
[2024-02-16T09:23:00.233+0000] {logging_mixin.py:188} INFO - [2024-02-16T09:23:00.232+0000] {dagbag.py:538} INFO - Filling up the DagBag from /home/airflow/.local/lib/python3.8/site-packages/airflow/example_dags/example_python_decorator.py
[2024-02-16T09:23:00.243+0000] {processor.py:840} INFO - DAG(s) 'example_python_decorator' retrieved from /home/airflow/.local/lib/python3.8/site-packages/airflow/example_dags/example_python_decorator.py
[2024-02-16T09:23:00.263+0000] {logging_mixin.py:188} INFO - [2024-02-16T09:23:00.263+0000] {dag.py:3036} INFO - Sync 1 DAGs
[2024-02-16T09:23:00.274+0000] {logging_mixin.py:188} INFO - [2024-02-16T09:23:00.274+0000] {dag.py:3823} INFO - Setting next_dagrun for example_python_decorator to None, run_after=None
[2024-02-16T09:23:00.293+0000] {processor.py:183} INFO - Processing /home/airflow/.local/lib/python3.8/site-packages/airflow/example_dags/example_python_decorator.py took 0.065 seconds
[2024-02-16T09:23:30.607+0000] {processor.py:161} INFO - Started process (PID=1821) to work on /home/airflow/.local/lib/python3.8/site-packages/airflow/example_dags/example_python_decorator.py
[2024-02-16T09:23:30.608+0000] {processor.py:830} INFO - Processing file /home/airflow/.local/lib/python3.8/site-packages/airflow/example_dags/example_python_decorator.py for tasks to queue
[2024-02-16T09:23:30.609+0000] {logging_mixin.py:188} INFO - [2024-02-16T09:23:30.608+0000] {dagbag.py:538} INFO - Filling up the DagBag from /home/airflow/.local/lib/python3.8/site-packages/airflow/example_dags/example_python_decorator.py
[2024-02-16T09:23:30.618+0000] {processor.py:840} INFO - DAG(s) 'example_python_decorator' retrieved from /home/airflow/.local/lib/python3.8/site-packages/airflow/example_dags/example_python_decorator.py
[2024-02-16T09:23:30.638+0000] {logging_mixin.py:188} INFO - [2024-02-16T09:23:30.638+0000] {dag.py:3036} INFO - Sync 1 DAGs
[2024-02-16T09:23:30.649+0000] {logging_mixin.py:188} INFO - [2024-02-16T09:23:30.649+0000] {dag.py:3823} INFO - Setting next_dagrun for example_python_decorator to None, run_after=None
[2024-02-16T09:23:30.669+0000] {processor.py:183} INFO - Processing /home/airflow/.local/lib/python3.8/site-packages/airflow/example_dags/example_python_decorator.py took 0.065 seconds
[2024-02-16T09:24:01.053+0000] {processor.py:161} INFO - Started process (PID=2068) to work on /home/airflow/.local/lib/python3.8/site-packages/airflow/example_dags/example_python_decorator.py
[2024-02-16T09:24:01.055+0000] {processor.py:830} INFO - Processing file /home/airflow/.local/lib/python3.8/site-packages/airflow/example_dags/example_python_decorator.py for tasks to queue
[2024-02-16T09:24:01.056+0000] {logging_mixin.py:188} INFO - [2024-02-16T09:24:01.056+0000] {dagbag.py:538} INFO - Filling up the DagBag from /home/airflow/.local/lib/python3.8/site-packages/airflow/example_dags/example_python_decorator.py
[2024-02-16T09:24:01.068+0000] {processor.py:840} INFO - DAG(s) 'example_python_decorator' retrieved from /home/airflow/.local/lib/python3.8/site-packages/airflow/example_dags/example_python_decorator.py
[2024-02-16T09:24:01.093+0000] {logging_mixin.py:188} INFO - [2024-02-16T09:24:01.093+0000] {dag.py:3036} INFO - Sync 1 DAGs
[2024-02-16T09:24:01.106+0000] {logging_mixin.py:188} INFO - [2024-02-16T09:24:01.106+0000] {dag.py:3823} INFO - Setting next_dagrun for example_python_decorator to None, run_after=None
[2024-02-16T09:24:01.130+0000] {processor.py:183} INFO - Processing /home/airflow/.local/lib/python3.8/site-packages/airflow/example_dags/example_python_decorator.py took 0.080 seconds
[2024-02-16T09:24:31.510+0000] {processor.py:161} INFO - Started process (PID=2314) to work on /home/airflow/.local/lib/python3.8/site-packages/airflow/example_dags/example_python_decorator.py
[2024-02-16T09:24:31.511+0000] {processor.py:830} INFO - Processing file /home/airflow/.local/lib/python3.8/site-packages/airflow/example_dags/example_python_decorator.py for tasks to queue
[2024-02-16T09:24:31.512+0000] {logging_mixin.py:188} INFO - [2024-02-16T09:24:31.512+0000] {dagbag.py:538} INFO - Filling up the DagBag from /home/airflow/.local/lib/python3.8/site-packages/airflow/example_dags/example_python_decorator.py
[2024-02-16T09:24:31.521+0000] {processor.py:840} INFO - DAG(s) 'example_python_decorator' retrieved from /home/airflow/.local/lib/python3.8/site-packages/airflow/example_dags/example_python_decorator.py
[2024-02-16T09:24:31.543+0000] {logging_mixin.py:188} INFO - [2024-02-16T09:24:31.543+0000] {dag.py:3036} INFO - Sync 1 DAGs
[2024-02-16T09:24:31.552+0000] {logging_mixin.py:188} INFO - [2024-02-16T09:24:31.552+0000] {dag.py:3823} INFO - Setting next_dagrun for example_python_decorator to None, run_after=None
[2024-02-16T09:24:31.570+0000] {processor.py:183} INFO - Processing /home/airflow/.local/lib/python3.8/site-packages/airflow/example_dags/example_python_decorator.py took 0.063 seconds
[2024-02-16T09:25:01.948+0000] {processor.py:161} INFO - Started process (PID=2561) to work on /home/airflow/.local/lib/python3.8/site-packages/airflow/example_dags/example_python_decorator.py
[2024-02-16T09:25:01.949+0000] {processor.py:830} INFO - Processing file /home/airflow/.local/lib/python3.8/site-packages/airflow/example_dags/example_python_decorator.py for tasks to queue
[2024-02-16T09:25:01.950+0000] {logging_mixin.py:188} INFO - [2024-02-16T09:25:01.950+0000] {dagbag.py:538} INFO - Filling up the DagBag from /home/airflow/.local/lib/python3.8/site-packages/airflow/example_dags/example_python_decorator.py
[2024-02-16T09:25:01.961+0000] {processor.py:840} INFO - DAG(s) 'example_python_decorator' retrieved from /home/airflow/.local/lib/python3.8/site-packages/airflow/example_dags/example_python_decorator.py
[2024-02-16T09:25:01.983+0000] {logging_mixin.py:188} INFO - [2024-02-16T09:25:01.982+0000] {dag.py:3036} INFO - Sync 1 DAGs
[2024-02-16T09:25:01.993+0000] {logging_mixin.py:188} INFO - [2024-02-16T09:25:01.993+0000] {dag.py:3823} INFO - Setting next_dagrun for example_python_decorator to None, run_after=None
[2024-02-16T09:25:02.009+0000] {processor.py:183} INFO - Processing /home/airflow/.local/lib/python3.8/site-packages/airflow/example_dags/example_python_decorator.py took 0.064 seconds
[2024-02-16T09:25:32.473+0000] {processor.py:161} INFO - Started process (PID=2807) to work on /home/airflow/.local/lib/python3.8/site-packages/airflow/example_dags/example_python_decorator.py
[2024-02-16T09:25:32.474+0000] {processor.py:830} INFO - Processing file /home/airflow/.local/lib/python3.8/site-packages/airflow/example_dags/example_python_decorator.py for tasks to queue
[2024-02-16T09:25:32.475+0000] {logging_mixin.py:188} INFO - [2024-02-16T09:25:32.475+0000] {dagbag.py:538} INFO - Filling up the DagBag from /home/airflow/.local/lib/python3.8/site-packages/airflow/example_dags/example_python_decorator.py
[2024-02-16T09:25:32.484+0000] {processor.py:840} INFO - DAG(s) 'example_python_decorator' retrieved from /home/airflow/.local/lib/python3.8/site-packages/airflow/example_dags/example_python_decorator.py
[2024-02-16T09:25:32.505+0000] {logging_mixin.py:188} INFO - [2024-02-16T09:25:32.505+0000] {dag.py:3036} INFO - Sync 1 DAGs
[2024-02-16T09:25:32.514+0000] {logging_mixin.py:188} INFO - [2024-02-16T09:25:32.514+0000] {dag.py:3823} INFO - Setting next_dagrun for example_python_decorator to None, run_after=None
[2024-02-16T09:25:32.533+0000] {processor.py:183} INFO - Processing /home/airflow/.local/lib/python3.8/site-packages/airflow/example_dags/example_python_decorator.py took 0.064 seconds
[2024-02-16T09:26:03.324+0000] {processor.py:161} INFO - Started process (PID=3054) to work on /home/airflow/.local/lib/python3.8/site-packages/airflow/example_dags/example_python_decorator.py
[2024-02-16T09:26:03.326+0000] {processor.py:830} INFO - Processing file /home/airflow/.local/lib/python3.8/site-packages/airflow/example_dags/example_python_decorator.py for tasks to queue
[2024-02-16T09:26:03.327+0000] {logging_mixin.py:188} INFO - [2024-02-16T09:26:03.327+0000] {dagbag.py:538} INFO - Filling up the DagBag from /home/airflow/.local/lib/python3.8/site-packages/airflow/example_dags/example_python_decorator.py
[2024-02-16T09:26:03.341+0000] {processor.py:840} INFO - DAG(s) 'example_python_decorator' retrieved from /home/airflow/.local/lib/python3.8/site-packages/airflow/example_dags/example_python_decorator.py
[2024-02-16T09:26:03.369+0000] {logging_mixin.py:188} INFO - [2024-02-16T09:26:03.369+0000] {dag.py:3036} INFO - Sync 1 DAGs
[2024-02-16T09:26:03.382+0000] {logging_mixin.py:188} INFO - [2024-02-16T09:26:03.382+0000] {dag.py:3823} INFO - Setting next_dagrun for example_python_decorator to None, run_after=None
[2024-02-16T09:26:03.405+0000] {processor.py:183} INFO - Processing /home/airflow/.local/lib/python3.8/site-packages/airflow/example_dags/example_python_decorator.py took 0.084 seconds
[2024-02-16T09:26:34.010+0000] {processor.py:161} INFO - Started process (PID=3305) to work on /home/airflow/.local/lib/python3.8/site-packages/airflow/example_dags/example_python_decorator.py
[2024-02-16T09:26:34.012+0000] {processor.py:830} INFO - Processing file /home/airflow/.local/lib/python3.8/site-packages/airflow/example_dags/example_python_decorator.py for tasks to queue
[2024-02-16T09:26:34.013+0000] {logging_mixin.py:188} INFO - [2024-02-16T09:26:34.013+0000] {dagbag.py:538} INFO - Filling up the DagBag from /home/airflow/.local/lib/python3.8/site-packages/airflow/example_dags/example_python_decorator.py
[2024-02-16T09:26:34.023+0000] {processor.py:840} INFO - DAG(s) 'example_python_decorator' retrieved from /home/airflow/.local/lib/python3.8/site-packages/airflow/example_dags/example_python_decorator.py
[2024-02-16T09:26:34.046+0000] {logging_mixin.py:188} INFO - [2024-02-16T09:26:34.046+0000] {dag.py:3036} INFO - Sync 1 DAGs
[2024-02-16T09:26:34.058+0000] {logging_mixin.py:188} INFO - [2024-02-16T09:26:34.058+0000] {dag.py:3823} INFO - Setting next_dagrun for example_python_decorator to None, run_after=None
[2024-02-16T09:26:34.081+0000] {processor.py:183} INFO - Processing /home/airflow/.local/lib/python3.8/site-packages/airflow/example_dags/example_python_decorator.py took 0.074 seconds
[2024-02-16T09:27:04.490+0000] {processor.py:161} INFO - Started process (PID=3552) to work on /home/airflow/.local/lib/python3.8/site-packages/airflow/example_dags/example_python_decorator.py
[2024-02-16T09:27:04.491+0000] {processor.py:830} INFO - Processing file /home/airflow/.local/lib/python3.8/site-packages/airflow/example_dags/example_python_decorator.py for tasks to queue
[2024-02-16T09:27:04.492+0000] {logging_mixin.py:188} INFO - [2024-02-16T09:27:04.492+0000] {dagbag.py:538} INFO - Filling up the DagBag from /home/airflow/.local/lib/python3.8/site-packages/airflow/example_dags/example_python_decorator.py
[2024-02-16T09:27:04.502+0000] {processor.py:840} INFO - DAG(s) 'example_python_decorator' retrieved from /home/airflow/.local/lib/python3.8/site-packages/airflow/example_dags/example_python_decorator.py
[2024-02-16T09:27:04.523+0000] {logging_mixin.py:188} INFO - [2024-02-16T09:27:04.522+0000] {dag.py:3036} INFO - Sync 1 DAGs
[2024-02-16T09:27:04.533+0000] {logging_mixin.py:188} INFO - [2024-02-16T09:27:04.533+0000] {dag.py:3823} INFO - Setting next_dagrun for example_python_decorator to None, run_after=None
[2024-02-16T09:27:04.551+0000] {processor.py:183} INFO - Processing /home/airflow/.local/lib/python3.8/site-packages/airflow/example_dags/example_python_decorator.py took 0.063 seconds
[2024-02-16T09:27:35.033+0000] {processor.py:161} INFO - Started process (PID=3801) to work on /home/airflow/.local/lib/python3.8/site-packages/airflow/example_dags/example_python_decorator.py
[2024-02-16T09:27:35.034+0000] {processor.py:830} INFO - Processing file /home/airflow/.local/lib/python3.8/site-packages/airflow/example_dags/example_python_decorator.py for tasks to queue
[2024-02-16T09:27:35.035+0000] {logging_mixin.py:188} INFO - [2024-02-16T09:27:35.035+0000] {dagbag.py:538} INFO - Filling up the DagBag from /home/airflow/.local/lib/python3.8/site-packages/airflow/example_dags/example_python_decorator.py
[2024-02-16T09:27:35.045+0000] {processor.py:840} INFO - DAG(s) 'example_python_decorator' retrieved from /home/airflow/.local/lib/python3.8/site-packages/airflow/example_dags/example_python_decorator.py
[2024-02-16T09:27:35.066+0000] {logging_mixin.py:188} INFO - [2024-02-16T09:27:35.066+0000] {dag.py:3036} INFO - Sync 1 DAGs
[2024-02-16T09:27:35.076+0000] {logging_mixin.py:188} INFO - [2024-02-16T09:27:35.075+0000] {dag.py:3823} INFO - Setting next_dagrun for example_python_decorator to None, run_after=None
[2024-02-16T09:27:35.096+0000] {processor.py:183} INFO - Processing /home/airflow/.local/lib/python3.8/site-packages/airflow/example_dags/example_python_decorator.py took 0.067 seconds
[2024-02-16T09:28:05.471+0000] {processor.py:161} INFO - Started process (PID=4049) to work on /home/airflow/.local/lib/python3.8/site-packages/airflow/example_dags/example_python_decorator.py
[2024-02-16T09:28:05.472+0000] {processor.py:830} INFO - Processing file /home/airflow/.local/lib/python3.8/site-packages/airflow/example_dags/example_python_decorator.py for tasks to queue
[2024-02-16T09:28:05.473+0000] {logging_mixin.py:188} INFO - [2024-02-16T09:28:05.473+0000] {dagbag.py:538} INFO - Filling up the DagBag from /home/airflow/.local/lib/python3.8/site-packages/airflow/example_dags/example_python_decorator.py
[2024-02-16T09:28:05.482+0000] {processor.py:840} INFO - DAG(s) 'example_python_decorator' retrieved from /home/airflow/.local/lib/python3.8/site-packages/airflow/example_dags/example_python_decorator.py
[2024-02-16T09:28:05.503+0000] {logging_mixin.py:188} INFO - [2024-02-16T09:28:05.503+0000] {dag.py:3036} INFO - Sync 1 DAGs
[2024-02-16T09:28:05.514+0000] {logging_mixin.py:188} INFO - [2024-02-16T09:28:05.513+0000] {dag.py:3823} INFO - Setting next_dagrun for example_python_decorator to None, run_after=None
[2024-02-16T09:28:05.533+0000] {processor.py:183} INFO - Processing /home/airflow/.local/lib/python3.8/site-packages/airflow/example_dags/example_python_decorator.py took 0.065 seconds
[2024-02-16T09:28:35.789+0000] {processor.py:161} INFO - Started process (PID=4293) to work on /home/airflow/.local/lib/python3.8/site-packages/airflow/example_dags/example_python_decorator.py
[2024-02-16T09:28:35.791+0000] {processor.py:830} INFO - Processing file /home/airflow/.local/lib/python3.8/site-packages/airflow/example_dags/example_python_decorator.py for tasks to queue
[2024-02-16T09:28:35.792+0000] {logging_mixin.py:188} INFO - [2024-02-16T09:28:35.792+0000] {dagbag.py:538} INFO - Filling up the DagBag from /home/airflow/.local/lib/python3.8/site-packages/airflow/example_dags/example_python_decorator.py
[2024-02-16T09:28:35.802+0000] {processor.py:840} INFO - DAG(s) 'example_python_decorator' retrieved from /home/airflow/.local/lib/python3.8/site-packages/airflow/example_dags/example_python_decorator.py
[2024-02-16T09:28:35.821+0000] {logging_mixin.py:188} INFO - [2024-02-16T09:28:35.821+0000] {dag.py:3036} INFO - Sync 1 DAGs
[2024-02-16T09:28:35.830+0000] {logging_mixin.py:188} INFO - [2024-02-16T09:28:35.830+0000] {dag.py:3823} INFO - Setting next_dagrun for example_python_decorator to None, run_after=None
[2024-02-16T09:28:35.847+0000] {processor.py:183} INFO - Processing /home/airflow/.local/lib/python3.8/site-packages/airflow/example_dags/example_python_decorator.py took 0.061 seconds
[2024-02-16T09:29:06.143+0000] {processor.py:161} INFO - Started process (PID=4540) to work on /home/airflow/.local/lib/python3.8/site-packages/airflow/example_dags/example_python_decorator.py
[2024-02-16T09:29:06.144+0000] {processor.py:830} INFO - Processing file /home/airflow/.local/lib/python3.8/site-packages/airflow/example_dags/example_python_decorator.py for tasks to queue
[2024-02-16T09:29:06.144+0000] {logging_mixin.py:188} INFO - [2024-02-16T09:29:06.144+0000] {dagbag.py:538} INFO - Filling up the DagBag from /home/airflow/.local/lib/python3.8/site-packages/airflow/example_dags/example_python_decorator.py
[2024-02-16T09:29:06.154+0000] {processor.py:840} INFO - DAG(s) 'example_python_decorator' retrieved from /home/airflow/.local/lib/python3.8/site-packages/airflow/example_dags/example_python_decorator.py
[2024-02-16T09:29:06.176+0000] {logging_mixin.py:188} INFO - [2024-02-16T09:29:06.176+0000] {dag.py:3036} INFO - Sync 1 DAGs
[2024-02-16T09:29:06.186+0000] {logging_mixin.py:188} INFO - [2024-02-16T09:29:06.186+0000] {dag.py:3823} INFO - Setting next_dagrun for example_python_decorator to None, run_after=None
[2024-02-16T09:29:06.206+0000] {processor.py:183} INFO - Processing /home/airflow/.local/lib/python3.8/site-packages/airflow/example_dags/example_python_decorator.py took 0.066 seconds
[2024-02-16T09:29:36.845+0000] {processor.py:161} INFO - Started process (PID=4786) to work on /home/airflow/.local/lib/python3.8/site-packages/airflow/example_dags/example_python_decorator.py
[2024-02-16T09:29:36.847+0000] {processor.py:830} INFO - Processing file /home/airflow/.local/lib/python3.8/site-packages/airflow/example_dags/example_python_decorator.py for tasks to queue
[2024-02-16T09:29:36.848+0000] {logging_mixin.py:188} INFO - [2024-02-16T09:29:36.847+0000] {dagbag.py:538} INFO - Filling up the DagBag from /home/airflow/.local/lib/python3.8/site-packages/airflow/example_dags/example_python_decorator.py
[2024-02-16T09:29:36.858+0000] {processor.py:840} INFO - DAG(s) 'example_python_decorator' retrieved from /home/airflow/.local/lib/python3.8/site-packages/airflow/example_dags/example_python_decorator.py
[2024-02-16T09:29:36.881+0000] {logging_mixin.py:188} INFO - [2024-02-16T09:29:36.881+0000] {dag.py:3036} INFO - Sync 1 DAGs
[2024-02-16T09:29:36.892+0000] {logging_mixin.py:188} INFO - [2024-02-16T09:29:36.892+0000] {dag.py:3823} INFO - Setting next_dagrun for example_python_decorator to None, run_after=None
[2024-02-16T09:29:36.913+0000] {processor.py:183} INFO - Processing /home/airflow/.local/lib/python3.8/site-packages/airflow/example_dags/example_python_decorator.py took 0.071 seconds
[2024-02-16T09:30:07.791+0000] {processor.py:161} INFO - Started process (PID=5065) to work on /home/airflow/.local/lib/python3.8/site-packages/airflow/example_dags/example_python_decorator.py
[2024-02-16T09:30:07.792+0000] {processor.py:830} INFO - Processing file /home/airflow/.local/lib/python3.8/site-packages/airflow/example_dags/example_python_decorator.py for tasks to queue
[2024-02-16T09:30:07.793+0000] {logging_mixin.py:188} INFO - [2024-02-16T09:30:07.792+0000] {dagbag.py:538} INFO - Filling up the DagBag from /home/airflow/.local/lib/python3.8/site-packages/airflow/example_dags/example_python_decorator.py
[2024-02-16T09:30:07.808+0000] {processor.py:840} INFO - DAG(s) 'example_python_decorator' retrieved from /home/airflow/.local/lib/python3.8/site-packages/airflow/example_dags/example_python_decorator.py
[2024-02-16T09:30:07.836+0000] {logging_mixin.py:188} INFO - [2024-02-16T09:30:07.836+0000] {dag.py:3036} INFO - Sync 1 DAGs
[2024-02-16T09:30:07.874+0000] {logging_mixin.py:188} INFO - [2024-02-16T09:30:07.873+0000] {dag.py:3823} INFO - Setting next_dagrun for example_python_decorator to None, run_after=None
[2024-02-16T09:30:07.904+0000] {processor.py:183} INFO - Processing /home/airflow/.local/lib/python3.8/site-packages/airflow/example_dags/example_python_decorator.py took 0.117 seconds
[2024-02-16T09:30:38.806+0000] {processor.py:161} INFO - Started process (PID=5460) to work on /home/airflow/.local/lib/python3.8/site-packages/airflow/example_dags/example_python_decorator.py
[2024-02-16T09:30:38.808+0000] {processor.py:830} INFO - Processing file /home/airflow/.local/lib/python3.8/site-packages/airflow/example_dags/example_python_decorator.py for tasks to queue
[2024-02-16T09:30:38.808+0000] {logging_mixin.py:188} INFO - [2024-02-16T09:30:38.808+0000] {dagbag.py:538} INFO - Filling up the DagBag from /home/airflow/.local/lib/python3.8/site-packages/airflow/example_dags/example_python_decorator.py
[2024-02-16T09:30:38.818+0000] {processor.py:840} INFO - DAG(s) 'example_python_decorator' retrieved from /home/airflow/.local/lib/python3.8/site-packages/airflow/example_dags/example_python_decorator.py
[2024-02-16T09:30:38.840+0000] {logging_mixin.py:188} INFO - [2024-02-16T09:30:38.839+0000] {dag.py:3036} INFO - Sync 1 DAGs
[2024-02-16T09:30:38.849+0000] {logging_mixin.py:188} INFO - [2024-02-16T09:30:38.849+0000] {dag.py:3823} INFO - Setting next_dagrun for example_python_decorator to None, run_after=None
[2024-02-16T09:30:38.868+0000] {processor.py:183} INFO - Processing /home/airflow/.local/lib/python3.8/site-packages/airflow/example_dags/example_python_decorator.py took 0.065 seconds
[2024-02-16T09:31:09.069+0000] {processor.py:161} INFO - Started process (PID=5706) to work on /home/airflow/.local/lib/python3.8/site-packages/airflow/example_dags/example_python_decorator.py
[2024-02-16T09:31:09.071+0000] {processor.py:830} INFO - Processing file /home/airflow/.local/lib/python3.8/site-packages/airflow/example_dags/example_python_decorator.py for tasks to queue
[2024-02-16T09:31:09.072+0000] {logging_mixin.py:188} INFO - [2024-02-16T09:31:09.071+0000] {dagbag.py:538} INFO - Filling up the DagBag from /home/airflow/.local/lib/python3.8/site-packages/airflow/example_dags/example_python_decorator.py
[2024-02-16T09:31:09.081+0000] {processor.py:840} INFO - DAG(s) 'example_python_decorator' retrieved from /home/airflow/.local/lib/python3.8/site-packages/airflow/example_dags/example_python_decorator.py
[2024-02-16T09:31:09.100+0000] {logging_mixin.py:188} INFO - [2024-02-16T09:31:09.099+0000] {dag.py:3036} INFO - Sync 1 DAGs
[2024-02-16T09:31:09.108+0000] {logging_mixin.py:188} INFO - [2024-02-16T09:31:09.108+0000] {dag.py:3823} INFO - Setting next_dagrun for example_python_decorator to None, run_after=None
[2024-02-16T09:31:09.125+0000] {processor.py:183} INFO - Processing /home/airflow/.local/lib/python3.8/site-packages/airflow/example_dags/example_python_decorator.py took 0.058 seconds
[2024-02-16T09:31:39.542+0000] {processor.py:161} INFO - Started process (PID=5953) to work on /home/airflow/.local/lib/python3.8/site-packages/airflow/example_dags/example_python_decorator.py
[2024-02-16T09:31:39.544+0000] {processor.py:830} INFO - Processing file /home/airflow/.local/lib/python3.8/site-packages/airflow/example_dags/example_python_decorator.py for tasks to queue
[2024-02-16T09:31:39.544+0000] {logging_mixin.py:188} INFO - [2024-02-16T09:31:39.544+0000] {dagbag.py:538} INFO - Filling up the DagBag from /home/airflow/.local/lib/python3.8/site-packages/airflow/example_dags/example_python_decorator.py
[2024-02-16T09:31:39.554+0000] {processor.py:840} INFO - DAG(s) 'example_python_decorator' retrieved from /home/airflow/.local/lib/python3.8/site-packages/airflow/example_dags/example_python_decorator.py
[2024-02-16T09:31:39.576+0000] {logging_mixin.py:188} INFO - [2024-02-16T09:31:39.575+0000] {dag.py:3036} INFO - Sync 1 DAGs
[2024-02-16T09:31:39.586+0000] {logging_mixin.py:188} INFO - [2024-02-16T09:31:39.586+0000] {dag.py:3823} INFO - Setting next_dagrun for example_python_decorator to None, run_after=None
[2024-02-16T09:31:39.608+0000] {processor.py:183} INFO - Processing /home/airflow/.local/lib/python3.8/site-packages/airflow/example_dags/example_python_decorator.py took 0.068 seconds
[2024-02-16T09:32:09.967+0000] {processor.py:161} INFO - Started process (PID=6199) to work on /home/airflow/.local/lib/python3.8/site-packages/airflow/example_dags/example_python_decorator.py
[2024-02-16T09:32:09.968+0000] {processor.py:830} INFO - Processing file /home/airflow/.local/lib/python3.8/site-packages/airflow/example_dags/example_python_decorator.py for tasks to queue
[2024-02-16T09:32:09.969+0000] {logging_mixin.py:188} INFO - [2024-02-16T09:32:09.969+0000] {dagbag.py:538} INFO - Filling up the DagBag from /home/airflow/.local/lib/python3.8/site-packages/airflow/example_dags/example_python_decorator.py
[2024-02-16T09:32:09.979+0000] {processor.py:840} INFO - DAG(s) 'example_python_decorator' retrieved from /home/airflow/.local/lib/python3.8/site-packages/airflow/example_dags/example_python_decorator.py
[2024-02-16T09:32:09.998+0000] {logging_mixin.py:188} INFO - [2024-02-16T09:32:09.998+0000] {dag.py:3036} INFO - Sync 1 DAGs
[2024-02-16T09:32:10.008+0000] {logging_mixin.py:188} INFO - [2024-02-16T09:32:10.008+0000] {dag.py:3823} INFO - Setting next_dagrun for example_python_decorator to None, run_after=None
[2024-02-16T09:32:10.026+0000] {processor.py:183} INFO - Processing /home/airflow/.local/lib/python3.8/site-packages/airflow/example_dags/example_python_decorator.py took 0.061 seconds
[2024-02-16T09:32:40.507+0000] {processor.py:161} INFO - Started process (PID=6446) to work on /home/airflow/.local/lib/python3.8/site-packages/airflow/example_dags/example_python_decorator.py
[2024-02-16T09:32:40.510+0000] {processor.py:830} INFO - Processing file /home/airflow/.local/lib/python3.8/site-packages/airflow/example_dags/example_python_decorator.py for tasks to queue
[2024-02-16T09:32:40.511+0000] {logging_mixin.py:188} INFO - [2024-02-16T09:32:40.511+0000] {dagbag.py:538} INFO - Filling up the DagBag from /home/airflow/.local/lib/python3.8/site-packages/airflow/example_dags/example_python_decorator.py
[2024-02-16T09:32:40.527+0000] {processor.py:840} INFO - DAG(s) 'example_python_decorator' retrieved from /home/airflow/.local/lib/python3.8/site-packages/airflow/example_dags/example_python_decorator.py
[2024-02-16T09:32:40.561+0000] {logging_mixin.py:188} INFO - [2024-02-16T09:32:40.560+0000] {dag.py:3036} INFO - Sync 1 DAGs
[2024-02-16T09:32:40.573+0000] {logging_mixin.py:188} INFO - [2024-02-16T09:32:40.573+0000] {dag.py:3823} INFO - Setting next_dagrun for example_python_decorator to None, run_after=None
[2024-02-16T09:32:40.598+0000] {processor.py:183} INFO - Processing /home/airflow/.local/lib/python3.8/site-packages/airflow/example_dags/example_python_decorator.py took 0.095 seconds
[2024-02-16T09:33:11.222+0000] {processor.py:161} INFO - Started process (PID=6693) to work on /home/airflow/.local/lib/python3.8/site-packages/airflow/example_dags/example_python_decorator.py
[2024-02-16T09:33:11.223+0000] {processor.py:830} INFO - Processing file /home/airflow/.local/lib/python3.8/site-packages/airflow/example_dags/example_python_decorator.py for tasks to queue
[2024-02-16T09:33:11.224+0000] {logging_mixin.py:188} INFO - [2024-02-16T09:33:11.224+0000] {dagbag.py:538} INFO - Filling up the DagBag from /home/airflow/.local/lib/python3.8/site-packages/airflow/example_dags/example_python_decorator.py
[2024-02-16T09:33:11.234+0000] {processor.py:840} INFO - DAG(s) 'example_python_decorator' retrieved from /home/airflow/.local/lib/python3.8/site-packages/airflow/example_dags/example_python_decorator.py
[2024-02-16T09:33:11.253+0000] {logging_mixin.py:188} INFO - [2024-02-16T09:33:11.253+0000] {dag.py:3036} INFO - Sync 1 DAGs
[2024-02-16T09:33:11.261+0000] {logging_mixin.py:188} INFO - [2024-02-16T09:33:11.261+0000] {dag.py:3823} INFO - Setting next_dagrun for example_python_decorator to None, run_after=None
[2024-02-16T09:33:11.279+0000] {processor.py:183} INFO - Processing /home/airflow/.local/lib/python3.8/site-packages/airflow/example_dags/example_python_decorator.py took 0.059 seconds
[2024-02-16T09:33:41.617+0000] {processor.py:161} INFO - Started process (PID=6940) to work on /home/airflow/.local/lib/python3.8/site-packages/airflow/example_dags/example_python_decorator.py
[2024-02-16T09:33:41.618+0000] {processor.py:830} INFO - Processing file /home/airflow/.local/lib/python3.8/site-packages/airflow/example_dags/example_python_decorator.py for tasks to queue
[2024-02-16T09:33:41.619+0000] {logging_mixin.py:188} INFO - [2024-02-16T09:33:41.619+0000] {dagbag.py:538} INFO - Filling up the DagBag from /home/airflow/.local/lib/python3.8/site-packages/airflow/example_dags/example_python_decorator.py
[2024-02-16T09:33:41.628+0000] {processor.py:840} INFO - DAG(s) 'example_python_decorator' retrieved from /home/airflow/.local/lib/python3.8/site-packages/airflow/example_dags/example_python_decorator.py
[2024-02-16T09:33:41.647+0000] {logging_mixin.py:188} INFO - [2024-02-16T09:33:41.646+0000] {dag.py:3036} INFO - Sync 1 DAGs
[2024-02-16T09:33:41.655+0000] {logging_mixin.py:188} INFO - [2024-02-16T09:33:41.655+0000] {dag.py:3823} INFO - Setting next_dagrun for example_python_decorator to None, run_after=None
[2024-02-16T09:33:41.673+0000] {processor.py:183} INFO - Processing /home/airflow/.local/lib/python3.8/site-packages/airflow/example_dags/example_python_decorator.py took 0.059 seconds
[2024-02-16T09:34:11.987+0000] {processor.py:161} INFO - Started process (PID=7187) to work on /home/airflow/.local/lib/python3.8/site-packages/airflow/example_dags/example_python_decorator.py
[2024-02-16T09:34:11.989+0000] {processor.py:830} INFO - Processing file /home/airflow/.local/lib/python3.8/site-packages/airflow/example_dags/example_python_decorator.py for tasks to queue
[2024-02-16T09:34:11.989+0000] {logging_mixin.py:188} INFO - [2024-02-16T09:34:11.989+0000] {dagbag.py:538} INFO - Filling up the DagBag from /home/airflow/.local/lib/python3.8/site-packages/airflow/example_dags/example_python_decorator.py
[2024-02-16T09:34:12.000+0000] {processor.py:840} INFO - DAG(s) 'example_python_decorator' retrieved from /home/airflow/.local/lib/python3.8/site-packages/airflow/example_dags/example_python_decorator.py
[2024-02-16T09:34:12.022+0000] {logging_mixin.py:188} INFO - [2024-02-16T09:34:12.022+0000] {dag.py:3036} INFO - Sync 1 DAGs
[2024-02-16T09:34:12.034+0000] {logging_mixin.py:188} INFO - [2024-02-16T09:34:12.034+0000] {dag.py:3823} INFO - Setting next_dagrun for example_python_decorator to None, run_after=None
[2024-02-16T09:34:12.055+0000] {processor.py:183} INFO - Processing /home/airflow/.local/lib/python3.8/site-packages/airflow/example_dags/example_python_decorator.py took 0.070 seconds
[2024-02-16T09:38:04.617+0000] {processor.py:161} INFO - Started process (PID=340) to work on /home/airflow/.local/lib/python3.8/site-packages/airflow/example_dags/example_python_decorator.py
[2024-02-16T09:38:04.619+0000] {processor.py:830} INFO - Processing file /home/airflow/.local/lib/python3.8/site-packages/airflow/example_dags/example_python_decorator.py for tasks to queue
[2024-02-16T09:38:04.620+0000] {logging_mixin.py:188} INFO - [2024-02-16T09:38:04.620+0000] {dagbag.py:538} INFO - Filling up the DagBag from /home/airflow/.local/lib/python3.8/site-packages/airflow/example_dags/example_python_decorator.py
[2024-02-16T09:38:04.629+0000] {processor.py:840} INFO - DAG(s) 'example_python_decorator' retrieved from /home/airflow/.local/lib/python3.8/site-packages/airflow/example_dags/example_python_decorator.py
[2024-02-16T09:38:04.643+0000] {logging_mixin.py:188} INFO - [2024-02-16T09:38:04.643+0000] {dag.py:3036} INFO - Sync 1 DAGs
[2024-02-16T09:38:04.656+0000] {logging_mixin.py:188} INFO - [2024-02-16T09:38:04.656+0000] {dag.py:3823} INFO - Setting next_dagrun for example_python_decorator to None, run_after=None
[2024-02-16T09:38:04.679+0000] {processor.py:183} INFO - Processing /home/airflow/.local/lib/python3.8/site-packages/airflow/example_dags/example_python_decorator.py took 0.067 seconds
[2024-02-16T09:38:36.249+0000] {processor.py:161} INFO - Started process (PID=589) to work on /home/airflow/.local/lib/python3.8/site-packages/airflow/example_dags/example_python_decorator.py
[2024-02-16T09:38:36.250+0000] {processor.py:830} INFO - Processing file /home/airflow/.local/lib/python3.8/site-packages/airflow/example_dags/example_python_decorator.py for tasks to queue
[2024-02-16T09:38:36.251+0000] {logging_mixin.py:188} INFO - [2024-02-16T09:38:36.251+0000] {dagbag.py:538} INFO - Filling up the DagBag from /home/airflow/.local/lib/python3.8/site-packages/airflow/example_dags/example_python_decorator.py
[2024-02-16T09:38:36.263+0000] {processor.py:840} INFO - DAG(s) 'example_python_decorator' retrieved from /home/airflow/.local/lib/python3.8/site-packages/airflow/example_dags/example_python_decorator.py
[2024-02-16T09:38:36.357+0000] {logging_mixin.py:188} INFO - [2024-02-16T09:38:36.356+0000] {dag.py:3036} INFO - Sync 1 DAGs
[2024-02-16T09:38:36.367+0000] {logging_mixin.py:188} INFO - [2024-02-16T09:38:36.367+0000] {dag.py:3823} INFO - Setting next_dagrun for example_python_decorator to None, run_after=None
[2024-02-16T09:38:36.393+0000] {processor.py:183} INFO - Processing /home/airflow/.local/lib/python3.8/site-packages/airflow/example_dags/example_python_decorator.py took 0.147 seconds
