[2024-02-16T09:20:23.849+0000] {processor.py:161} INFO - Started process (PID=196) to work on /home/airflow/.local/lib/python3.8/site-packages/airflow/example_dags/example_external_task_marker_dag.py
[2024-02-16T09:20:23.850+0000] {processor.py:830} INFO - Processing file /home/airflow/.local/lib/python3.8/site-packages/airflow/example_dags/example_external_task_marker_dag.py for tasks to queue
[2024-02-16T09:20:23.851+0000] {logging_mixin.py:188} INFO - [2024-02-16T09:20:23.850+0000] {dagbag.py:538} INFO - Filling up the DagBag from /home/airflow/.local/lib/python3.8/site-packages/airflow/example_dags/example_external_task_marker_dag.py
[2024-02-16T09:20:23.858+0000] {processor.py:840} INFO - DAG(s) 'example_external_task_marker_child', 'example_external_task_marker_parent' retrieved from /home/airflow/.local/lib/python3.8/site-packages/airflow/example_dags/example_external_task_marker_dag.py
[2024-02-16T09:20:23.974+0000] {logging_mixin.py:188} INFO - [2024-02-16T09:20:23.973+0000] {override.py:1769} INFO - Created Permission View: can delete on DAG:example_external_task_marker_child
[2024-02-16T09:20:23.987+0000] {logging_mixin.py:188} INFO - [2024-02-16T09:20:23.986+0000] {override.py:1769} INFO - Created Permission View: can edit on DAG:example_external_task_marker_child
[2024-02-16T09:20:23.994+0000] {logging_mixin.py:188} INFO - [2024-02-16T09:20:23.993+0000] {override.py:1769} INFO - Created Permission View: can read on DAG:example_external_task_marker_child
[2024-02-16T09:20:24.010+0000] {logging_mixin.py:188} INFO - [2024-02-16T09:20:24.010+0000] {override.py:1769} INFO - Created Permission View: can delete on DAG:example_external_task_marker_parent
[2024-02-16T09:20:24.021+0000] {logging_mixin.py:188} INFO - [2024-02-16T09:20:24.020+0000] {override.py:1769} INFO - Created Permission View: can edit on DAG:example_external_task_marker_parent
[2024-02-16T09:20:24.029+0000] {logging_mixin.py:188} INFO - [2024-02-16T09:20:24.028+0000] {override.py:1769} INFO - Created Permission View: can read on DAG:example_external_task_marker_parent
[2024-02-16T09:20:24.030+0000] {logging_mixin.py:188} INFO - [2024-02-16T09:20:24.030+0000] {dag.py:3036} INFO - Sync 2 DAGs
[2024-02-16T09:20:24.039+0000] {logging_mixin.py:188} INFO - [2024-02-16T09:20:24.039+0000] {dag.py:3058} INFO - Creating ORM DAG for example_external_task_marker_parent
[2024-02-16T09:20:24.040+0000] {logging_mixin.py:188} INFO - [2024-02-16T09:20:24.040+0000] {dag.py:3058} INFO - Creating ORM DAG for example_external_task_marker_child
[2024-02-16T09:20:24.040+0000] {logging_mixin.py:188} INFO - [2024-02-16T09:20:24.040+0000] {dag.py:3823} INFO - Setting next_dagrun for example_external_task_marker_child to None, run_after=None
[2024-02-16T09:20:24.041+0000] {logging_mixin.py:188} INFO - [2024-02-16T09:20:24.041+0000] {dag.py:3823} INFO - Setting next_dagrun for example_external_task_marker_parent to None, run_after=None
[2024-02-16T09:20:24.063+0000] {processor.py:183} INFO - Processing /home/airflow/.local/lib/python3.8/site-packages/airflow/example_dags/example_external_task_marker_dag.py took 0.219 seconds
[2024-02-16T09:20:54.268+0000] {processor.py:161} INFO - Started process (PID=445) to work on /home/airflow/.local/lib/python3.8/site-packages/airflow/example_dags/example_external_task_marker_dag.py
[2024-02-16T09:20:54.270+0000] {processor.py:830} INFO - Processing file /home/airflow/.local/lib/python3.8/site-packages/airflow/example_dags/example_external_task_marker_dag.py for tasks to queue
[2024-02-16T09:20:54.271+0000] {logging_mixin.py:188} INFO - [2024-02-16T09:20:54.270+0000] {dagbag.py:538} INFO - Filling up the DagBag from /home/airflow/.local/lib/python3.8/site-packages/airflow/example_dags/example_external_task_marker_dag.py
[2024-02-16T09:20:54.279+0000] {processor.py:840} INFO - DAG(s) 'example_external_task_marker_child', 'example_external_task_marker_parent' retrieved from /home/airflow/.local/lib/python3.8/site-packages/airflow/example_dags/example_external_task_marker_dag.py
[2024-02-16T09:20:54.306+0000] {logging_mixin.py:188} INFO - [2024-02-16T09:20:54.306+0000] {dag.py:3036} INFO - Sync 2 DAGs
[2024-02-16T09:20:54.331+0000] {logging_mixin.py:188} INFO - [2024-02-16T09:20:54.331+0000] {dag.py:3823} INFO - Setting next_dagrun for example_external_task_marker_child to None, run_after=None
[2024-02-16T09:20:54.334+0000] {logging_mixin.py:188} INFO - [2024-02-16T09:20:54.334+0000] {dag.py:3823} INFO - Setting next_dagrun for example_external_task_marker_parent to None, run_after=None
[2024-02-16T09:20:54.351+0000] {processor.py:183} INFO - Processing /home/airflow/.local/lib/python3.8/site-packages/airflow/example_dags/example_external_task_marker_dag.py took 0.085 seconds
[2024-02-16T09:21:24.718+0000] {processor.py:161} INFO - Started process (PID=692) to work on /home/airflow/.local/lib/python3.8/site-packages/airflow/example_dags/example_external_task_marker_dag.py
[2024-02-16T09:21:24.718+0000] {processor.py:830} INFO - Processing file /home/airflow/.local/lib/python3.8/site-packages/airflow/example_dags/example_external_task_marker_dag.py for tasks to queue
[2024-02-16T09:21:24.719+0000] {logging_mixin.py:188} INFO - [2024-02-16T09:21:24.719+0000] {dagbag.py:538} INFO - Filling up the DagBag from /home/airflow/.local/lib/python3.8/site-packages/airflow/example_dags/example_external_task_marker_dag.py
[2024-02-16T09:21:24.723+0000] {processor.py:840} INFO - DAG(s) 'example_external_task_marker_child', 'example_external_task_marker_parent' retrieved from /home/airflow/.local/lib/python3.8/site-packages/airflow/example_dags/example_external_task_marker_dag.py
[2024-02-16T09:21:24.745+0000] {logging_mixin.py:188} INFO - [2024-02-16T09:21:24.745+0000] {dag.py:3036} INFO - Sync 2 DAGs
[2024-02-16T09:21:24.753+0000] {logging_mixin.py:188} INFO - [2024-02-16T09:21:24.753+0000] {dag.py:3823} INFO - Setting next_dagrun for example_external_task_marker_child to None, run_after=None
[2024-02-16T09:21:24.756+0000] {logging_mixin.py:188} INFO - [2024-02-16T09:21:24.756+0000] {dag.py:3823} INFO - Setting next_dagrun for example_external_task_marker_parent to None, run_after=None
[2024-02-16T09:21:24.777+0000] {processor.py:183} INFO - Processing /home/airflow/.local/lib/python3.8/site-packages/airflow/example_dags/example_external_task_marker_dag.py took 0.062 seconds
[2024-02-16T09:21:55.278+0000] {processor.py:161} INFO - Started process (PID=936) to work on /home/airflow/.local/lib/python3.8/site-packages/airflow/example_dags/example_external_task_marker_dag.py
[2024-02-16T09:21:55.279+0000] {processor.py:830} INFO - Processing file /home/airflow/.local/lib/python3.8/site-packages/airflow/example_dags/example_external_task_marker_dag.py for tasks to queue
[2024-02-16T09:21:55.280+0000] {logging_mixin.py:188} INFO - [2024-02-16T09:21:55.279+0000] {dagbag.py:538} INFO - Filling up the DagBag from /home/airflow/.local/lib/python3.8/site-packages/airflow/example_dags/example_external_task_marker_dag.py
[2024-02-16T09:21:55.288+0000] {processor.py:840} INFO - DAG(s) 'example_external_task_marker_parent', 'example_external_task_marker_child' retrieved from /home/airflow/.local/lib/python3.8/site-packages/airflow/example_dags/example_external_task_marker_dag.py
[2024-02-16T09:21:55.320+0000] {logging_mixin.py:188} INFO - [2024-02-16T09:21:55.320+0000] {dag.py:3036} INFO - Sync 2 DAGs
[2024-02-16T09:21:55.334+0000] {logging_mixin.py:188} INFO - [2024-02-16T09:21:55.334+0000] {dag.py:3823} INFO - Setting next_dagrun for example_external_task_marker_child to None, run_after=None
[2024-02-16T09:21:55.338+0000] {logging_mixin.py:188} INFO - [2024-02-16T09:21:55.338+0000] {dag.py:3823} INFO - Setting next_dagrun for example_external_task_marker_parent to None, run_after=None
[2024-02-16T09:21:55.360+0000] {processor.py:183} INFO - Processing /home/airflow/.local/lib/python3.8/site-packages/airflow/example_dags/example_external_task_marker_dag.py took 0.085 seconds
[2024-02-16T09:22:26.022+0000] {processor.py:161} INFO - Started process (PID=1183) to work on /home/airflow/.local/lib/python3.8/site-packages/airflow/example_dags/example_external_task_marker_dag.py
[2024-02-16T09:22:26.024+0000] {processor.py:830} INFO - Processing file /home/airflow/.local/lib/python3.8/site-packages/airflow/example_dags/example_external_task_marker_dag.py for tasks to queue
[2024-02-16T09:22:26.025+0000] {logging_mixin.py:188} INFO - [2024-02-16T09:22:26.025+0000] {dagbag.py:538} INFO - Filling up the DagBag from /home/airflow/.local/lib/python3.8/site-packages/airflow/example_dags/example_external_task_marker_dag.py
[2024-02-16T09:22:26.031+0000] {processor.py:840} INFO - DAG(s) 'example_external_task_marker_child', 'example_external_task_marker_parent' retrieved from /home/airflow/.local/lib/python3.8/site-packages/airflow/example_dags/example_external_task_marker_dag.py
[2024-02-16T09:22:26.055+0000] {logging_mixin.py:188} INFO - [2024-02-16T09:22:26.055+0000] {dag.py:3036} INFO - Sync 2 DAGs
[2024-02-16T09:22:26.067+0000] {logging_mixin.py:188} INFO - [2024-02-16T09:22:26.067+0000] {dag.py:3823} INFO - Setting next_dagrun for example_external_task_marker_child to None, run_after=None
[2024-02-16T09:22:26.072+0000] {logging_mixin.py:188} INFO - [2024-02-16T09:22:26.071+0000] {dag.py:3823} INFO - Setting next_dagrun for example_external_task_marker_parent to None, run_after=None
[2024-02-16T09:22:26.093+0000] {processor.py:183} INFO - Processing /home/airflow/.local/lib/python3.8/site-packages/airflow/example_dags/example_external_task_marker_dag.py took 0.075 seconds
[2024-02-16T09:22:56.724+0000] {processor.py:161} INFO - Started process (PID=1430) to work on /home/airflow/.local/lib/python3.8/site-packages/airflow/example_dags/example_external_task_marker_dag.py
[2024-02-16T09:22:56.725+0000] {processor.py:830} INFO - Processing file /home/airflow/.local/lib/python3.8/site-packages/airflow/example_dags/example_external_task_marker_dag.py for tasks to queue
[2024-02-16T09:22:56.726+0000] {logging_mixin.py:188} INFO - [2024-02-16T09:22:56.725+0000] {dagbag.py:538} INFO - Filling up the DagBag from /home/airflow/.local/lib/python3.8/site-packages/airflow/example_dags/example_external_task_marker_dag.py
[2024-02-16T09:22:56.731+0000] {processor.py:840} INFO - DAG(s) 'example_external_task_marker_child', 'example_external_task_marker_parent' retrieved from /home/airflow/.local/lib/python3.8/site-packages/airflow/example_dags/example_external_task_marker_dag.py
[2024-02-16T09:22:56.754+0000] {logging_mixin.py:188} INFO - [2024-02-16T09:22:56.754+0000] {dag.py:3036} INFO - Sync 2 DAGs
[2024-02-16T09:22:56.766+0000] {logging_mixin.py:188} INFO - [2024-02-16T09:22:56.766+0000] {dag.py:3823} INFO - Setting next_dagrun for example_external_task_marker_child to None, run_after=None
[2024-02-16T09:22:56.769+0000] {logging_mixin.py:188} INFO - [2024-02-16T09:22:56.769+0000] {dag.py:3823} INFO - Setting next_dagrun for example_external_task_marker_parent to None, run_after=None
[2024-02-16T09:22:56.789+0000] {processor.py:183} INFO - Processing /home/airflow/.local/lib/python3.8/site-packages/airflow/example_dags/example_external_task_marker_dag.py took 0.069 seconds
[2024-02-16T09:23:27.173+0000] {processor.py:161} INFO - Started process (PID=1678) to work on /home/airflow/.local/lib/python3.8/site-packages/airflow/example_dags/example_external_task_marker_dag.py
[2024-02-16T09:23:27.174+0000] {processor.py:830} INFO - Processing file /home/airflow/.local/lib/python3.8/site-packages/airflow/example_dags/example_external_task_marker_dag.py for tasks to queue
[2024-02-16T09:23:27.175+0000] {logging_mixin.py:188} INFO - [2024-02-16T09:23:27.175+0000] {dagbag.py:538} INFO - Filling up the DagBag from /home/airflow/.local/lib/python3.8/site-packages/airflow/example_dags/example_external_task_marker_dag.py
[2024-02-16T09:23:27.181+0000] {processor.py:840} INFO - DAG(s) 'example_external_task_marker_child', 'example_external_task_marker_parent' retrieved from /home/airflow/.local/lib/python3.8/site-packages/airflow/example_dags/example_external_task_marker_dag.py
[2024-02-16T09:23:27.205+0000] {logging_mixin.py:188} INFO - [2024-02-16T09:23:27.205+0000] {dag.py:3036} INFO - Sync 2 DAGs
[2024-02-16T09:23:27.215+0000] {logging_mixin.py:188} INFO - [2024-02-16T09:23:27.215+0000] {dag.py:3823} INFO - Setting next_dagrun for example_external_task_marker_child to None, run_after=None
[2024-02-16T09:23:27.218+0000] {logging_mixin.py:188} INFO - [2024-02-16T09:23:27.218+0000] {dag.py:3823} INFO - Setting next_dagrun for example_external_task_marker_parent to None, run_after=None
[2024-02-16T09:23:27.235+0000] {processor.py:183} INFO - Processing /home/airflow/.local/lib/python3.8/site-packages/airflow/example_dags/example_external_task_marker_dag.py took 0.066 seconds
[2024-02-16T09:23:57.521+0000] {processor.py:161} INFO - Started process (PID=1923) to work on /home/airflow/.local/lib/python3.8/site-packages/airflow/example_dags/example_external_task_marker_dag.py
[2024-02-16T09:23:57.522+0000] {processor.py:830} INFO - Processing file /home/airflow/.local/lib/python3.8/site-packages/airflow/example_dags/example_external_task_marker_dag.py for tasks to queue
[2024-02-16T09:23:57.523+0000] {logging_mixin.py:188} INFO - [2024-02-16T09:23:57.523+0000] {dagbag.py:538} INFO - Filling up the DagBag from /home/airflow/.local/lib/python3.8/site-packages/airflow/example_dags/example_external_task_marker_dag.py
[2024-02-16T09:23:57.527+0000] {processor.py:840} INFO - DAG(s) 'example_external_task_marker_parent', 'example_external_task_marker_child' retrieved from /home/airflow/.local/lib/python3.8/site-packages/airflow/example_dags/example_external_task_marker_dag.py
[2024-02-16T09:23:57.549+0000] {logging_mixin.py:188} INFO - [2024-02-16T09:23:57.549+0000] {dag.py:3036} INFO - Sync 2 DAGs
[2024-02-16T09:23:57.559+0000] {logging_mixin.py:188} INFO - [2024-02-16T09:23:57.559+0000] {dag.py:3823} INFO - Setting next_dagrun for example_external_task_marker_child to None, run_after=None
[2024-02-16T09:23:57.562+0000] {logging_mixin.py:188} INFO - [2024-02-16T09:23:57.562+0000] {dag.py:3823} INFO - Setting next_dagrun for example_external_task_marker_parent to None, run_after=None
[2024-02-16T09:23:57.580+0000] {processor.py:183} INFO - Processing /home/airflow/.local/lib/python3.8/site-packages/airflow/example_dags/example_external_task_marker_dag.py took 0.062 seconds
[2024-02-16T09:24:28.043+0000] {processor.py:161} INFO - Started process (PID=2169) to work on /home/airflow/.local/lib/python3.8/site-packages/airflow/example_dags/example_external_task_marker_dag.py
[2024-02-16T09:24:28.044+0000] {processor.py:830} INFO - Processing file /home/airflow/.local/lib/python3.8/site-packages/airflow/example_dags/example_external_task_marker_dag.py for tasks to queue
[2024-02-16T09:24:28.045+0000] {logging_mixin.py:188} INFO - [2024-02-16T09:24:28.045+0000] {dagbag.py:538} INFO - Filling up the DagBag from /home/airflow/.local/lib/python3.8/site-packages/airflow/example_dags/example_external_task_marker_dag.py
[2024-02-16T09:24:28.049+0000] {processor.py:840} INFO - DAG(s) 'example_external_task_marker_child', 'example_external_task_marker_parent' retrieved from /home/airflow/.local/lib/python3.8/site-packages/airflow/example_dags/example_external_task_marker_dag.py
[2024-02-16T09:24:28.073+0000] {logging_mixin.py:188} INFO - [2024-02-16T09:24:28.073+0000] {dag.py:3036} INFO - Sync 2 DAGs
[2024-02-16T09:24:28.083+0000] {logging_mixin.py:188} INFO - [2024-02-16T09:24:28.083+0000] {dag.py:3823} INFO - Setting next_dagrun for example_external_task_marker_child to None, run_after=None
[2024-02-16T09:24:28.087+0000] {logging_mixin.py:188} INFO - [2024-02-16T09:24:28.086+0000] {dag.py:3823} INFO - Setting next_dagrun for example_external_task_marker_parent to None, run_after=None
[2024-02-16T09:24:28.106+0000] {processor.py:183} INFO - Processing /home/airflow/.local/lib/python3.8/site-packages/airflow/example_dags/example_external_task_marker_dag.py took 0.065 seconds
[2024-02-16T09:24:58.491+0000] {processor.py:161} INFO - Started process (PID=2416) to work on /home/airflow/.local/lib/python3.8/site-packages/airflow/example_dags/example_external_task_marker_dag.py
[2024-02-16T09:24:58.492+0000] {processor.py:830} INFO - Processing file /home/airflow/.local/lib/python3.8/site-packages/airflow/example_dags/example_external_task_marker_dag.py for tasks to queue
[2024-02-16T09:24:58.493+0000] {logging_mixin.py:188} INFO - [2024-02-16T09:24:58.493+0000] {dagbag.py:538} INFO - Filling up the DagBag from /home/airflow/.local/lib/python3.8/site-packages/airflow/example_dags/example_external_task_marker_dag.py
[2024-02-16T09:24:58.499+0000] {processor.py:840} INFO - DAG(s) 'example_external_task_marker_child', 'example_external_task_marker_parent' retrieved from /home/airflow/.local/lib/python3.8/site-packages/airflow/example_dags/example_external_task_marker_dag.py
[2024-02-16T09:24:58.524+0000] {logging_mixin.py:188} INFO - [2024-02-16T09:24:58.524+0000] {dag.py:3036} INFO - Sync 2 DAGs
[2024-02-16T09:24:58.536+0000] {logging_mixin.py:188} INFO - [2024-02-16T09:24:58.535+0000] {dag.py:3823} INFO - Setting next_dagrun for example_external_task_marker_child to None, run_after=None
[2024-02-16T09:24:58.540+0000] {logging_mixin.py:188} INFO - [2024-02-16T09:24:58.539+0000] {dag.py:3823} INFO - Setting next_dagrun for example_external_task_marker_parent to None, run_after=None
[2024-02-16T09:24:58.559+0000] {processor.py:183} INFO - Processing /home/airflow/.local/lib/python3.8/site-packages/airflow/example_dags/example_external_task_marker_dag.py took 0.072 seconds
[2024-02-16T09:25:28.986+0000] {processor.py:161} INFO - Started process (PID=2664) to work on /home/airflow/.local/lib/python3.8/site-packages/airflow/example_dags/example_external_task_marker_dag.py
[2024-02-16T09:25:28.988+0000] {processor.py:830} INFO - Processing file /home/airflow/.local/lib/python3.8/site-packages/airflow/example_dags/example_external_task_marker_dag.py for tasks to queue
[2024-02-16T09:25:28.990+0000] {logging_mixin.py:188} INFO - [2024-02-16T09:25:28.989+0000] {dagbag.py:538} INFO - Filling up the DagBag from /home/airflow/.local/lib/python3.8/site-packages/airflow/example_dags/example_external_task_marker_dag.py
[2024-02-16T09:25:28.995+0000] {processor.py:840} INFO - DAG(s) 'example_external_task_marker_parent', 'example_external_task_marker_child' retrieved from /home/airflow/.local/lib/python3.8/site-packages/airflow/example_dags/example_external_task_marker_dag.py
[2024-02-16T09:25:29.019+0000] {logging_mixin.py:188} INFO - [2024-02-16T09:25:29.019+0000] {dag.py:3036} INFO - Sync 2 DAGs
[2024-02-16T09:25:29.032+0000] {logging_mixin.py:188} INFO - [2024-02-16T09:25:29.032+0000] {dag.py:3823} INFO - Setting next_dagrun for example_external_task_marker_child to None, run_after=None
[2024-02-16T09:25:29.036+0000] {logging_mixin.py:188} INFO - [2024-02-16T09:25:29.036+0000] {dag.py:3823} INFO - Setting next_dagrun for example_external_task_marker_parent to None, run_after=None
[2024-02-16T09:25:29.057+0000] {processor.py:183} INFO - Processing /home/airflow/.local/lib/python3.8/site-packages/airflow/example_dags/example_external_task_marker_dag.py took 0.075 seconds
[2024-02-16T09:25:59.437+0000] {processor.py:161} INFO - Started process (PID=2911) to work on /home/airflow/.local/lib/python3.8/site-packages/airflow/example_dags/example_external_task_marker_dag.py
[2024-02-16T09:25:59.438+0000] {processor.py:830} INFO - Processing file /home/airflow/.local/lib/python3.8/site-packages/airflow/example_dags/example_external_task_marker_dag.py for tasks to queue
[2024-02-16T09:25:59.438+0000] {logging_mixin.py:188} INFO - [2024-02-16T09:25:59.438+0000] {dagbag.py:538} INFO - Filling up the DagBag from /home/airflow/.local/lib/python3.8/site-packages/airflow/example_dags/example_external_task_marker_dag.py
[2024-02-16T09:25:59.443+0000] {processor.py:840} INFO - DAG(s) 'example_external_task_marker_child', 'example_external_task_marker_parent' retrieved from /home/airflow/.local/lib/python3.8/site-packages/airflow/example_dags/example_external_task_marker_dag.py
[2024-02-16T09:25:59.474+0000] {logging_mixin.py:188} INFO - [2024-02-16T09:25:59.474+0000] {dag.py:3036} INFO - Sync 2 DAGs
[2024-02-16T09:25:59.487+0000] {logging_mixin.py:188} INFO - [2024-02-16T09:25:59.487+0000] {dag.py:3823} INFO - Setting next_dagrun for example_external_task_marker_child to None, run_after=None
[2024-02-16T09:25:59.490+0000] {logging_mixin.py:188} INFO - [2024-02-16T09:25:59.490+0000] {dag.py:3823} INFO - Setting next_dagrun for example_external_task_marker_parent to None, run_after=None
[2024-02-16T09:25:59.515+0000] {processor.py:183} INFO - Processing /home/airflow/.local/lib/python3.8/site-packages/airflow/example_dags/example_external_task_marker_dag.py took 0.081 seconds
[2024-02-16T09:26:29.549+0000] {processor.py:161} INFO - Started process (PID=3162) to work on /home/airflow/.local/lib/python3.8/site-packages/airflow/example_dags/example_external_task_marker_dag.py
[2024-02-16T09:26:29.550+0000] {processor.py:830} INFO - Processing file /home/airflow/.local/lib/python3.8/site-packages/airflow/example_dags/example_external_task_marker_dag.py for tasks to queue
[2024-02-16T09:26:29.551+0000] {logging_mixin.py:188} INFO - [2024-02-16T09:26:29.550+0000] {dagbag.py:538} INFO - Filling up the DagBag from /home/airflow/.local/lib/python3.8/site-packages/airflow/example_dags/example_external_task_marker_dag.py
[2024-02-16T09:26:29.555+0000] {processor.py:840} INFO - DAG(s) 'example_external_task_marker_parent', 'example_external_task_marker_child' retrieved from /home/airflow/.local/lib/python3.8/site-packages/airflow/example_dags/example_external_task_marker_dag.py
[2024-02-16T09:26:29.579+0000] {logging_mixin.py:188} INFO - [2024-02-16T09:26:29.579+0000] {dag.py:3036} INFO - Sync 2 DAGs
[2024-02-16T09:26:29.589+0000] {logging_mixin.py:188} INFO - [2024-02-16T09:26:29.589+0000] {dag.py:3823} INFO - Setting next_dagrun for example_external_task_marker_child to None, run_after=None
[2024-02-16T09:26:29.592+0000] {logging_mixin.py:188} INFO - [2024-02-16T09:26:29.592+0000] {dag.py:3823} INFO - Setting next_dagrun for example_external_task_marker_parent to None, run_after=None
[2024-02-16T09:26:29.610+0000] {processor.py:183} INFO - Processing /home/airflow/.local/lib/python3.8/site-packages/airflow/example_dags/example_external_task_marker_dag.py took 0.064 seconds
[2024-02-16T09:27:00.031+0000] {processor.py:161} INFO - Started process (PID=3407) to work on /home/airflow/.local/lib/python3.8/site-packages/airflow/example_dags/example_external_task_marker_dag.py
[2024-02-16T09:27:00.032+0000] {processor.py:830} INFO - Processing file /home/airflow/.local/lib/python3.8/site-packages/airflow/example_dags/example_external_task_marker_dag.py for tasks to queue
[2024-02-16T09:27:00.033+0000] {logging_mixin.py:188} INFO - [2024-02-16T09:27:00.033+0000] {dagbag.py:538} INFO - Filling up the DagBag from /home/airflow/.local/lib/python3.8/site-packages/airflow/example_dags/example_external_task_marker_dag.py
[2024-02-16T09:27:00.037+0000] {processor.py:840} INFO - DAG(s) 'example_external_task_marker_child', 'example_external_task_marker_parent' retrieved from /home/airflow/.local/lib/python3.8/site-packages/airflow/example_dags/example_external_task_marker_dag.py
[2024-02-16T09:27:00.061+0000] {logging_mixin.py:188} INFO - [2024-02-16T09:27:00.060+0000] {dag.py:3036} INFO - Sync 2 DAGs
[2024-02-16T09:27:00.071+0000] {logging_mixin.py:188} INFO - [2024-02-16T09:27:00.071+0000] {dag.py:3823} INFO - Setting next_dagrun for example_external_task_marker_child to None, run_after=None
[2024-02-16T09:27:00.074+0000] {logging_mixin.py:188} INFO - [2024-02-16T09:27:00.074+0000] {dag.py:3823} INFO - Setting next_dagrun for example_external_task_marker_parent to None, run_after=None
[2024-02-16T09:27:00.093+0000] {processor.py:183} INFO - Processing /home/airflow/.local/lib/python3.8/site-packages/airflow/example_dags/example_external_task_marker_dag.py took 0.065 seconds
[2024-02-16T09:27:30.615+0000] {processor.py:161} INFO - Started process (PID=3657) to work on /home/airflow/.local/lib/python3.8/site-packages/airflow/example_dags/example_external_task_marker_dag.py
[2024-02-16T09:27:30.617+0000] {processor.py:830} INFO - Processing file /home/airflow/.local/lib/python3.8/site-packages/airflow/example_dags/example_external_task_marker_dag.py for tasks to queue
[2024-02-16T09:27:30.617+0000] {logging_mixin.py:188} INFO - [2024-02-16T09:27:30.617+0000] {dagbag.py:538} INFO - Filling up the DagBag from /home/airflow/.local/lib/python3.8/site-packages/airflow/example_dags/example_external_task_marker_dag.py
[2024-02-16T09:27:30.622+0000] {processor.py:840} INFO - DAG(s) 'example_external_task_marker_parent', 'example_external_task_marker_child' retrieved from /home/airflow/.local/lib/python3.8/site-packages/airflow/example_dags/example_external_task_marker_dag.py
[2024-02-16T09:27:30.645+0000] {logging_mixin.py:188} INFO - [2024-02-16T09:27:30.644+0000] {dag.py:3036} INFO - Sync 2 DAGs
[2024-02-16T09:27:30.655+0000] {logging_mixin.py:188} INFO - [2024-02-16T09:27:30.654+0000] {dag.py:3823} INFO - Setting next_dagrun for example_external_task_marker_child to None, run_after=None
[2024-02-16T09:27:30.658+0000] {logging_mixin.py:188} INFO - [2024-02-16T09:27:30.658+0000] {dag.py:3823} INFO - Setting next_dagrun for example_external_task_marker_parent to None, run_after=None
[2024-02-16T09:27:30.675+0000] {processor.py:183} INFO - Processing /home/airflow/.local/lib/python3.8/site-packages/airflow/example_dags/example_external_task_marker_dag.py took 0.063 seconds
[2024-02-16T09:28:00.998+0000] {processor.py:161} INFO - Started process (PID=3902) to work on /home/airflow/.local/lib/python3.8/site-packages/airflow/example_dags/example_external_task_marker_dag.py
[2024-02-16T09:28:00.999+0000] {processor.py:830} INFO - Processing file /home/airflow/.local/lib/python3.8/site-packages/airflow/example_dags/example_external_task_marker_dag.py for tasks to queue
[2024-02-16T09:28:01.000+0000] {logging_mixin.py:188} INFO - [2024-02-16T09:28:00.999+0000] {dagbag.py:538} INFO - Filling up the DagBag from /home/airflow/.local/lib/python3.8/site-packages/airflow/example_dags/example_external_task_marker_dag.py
[2024-02-16T09:28:01.005+0000] {processor.py:840} INFO - DAG(s) 'example_external_task_marker_child', 'example_external_task_marker_parent' retrieved from /home/airflow/.local/lib/python3.8/site-packages/airflow/example_dags/example_external_task_marker_dag.py
[2024-02-16T09:28:01.029+0000] {logging_mixin.py:188} INFO - [2024-02-16T09:28:01.029+0000] {dag.py:3036} INFO - Sync 2 DAGs
[2024-02-16T09:28:01.040+0000] {logging_mixin.py:188} INFO - [2024-02-16T09:28:01.039+0000] {dag.py:3823} INFO - Setting next_dagrun for example_external_task_marker_child to None, run_after=None
[2024-02-16T09:28:01.043+0000] {logging_mixin.py:188} INFO - [2024-02-16T09:28:01.042+0000] {dag.py:3823} INFO - Setting next_dagrun for example_external_task_marker_parent to None, run_after=None
[2024-02-16T09:28:01.061+0000] {processor.py:183} INFO - Processing /home/airflow/.local/lib/python3.8/site-packages/airflow/example_dags/example_external_task_marker_dag.py took 0.067 seconds
[2024-02-16T09:28:31.357+0000] {processor.py:161} INFO - Started process (PID=4148) to work on /home/airflow/.local/lib/python3.8/site-packages/airflow/example_dags/example_external_task_marker_dag.py
[2024-02-16T09:28:31.358+0000] {processor.py:830} INFO - Processing file /home/airflow/.local/lib/python3.8/site-packages/airflow/example_dags/example_external_task_marker_dag.py for tasks to queue
[2024-02-16T09:28:31.359+0000] {logging_mixin.py:188} INFO - [2024-02-16T09:28:31.359+0000] {dagbag.py:538} INFO - Filling up the DagBag from /home/airflow/.local/lib/python3.8/site-packages/airflow/example_dags/example_external_task_marker_dag.py
[2024-02-16T09:28:31.363+0000] {processor.py:840} INFO - DAG(s) 'example_external_task_marker_child', 'example_external_task_marker_parent' retrieved from /home/airflow/.local/lib/python3.8/site-packages/airflow/example_dags/example_external_task_marker_dag.py
[2024-02-16T09:28:31.387+0000] {logging_mixin.py:188} INFO - [2024-02-16T09:28:31.386+0000] {dag.py:3036} INFO - Sync 2 DAGs
[2024-02-16T09:28:31.397+0000] {logging_mixin.py:188} INFO - [2024-02-16T09:28:31.396+0000] {dag.py:3823} INFO - Setting next_dagrun for example_external_task_marker_child to None, run_after=None
[2024-02-16T09:28:31.400+0000] {logging_mixin.py:188} INFO - [2024-02-16T09:28:31.399+0000] {dag.py:3823} INFO - Setting next_dagrun for example_external_task_marker_parent to None, run_after=None
[2024-02-16T09:28:31.415+0000] {processor.py:183} INFO - Processing /home/airflow/.local/lib/python3.8/site-packages/airflow/example_dags/example_external_task_marker_dag.py took 0.060 seconds
[2024-02-16T09:29:01.719+0000] {processor.py:161} INFO - Started process (PID=4395) to work on /home/airflow/.local/lib/python3.8/site-packages/airflow/example_dags/example_external_task_marker_dag.py
[2024-02-16T09:29:01.720+0000] {processor.py:830} INFO - Processing file /home/airflow/.local/lib/python3.8/site-packages/airflow/example_dags/example_external_task_marker_dag.py for tasks to queue
[2024-02-16T09:29:01.721+0000] {logging_mixin.py:188} INFO - [2024-02-16T09:29:01.721+0000] {dagbag.py:538} INFO - Filling up the DagBag from /home/airflow/.local/lib/python3.8/site-packages/airflow/example_dags/example_external_task_marker_dag.py
[2024-02-16T09:29:01.725+0000] {processor.py:840} INFO - DAG(s) 'example_external_task_marker_parent', 'example_external_task_marker_child' retrieved from /home/airflow/.local/lib/python3.8/site-packages/airflow/example_dags/example_external_task_marker_dag.py
[2024-02-16T09:29:01.749+0000] {logging_mixin.py:188} INFO - [2024-02-16T09:29:01.748+0000] {dag.py:3036} INFO - Sync 2 DAGs
[2024-02-16T09:29:01.760+0000] {logging_mixin.py:188} INFO - [2024-02-16T09:29:01.760+0000] {dag.py:3823} INFO - Setting next_dagrun for example_external_task_marker_child to None, run_after=None
[2024-02-16T09:29:01.763+0000] {logging_mixin.py:188} INFO - [2024-02-16T09:29:01.763+0000] {dag.py:3823} INFO - Setting next_dagrun for example_external_task_marker_parent to None, run_after=None
[2024-02-16T09:29:01.782+0000] {processor.py:183} INFO - Processing /home/airflow/.local/lib/python3.8/site-packages/airflow/example_dags/example_external_task_marker_dag.py took 0.065 seconds
[2024-02-16T09:29:32.084+0000] {processor.py:161} INFO - Started process (PID=4641) to work on /home/airflow/.local/lib/python3.8/site-packages/airflow/example_dags/example_external_task_marker_dag.py
[2024-02-16T09:29:32.086+0000] {processor.py:830} INFO - Processing file /home/airflow/.local/lib/python3.8/site-packages/airflow/example_dags/example_external_task_marker_dag.py for tasks to queue
[2024-02-16T09:29:32.087+0000] {logging_mixin.py:188} INFO - [2024-02-16T09:29:32.087+0000] {dagbag.py:538} INFO - Filling up the DagBag from /home/airflow/.local/lib/python3.8/site-packages/airflow/example_dags/example_external_task_marker_dag.py
[2024-02-16T09:29:32.093+0000] {processor.py:840} INFO - DAG(s) 'example_external_task_marker_child', 'example_external_task_marker_parent' retrieved from /home/airflow/.local/lib/python3.8/site-packages/airflow/example_dags/example_external_task_marker_dag.py
[2024-02-16T09:29:32.121+0000] {logging_mixin.py:188} INFO - [2024-02-16T09:29:32.121+0000] {dag.py:3036} INFO - Sync 2 DAGs
[2024-02-16T09:29:32.134+0000] {logging_mixin.py:188} INFO - [2024-02-16T09:29:32.134+0000] {dag.py:3823} INFO - Setting next_dagrun for example_external_task_marker_child to None, run_after=None
[2024-02-16T09:29:32.137+0000] {logging_mixin.py:188} INFO - [2024-02-16T09:29:32.137+0000] {dag.py:3823} INFO - Setting next_dagrun for example_external_task_marker_parent to None, run_after=None
[2024-02-16T09:29:32.162+0000] {processor.py:183} INFO - Processing /home/airflow/.local/lib/python3.8/site-packages/airflow/example_dags/example_external_task_marker_dag.py took 0.081 seconds
[2024-02-16T09:30:02.919+0000] {processor.py:161} INFO - Started process (PID=4890) to work on /home/airflow/.local/lib/python3.8/site-packages/airflow/example_dags/example_external_task_marker_dag.py
[2024-02-16T09:30:02.921+0000] {processor.py:830} INFO - Processing file /home/airflow/.local/lib/python3.8/site-packages/airflow/example_dags/example_external_task_marker_dag.py for tasks to queue
[2024-02-16T09:30:02.923+0000] {logging_mixin.py:188} INFO - [2024-02-16T09:30:02.922+0000] {dagbag.py:538} INFO - Filling up the DagBag from /home/airflow/.local/lib/python3.8/site-packages/airflow/example_dags/example_external_task_marker_dag.py
[2024-02-16T09:30:02.935+0000] {processor.py:840} INFO - DAG(s) 'example_external_task_marker_child', 'example_external_task_marker_parent' retrieved from /home/airflow/.local/lib/python3.8/site-packages/airflow/example_dags/example_external_task_marker_dag.py
[2024-02-16T09:30:02.977+0000] {logging_mixin.py:188} INFO - [2024-02-16T09:30:02.976+0000] {dag.py:3036} INFO - Sync 2 DAGs
[2024-02-16T09:30:03.001+0000] {logging_mixin.py:188} INFO - [2024-02-16T09:30:03.000+0000] {dag.py:3823} INFO - Setting next_dagrun for example_external_task_marker_child to None, run_after=None
[2024-02-16T09:30:03.006+0000] {logging_mixin.py:188} INFO - [2024-02-16T09:30:03.006+0000] {dag.py:3823} INFO - Setting next_dagrun for example_external_task_marker_parent to None, run_after=None
[2024-02-16T09:30:03.045+0000] {processor.py:183} INFO - Processing /home/airflow/.local/lib/python3.8/site-packages/airflow/example_dags/example_external_task_marker_dag.py took 0.130 seconds
[2024-02-16T09:30:33.335+0000] {processor.py:161} INFO - Started process (PID=5315) to work on /home/airflow/.local/lib/python3.8/site-packages/airflow/example_dags/example_external_task_marker_dag.py
[2024-02-16T09:30:33.337+0000] {processor.py:830} INFO - Processing file /home/airflow/.local/lib/python3.8/site-packages/airflow/example_dags/example_external_task_marker_dag.py for tasks to queue
[2024-02-16T09:30:33.338+0000] {logging_mixin.py:188} INFO - [2024-02-16T09:30:33.337+0000] {dagbag.py:538} INFO - Filling up the DagBag from /home/airflow/.local/lib/python3.8/site-packages/airflow/example_dags/example_external_task_marker_dag.py
[2024-02-16T09:30:33.343+0000] {processor.py:840} INFO - DAG(s) 'example_external_task_marker_child', 'example_external_task_marker_parent' retrieved from /home/airflow/.local/lib/python3.8/site-packages/airflow/example_dags/example_external_task_marker_dag.py
[2024-02-16T09:30:33.367+0000] {logging_mixin.py:188} INFO - [2024-02-16T09:30:33.367+0000] {dag.py:3036} INFO - Sync 2 DAGs
[2024-02-16T09:30:33.380+0000] {logging_mixin.py:188} INFO - [2024-02-16T09:30:33.380+0000] {dag.py:3823} INFO - Setting next_dagrun for example_external_task_marker_child to None, run_after=None
[2024-02-16T09:30:33.383+0000] {logging_mixin.py:188} INFO - [2024-02-16T09:30:33.383+0000] {dag.py:3823} INFO - Setting next_dagrun for example_external_task_marker_parent to None, run_after=None
[2024-02-16T09:30:33.402+0000] {processor.py:183} INFO - Processing /home/airflow/.local/lib/python3.8/site-packages/airflow/example_dags/example_external_task_marker_dag.py took 0.070 seconds
[2024-02-16T09:31:03.733+0000] {processor.py:161} INFO - Started process (PID=5561) to work on /home/airflow/.local/lib/python3.8/site-packages/airflow/example_dags/example_external_task_marker_dag.py
[2024-02-16T09:31:03.735+0000] {processor.py:830} INFO - Processing file /home/airflow/.local/lib/python3.8/site-packages/airflow/example_dags/example_external_task_marker_dag.py for tasks to queue
[2024-02-16T09:31:03.736+0000] {logging_mixin.py:188} INFO - [2024-02-16T09:31:03.736+0000] {dagbag.py:538} INFO - Filling up the DagBag from /home/airflow/.local/lib/python3.8/site-packages/airflow/example_dags/example_external_task_marker_dag.py
[2024-02-16T09:31:03.741+0000] {processor.py:840} INFO - DAG(s) 'example_external_task_marker_parent', 'example_external_task_marker_child' retrieved from /home/airflow/.local/lib/python3.8/site-packages/airflow/example_dags/example_external_task_marker_dag.py
[2024-02-16T09:31:03.765+0000] {logging_mixin.py:188} INFO - [2024-02-16T09:31:03.764+0000] {dag.py:3036} INFO - Sync 2 DAGs
[2024-02-16T09:31:03.775+0000] {logging_mixin.py:188} INFO - [2024-02-16T09:31:03.774+0000] {dag.py:3823} INFO - Setting next_dagrun for example_external_task_marker_child to None, run_after=None
[2024-02-16T09:31:03.777+0000] {logging_mixin.py:188} INFO - [2024-02-16T09:31:03.777+0000] {dag.py:3823} INFO - Setting next_dagrun for example_external_task_marker_parent to None, run_after=None
[2024-02-16T09:31:03.793+0000] {processor.py:183} INFO - Processing /home/airflow/.local/lib/python3.8/site-packages/airflow/example_dags/example_external_task_marker_dag.py took 0.062 seconds
[2024-02-16T09:31:34.135+0000] {processor.py:161} INFO - Started process (PID=5808) to work on /home/airflow/.local/lib/python3.8/site-packages/airflow/example_dags/example_external_task_marker_dag.py
[2024-02-16T09:31:34.137+0000] {processor.py:830} INFO - Processing file /home/airflow/.local/lib/python3.8/site-packages/airflow/example_dags/example_external_task_marker_dag.py for tasks to queue
[2024-02-16T09:31:34.138+0000] {logging_mixin.py:188} INFO - [2024-02-16T09:31:34.138+0000] {dagbag.py:538} INFO - Filling up the DagBag from /home/airflow/.local/lib/python3.8/site-packages/airflow/example_dags/example_external_task_marker_dag.py
[2024-02-16T09:31:34.143+0000] {processor.py:840} INFO - DAG(s) 'example_external_task_marker_parent', 'example_external_task_marker_child' retrieved from /home/airflow/.local/lib/python3.8/site-packages/airflow/example_dags/example_external_task_marker_dag.py
[2024-02-16T09:31:34.167+0000] {logging_mixin.py:188} INFO - [2024-02-16T09:31:34.167+0000] {dag.py:3036} INFO - Sync 2 DAGs
[2024-02-16T09:31:34.177+0000] {logging_mixin.py:188} INFO - [2024-02-16T09:31:34.177+0000] {dag.py:3823} INFO - Setting next_dagrun for example_external_task_marker_child to None, run_after=None
[2024-02-16T09:31:34.180+0000] {logging_mixin.py:188} INFO - [2024-02-16T09:31:34.180+0000] {dag.py:3823} INFO - Setting next_dagrun for example_external_task_marker_parent to None, run_after=None
[2024-02-16T09:31:34.195+0000] {processor.py:183} INFO - Processing /home/airflow/.local/lib/python3.8/site-packages/airflow/example_dags/example_external_task_marker_dag.py took 0.063 seconds
[2024-02-16T09:32:04.607+0000] {processor.py:161} INFO - Started process (PID=6054) to work on /home/airflow/.local/lib/python3.8/site-packages/airflow/example_dags/example_external_task_marker_dag.py
[2024-02-16T09:32:04.608+0000] {processor.py:830} INFO - Processing file /home/airflow/.local/lib/python3.8/site-packages/airflow/example_dags/example_external_task_marker_dag.py for tasks to queue
[2024-02-16T09:32:04.609+0000] {logging_mixin.py:188} INFO - [2024-02-16T09:32:04.609+0000] {dagbag.py:538} INFO - Filling up the DagBag from /home/airflow/.local/lib/python3.8/site-packages/airflow/example_dags/example_external_task_marker_dag.py
[2024-02-16T09:32:04.613+0000] {processor.py:840} INFO - DAG(s) 'example_external_task_marker_parent', 'example_external_task_marker_child' retrieved from /home/airflow/.local/lib/python3.8/site-packages/airflow/example_dags/example_external_task_marker_dag.py
[2024-02-16T09:32:04.636+0000] {logging_mixin.py:188} INFO - [2024-02-16T09:32:04.636+0000] {dag.py:3036} INFO - Sync 2 DAGs
[2024-02-16T09:32:04.647+0000] {logging_mixin.py:188} INFO - [2024-02-16T09:32:04.647+0000] {dag.py:3823} INFO - Setting next_dagrun for example_external_task_marker_child to None, run_after=None
[2024-02-16T09:32:04.650+0000] {logging_mixin.py:188} INFO - [2024-02-16T09:32:04.650+0000] {dag.py:3823} INFO - Setting next_dagrun for example_external_task_marker_parent to None, run_after=None
[2024-02-16T09:32:04.669+0000] {processor.py:183} INFO - Processing /home/airflow/.local/lib/python3.8/site-packages/airflow/example_dags/example_external_task_marker_dag.py took 0.065 seconds
[2024-02-16T09:32:34.997+0000] {processor.py:161} INFO - Started process (PID=6299) to work on /home/airflow/.local/lib/python3.8/site-packages/airflow/example_dags/example_external_task_marker_dag.py
[2024-02-16T09:32:34.999+0000] {processor.py:830} INFO - Processing file /home/airflow/.local/lib/python3.8/site-packages/airflow/example_dags/example_external_task_marker_dag.py for tasks to queue
[2024-02-16T09:32:34.999+0000] {logging_mixin.py:188} INFO - [2024-02-16T09:32:34.999+0000] {dagbag.py:538} INFO - Filling up the DagBag from /home/airflow/.local/lib/python3.8/site-packages/airflow/example_dags/example_external_task_marker_dag.py
[2024-02-16T09:32:35.005+0000] {processor.py:840} INFO - DAG(s) 'example_external_task_marker_parent', 'example_external_task_marker_child' retrieved from /home/airflow/.local/lib/python3.8/site-packages/airflow/example_dags/example_external_task_marker_dag.py
[2024-02-16T09:32:35.028+0000] {logging_mixin.py:188} INFO - [2024-02-16T09:32:35.028+0000] {dag.py:3036} INFO - Sync 2 DAGs
[2024-02-16T09:32:35.038+0000] {logging_mixin.py:188} INFO - [2024-02-16T09:32:35.038+0000] {dag.py:3823} INFO - Setting next_dagrun for example_external_task_marker_child to None, run_after=None
[2024-02-16T09:32:35.041+0000] {logging_mixin.py:188} INFO - [2024-02-16T09:32:35.041+0000] {dag.py:3823} INFO - Setting next_dagrun for example_external_task_marker_parent to None, run_after=None
[2024-02-16T09:32:35.059+0000] {processor.py:183} INFO - Processing /home/airflow/.local/lib/python3.8/site-packages/airflow/example_dags/example_external_task_marker_dag.py took 0.065 seconds
[2024-02-16T09:33:05.768+0000] {processor.py:161} INFO - Started process (PID=6548) to work on /home/airflow/.local/lib/python3.8/site-packages/airflow/example_dags/example_external_task_marker_dag.py
[2024-02-16T09:33:05.770+0000] {processor.py:830} INFO - Processing file /home/airflow/.local/lib/python3.8/site-packages/airflow/example_dags/example_external_task_marker_dag.py for tasks to queue
[2024-02-16T09:33:05.771+0000] {logging_mixin.py:188} INFO - [2024-02-16T09:33:05.770+0000] {dagbag.py:538} INFO - Filling up the DagBag from /home/airflow/.local/lib/python3.8/site-packages/airflow/example_dags/example_external_task_marker_dag.py
[2024-02-16T09:33:05.776+0000] {processor.py:840} INFO - DAG(s) 'example_external_task_marker_parent', 'example_external_task_marker_child' retrieved from /home/airflow/.local/lib/python3.8/site-packages/airflow/example_dags/example_external_task_marker_dag.py
[2024-02-16T09:33:05.802+0000] {logging_mixin.py:188} INFO - [2024-02-16T09:33:05.802+0000] {dag.py:3036} INFO - Sync 2 DAGs
[2024-02-16T09:33:05.813+0000] {logging_mixin.py:188} INFO - [2024-02-16T09:33:05.813+0000] {dag.py:3823} INFO - Setting next_dagrun for example_external_task_marker_child to None, run_after=None
[2024-02-16T09:33:05.816+0000] {logging_mixin.py:188} INFO - [2024-02-16T09:33:05.816+0000] {dag.py:3823} INFO - Setting next_dagrun for example_external_task_marker_parent to None, run_after=None
[2024-02-16T09:33:05.834+0000] {processor.py:183} INFO - Processing /home/airflow/.local/lib/python3.8/site-packages/airflow/example_dags/example_external_task_marker_dag.py took 0.069 seconds
[2024-02-16T09:33:36.271+0000] {processor.py:161} INFO - Started process (PID=6795) to work on /home/airflow/.local/lib/python3.8/site-packages/airflow/example_dags/example_external_task_marker_dag.py
[2024-02-16T09:33:36.272+0000] {processor.py:830} INFO - Processing file /home/airflow/.local/lib/python3.8/site-packages/airflow/example_dags/example_external_task_marker_dag.py for tasks to queue
[2024-02-16T09:33:36.273+0000] {logging_mixin.py:188} INFO - [2024-02-16T09:33:36.273+0000] {dagbag.py:538} INFO - Filling up the DagBag from /home/airflow/.local/lib/python3.8/site-packages/airflow/example_dags/example_external_task_marker_dag.py
[2024-02-16T09:33:36.278+0000] {processor.py:840} INFO - DAG(s) 'example_external_task_marker_child', 'example_external_task_marker_parent' retrieved from /home/airflow/.local/lib/python3.8/site-packages/airflow/example_dags/example_external_task_marker_dag.py
[2024-02-16T09:33:36.302+0000] {logging_mixin.py:188} INFO - [2024-02-16T09:33:36.302+0000] {dag.py:3036} INFO - Sync 2 DAGs
[2024-02-16T09:33:36.313+0000] {logging_mixin.py:188} INFO - [2024-02-16T09:33:36.312+0000] {dag.py:3823} INFO - Setting next_dagrun for example_external_task_marker_child to None, run_after=None
[2024-02-16T09:33:36.316+0000] {logging_mixin.py:188} INFO - [2024-02-16T09:33:36.316+0000] {dag.py:3823} INFO - Setting next_dagrun for example_external_task_marker_parent to None, run_after=None
[2024-02-16T09:33:36.344+0000] {processor.py:183} INFO - Processing /home/airflow/.local/lib/python3.8/site-packages/airflow/example_dags/example_external_task_marker_dag.py took 0.076 seconds
[2024-02-16T09:34:06.690+0000] {processor.py:161} INFO - Started process (PID=7042) to work on /home/airflow/.local/lib/python3.8/site-packages/airflow/example_dags/example_external_task_marker_dag.py
[2024-02-16T09:34:06.692+0000] {processor.py:830} INFO - Processing file /home/airflow/.local/lib/python3.8/site-packages/airflow/example_dags/example_external_task_marker_dag.py for tasks to queue
[2024-02-16T09:34:06.693+0000] {logging_mixin.py:188} INFO - [2024-02-16T09:34:06.693+0000] {dagbag.py:538} INFO - Filling up the DagBag from /home/airflow/.local/lib/python3.8/site-packages/airflow/example_dags/example_external_task_marker_dag.py
[2024-02-16T09:34:06.697+0000] {processor.py:840} INFO - DAG(s) 'example_external_task_marker_parent', 'example_external_task_marker_child' retrieved from /home/airflow/.local/lib/python3.8/site-packages/airflow/example_dags/example_external_task_marker_dag.py
[2024-02-16T09:34:06.723+0000] {logging_mixin.py:188} INFO - [2024-02-16T09:34:06.722+0000] {dag.py:3036} INFO - Sync 2 DAGs
[2024-02-16T09:34:06.733+0000] {logging_mixin.py:188} INFO - [2024-02-16T09:34:06.733+0000] {dag.py:3823} INFO - Setting next_dagrun for example_external_task_marker_child to None, run_after=None
[2024-02-16T09:34:06.737+0000] {logging_mixin.py:188} INFO - [2024-02-16T09:34:06.736+0000] {dag.py:3823} INFO - Setting next_dagrun for example_external_task_marker_parent to None, run_after=None
[2024-02-16T09:34:06.754+0000] {processor.py:183} INFO - Processing /home/airflow/.local/lib/python3.8/site-packages/airflow/example_dags/example_external_task_marker_dag.py took 0.067 seconds
[2024-02-16T09:38:03.207+0000] {processor.py:161} INFO - Started process (PID=197) to work on /home/airflow/.local/lib/python3.8/site-packages/airflow/example_dags/example_external_task_marker_dag.py
[2024-02-16T09:38:03.209+0000] {processor.py:830} INFO - Processing file /home/airflow/.local/lib/python3.8/site-packages/airflow/example_dags/example_external_task_marker_dag.py for tasks to queue
[2024-02-16T09:38:03.210+0000] {logging_mixin.py:188} INFO - [2024-02-16T09:38:03.209+0000] {dagbag.py:538} INFO - Filling up the DagBag from /home/airflow/.local/lib/python3.8/site-packages/airflow/example_dags/example_external_task_marker_dag.py
[2024-02-16T09:38:03.218+0000] {processor.py:840} INFO - DAG(s) 'example_external_task_marker_parent', 'example_external_task_marker_child' retrieved from /home/airflow/.local/lib/python3.8/site-packages/airflow/example_dags/example_external_task_marker_dag.py
[2024-02-16T09:38:03.233+0000] {logging_mixin.py:188} INFO - [2024-02-16T09:38:03.233+0000] {dag.py:3036} INFO - Sync 2 DAGs
[2024-02-16T09:38:03.252+0000] {logging_mixin.py:188} INFO - [2024-02-16T09:38:03.252+0000] {dag.py:3823} INFO - Setting next_dagrun for example_external_task_marker_child to None, run_after=None
[2024-02-16T09:38:03.256+0000] {logging_mixin.py:188} INFO - [2024-02-16T09:38:03.256+0000] {dag.py:3823} INFO - Setting next_dagrun for example_external_task_marker_parent to None, run_after=None
[2024-02-16T09:38:03.288+0000] {processor.py:183} INFO - Processing /home/airflow/.local/lib/python3.8/site-packages/airflow/example_dags/example_external_task_marker_dag.py took 0.086 seconds
[2024-02-16T09:38:33.829+0000] {processor.py:161} INFO - Started process (PID=442) to work on /home/airflow/.local/lib/python3.8/site-packages/airflow/example_dags/example_external_task_marker_dag.py
[2024-02-16T09:38:33.830+0000] {processor.py:830} INFO - Processing file /home/airflow/.local/lib/python3.8/site-packages/airflow/example_dags/example_external_task_marker_dag.py for tasks to queue
[2024-02-16T09:38:33.831+0000] {logging_mixin.py:188} INFO - [2024-02-16T09:38:33.831+0000] {dagbag.py:538} INFO - Filling up the DagBag from /home/airflow/.local/lib/python3.8/site-packages/airflow/example_dags/example_external_task_marker_dag.py
[2024-02-16T09:38:33.836+0000] {processor.py:840} INFO - DAG(s) 'example_external_task_marker_child', 'example_external_task_marker_parent' retrieved from /home/airflow/.local/lib/python3.8/site-packages/airflow/example_dags/example_external_task_marker_dag.py
[2024-02-16T09:38:33.929+0000] {logging_mixin.py:188} INFO - [2024-02-16T09:38:33.928+0000] {dag.py:3036} INFO - Sync 2 DAGs
[2024-02-16T09:38:33.937+0000] {logging_mixin.py:188} INFO - [2024-02-16T09:38:33.937+0000] {dag.py:3823} INFO - Setting next_dagrun for example_external_task_marker_child to None, run_after=None
[2024-02-16T09:38:33.940+0000] {logging_mixin.py:188} INFO - [2024-02-16T09:38:33.940+0000] {dag.py:3823} INFO - Setting next_dagrun for example_external_task_marker_parent to None, run_after=None
[2024-02-16T09:38:33.957+0000] {processor.py:183} INFO - Processing /home/airflow/.local/lib/python3.8/site-packages/airflow/example_dags/example_external_task_marker_dag.py took 0.131 seconds
