[2024-02-16T09:20:27.952+0000] {processor.py:161} INFO - Started process (PID=366) to work on /home/airflow/.local/lib/python3.8/site-packages/airflow/example_dags/example_bash_operator.py
[2024-02-16T09:20:27.952+0000] {processor.py:830} INFO - Processing file /home/airflow/.local/lib/python3.8/site-packages/airflow/example_dags/example_bash_operator.py for tasks to queue
[2024-02-16T09:20:27.953+0000] {logging_mixin.py:188} INFO - [2024-02-16T09:20:27.953+0000] {dagbag.py:538} INFO - Filling up the DagBag from /home/airflow/.local/lib/python3.8/site-packages/airflow/example_dags/example_bash_operator.py
[2024-02-16T09:20:27.965+0000] {processor.py:840} INFO - DAG(s) 'example_bash_operator' retrieved from /home/airflow/.local/lib/python3.8/site-packages/airflow/example_dags/example_bash_operator.py
[2024-02-16T09:20:28.067+0000] {logging_mixin.py:188} INFO - [2024-02-16T09:20:28.067+0000] {override.py:1769} INFO - Created Permission View: can delete on DAG:example_bash_operator
[2024-02-16T09:20:28.081+0000] {logging_mixin.py:188} INFO - [2024-02-16T09:20:28.081+0000] {override.py:1769} INFO - Created Permission View: can edit on DAG:example_bash_operator
[2024-02-16T09:20:28.088+0000] {logging_mixin.py:188} INFO - [2024-02-16T09:20:28.088+0000] {override.py:1769} INFO - Created Permission View: can read on DAG:example_bash_operator
[2024-02-16T09:20:28.089+0000] {logging_mixin.py:188} INFO - [2024-02-16T09:20:28.088+0000] {dag.py:3036} INFO - Sync 1 DAGs
[2024-02-16T09:20:28.100+0000] {logging_mixin.py:188} INFO - [2024-02-16T09:20:28.100+0000] {dag.py:3058} INFO - Creating ORM DAG for example_bash_operator
[2024-02-16T09:20:28.114+0000] {logging_mixin.py:188} INFO - [2024-02-16T09:20:28.114+0000] {dag.py:3823} INFO - Setting next_dagrun for example_bash_operator to 2024-02-15 00:00:00+00:00, run_after=2024-02-16 00:00:00+00:00
[2024-02-16T09:20:28.138+0000] {processor.py:183} INFO - Processing /home/airflow/.local/lib/python3.8/site-packages/airflow/example_dags/example_bash_operator.py took 0.190 seconds
[2024-02-16T09:20:58.942+0000] {processor.py:161} INFO - Started process (PID=615) to work on /home/airflow/.local/lib/python3.8/site-packages/airflow/example_dags/example_bash_operator.py
[2024-02-16T09:20:58.942+0000] {processor.py:830} INFO - Processing file /home/airflow/.local/lib/python3.8/site-packages/airflow/example_dags/example_bash_operator.py for tasks to queue
[2024-02-16T09:20:58.943+0000] {logging_mixin.py:188} INFO - [2024-02-16T09:20:58.942+0000] {dagbag.py:538} INFO - Filling up the DagBag from /home/airflow/.local/lib/python3.8/site-packages/airflow/example_dags/example_bash_operator.py
[2024-02-16T09:20:58.951+0000] {processor.py:840} INFO - DAG(s) 'example_bash_operator' retrieved from /home/airflow/.local/lib/python3.8/site-packages/airflow/example_dags/example_bash_operator.py
[2024-02-16T09:20:58.974+0000] {logging_mixin.py:188} INFO - [2024-02-16T09:20:58.974+0000] {dag.py:3036} INFO - Sync 1 DAGs
[2024-02-16T09:20:58.990+0000] {logging_mixin.py:188} INFO - [2024-02-16T09:20:58.990+0000] {dag.py:3823} INFO - Setting next_dagrun for example_bash_operator to 2024-02-15 00:00:00+00:00, run_after=2024-02-16 00:00:00+00:00
[2024-02-16T09:20:59.007+0000] {processor.py:183} INFO - Processing /home/airflow/.local/lib/python3.8/site-packages/airflow/example_dags/example_bash_operator.py took 0.068 seconds
[2024-02-16T09:21:29.481+0000] {processor.py:161} INFO - Started process (PID=862) to work on /home/airflow/.local/lib/python3.8/site-packages/airflow/example_dags/example_bash_operator.py
[2024-02-16T09:21:29.483+0000] {processor.py:830} INFO - Processing file /home/airflow/.local/lib/python3.8/site-packages/airflow/example_dags/example_bash_operator.py for tasks to queue
[2024-02-16T09:21:29.483+0000] {logging_mixin.py:188} INFO - [2024-02-16T09:21:29.483+0000] {dagbag.py:538} INFO - Filling up the DagBag from /home/airflow/.local/lib/python3.8/site-packages/airflow/example_dags/example_bash_operator.py
[2024-02-16T09:21:29.492+0000] {processor.py:840} INFO - DAG(s) 'example_bash_operator' retrieved from /home/airflow/.local/lib/python3.8/site-packages/airflow/example_dags/example_bash_operator.py
[2024-02-16T09:21:29.514+0000] {logging_mixin.py:188} INFO - [2024-02-16T09:21:29.514+0000] {dag.py:3036} INFO - Sync 1 DAGs
[2024-02-16T09:21:29.530+0000] {logging_mixin.py:188} INFO - [2024-02-16T09:21:29.530+0000] {dag.py:3823} INFO - Setting next_dagrun for example_bash_operator to 2024-02-15 00:00:00+00:00, run_after=2024-02-16 00:00:00+00:00
[2024-02-16T09:21:29.548+0000] {processor.py:183} INFO - Processing /home/airflow/.local/lib/python3.8/site-packages/airflow/example_dags/example_bash_operator.py took 0.069 seconds
[2024-02-16T09:22:00.260+0000] {processor.py:161} INFO - Started process (PID=1108) to work on /home/airflow/.local/lib/python3.8/site-packages/airflow/example_dags/example_bash_operator.py
[2024-02-16T09:22:00.262+0000] {processor.py:830} INFO - Processing file /home/airflow/.local/lib/python3.8/site-packages/airflow/example_dags/example_bash_operator.py for tasks to queue
[2024-02-16T09:22:00.264+0000] {logging_mixin.py:188} INFO - [2024-02-16T09:22:00.264+0000] {dagbag.py:538} INFO - Filling up the DagBag from /home/airflow/.local/lib/python3.8/site-packages/airflow/example_dags/example_bash_operator.py
[2024-02-16T09:22:00.274+0000] {processor.py:840} INFO - DAG(s) 'example_bash_operator' retrieved from /home/airflow/.local/lib/python3.8/site-packages/airflow/example_dags/example_bash_operator.py
[2024-02-16T09:22:00.302+0000] {logging_mixin.py:188} INFO - [2024-02-16T09:22:00.301+0000] {dag.py:3036} INFO - Sync 1 DAGs
[2024-02-16T09:22:00.323+0000] {logging_mixin.py:188} INFO - [2024-02-16T09:22:00.322+0000] {dag.py:3823} INFO - Setting next_dagrun for example_bash_operator to 2024-02-15 00:00:00+00:00, run_after=2024-02-16 00:00:00+00:00
[2024-02-16T09:22:00.342+0000] {processor.py:183} INFO - Processing /home/airflow/.local/lib/python3.8/site-packages/airflow/example_dags/example_bash_operator.py took 0.084 seconds
[2024-02-16T09:22:30.967+0000] {processor.py:161} INFO - Started process (PID=1355) to work on /home/airflow/.local/lib/python3.8/site-packages/airflow/example_dags/example_bash_operator.py
[2024-02-16T09:22:30.969+0000] {processor.py:830} INFO - Processing file /home/airflow/.local/lib/python3.8/site-packages/airflow/example_dags/example_bash_operator.py for tasks to queue
[2024-02-16T09:22:30.970+0000] {logging_mixin.py:188} INFO - [2024-02-16T09:22:30.970+0000] {dagbag.py:538} INFO - Filling up the DagBag from /home/airflow/.local/lib/python3.8/site-packages/airflow/example_dags/example_bash_operator.py
[2024-02-16T09:22:30.979+0000] {processor.py:840} INFO - DAG(s) 'example_bash_operator' retrieved from /home/airflow/.local/lib/python3.8/site-packages/airflow/example_dags/example_bash_operator.py
[2024-02-16T09:22:31.009+0000] {logging_mixin.py:188} INFO - [2024-02-16T09:22:31.009+0000] {dag.py:3036} INFO - Sync 1 DAGs
[2024-02-16T09:22:31.032+0000] {logging_mixin.py:188} INFO - [2024-02-16T09:22:31.032+0000] {dag.py:3823} INFO - Setting next_dagrun for example_bash_operator to 2024-02-15 00:00:00+00:00, run_after=2024-02-16 00:00:00+00:00
[2024-02-16T09:22:31.057+0000] {processor.py:183} INFO - Processing /home/airflow/.local/lib/python3.8/site-packages/airflow/example_dags/example_bash_operator.py took 0.093 seconds
[2024-02-16T09:23:01.445+0000] {processor.py:161} INFO - Started process (PID=1602) to work on /home/airflow/.local/lib/python3.8/site-packages/airflow/example_dags/example_bash_operator.py
[2024-02-16T09:23:01.446+0000] {processor.py:830} INFO - Processing file /home/airflow/.local/lib/python3.8/site-packages/airflow/example_dags/example_bash_operator.py for tasks to queue
[2024-02-16T09:23:01.446+0000] {logging_mixin.py:188} INFO - [2024-02-16T09:23:01.446+0000] {dagbag.py:538} INFO - Filling up the DagBag from /home/airflow/.local/lib/python3.8/site-packages/airflow/example_dags/example_bash_operator.py
[2024-02-16T09:23:01.455+0000] {processor.py:840} INFO - DAG(s) 'example_bash_operator' retrieved from /home/airflow/.local/lib/python3.8/site-packages/airflow/example_dags/example_bash_operator.py
[2024-02-16T09:23:01.478+0000] {logging_mixin.py:188} INFO - [2024-02-16T09:23:01.478+0000] {dag.py:3036} INFO - Sync 1 DAGs
[2024-02-16T09:23:01.494+0000] {logging_mixin.py:188} INFO - [2024-02-16T09:23:01.494+0000] {dag.py:3823} INFO - Setting next_dagrun for example_bash_operator to 2024-02-15 00:00:00+00:00, run_after=2024-02-16 00:00:00+00:00
[2024-02-16T09:23:01.513+0000] {processor.py:183} INFO - Processing /home/airflow/.local/lib/python3.8/site-packages/airflow/example_dags/example_bash_operator.py took 0.071 seconds
[2024-02-16T09:23:31.821+0000] {processor.py:161} INFO - Started process (PID=1848) to work on /home/airflow/.local/lib/python3.8/site-packages/airflow/example_dags/example_bash_operator.py
[2024-02-16T09:23:31.822+0000] {processor.py:830} INFO - Processing file /home/airflow/.local/lib/python3.8/site-packages/airflow/example_dags/example_bash_operator.py for tasks to queue
[2024-02-16T09:23:31.823+0000] {logging_mixin.py:188} INFO - [2024-02-16T09:23:31.822+0000] {dagbag.py:538} INFO - Filling up the DagBag from /home/airflow/.local/lib/python3.8/site-packages/airflow/example_dags/example_bash_operator.py
[2024-02-16T09:23:31.831+0000] {processor.py:840} INFO - DAG(s) 'example_bash_operator' retrieved from /home/airflow/.local/lib/python3.8/site-packages/airflow/example_dags/example_bash_operator.py
[2024-02-16T09:23:31.855+0000] {logging_mixin.py:188} INFO - [2024-02-16T09:23:31.855+0000] {dag.py:3036} INFO - Sync 1 DAGs
[2024-02-16T09:23:31.872+0000] {logging_mixin.py:188} INFO - [2024-02-16T09:23:31.872+0000] {dag.py:3823} INFO - Setting next_dagrun for example_bash_operator to 2024-02-15 00:00:00+00:00, run_after=2024-02-16 00:00:00+00:00
[2024-02-16T09:23:31.889+0000] {processor.py:183} INFO - Processing /home/airflow/.local/lib/python3.8/site-packages/airflow/example_dags/example_bash_operator.py took 0.071 seconds
[2024-02-16T09:24:02.326+0000] {processor.py:161} INFO - Started process (PID=2095) to work on /home/airflow/.local/lib/python3.8/site-packages/airflow/example_dags/example_bash_operator.py
[2024-02-16T09:24:02.327+0000] {processor.py:830} INFO - Processing file /home/airflow/.local/lib/python3.8/site-packages/airflow/example_dags/example_bash_operator.py for tasks to queue
[2024-02-16T09:24:02.328+0000] {logging_mixin.py:188} INFO - [2024-02-16T09:24:02.327+0000] {dagbag.py:538} INFO - Filling up the DagBag from /home/airflow/.local/lib/python3.8/site-packages/airflow/example_dags/example_bash_operator.py
[2024-02-16T09:24:02.335+0000] {processor.py:840} INFO - DAG(s) 'example_bash_operator' retrieved from /home/airflow/.local/lib/python3.8/site-packages/airflow/example_dags/example_bash_operator.py
[2024-02-16T09:24:02.358+0000] {logging_mixin.py:188} INFO - [2024-02-16T09:24:02.358+0000] {dag.py:3036} INFO - Sync 1 DAGs
[2024-02-16T09:24:02.374+0000] {logging_mixin.py:188} INFO - [2024-02-16T09:24:02.373+0000] {dag.py:3823} INFO - Setting next_dagrun for example_bash_operator to 2024-02-15 00:00:00+00:00, run_after=2024-02-16 00:00:00+00:00
[2024-02-16T09:24:02.389+0000] {processor.py:183} INFO - Processing /home/airflow/.local/lib/python3.8/site-packages/airflow/example_dags/example_bash_operator.py took 0.066 seconds
[2024-02-16T09:24:32.776+0000] {processor.py:161} INFO - Started process (PID=2341) to work on /home/airflow/.local/lib/python3.8/site-packages/airflow/example_dags/example_bash_operator.py
[2024-02-16T09:24:32.777+0000] {processor.py:830} INFO - Processing file /home/airflow/.local/lib/python3.8/site-packages/airflow/example_dags/example_bash_operator.py for tasks to queue
[2024-02-16T09:24:32.778+0000] {logging_mixin.py:188} INFO - [2024-02-16T09:24:32.777+0000] {dagbag.py:538} INFO - Filling up the DagBag from /home/airflow/.local/lib/python3.8/site-packages/airflow/example_dags/example_bash_operator.py
[2024-02-16T09:24:32.789+0000] {processor.py:840} INFO - DAG(s) 'example_bash_operator' retrieved from /home/airflow/.local/lib/python3.8/site-packages/airflow/example_dags/example_bash_operator.py
[2024-02-16T09:24:32.814+0000] {logging_mixin.py:188} INFO - [2024-02-16T09:24:32.814+0000] {dag.py:3036} INFO - Sync 1 DAGs
[2024-02-16T09:24:32.833+0000] {logging_mixin.py:188} INFO - [2024-02-16T09:24:32.833+0000] {dag.py:3823} INFO - Setting next_dagrun for example_bash_operator to 2024-02-15 00:00:00+00:00, run_after=2024-02-16 00:00:00+00:00
[2024-02-16T09:24:32.849+0000] {processor.py:183} INFO - Processing /home/airflow/.local/lib/python3.8/site-packages/airflow/example_dags/example_bash_operator.py took 0.076 seconds
[2024-02-16T09:25:03.211+0000] {processor.py:161} INFO - Started process (PID=2588) to work on /home/airflow/.local/lib/python3.8/site-packages/airflow/example_dags/example_bash_operator.py
[2024-02-16T09:25:03.213+0000] {processor.py:830} INFO - Processing file /home/airflow/.local/lib/python3.8/site-packages/airflow/example_dags/example_bash_operator.py for tasks to queue
[2024-02-16T09:25:03.213+0000] {logging_mixin.py:188} INFO - [2024-02-16T09:25:03.213+0000] {dagbag.py:538} INFO - Filling up the DagBag from /home/airflow/.local/lib/python3.8/site-packages/airflow/example_dags/example_bash_operator.py
[2024-02-16T09:25:03.222+0000] {processor.py:840} INFO - DAG(s) 'example_bash_operator' retrieved from /home/airflow/.local/lib/python3.8/site-packages/airflow/example_dags/example_bash_operator.py
[2024-02-16T09:25:03.244+0000] {logging_mixin.py:188} INFO - [2024-02-16T09:25:03.244+0000] {dag.py:3036} INFO - Sync 1 DAGs
[2024-02-16T09:25:03.259+0000] {logging_mixin.py:188} INFO - [2024-02-16T09:25:03.259+0000] {dag.py:3823} INFO - Setting next_dagrun for example_bash_operator to 2024-02-15 00:00:00+00:00, run_after=2024-02-16 00:00:00+00:00
[2024-02-16T09:25:03.277+0000] {processor.py:183} INFO - Processing /home/airflow/.local/lib/python3.8/site-packages/airflow/example_dags/example_bash_operator.py took 0.067 seconds
[2024-02-16T09:25:33.672+0000] {processor.py:161} INFO - Started process (PID=2834) to work on /home/airflow/.local/lib/python3.8/site-packages/airflow/example_dags/example_bash_operator.py
[2024-02-16T09:25:33.673+0000] {processor.py:830} INFO - Processing file /home/airflow/.local/lib/python3.8/site-packages/airflow/example_dags/example_bash_operator.py for tasks to queue
[2024-02-16T09:25:33.674+0000] {logging_mixin.py:188} INFO - [2024-02-16T09:25:33.674+0000] {dagbag.py:538} INFO - Filling up the DagBag from /home/airflow/.local/lib/python3.8/site-packages/airflow/example_dags/example_bash_operator.py
[2024-02-16T09:25:33.686+0000] {processor.py:840} INFO - DAG(s) 'example_bash_operator' retrieved from /home/airflow/.local/lib/python3.8/site-packages/airflow/example_dags/example_bash_operator.py
[2024-02-16T09:25:33.711+0000] {logging_mixin.py:188} INFO - [2024-02-16T09:25:33.711+0000] {dag.py:3036} INFO - Sync 1 DAGs
[2024-02-16T09:25:33.732+0000] {logging_mixin.py:188} INFO - [2024-02-16T09:25:33.731+0000] {dag.py:3823} INFO - Setting next_dagrun for example_bash_operator to 2024-02-15 00:00:00+00:00, run_after=2024-02-16 00:00:00+00:00
[2024-02-16T09:25:33.751+0000] {processor.py:183} INFO - Processing /home/airflow/.local/lib/python3.8/site-packages/airflow/example_dags/example_bash_operator.py took 0.082 seconds
[2024-02-16T09:26:04.606+0000] {processor.py:161} INFO - Started process (PID=3081) to work on /home/airflow/.local/lib/python3.8/site-packages/airflow/example_dags/example_bash_operator.py
[2024-02-16T09:26:04.608+0000] {processor.py:830} INFO - Processing file /home/airflow/.local/lib/python3.8/site-packages/airflow/example_dags/example_bash_operator.py for tasks to queue
[2024-02-16T09:26:04.609+0000] {logging_mixin.py:188} INFO - [2024-02-16T09:26:04.608+0000] {dagbag.py:538} INFO - Filling up the DagBag from /home/airflow/.local/lib/python3.8/site-packages/airflow/example_dags/example_bash_operator.py
[2024-02-16T09:26:04.619+0000] {processor.py:840} INFO - DAG(s) 'example_bash_operator' retrieved from /home/airflow/.local/lib/python3.8/site-packages/airflow/example_dags/example_bash_operator.py
[2024-02-16T09:26:04.654+0000] {logging_mixin.py:188} INFO - [2024-02-16T09:26:04.654+0000] {dag.py:3036} INFO - Sync 1 DAGs
[2024-02-16T09:26:04.684+0000] {logging_mixin.py:188} INFO - [2024-02-16T09:26:04.684+0000] {dag.py:3823} INFO - Setting next_dagrun for example_bash_operator to 2024-02-15 00:00:00+00:00, run_after=2024-02-16 00:00:00+00:00
[2024-02-16T09:26:04.706+0000] {processor.py:183} INFO - Processing /home/airflow/.local/lib/python3.8/site-packages/airflow/example_dags/example_bash_operator.py took 0.102 seconds
[2024-02-16T09:26:35.333+0000] {processor.py:161} INFO - Started process (PID=3330) to work on /home/airflow/.local/lib/python3.8/site-packages/airflow/example_dags/example_bash_operator.py
[2024-02-16T09:26:35.336+0000] {processor.py:830} INFO - Processing file /home/airflow/.local/lib/python3.8/site-packages/airflow/example_dags/example_bash_operator.py for tasks to queue
[2024-02-16T09:26:35.338+0000] {logging_mixin.py:188} INFO - [2024-02-16T09:26:35.337+0000] {dagbag.py:538} INFO - Filling up the DagBag from /home/airflow/.local/lib/python3.8/site-packages/airflow/example_dags/example_bash_operator.py
[2024-02-16T09:26:35.350+0000] {processor.py:840} INFO - DAG(s) 'example_bash_operator' retrieved from /home/airflow/.local/lib/python3.8/site-packages/airflow/example_dags/example_bash_operator.py
[2024-02-16T09:26:35.377+0000] {logging_mixin.py:188} INFO - [2024-02-16T09:26:35.376+0000] {dag.py:3036} INFO - Sync 1 DAGs
[2024-02-16T09:26:35.396+0000] {logging_mixin.py:188} INFO - [2024-02-16T09:26:35.396+0000] {dag.py:3823} INFO - Setting next_dagrun for example_bash_operator to 2024-02-15 00:00:00+00:00, run_after=2024-02-16 00:00:00+00:00
[2024-02-16T09:26:35.417+0000] {processor.py:183} INFO - Processing /home/airflow/.local/lib/python3.8/site-packages/airflow/example_dags/example_bash_operator.py took 0.096 seconds
[2024-02-16T09:27:05.757+0000] {processor.py:161} INFO - Started process (PID=3579) to work on /home/airflow/.local/lib/python3.8/site-packages/airflow/example_dags/example_bash_operator.py
[2024-02-16T09:27:05.759+0000] {processor.py:830} INFO - Processing file /home/airflow/.local/lib/python3.8/site-packages/airflow/example_dags/example_bash_operator.py for tasks to queue
[2024-02-16T09:27:05.760+0000] {logging_mixin.py:188} INFO - [2024-02-16T09:27:05.759+0000] {dagbag.py:538} INFO - Filling up the DagBag from /home/airflow/.local/lib/python3.8/site-packages/airflow/example_dags/example_bash_operator.py
[2024-02-16T09:27:05.770+0000] {processor.py:840} INFO - DAG(s) 'example_bash_operator' retrieved from /home/airflow/.local/lib/python3.8/site-packages/airflow/example_dags/example_bash_operator.py
[2024-02-16T09:27:05.798+0000] {logging_mixin.py:188} INFO - [2024-02-16T09:27:05.798+0000] {dag.py:3036} INFO - Sync 1 DAGs
[2024-02-16T09:27:05.817+0000] {logging_mixin.py:188} INFO - [2024-02-16T09:27:05.817+0000] {dag.py:3823} INFO - Setting next_dagrun for example_bash_operator to 2024-02-15 00:00:00+00:00, run_after=2024-02-16 00:00:00+00:00
[2024-02-16T09:27:05.837+0000] {processor.py:183} INFO - Processing /home/airflow/.local/lib/python3.8/site-packages/airflow/example_dags/example_bash_operator.py took 0.083 seconds
[2024-02-16T09:27:36.244+0000] {processor.py:161} INFO - Started process (PID=3827) to work on /home/airflow/.local/lib/python3.8/site-packages/airflow/example_dags/example_bash_operator.py
[2024-02-16T09:27:36.246+0000] {processor.py:830} INFO - Processing file /home/airflow/.local/lib/python3.8/site-packages/airflow/example_dags/example_bash_operator.py for tasks to queue
[2024-02-16T09:27:36.246+0000] {logging_mixin.py:188} INFO - [2024-02-16T09:27:36.246+0000] {dagbag.py:538} INFO - Filling up the DagBag from /home/airflow/.local/lib/python3.8/site-packages/airflow/example_dags/example_bash_operator.py
[2024-02-16T09:27:36.255+0000] {processor.py:840} INFO - DAG(s) 'example_bash_operator' retrieved from /home/airflow/.local/lib/python3.8/site-packages/airflow/example_dags/example_bash_operator.py
[2024-02-16T09:27:36.278+0000] {logging_mixin.py:188} INFO - [2024-02-16T09:27:36.278+0000] {dag.py:3036} INFO - Sync 1 DAGs
[2024-02-16T09:27:36.293+0000] {logging_mixin.py:188} INFO - [2024-02-16T09:27:36.293+0000] {dag.py:3823} INFO - Setting next_dagrun for example_bash_operator to 2024-02-15 00:00:00+00:00, run_after=2024-02-16 00:00:00+00:00
[2024-02-16T09:27:36.310+0000] {processor.py:183} INFO - Processing /home/airflow/.local/lib/python3.8/site-packages/airflow/example_dags/example_bash_operator.py took 0.068 seconds
[2024-02-16T09:28:06.669+0000] {processor.py:161} INFO - Started process (PID=4074) to work on /home/airflow/.local/lib/python3.8/site-packages/airflow/example_dags/example_bash_operator.py
[2024-02-16T09:28:06.671+0000] {processor.py:830} INFO - Processing file /home/airflow/.local/lib/python3.8/site-packages/airflow/example_dags/example_bash_operator.py for tasks to queue
[2024-02-16T09:28:06.672+0000] {logging_mixin.py:188} INFO - [2024-02-16T09:28:06.671+0000] {dagbag.py:538} INFO - Filling up the DagBag from /home/airflow/.local/lib/python3.8/site-packages/airflow/example_dags/example_bash_operator.py
[2024-02-16T09:28:06.680+0000] {processor.py:840} INFO - DAG(s) 'example_bash_operator' retrieved from /home/airflow/.local/lib/python3.8/site-packages/airflow/example_dags/example_bash_operator.py
[2024-02-16T09:28:06.706+0000] {logging_mixin.py:188} INFO - [2024-02-16T09:28:06.705+0000] {dag.py:3036} INFO - Sync 1 DAGs
[2024-02-16T09:28:06.724+0000] {logging_mixin.py:188} INFO - [2024-02-16T09:28:06.724+0000] {dag.py:3823} INFO - Setting next_dagrun for example_bash_operator to 2024-02-15 00:00:00+00:00, run_after=2024-02-16 00:00:00+00:00
[2024-02-16T09:28:06.743+0000] {processor.py:183} INFO - Processing /home/airflow/.local/lib/python3.8/site-packages/airflow/example_dags/example_bash_operator.py took 0.077 seconds
[2024-02-16T09:28:37.044+0000] {processor.py:161} INFO - Started process (PID=4319) to work on /home/airflow/.local/lib/python3.8/site-packages/airflow/example_dags/example_bash_operator.py
[2024-02-16T09:28:37.045+0000] {processor.py:830} INFO - Processing file /home/airflow/.local/lib/python3.8/site-packages/airflow/example_dags/example_bash_operator.py for tasks to queue
[2024-02-16T09:28:37.046+0000] {logging_mixin.py:188} INFO - [2024-02-16T09:28:37.046+0000] {dagbag.py:538} INFO - Filling up the DagBag from /home/airflow/.local/lib/python3.8/site-packages/airflow/example_dags/example_bash_operator.py
[2024-02-16T09:28:37.055+0000] {processor.py:840} INFO - DAG(s) 'example_bash_operator' retrieved from /home/airflow/.local/lib/python3.8/site-packages/airflow/example_dags/example_bash_operator.py
[2024-02-16T09:28:37.082+0000] {logging_mixin.py:188} INFO - [2024-02-16T09:28:37.082+0000] {dag.py:3036} INFO - Sync 1 DAGs
[2024-02-16T09:28:37.099+0000] {logging_mixin.py:188} INFO - [2024-02-16T09:28:37.099+0000] {dag.py:3823} INFO - Setting next_dagrun for example_bash_operator to 2024-02-15 00:00:00+00:00, run_after=2024-02-16 00:00:00+00:00
[2024-02-16T09:28:37.119+0000] {processor.py:183} INFO - Processing /home/airflow/.local/lib/python3.8/site-packages/airflow/example_dags/example_bash_operator.py took 0.077 seconds
[2024-02-16T09:29:07.345+0000] {processor.py:161} INFO - Started process (PID=4567) to work on /home/airflow/.local/lib/python3.8/site-packages/airflow/example_dags/example_bash_operator.py
[2024-02-16T09:29:07.347+0000] {processor.py:830} INFO - Processing file /home/airflow/.local/lib/python3.8/site-packages/airflow/example_dags/example_bash_operator.py for tasks to queue
[2024-02-16T09:29:07.347+0000] {logging_mixin.py:188} INFO - [2024-02-16T09:29:07.347+0000] {dagbag.py:538} INFO - Filling up the DagBag from /home/airflow/.local/lib/python3.8/site-packages/airflow/example_dags/example_bash_operator.py
[2024-02-16T09:29:07.355+0000] {processor.py:840} INFO - DAG(s) 'example_bash_operator' retrieved from /home/airflow/.local/lib/python3.8/site-packages/airflow/example_dags/example_bash_operator.py
[2024-02-16T09:29:07.379+0000] {logging_mixin.py:188} INFO - [2024-02-16T09:29:07.379+0000] {dag.py:3036} INFO - Sync 1 DAGs
[2024-02-16T09:29:07.394+0000] {logging_mixin.py:188} INFO - [2024-02-16T09:29:07.394+0000] {dag.py:3823} INFO - Setting next_dagrun for example_bash_operator to 2024-02-15 00:00:00+00:00, run_after=2024-02-16 00:00:00+00:00
[2024-02-16T09:29:07.410+0000] {processor.py:183} INFO - Processing /home/airflow/.local/lib/python3.8/site-packages/airflow/example_dags/example_bash_operator.py took 0.067 seconds
[2024-02-16T09:29:38.058+0000] {processor.py:161} INFO - Started process (PID=4813) to work on /home/airflow/.local/lib/python3.8/site-packages/airflow/example_dags/example_bash_operator.py
[2024-02-16T09:29:38.060+0000] {processor.py:830} INFO - Processing file /home/airflow/.local/lib/python3.8/site-packages/airflow/example_dags/example_bash_operator.py for tasks to queue
[2024-02-16T09:29:38.061+0000] {logging_mixin.py:188} INFO - [2024-02-16T09:29:38.060+0000] {dagbag.py:538} INFO - Filling up the DagBag from /home/airflow/.local/lib/python3.8/site-packages/airflow/example_dags/example_bash_operator.py
[2024-02-16T09:29:38.070+0000] {processor.py:840} INFO - DAG(s) 'example_bash_operator' retrieved from /home/airflow/.local/lib/python3.8/site-packages/airflow/example_dags/example_bash_operator.py
[2024-02-16T09:29:38.101+0000] {logging_mixin.py:188} INFO - [2024-02-16T09:29:38.101+0000] {dag.py:3036} INFO - Sync 1 DAGs
[2024-02-16T09:29:38.120+0000] {logging_mixin.py:188} INFO - [2024-02-16T09:29:38.120+0000] {dag.py:3823} INFO - Setting next_dagrun for example_bash_operator to 2024-02-15 00:00:00+00:00, run_after=2024-02-16 00:00:00+00:00
[2024-02-16T09:29:38.143+0000] {processor.py:183} INFO - Processing /home/airflow/.local/lib/python3.8/site-packages/airflow/example_dags/example_bash_operator.py took 0.089 seconds
[2024-02-16T09:30:08.204+0000] {processor.py:161} INFO - Started process (PID=5094) to work on /home/airflow/.local/lib/python3.8/site-packages/airflow/example_dags/example_bash_operator.py
[2024-02-16T09:30:08.206+0000] {processor.py:830} INFO - Processing file /home/airflow/.local/lib/python3.8/site-packages/airflow/example_dags/example_bash_operator.py for tasks to queue
[2024-02-16T09:30:08.209+0000] {logging_mixin.py:188} INFO - [2024-02-16T09:30:08.208+0000] {dagbag.py:538} INFO - Filling up the DagBag from /home/airflow/.local/lib/python3.8/site-packages/airflow/example_dags/example_bash_operator.py
[2024-02-16T09:30:08.221+0000] {processor.py:840} INFO - DAG(s) 'example_bash_operator' retrieved from /home/airflow/.local/lib/python3.8/site-packages/airflow/example_dags/example_bash_operator.py
[2024-02-16T09:30:08.250+0000] {logging_mixin.py:188} INFO - [2024-02-16T09:30:08.249+0000] {dag.py:3036} INFO - Sync 1 DAGs
[2024-02-16T09:30:08.278+0000] {logging_mixin.py:188} INFO - [2024-02-16T09:30:08.278+0000] {dag.py:3823} INFO - Setting next_dagrun for example_bash_operator to 2024-02-15 00:00:00+00:00, run_after=2024-02-16 00:00:00+00:00
[2024-02-16T09:30:08.309+0000] {processor.py:183} INFO - Processing /home/airflow/.local/lib/python3.8/site-packages/airflow/example_dags/example_bash_operator.py took 0.108 seconds
[2024-02-16T09:30:38.989+0000] {processor.py:161} INFO - Started process (PID=5483) to work on /home/airflow/.local/lib/python3.8/site-packages/airflow/example_dags/example_bash_operator.py
[2024-02-16T09:30:38.990+0000] {processor.py:830} INFO - Processing file /home/airflow/.local/lib/python3.8/site-packages/airflow/example_dags/example_bash_operator.py for tasks to queue
[2024-02-16T09:30:38.991+0000] {logging_mixin.py:188} INFO - [2024-02-16T09:30:38.990+0000] {dagbag.py:538} INFO - Filling up the DagBag from /home/airflow/.local/lib/python3.8/site-packages/airflow/example_dags/example_bash_operator.py
[2024-02-16T09:30:38.999+0000] {processor.py:840} INFO - DAG(s) 'example_bash_operator' retrieved from /home/airflow/.local/lib/python3.8/site-packages/airflow/example_dags/example_bash_operator.py
[2024-02-16T09:30:39.025+0000] {logging_mixin.py:188} INFO - [2024-02-16T09:30:39.025+0000] {dag.py:3036} INFO - Sync 1 DAGs
[2024-02-16T09:30:39.045+0000] {logging_mixin.py:188} INFO - [2024-02-16T09:30:39.044+0000] {dag.py:3823} INFO - Setting next_dagrun for example_bash_operator to 2024-02-15 00:00:00+00:00, run_after=2024-02-16 00:00:00+00:00
[2024-02-16T09:30:39.063+0000] {processor.py:183} INFO - Processing /home/airflow/.local/lib/python3.8/site-packages/airflow/example_dags/example_bash_operator.py took 0.078 seconds
[2024-02-16T09:31:09.315+0000] {processor.py:161} INFO - Started process (PID=5729) to work on /home/airflow/.local/lib/python3.8/site-packages/airflow/example_dags/example_bash_operator.py
[2024-02-16T09:31:09.316+0000] {processor.py:830} INFO - Processing file /home/airflow/.local/lib/python3.8/site-packages/airflow/example_dags/example_bash_operator.py for tasks to queue
[2024-02-16T09:31:09.316+0000] {logging_mixin.py:188} INFO - [2024-02-16T09:31:09.316+0000] {dagbag.py:538} INFO - Filling up the DagBag from /home/airflow/.local/lib/python3.8/site-packages/airflow/example_dags/example_bash_operator.py
[2024-02-16T09:31:09.325+0000] {processor.py:840} INFO - DAG(s) 'example_bash_operator' retrieved from /home/airflow/.local/lib/python3.8/site-packages/airflow/example_dags/example_bash_operator.py
[2024-02-16T09:31:09.352+0000] {logging_mixin.py:188} INFO - [2024-02-16T09:31:09.351+0000] {dag.py:3036} INFO - Sync 1 DAGs
[2024-02-16T09:31:09.369+0000] {logging_mixin.py:188} INFO - [2024-02-16T09:31:09.369+0000] {dag.py:3823} INFO - Setting next_dagrun for example_bash_operator to 2024-02-15 00:00:00+00:00, run_after=2024-02-16 00:00:00+00:00
[2024-02-16T09:31:09.389+0000] {processor.py:183} INFO - Processing /home/airflow/.local/lib/python3.8/site-packages/airflow/example_dags/example_bash_operator.py took 0.076 seconds
[2024-02-16T09:31:39.820+0000] {processor.py:161} INFO - Started process (PID=5976) to work on /home/airflow/.local/lib/python3.8/site-packages/airflow/example_dags/example_bash_operator.py
[2024-02-16T09:31:39.821+0000] {processor.py:830} INFO - Processing file /home/airflow/.local/lib/python3.8/site-packages/airflow/example_dags/example_bash_operator.py for tasks to queue
[2024-02-16T09:31:39.821+0000] {logging_mixin.py:188} INFO - [2024-02-16T09:31:39.821+0000] {dagbag.py:538} INFO - Filling up the DagBag from /home/airflow/.local/lib/python3.8/site-packages/airflow/example_dags/example_bash_operator.py
[2024-02-16T09:31:39.831+0000] {processor.py:840} INFO - DAG(s) 'example_bash_operator' retrieved from /home/airflow/.local/lib/python3.8/site-packages/airflow/example_dags/example_bash_operator.py
[2024-02-16T09:31:39.856+0000] {logging_mixin.py:188} INFO - [2024-02-16T09:31:39.856+0000] {dag.py:3036} INFO - Sync 1 DAGs
[2024-02-16T09:31:39.875+0000] {logging_mixin.py:188} INFO - [2024-02-16T09:31:39.874+0000] {dag.py:3823} INFO - Setting next_dagrun for example_bash_operator to 2024-02-15 00:00:00+00:00, run_after=2024-02-16 00:00:00+00:00
[2024-02-16T09:31:39.895+0000] {processor.py:183} INFO - Processing /home/airflow/.local/lib/python3.8/site-packages/airflow/example_dags/example_bash_operator.py took 0.078 seconds
[2024-02-16T09:32:10.261+0000] {processor.py:161} INFO - Started process (PID=6222) to work on /home/airflow/.local/lib/python3.8/site-packages/airflow/example_dags/example_bash_operator.py
[2024-02-16T09:32:10.262+0000] {processor.py:830} INFO - Processing file /home/airflow/.local/lib/python3.8/site-packages/airflow/example_dags/example_bash_operator.py for tasks to queue
[2024-02-16T09:32:10.263+0000] {logging_mixin.py:188} INFO - [2024-02-16T09:32:10.263+0000] {dagbag.py:538} INFO - Filling up the DagBag from /home/airflow/.local/lib/python3.8/site-packages/airflow/example_dags/example_bash_operator.py
[2024-02-16T09:32:10.273+0000] {processor.py:840} INFO - DAG(s) 'example_bash_operator' retrieved from /home/airflow/.local/lib/python3.8/site-packages/airflow/example_dags/example_bash_operator.py
[2024-02-16T09:32:10.300+0000] {logging_mixin.py:188} INFO - [2024-02-16T09:32:10.300+0000] {dag.py:3036} INFO - Sync 1 DAGs
[2024-02-16T09:32:10.323+0000] {logging_mixin.py:188} INFO - [2024-02-16T09:32:10.323+0000] {dag.py:3823} INFO - Setting next_dagrun for example_bash_operator to 2024-02-15 00:00:00+00:00, run_after=2024-02-16 00:00:00+00:00
[2024-02-16T09:32:10.346+0000] {processor.py:183} INFO - Processing /home/airflow/.local/lib/python3.8/site-packages/airflow/example_dags/example_bash_operator.py took 0.088 seconds
[2024-02-16T09:32:40.860+0000] {processor.py:161} INFO - Started process (PID=6469) to work on /home/airflow/.local/lib/python3.8/site-packages/airflow/example_dags/example_bash_operator.py
[2024-02-16T09:32:40.861+0000] {processor.py:830} INFO - Processing file /home/airflow/.local/lib/python3.8/site-packages/airflow/example_dags/example_bash_operator.py for tasks to queue
[2024-02-16T09:32:40.862+0000] {logging_mixin.py:188} INFO - [2024-02-16T09:32:40.862+0000] {dagbag.py:538} INFO - Filling up the DagBag from /home/airflow/.local/lib/python3.8/site-packages/airflow/example_dags/example_bash_operator.py
[2024-02-16T09:32:40.873+0000] {processor.py:840} INFO - DAG(s) 'example_bash_operator' retrieved from /home/airflow/.local/lib/python3.8/site-packages/airflow/example_dags/example_bash_operator.py
[2024-02-16T09:32:40.899+0000] {logging_mixin.py:188} INFO - [2024-02-16T09:32:40.899+0000] {dag.py:3036} INFO - Sync 1 DAGs
[2024-02-16T09:32:40.919+0000] {logging_mixin.py:188} INFO - [2024-02-16T09:32:40.919+0000] {dag.py:3823} INFO - Setting next_dagrun for example_bash_operator to 2024-02-15 00:00:00+00:00, run_after=2024-02-16 00:00:00+00:00
[2024-02-16T09:32:40.938+0000] {processor.py:183} INFO - Processing /home/airflow/.local/lib/python3.8/site-packages/airflow/example_dags/example_bash_operator.py took 0.081 seconds
[2024-02-16T09:33:11.481+0000] {processor.py:161} INFO - Started process (PID=6718) to work on /home/airflow/.local/lib/python3.8/site-packages/airflow/example_dags/example_bash_operator.py
[2024-02-16T09:33:11.482+0000] {processor.py:830} INFO - Processing file /home/airflow/.local/lib/python3.8/site-packages/airflow/example_dags/example_bash_operator.py for tasks to queue
[2024-02-16T09:33:11.483+0000] {logging_mixin.py:188} INFO - [2024-02-16T09:33:11.483+0000] {dagbag.py:538} INFO - Filling up the DagBag from /home/airflow/.local/lib/python3.8/site-packages/airflow/example_dags/example_bash_operator.py
[2024-02-16T09:33:11.492+0000] {processor.py:840} INFO - DAG(s) 'example_bash_operator' retrieved from /home/airflow/.local/lib/python3.8/site-packages/airflow/example_dags/example_bash_operator.py
[2024-02-16T09:33:11.518+0000] {logging_mixin.py:188} INFO - [2024-02-16T09:33:11.517+0000] {dag.py:3036} INFO - Sync 1 DAGs
[2024-02-16T09:33:11.536+0000] {logging_mixin.py:188} INFO - [2024-02-16T09:33:11.536+0000] {dag.py:3823} INFO - Setting next_dagrun for example_bash_operator to 2024-02-15 00:00:00+00:00, run_after=2024-02-16 00:00:00+00:00
[2024-02-16T09:33:11.556+0000] {processor.py:183} INFO - Processing /home/airflow/.local/lib/python3.8/site-packages/airflow/example_dags/example_bash_operator.py took 0.077 seconds
[2024-02-16T09:33:41.954+0000] {processor.py:161} INFO - Started process (PID=6965) to work on /home/airflow/.local/lib/python3.8/site-packages/airflow/example_dags/example_bash_operator.py
[2024-02-16T09:33:41.956+0000] {processor.py:830} INFO - Processing file /home/airflow/.local/lib/python3.8/site-packages/airflow/example_dags/example_bash_operator.py for tasks to queue
[2024-02-16T09:33:41.956+0000] {logging_mixin.py:188} INFO - [2024-02-16T09:33:41.956+0000] {dagbag.py:538} INFO - Filling up the DagBag from /home/airflow/.local/lib/python3.8/site-packages/airflow/example_dags/example_bash_operator.py
[2024-02-16T09:33:41.965+0000] {processor.py:840} INFO - DAG(s) 'example_bash_operator' retrieved from /home/airflow/.local/lib/python3.8/site-packages/airflow/example_dags/example_bash_operator.py
[2024-02-16T09:33:41.992+0000] {logging_mixin.py:188} INFO - [2024-02-16T09:33:41.991+0000] {dag.py:3036} INFO - Sync 1 DAGs
[2024-02-16T09:33:42.010+0000] {logging_mixin.py:188} INFO - [2024-02-16T09:33:42.010+0000] {dag.py:3823} INFO - Setting next_dagrun for example_bash_operator to 2024-02-15 00:00:00+00:00, run_after=2024-02-16 00:00:00+00:00
[2024-02-16T09:33:42.028+0000] {processor.py:183} INFO - Processing /home/airflow/.local/lib/python3.8/site-packages/airflow/example_dags/example_bash_operator.py took 0.076 seconds
[2024-02-16T09:34:12.175+0000] {processor.py:161} INFO - Started process (PID=7210) to work on /home/airflow/.local/lib/python3.8/site-packages/airflow/example_dags/example_bash_operator.py
[2024-02-16T09:34:12.176+0000] {processor.py:830} INFO - Processing file /home/airflow/.local/lib/python3.8/site-packages/airflow/example_dags/example_bash_operator.py for tasks to queue
[2024-02-16T09:34:12.177+0000] {logging_mixin.py:188} INFO - [2024-02-16T09:34:12.177+0000] {dagbag.py:538} INFO - Filling up the DagBag from /home/airflow/.local/lib/python3.8/site-packages/airflow/example_dags/example_bash_operator.py
[2024-02-16T09:34:12.186+0000] {processor.py:840} INFO - DAG(s) 'example_bash_operator' retrieved from /home/airflow/.local/lib/python3.8/site-packages/airflow/example_dags/example_bash_operator.py
[2024-02-16T09:34:12.212+0000] {logging_mixin.py:188} INFO - [2024-02-16T09:34:12.211+0000] {dag.py:3036} INFO - Sync 1 DAGs
[2024-02-16T09:34:12.229+0000] {logging_mixin.py:188} INFO - [2024-02-16T09:34:12.229+0000] {dag.py:3823} INFO - Setting next_dagrun for example_bash_operator to 2024-02-15 00:00:00+00:00, run_after=2024-02-16 00:00:00+00:00
[2024-02-16T09:34:12.248+0000] {processor.py:183} INFO - Processing /home/airflow/.local/lib/python3.8/site-packages/airflow/example_dags/example_bash_operator.py took 0.075 seconds
[2024-02-16T09:38:04.832+0000] {processor.py:161} INFO - Started process (PID=365) to work on /home/airflow/.local/lib/python3.8/site-packages/airflow/example_dags/example_bash_operator.py
[2024-02-16T09:38:04.834+0000] {processor.py:830} INFO - Processing file /home/airflow/.local/lib/python3.8/site-packages/airflow/example_dags/example_bash_operator.py for tasks to queue
[2024-02-16T09:38:04.835+0000] {logging_mixin.py:188} INFO - [2024-02-16T09:38:04.835+0000] {dagbag.py:538} INFO - Filling up the DagBag from /home/airflow/.local/lib/python3.8/site-packages/airflow/example_dags/example_bash_operator.py
[2024-02-16T09:38:04.845+0000] {processor.py:840} INFO - DAG(s) 'example_bash_operator' retrieved from /home/airflow/.local/lib/python3.8/site-packages/airflow/example_dags/example_bash_operator.py
[2024-02-16T09:38:04.861+0000] {logging_mixin.py:188} INFO - [2024-02-16T09:38:04.861+0000] {dag.py:3036} INFO - Sync 1 DAGs
[2024-02-16T09:38:04.885+0000] {logging_mixin.py:188} INFO - [2024-02-16T09:38:04.885+0000] {dag.py:3823} INFO - Setting next_dagrun for example_bash_operator to 2024-02-15 00:00:00+00:00, run_after=2024-02-16 00:00:00+00:00
[2024-02-16T09:38:04.909+0000] {processor.py:183} INFO - Processing /home/airflow/.local/lib/python3.8/site-packages/airflow/example_dags/example_bash_operator.py took 0.079 seconds
[2024-02-16T09:38:36.739+0000] {processor.py:161} INFO - Started process (PID=612) to work on /home/airflow/.local/lib/python3.8/site-packages/airflow/example_dags/example_bash_operator.py
[2024-02-16T09:38:36.740+0000] {processor.py:830} INFO - Processing file /home/airflow/.local/lib/python3.8/site-packages/airflow/example_dags/example_bash_operator.py for tasks to queue
[2024-02-16T09:38:36.741+0000] {logging_mixin.py:188} INFO - [2024-02-16T09:38:36.741+0000] {dagbag.py:538} INFO - Filling up the DagBag from /home/airflow/.local/lib/python3.8/site-packages/airflow/example_dags/example_bash_operator.py
[2024-02-16T09:38:36.750+0000] {processor.py:840} INFO - DAG(s) 'example_bash_operator' retrieved from /home/airflow/.local/lib/python3.8/site-packages/airflow/example_dags/example_bash_operator.py
[2024-02-16T09:38:36.840+0000] {logging_mixin.py:188} INFO - [2024-02-16T09:38:36.840+0000] {dag.py:3036} INFO - Sync 1 DAGs
[2024-02-16T09:38:36.860+0000] {logging_mixin.py:188} INFO - [2024-02-16T09:38:36.859+0000] {dag.py:3823} INFO - Setting next_dagrun for example_bash_operator to 2024-02-15 00:00:00+00:00, run_after=2024-02-16 00:00:00+00:00
[2024-02-16T09:38:36.879+0000] {processor.py:183} INFO - Processing /home/airflow/.local/lib/python3.8/site-packages/airflow/example_dags/example_bash_operator.py took 0.144 seconds
