[2024-02-16T09:20:24.539+0000] {processor.py:161} INFO - Started process (PID=216) to work on /home/airflow/.local/lib/python3.8/site-packages/airflow/example_dags/example_latest_only_with_trigger.py
[2024-02-16T09:20:24.540+0000] {processor.py:830} INFO - Processing file /home/airflow/.local/lib/python3.8/site-packages/airflow/example_dags/example_latest_only_with_trigger.py for tasks to queue
[2024-02-16T09:20:24.540+0000] {logging_mixin.py:188} INFO - [2024-02-16T09:20:24.540+0000] {dagbag.py:538} INFO - Filling up the DagBag from /home/airflow/.local/lib/python3.8/site-packages/airflow/example_dags/example_latest_only_with_trigger.py
[2024-02-16T09:20:24.550+0000] {processor.py:840} INFO - DAG(s) 'latest_only_with_trigger' retrieved from /home/airflow/.local/lib/python3.8/site-packages/airflow/example_dags/example_latest_only_with_trigger.py
[2024-02-16T09:20:24.648+0000] {logging_mixin.py:188} INFO - [2024-02-16T09:20:24.648+0000] {override.py:1769} INFO - Created Permission View: can delete on DAG:latest_only_with_trigger
[2024-02-16T09:20:24.658+0000] {logging_mixin.py:188} INFO - [2024-02-16T09:20:24.658+0000] {override.py:1769} INFO - Created Permission View: can edit on DAG:latest_only_with_trigger
[2024-02-16T09:20:24.669+0000] {logging_mixin.py:188} INFO - [2024-02-16T09:20:24.669+0000] {override.py:1769} INFO - Created Permission View: can read on DAG:latest_only_with_trigger
[2024-02-16T09:20:24.670+0000] {logging_mixin.py:188} INFO - [2024-02-16T09:20:24.670+0000] {dag.py:3036} INFO - Sync 1 DAGs
[2024-02-16T09:20:24.683+0000] {logging_mixin.py:188} INFO - [2024-02-16T09:20:24.682+0000] {dag.py:3058} INFO - Creating ORM DAG for latest_only_with_trigger
[2024-02-16T09:20:24.691+0000] {logging_mixin.py:188} INFO - [2024-02-16T09:20:24.691+0000] {dag.py:3823} INFO - Setting next_dagrun for latest_only_with_trigger to 2024-02-16 04:00:00+00:00, run_after=2024-02-16 08:00:00+00:00
[2024-02-16T09:20:24.713+0000] {processor.py:183} INFO - Processing /home/airflow/.local/lib/python3.8/site-packages/airflow/example_dags/example_latest_only_with_trigger.py took 0.177 seconds
[2024-02-16T09:20:55.497+0000] {processor.py:161} INFO - Started process (PID=463) to work on /home/airflow/.local/lib/python3.8/site-packages/airflow/example_dags/example_latest_only_with_trigger.py
[2024-02-16T09:20:55.499+0000] {processor.py:830} INFO - Processing file /home/airflow/.local/lib/python3.8/site-packages/airflow/example_dags/example_latest_only_with_trigger.py for tasks to queue
[2024-02-16T09:20:55.500+0000] {logging_mixin.py:188} INFO - [2024-02-16T09:20:55.499+0000] {dagbag.py:538} INFO - Filling up the DagBag from /home/airflow/.local/lib/python3.8/site-packages/airflow/example_dags/example_latest_only_with_trigger.py
[2024-02-16T09:20:55.504+0000] {processor.py:840} INFO - DAG(s) 'latest_only_with_trigger' retrieved from /home/airflow/.local/lib/python3.8/site-packages/airflow/example_dags/example_latest_only_with_trigger.py
[2024-02-16T09:20:55.524+0000] {logging_mixin.py:188} INFO - [2024-02-16T09:20:55.524+0000] {dag.py:3036} INFO - Sync 1 DAGs
[2024-02-16T09:20:55.544+0000] {logging_mixin.py:188} INFO - [2024-02-16T09:20:55.543+0000] {dag.py:3823} INFO - Setting next_dagrun for latest_only_with_trigger to 2024-02-16 04:00:00+00:00, run_after=2024-02-16 08:00:00+00:00
[2024-02-16T09:20:55.563+0000] {processor.py:183} INFO - Processing /home/airflow/.local/lib/python3.8/site-packages/airflow/example_dags/example_latest_only_with_trigger.py took 0.068 seconds
[2024-02-16T09:21:25.938+0000] {processor.py:161} INFO - Started process (PID=710) to work on /home/airflow/.local/lib/python3.8/site-packages/airflow/example_dags/example_latest_only_with_trigger.py
[2024-02-16T09:21:25.938+0000] {processor.py:830} INFO - Processing file /home/airflow/.local/lib/python3.8/site-packages/airflow/example_dags/example_latest_only_with_trigger.py for tasks to queue
[2024-02-16T09:21:25.939+0000] {logging_mixin.py:188} INFO - [2024-02-16T09:21:25.939+0000] {dagbag.py:538} INFO - Filling up the DagBag from /home/airflow/.local/lib/python3.8/site-packages/airflow/example_dags/example_latest_only_with_trigger.py
[2024-02-16T09:21:25.944+0000] {processor.py:840} INFO - DAG(s) 'latest_only_with_trigger' retrieved from /home/airflow/.local/lib/python3.8/site-packages/airflow/example_dags/example_latest_only_with_trigger.py
[2024-02-16T09:21:25.964+0000] {logging_mixin.py:188} INFO - [2024-02-16T09:21:25.964+0000] {dag.py:3036} INFO - Sync 1 DAGs
[2024-02-16T09:21:25.983+0000] {logging_mixin.py:188} INFO - [2024-02-16T09:21:25.983+0000] {dag.py:3823} INFO - Setting next_dagrun for latest_only_with_trigger to 2024-02-16 04:00:00+00:00, run_after=2024-02-16 08:00:00+00:00
[2024-02-16T09:21:26.002+0000] {processor.py:183} INFO - Processing /home/airflow/.local/lib/python3.8/site-packages/airflow/example_dags/example_latest_only_with_trigger.py took 0.067 seconds
[2024-02-16T09:21:56.519+0000] {processor.py:161} INFO - Started process (PID=956) to work on /home/airflow/.local/lib/python3.8/site-packages/airflow/example_dags/example_latest_only_with_trigger.py
[2024-02-16T09:21:56.520+0000] {processor.py:830} INFO - Processing file /home/airflow/.local/lib/python3.8/site-packages/airflow/example_dags/example_latest_only_with_trigger.py for tasks to queue
[2024-02-16T09:21:56.520+0000] {logging_mixin.py:188} INFO - [2024-02-16T09:21:56.520+0000] {dagbag.py:538} INFO - Filling up the DagBag from /home/airflow/.local/lib/python3.8/site-packages/airflow/example_dags/example_latest_only_with_trigger.py
[2024-02-16T09:21:56.525+0000] {processor.py:840} INFO - DAG(s) 'latest_only_with_trigger' retrieved from /home/airflow/.local/lib/python3.8/site-packages/airflow/example_dags/example_latest_only_with_trigger.py
[2024-02-16T09:21:56.548+0000] {logging_mixin.py:188} INFO - [2024-02-16T09:21:56.548+0000] {dag.py:3036} INFO - Sync 1 DAGs
[2024-02-16T09:21:56.570+0000] {logging_mixin.py:188} INFO - [2024-02-16T09:21:56.569+0000] {dag.py:3823} INFO - Setting next_dagrun for latest_only_with_trigger to 2024-02-16 04:00:00+00:00, run_after=2024-02-16 08:00:00+00:00
[2024-02-16T09:21:56.589+0000] {processor.py:183} INFO - Processing /home/airflow/.local/lib/python3.8/site-packages/airflow/example_dags/example_latest_only_with_trigger.py took 0.074 seconds
[2024-02-16T09:22:27.269+0000] {processor.py:161} INFO - Started process (PID=1203) to work on /home/airflow/.local/lib/python3.8/site-packages/airflow/example_dags/example_latest_only_with_trigger.py
[2024-02-16T09:22:27.271+0000] {processor.py:830} INFO - Processing file /home/airflow/.local/lib/python3.8/site-packages/airflow/example_dags/example_latest_only_with_trigger.py for tasks to queue
[2024-02-16T09:22:27.273+0000] {logging_mixin.py:188} INFO - [2024-02-16T09:22:27.272+0000] {dagbag.py:538} INFO - Filling up the DagBag from /home/airflow/.local/lib/python3.8/site-packages/airflow/example_dags/example_latest_only_with_trigger.py
[2024-02-16T09:22:27.279+0000] {processor.py:840} INFO - DAG(s) 'latest_only_with_trigger' retrieved from /home/airflow/.local/lib/python3.8/site-packages/airflow/example_dags/example_latest_only_with_trigger.py
[2024-02-16T09:22:27.305+0000] {logging_mixin.py:188} INFO - [2024-02-16T09:22:27.305+0000] {dag.py:3036} INFO - Sync 1 DAGs
[2024-02-16T09:22:27.329+0000] {logging_mixin.py:188} INFO - [2024-02-16T09:22:27.329+0000] {dag.py:3823} INFO - Setting next_dagrun for latest_only_with_trigger to 2024-02-16 04:00:00+00:00, run_after=2024-02-16 08:00:00+00:00
[2024-02-16T09:22:27.352+0000] {processor.py:183} INFO - Processing /home/airflow/.local/lib/python3.8/site-packages/airflow/example_dags/example_latest_only_with_trigger.py took 0.086 seconds
[2024-02-16T09:22:57.936+0000] {processor.py:161} INFO - Started process (PID=1450) to work on /home/airflow/.local/lib/python3.8/site-packages/airflow/example_dags/example_latest_only_with_trigger.py
[2024-02-16T09:22:57.937+0000] {processor.py:830} INFO - Processing file /home/airflow/.local/lib/python3.8/site-packages/airflow/example_dags/example_latest_only_with_trigger.py for tasks to queue
[2024-02-16T09:22:57.938+0000] {logging_mixin.py:188} INFO - [2024-02-16T09:22:57.938+0000] {dagbag.py:538} INFO - Filling up the DagBag from /home/airflow/.local/lib/python3.8/site-packages/airflow/example_dags/example_latest_only_with_trigger.py
[2024-02-16T09:22:57.942+0000] {processor.py:840} INFO - DAG(s) 'latest_only_with_trigger' retrieved from /home/airflow/.local/lib/python3.8/site-packages/airflow/example_dags/example_latest_only_with_trigger.py
[2024-02-16T09:22:57.961+0000] {logging_mixin.py:188} INFO - [2024-02-16T09:22:57.961+0000] {dag.py:3036} INFO - Sync 1 DAGs
[2024-02-16T09:22:57.977+0000] {logging_mixin.py:188} INFO - [2024-02-16T09:22:57.977+0000] {dag.py:3823} INFO - Setting next_dagrun for latest_only_with_trigger to 2024-02-16 04:00:00+00:00, run_after=2024-02-16 08:00:00+00:00
[2024-02-16T09:22:57.996+0000] {processor.py:183} INFO - Processing /home/airflow/.local/lib/python3.8/site-packages/airflow/example_dags/example_latest_only_with_trigger.py took 0.064 seconds
[2024-02-16T09:23:28.371+0000] {processor.py:161} INFO - Started process (PID=1696) to work on /home/airflow/.local/lib/python3.8/site-packages/airflow/example_dags/example_latest_only_with_trigger.py
[2024-02-16T09:23:28.372+0000] {processor.py:830} INFO - Processing file /home/airflow/.local/lib/python3.8/site-packages/airflow/example_dags/example_latest_only_with_trigger.py for tasks to queue
[2024-02-16T09:23:28.373+0000] {logging_mixin.py:188} INFO - [2024-02-16T09:23:28.373+0000] {dagbag.py:538} INFO - Filling up the DagBag from /home/airflow/.local/lib/python3.8/site-packages/airflow/example_dags/example_latest_only_with_trigger.py
[2024-02-16T09:23:28.377+0000] {processor.py:840} INFO - DAG(s) 'latest_only_with_trigger' retrieved from /home/airflow/.local/lib/python3.8/site-packages/airflow/example_dags/example_latest_only_with_trigger.py
[2024-02-16T09:23:28.399+0000] {logging_mixin.py:188} INFO - [2024-02-16T09:23:28.399+0000] {dag.py:3036} INFO - Sync 1 DAGs
[2024-02-16T09:23:28.419+0000] {logging_mixin.py:188} INFO - [2024-02-16T09:23:28.419+0000] {dag.py:3823} INFO - Setting next_dagrun for latest_only_with_trigger to 2024-02-16 04:00:00+00:00, run_after=2024-02-16 08:00:00+00:00
[2024-02-16T09:23:28.438+0000] {processor.py:183} INFO - Processing /home/airflow/.local/lib/python3.8/site-packages/airflow/example_dags/example_latest_only_with_trigger.py took 0.070 seconds
[2024-02-16T09:23:58.745+0000] {processor.py:161} INFO - Started process (PID=1945) to work on /home/airflow/.local/lib/python3.8/site-packages/airflow/example_dags/example_latest_only_with_trigger.py
[2024-02-16T09:23:58.747+0000] {processor.py:830} INFO - Processing file /home/airflow/.local/lib/python3.8/site-packages/airflow/example_dags/example_latest_only_with_trigger.py for tasks to queue
[2024-02-16T09:23:58.747+0000] {logging_mixin.py:188} INFO - [2024-02-16T09:23:58.747+0000] {dagbag.py:538} INFO - Filling up the DagBag from /home/airflow/.local/lib/python3.8/site-packages/airflow/example_dags/example_latest_only_with_trigger.py
[2024-02-16T09:23:58.752+0000] {processor.py:840} INFO - DAG(s) 'latest_only_with_trigger' retrieved from /home/airflow/.local/lib/python3.8/site-packages/airflow/example_dags/example_latest_only_with_trigger.py
[2024-02-16T09:23:58.775+0000] {logging_mixin.py:188} INFO - [2024-02-16T09:23:58.774+0000] {dag.py:3036} INFO - Sync 1 DAGs
[2024-02-16T09:23:58.792+0000] {logging_mixin.py:188} INFO - [2024-02-16T09:23:58.792+0000] {dag.py:3823} INFO - Setting next_dagrun for latest_only_with_trigger to 2024-02-16 04:00:00+00:00, run_after=2024-02-16 08:00:00+00:00
[2024-02-16T09:23:58.810+0000] {processor.py:183} INFO - Processing /home/airflow/.local/lib/python3.8/site-packages/airflow/example_dags/example_latest_only_with_trigger.py took 0.067 seconds
[2024-02-16T09:24:29.257+0000] {processor.py:161} INFO - Started process (PID=2190) to work on /home/airflow/.local/lib/python3.8/site-packages/airflow/example_dags/example_latest_only_with_trigger.py
[2024-02-16T09:24:29.259+0000] {processor.py:830} INFO - Processing file /home/airflow/.local/lib/python3.8/site-packages/airflow/example_dags/example_latest_only_with_trigger.py for tasks to queue
[2024-02-16T09:24:29.259+0000] {logging_mixin.py:188} INFO - [2024-02-16T09:24:29.259+0000] {dagbag.py:538} INFO - Filling up the DagBag from /home/airflow/.local/lib/python3.8/site-packages/airflow/example_dags/example_latest_only_with_trigger.py
[2024-02-16T09:24:29.264+0000] {processor.py:840} INFO - DAG(s) 'latest_only_with_trigger' retrieved from /home/airflow/.local/lib/python3.8/site-packages/airflow/example_dags/example_latest_only_with_trigger.py
[2024-02-16T09:24:29.283+0000] {logging_mixin.py:188} INFO - [2024-02-16T09:24:29.283+0000] {dag.py:3036} INFO - Sync 1 DAGs
[2024-02-16T09:24:29.301+0000] {logging_mixin.py:188} INFO - [2024-02-16T09:24:29.300+0000] {dag.py:3823} INFO - Setting next_dagrun for latest_only_with_trigger to 2024-02-16 04:00:00+00:00, run_after=2024-02-16 08:00:00+00:00
[2024-02-16T09:24:29.320+0000] {processor.py:183} INFO - Processing /home/airflow/.local/lib/python3.8/site-packages/airflow/example_dags/example_latest_only_with_trigger.py took 0.066 seconds
[2024-02-16T09:24:59.722+0000] {processor.py:161} INFO - Started process (PID=2436) to work on /home/airflow/.local/lib/python3.8/site-packages/airflow/example_dags/example_latest_only_with_trigger.py
[2024-02-16T09:24:59.723+0000] {processor.py:830} INFO - Processing file /home/airflow/.local/lib/python3.8/site-packages/airflow/example_dags/example_latest_only_with_trigger.py for tasks to queue
[2024-02-16T09:24:59.724+0000] {logging_mixin.py:188} INFO - [2024-02-16T09:24:59.724+0000] {dagbag.py:538} INFO - Filling up the DagBag from /home/airflow/.local/lib/python3.8/site-packages/airflow/example_dags/example_latest_only_with_trigger.py
[2024-02-16T09:24:59.729+0000] {processor.py:840} INFO - DAG(s) 'latest_only_with_trigger' retrieved from /home/airflow/.local/lib/python3.8/site-packages/airflow/example_dags/example_latest_only_with_trigger.py
[2024-02-16T09:24:59.749+0000] {logging_mixin.py:188} INFO - [2024-02-16T09:24:59.749+0000] {dag.py:3036} INFO - Sync 1 DAGs
[2024-02-16T09:24:59.771+0000] {logging_mixin.py:188} INFO - [2024-02-16T09:24:59.770+0000] {dag.py:3823} INFO - Setting next_dagrun for latest_only_with_trigger to 2024-02-16 04:00:00+00:00, run_after=2024-02-16 08:00:00+00:00
[2024-02-16T09:24:59.793+0000] {processor.py:183} INFO - Processing /home/airflow/.local/lib/python3.8/site-packages/airflow/example_dags/example_latest_only_with_trigger.py took 0.073 seconds
[2024-02-16T09:25:30.206+0000] {processor.py:161} INFO - Started process (PID=2684) to work on /home/airflow/.local/lib/python3.8/site-packages/airflow/example_dags/example_latest_only_with_trigger.py
[2024-02-16T09:25:30.207+0000] {processor.py:830} INFO - Processing file /home/airflow/.local/lib/python3.8/site-packages/airflow/example_dags/example_latest_only_with_trigger.py for tasks to queue
[2024-02-16T09:25:30.208+0000] {logging_mixin.py:188} INFO - [2024-02-16T09:25:30.208+0000] {dagbag.py:538} INFO - Filling up the DagBag from /home/airflow/.local/lib/python3.8/site-packages/airflow/example_dags/example_latest_only_with_trigger.py
[2024-02-16T09:25:30.214+0000] {processor.py:840} INFO - DAG(s) 'latest_only_with_trigger' retrieved from /home/airflow/.local/lib/python3.8/site-packages/airflow/example_dags/example_latest_only_with_trigger.py
[2024-02-16T09:25:30.236+0000] {logging_mixin.py:188} INFO - [2024-02-16T09:25:30.236+0000] {dag.py:3036} INFO - Sync 1 DAGs
[2024-02-16T09:25:30.257+0000] {logging_mixin.py:188} INFO - [2024-02-16T09:25:30.256+0000] {dag.py:3823} INFO - Setting next_dagrun for latest_only_with_trigger to 2024-02-16 04:00:00+00:00, run_after=2024-02-16 08:00:00+00:00
[2024-02-16T09:25:30.277+0000] {processor.py:183} INFO - Processing /home/airflow/.local/lib/python3.8/site-packages/airflow/example_dags/example_latest_only_with_trigger.py took 0.075 seconds
[2024-02-16T09:26:00.586+0000] {processor.py:161} INFO - Started process (PID=2929) to work on /home/airflow/.local/lib/python3.8/site-packages/airflow/example_dags/example_latest_only_with_trigger.py
[2024-02-16T09:26:00.588+0000] {processor.py:830} INFO - Processing file /home/airflow/.local/lib/python3.8/site-packages/airflow/example_dags/example_latest_only_with_trigger.py for tasks to queue
[2024-02-16T09:26:00.588+0000] {logging_mixin.py:188} INFO - [2024-02-16T09:26:00.588+0000] {dagbag.py:538} INFO - Filling up the DagBag from /home/airflow/.local/lib/python3.8/site-packages/airflow/example_dags/example_latest_only_with_trigger.py
[2024-02-16T09:26:00.593+0000] {processor.py:840} INFO - DAG(s) 'latest_only_with_trigger' retrieved from /home/airflow/.local/lib/python3.8/site-packages/airflow/example_dags/example_latest_only_with_trigger.py
[2024-02-16T09:26:00.618+0000] {logging_mixin.py:188} INFO - [2024-02-16T09:26:00.618+0000] {dag.py:3036} INFO - Sync 1 DAGs
[2024-02-16T09:26:00.640+0000] {logging_mixin.py:188} INFO - [2024-02-16T09:26:00.639+0000] {dag.py:3823} INFO - Setting next_dagrun for latest_only_with_trigger to 2024-02-16 04:00:00+00:00, run_after=2024-02-16 08:00:00+00:00
[2024-02-16T09:26:00.664+0000] {processor.py:183} INFO - Processing /home/airflow/.local/lib/python3.8/site-packages/airflow/example_dags/example_latest_only_with_trigger.py took 0.080 seconds
[2024-02-16T09:26:30.756+0000] {processor.py:161} INFO - Started process (PID=3180) to work on /home/airflow/.local/lib/python3.8/site-packages/airflow/example_dags/example_latest_only_with_trigger.py
[2024-02-16T09:26:30.757+0000] {processor.py:830} INFO - Processing file /home/airflow/.local/lib/python3.8/site-packages/airflow/example_dags/example_latest_only_with_trigger.py for tasks to queue
[2024-02-16T09:26:30.758+0000] {logging_mixin.py:188} INFO - [2024-02-16T09:26:30.758+0000] {dagbag.py:538} INFO - Filling up the DagBag from /home/airflow/.local/lib/python3.8/site-packages/airflow/example_dags/example_latest_only_with_trigger.py
[2024-02-16T09:26:30.763+0000] {processor.py:840} INFO - DAG(s) 'latest_only_with_trigger' retrieved from /home/airflow/.local/lib/python3.8/site-packages/airflow/example_dags/example_latest_only_with_trigger.py
[2024-02-16T09:26:30.783+0000] {logging_mixin.py:188} INFO - [2024-02-16T09:26:30.782+0000] {dag.py:3036} INFO - Sync 1 DAGs
[2024-02-16T09:26:30.801+0000] {logging_mixin.py:188} INFO - [2024-02-16T09:26:30.801+0000] {dag.py:3823} INFO - Setting next_dagrun for latest_only_with_trigger to 2024-02-16 04:00:00+00:00, run_after=2024-02-16 08:00:00+00:00
[2024-02-16T09:26:30.821+0000] {processor.py:183} INFO - Processing /home/airflow/.local/lib/python3.8/site-packages/airflow/example_dags/example_latest_only_with_trigger.py took 0.067 seconds
[2024-02-16T09:27:01.240+0000] {processor.py:161} INFO - Started process (PID=3427) to work on /home/airflow/.local/lib/python3.8/site-packages/airflow/example_dags/example_latest_only_with_trigger.py
[2024-02-16T09:27:01.242+0000] {processor.py:830} INFO - Processing file /home/airflow/.local/lib/python3.8/site-packages/airflow/example_dags/example_latest_only_with_trigger.py for tasks to queue
[2024-02-16T09:27:01.242+0000] {logging_mixin.py:188} INFO - [2024-02-16T09:27:01.242+0000] {dagbag.py:538} INFO - Filling up the DagBag from /home/airflow/.local/lib/python3.8/site-packages/airflow/example_dags/example_latest_only_with_trigger.py
[2024-02-16T09:27:01.247+0000] {processor.py:840} INFO - DAG(s) 'latest_only_with_trigger' retrieved from /home/airflow/.local/lib/python3.8/site-packages/airflow/example_dags/example_latest_only_with_trigger.py
[2024-02-16T09:27:01.264+0000] {logging_mixin.py:188} INFO - [2024-02-16T09:27:01.264+0000] {dag.py:3036} INFO - Sync 1 DAGs
[2024-02-16T09:27:01.282+0000] {logging_mixin.py:188} INFO - [2024-02-16T09:27:01.282+0000] {dag.py:3823} INFO - Setting next_dagrun for latest_only_with_trigger to 2024-02-16 04:00:00+00:00, run_after=2024-02-16 08:00:00+00:00
[2024-02-16T09:27:01.299+0000] {processor.py:183} INFO - Processing /home/airflow/.local/lib/python3.8/site-packages/airflow/example_dags/example_latest_only_with_trigger.py took 0.061 seconds
[2024-02-16T09:27:31.746+0000] {processor.py:161} INFO - Started process (PID=3675) to work on /home/airflow/.local/lib/python3.8/site-packages/airflow/example_dags/example_latest_only_with_trigger.py
[2024-02-16T09:27:31.748+0000] {processor.py:830} INFO - Processing file /home/airflow/.local/lib/python3.8/site-packages/airflow/example_dags/example_latest_only_with_trigger.py for tasks to queue
[2024-02-16T09:27:31.748+0000] {logging_mixin.py:188} INFO - [2024-02-16T09:27:31.748+0000] {dagbag.py:538} INFO - Filling up the DagBag from /home/airflow/.local/lib/python3.8/site-packages/airflow/example_dags/example_latest_only_with_trigger.py
[2024-02-16T09:27:31.753+0000] {processor.py:840} INFO - DAG(s) 'latest_only_with_trigger' retrieved from /home/airflow/.local/lib/python3.8/site-packages/airflow/example_dags/example_latest_only_with_trigger.py
[2024-02-16T09:27:31.773+0000] {logging_mixin.py:188} INFO - [2024-02-16T09:27:31.773+0000] {dag.py:3036} INFO - Sync 1 DAGs
[2024-02-16T09:27:31.792+0000] {logging_mixin.py:188} INFO - [2024-02-16T09:27:31.792+0000] {dag.py:3823} INFO - Setting next_dagrun for latest_only_with_trigger to 2024-02-16 04:00:00+00:00, run_after=2024-02-16 08:00:00+00:00
[2024-02-16T09:27:31.810+0000] {processor.py:183} INFO - Processing /home/airflow/.local/lib/python3.8/site-packages/airflow/example_dags/example_latest_only_with_trigger.py took 0.068 seconds
[2024-02-16T09:28:02.206+0000] {processor.py:161} INFO - Started process (PID=3922) to work on /home/airflow/.local/lib/python3.8/site-packages/airflow/example_dags/example_latest_only_with_trigger.py
[2024-02-16T09:28:02.207+0000] {processor.py:830} INFO - Processing file /home/airflow/.local/lib/python3.8/site-packages/airflow/example_dags/example_latest_only_with_trigger.py for tasks to queue
[2024-02-16T09:28:02.208+0000] {logging_mixin.py:188} INFO - [2024-02-16T09:28:02.208+0000] {dagbag.py:538} INFO - Filling up the DagBag from /home/airflow/.local/lib/python3.8/site-packages/airflow/example_dags/example_latest_only_with_trigger.py
[2024-02-16T09:28:02.212+0000] {processor.py:840} INFO - DAG(s) 'latest_only_with_trigger' retrieved from /home/airflow/.local/lib/python3.8/site-packages/airflow/example_dags/example_latest_only_with_trigger.py
[2024-02-16T09:28:02.232+0000] {logging_mixin.py:188} INFO - [2024-02-16T09:28:02.232+0000] {dag.py:3036} INFO - Sync 1 DAGs
[2024-02-16T09:28:02.250+0000] {logging_mixin.py:188} INFO - [2024-02-16T09:28:02.250+0000] {dag.py:3823} INFO - Setting next_dagrun for latest_only_with_trigger to 2024-02-16 04:00:00+00:00, run_after=2024-02-16 08:00:00+00:00
[2024-02-16T09:28:02.270+0000] {processor.py:183} INFO - Processing /home/airflow/.local/lib/python3.8/site-packages/airflow/example_dags/example_latest_only_with_trigger.py took 0.067 seconds
[2024-02-16T09:28:32.551+0000] {processor.py:161} INFO - Started process (PID=4168) to work on /home/airflow/.local/lib/python3.8/site-packages/airflow/example_dags/example_latest_only_with_trigger.py
[2024-02-16T09:28:32.552+0000] {processor.py:830} INFO - Processing file /home/airflow/.local/lib/python3.8/site-packages/airflow/example_dags/example_latest_only_with_trigger.py for tasks to queue
[2024-02-16T09:28:32.553+0000] {logging_mixin.py:188} INFO - [2024-02-16T09:28:32.553+0000] {dagbag.py:538} INFO - Filling up the DagBag from /home/airflow/.local/lib/python3.8/site-packages/airflow/example_dags/example_latest_only_with_trigger.py
[2024-02-16T09:28:32.557+0000] {processor.py:840} INFO - DAG(s) 'latest_only_with_trigger' retrieved from /home/airflow/.local/lib/python3.8/site-packages/airflow/example_dags/example_latest_only_with_trigger.py
[2024-02-16T09:28:32.574+0000] {logging_mixin.py:188} INFO - [2024-02-16T09:28:32.574+0000] {dag.py:3036} INFO - Sync 1 DAGs
[2024-02-16T09:28:32.592+0000] {logging_mixin.py:188} INFO - [2024-02-16T09:28:32.592+0000] {dag.py:3823} INFO - Setting next_dagrun for latest_only_with_trigger to 2024-02-16 04:00:00+00:00, run_after=2024-02-16 08:00:00+00:00
[2024-02-16T09:28:32.610+0000] {processor.py:183} INFO - Processing /home/airflow/.local/lib/python3.8/site-packages/airflow/example_dags/example_latest_only_with_trigger.py took 0.062 seconds
[2024-02-16T09:29:02.944+0000] {processor.py:161} INFO - Started process (PID=4416) to work on /home/airflow/.local/lib/python3.8/site-packages/airflow/example_dags/example_latest_only_with_trigger.py
[2024-02-16T09:29:02.945+0000] {processor.py:830} INFO - Processing file /home/airflow/.local/lib/python3.8/site-packages/airflow/example_dags/example_latest_only_with_trigger.py for tasks to queue
[2024-02-16T09:29:02.946+0000] {logging_mixin.py:188} INFO - [2024-02-16T09:29:02.946+0000] {dagbag.py:538} INFO - Filling up the DagBag from /home/airflow/.local/lib/python3.8/site-packages/airflow/example_dags/example_latest_only_with_trigger.py
[2024-02-16T09:29:02.951+0000] {processor.py:840} INFO - DAG(s) 'latest_only_with_trigger' retrieved from /home/airflow/.local/lib/python3.8/site-packages/airflow/example_dags/example_latest_only_with_trigger.py
[2024-02-16T09:29:02.970+0000] {logging_mixin.py:188} INFO - [2024-02-16T09:29:02.970+0000] {dag.py:3036} INFO - Sync 1 DAGs
[2024-02-16T09:29:02.987+0000] {logging_mixin.py:188} INFO - [2024-02-16T09:29:02.987+0000] {dag.py:3823} INFO - Setting next_dagrun for latest_only_with_trigger to 2024-02-16 04:00:00+00:00, run_after=2024-02-16 08:00:00+00:00
[2024-02-16T09:29:03.009+0000] {processor.py:183} INFO - Processing /home/airflow/.local/lib/python3.8/site-packages/airflow/example_dags/example_latest_only_with_trigger.py took 0.067 seconds
[2024-02-16T09:29:33.350+0000] {processor.py:161} INFO - Started process (PID=4661) to work on /home/airflow/.local/lib/python3.8/site-packages/airflow/example_dags/example_latest_only_with_trigger.py
[2024-02-16T09:29:33.351+0000] {processor.py:830} INFO - Processing file /home/airflow/.local/lib/python3.8/site-packages/airflow/example_dags/example_latest_only_with_trigger.py for tasks to queue
[2024-02-16T09:29:33.352+0000] {logging_mixin.py:188} INFO - [2024-02-16T09:29:33.351+0000] {dagbag.py:538} INFO - Filling up the DagBag from /home/airflow/.local/lib/python3.8/site-packages/airflow/example_dags/example_latest_only_with_trigger.py
[2024-02-16T09:29:33.357+0000] {processor.py:840} INFO - DAG(s) 'latest_only_with_trigger' retrieved from /home/airflow/.local/lib/python3.8/site-packages/airflow/example_dags/example_latest_only_with_trigger.py
[2024-02-16T09:29:33.381+0000] {logging_mixin.py:188} INFO - [2024-02-16T09:29:33.381+0000] {dag.py:3036} INFO - Sync 1 DAGs
[2024-02-16T09:29:33.402+0000] {logging_mixin.py:188} INFO - [2024-02-16T09:29:33.402+0000] {dag.py:3823} INFO - Setting next_dagrun for latest_only_with_trigger to 2024-02-16 04:00:00+00:00, run_after=2024-02-16 08:00:00+00:00
[2024-02-16T09:29:33.421+0000] {processor.py:183} INFO - Processing /home/airflow/.local/lib/python3.8/site-packages/airflow/example_dags/example_latest_only_with_trigger.py took 0.074 seconds
[2024-02-16T09:30:04.093+0000] {processor.py:161} INFO - Started process (PID=4911) to work on /home/airflow/.local/lib/python3.8/site-packages/airflow/example_dags/example_latest_only_with_trigger.py
[2024-02-16T09:30:04.095+0000] {processor.py:830} INFO - Processing file /home/airflow/.local/lib/python3.8/site-packages/airflow/example_dags/example_latest_only_with_trigger.py for tasks to queue
[2024-02-16T09:30:04.096+0000] {logging_mixin.py:188} INFO - [2024-02-16T09:30:04.095+0000] {dagbag.py:538} INFO - Filling up the DagBag from /home/airflow/.local/lib/python3.8/site-packages/airflow/example_dags/example_latest_only_with_trigger.py
[2024-02-16T09:30:04.103+0000] {processor.py:840} INFO - DAG(s) 'latest_only_with_trigger' retrieved from /home/airflow/.local/lib/python3.8/site-packages/airflow/example_dags/example_latest_only_with_trigger.py
[2024-02-16T09:30:04.125+0000] {logging_mixin.py:188} INFO - [2024-02-16T09:30:04.125+0000] {dag.py:3036} INFO - Sync 1 DAGs
[2024-02-16T09:30:04.145+0000] {logging_mixin.py:188} INFO - [2024-02-16T09:30:04.145+0000] {dag.py:3823} INFO - Setting next_dagrun for latest_only_with_trigger to 2024-02-16 04:00:00+00:00, run_after=2024-02-16 08:00:00+00:00
[2024-02-16T09:30:04.166+0000] {processor.py:183} INFO - Processing /home/airflow/.local/lib/python3.8/site-packages/airflow/example_dags/example_latest_only_with_trigger.py took 0.076 seconds
[2024-02-16T09:30:34.482+0000] {processor.py:161} INFO - Started process (PID=5333) to work on /home/airflow/.local/lib/python3.8/site-packages/airflow/example_dags/example_latest_only_with_trigger.py
[2024-02-16T09:30:34.484+0000] {processor.py:830} INFO - Processing file /home/airflow/.local/lib/python3.8/site-packages/airflow/example_dags/example_latest_only_with_trigger.py for tasks to queue
[2024-02-16T09:30:34.485+0000] {logging_mixin.py:188} INFO - [2024-02-16T09:30:34.485+0000] {dagbag.py:538} INFO - Filling up the DagBag from /home/airflow/.local/lib/python3.8/site-packages/airflow/example_dags/example_latest_only_with_trigger.py
[2024-02-16T09:30:34.491+0000] {processor.py:840} INFO - DAG(s) 'latest_only_with_trigger' retrieved from /home/airflow/.local/lib/python3.8/site-packages/airflow/example_dags/example_latest_only_with_trigger.py
[2024-02-16T09:30:34.511+0000] {logging_mixin.py:188} INFO - [2024-02-16T09:30:34.511+0000] {dag.py:3036} INFO - Sync 1 DAGs
[2024-02-16T09:30:34.531+0000] {logging_mixin.py:188} INFO - [2024-02-16T09:30:34.530+0000] {dag.py:3823} INFO - Setting next_dagrun for latest_only_with_trigger to 2024-02-16 04:00:00+00:00, run_after=2024-02-16 08:00:00+00:00
[2024-02-16T09:30:34.549+0000] {processor.py:183} INFO - Processing /home/airflow/.local/lib/python3.8/site-packages/airflow/example_dags/example_latest_only_with_trigger.py took 0.070 seconds
[2024-02-16T09:31:04.863+0000] {processor.py:161} INFO - Started process (PID=5579) to work on /home/airflow/.local/lib/python3.8/site-packages/airflow/example_dags/example_latest_only_with_trigger.py
[2024-02-16T09:31:04.865+0000] {processor.py:830} INFO - Processing file /home/airflow/.local/lib/python3.8/site-packages/airflow/example_dags/example_latest_only_with_trigger.py for tasks to queue
[2024-02-16T09:31:04.865+0000] {logging_mixin.py:188} INFO - [2024-02-16T09:31:04.865+0000] {dagbag.py:538} INFO - Filling up the DagBag from /home/airflow/.local/lib/python3.8/site-packages/airflow/example_dags/example_latest_only_with_trigger.py
[2024-02-16T09:31:04.870+0000] {processor.py:840} INFO - DAG(s) 'latest_only_with_trigger' retrieved from /home/airflow/.local/lib/python3.8/site-packages/airflow/example_dags/example_latest_only_with_trigger.py
[2024-02-16T09:31:04.890+0000] {logging_mixin.py:188} INFO - [2024-02-16T09:31:04.889+0000] {dag.py:3036} INFO - Sync 1 DAGs
[2024-02-16T09:31:04.909+0000] {logging_mixin.py:188} INFO - [2024-02-16T09:31:04.908+0000] {dag.py:3823} INFO - Setting next_dagrun for latest_only_with_trigger to 2024-02-16 04:00:00+00:00, run_after=2024-02-16 08:00:00+00:00
[2024-02-16T09:31:04.927+0000] {processor.py:183} INFO - Processing /home/airflow/.local/lib/python3.8/site-packages/airflow/example_dags/example_latest_only_with_trigger.py took 0.066 seconds
[2024-02-16T09:31:35.268+0000] {processor.py:161} INFO - Started process (PID=5828) to work on /home/airflow/.local/lib/python3.8/site-packages/airflow/example_dags/example_latest_only_with_trigger.py
[2024-02-16T09:31:35.269+0000] {processor.py:830} INFO - Processing file /home/airflow/.local/lib/python3.8/site-packages/airflow/example_dags/example_latest_only_with_trigger.py for tasks to queue
[2024-02-16T09:31:35.269+0000] {logging_mixin.py:188} INFO - [2024-02-16T09:31:35.269+0000] {dagbag.py:538} INFO - Filling up the DagBag from /home/airflow/.local/lib/python3.8/site-packages/airflow/example_dags/example_latest_only_with_trigger.py
[2024-02-16T09:31:35.274+0000] {processor.py:840} INFO - DAG(s) 'latest_only_with_trigger' retrieved from /home/airflow/.local/lib/python3.8/site-packages/airflow/example_dags/example_latest_only_with_trigger.py
[2024-02-16T09:31:35.292+0000] {logging_mixin.py:188} INFO - [2024-02-16T09:31:35.292+0000] {dag.py:3036} INFO - Sync 1 DAGs
[2024-02-16T09:31:35.308+0000] {logging_mixin.py:188} INFO - [2024-02-16T09:31:35.308+0000] {dag.py:3823} INFO - Setting next_dagrun for latest_only_with_trigger to 2024-02-16 04:00:00+00:00, run_after=2024-02-16 08:00:00+00:00
[2024-02-16T09:31:35.322+0000] {processor.py:183} INFO - Processing /home/airflow/.local/lib/python3.8/site-packages/airflow/example_dags/example_latest_only_with_trigger.py took 0.058 seconds
[2024-02-16T09:32:05.737+0000] {processor.py:161} INFO - Started process (PID=6072) to work on /home/airflow/.local/lib/python3.8/site-packages/airflow/example_dags/example_latest_only_with_trigger.py
[2024-02-16T09:32:05.738+0000] {processor.py:830} INFO - Processing file /home/airflow/.local/lib/python3.8/site-packages/airflow/example_dags/example_latest_only_with_trigger.py for tasks to queue
[2024-02-16T09:32:05.739+0000] {logging_mixin.py:188} INFO - [2024-02-16T09:32:05.739+0000] {dagbag.py:538} INFO - Filling up the DagBag from /home/airflow/.local/lib/python3.8/site-packages/airflow/example_dags/example_latest_only_with_trigger.py
[2024-02-16T09:32:05.744+0000] {processor.py:840} INFO - DAG(s) 'latest_only_with_trigger' retrieved from /home/airflow/.local/lib/python3.8/site-packages/airflow/example_dags/example_latest_only_with_trigger.py
[2024-02-16T09:32:05.765+0000] {logging_mixin.py:188} INFO - [2024-02-16T09:32:05.765+0000] {dag.py:3036} INFO - Sync 1 DAGs
[2024-02-16T09:32:05.783+0000] {logging_mixin.py:188} INFO - [2024-02-16T09:32:05.783+0000] {dag.py:3823} INFO - Setting next_dagrun for latest_only_with_trigger to 2024-02-16 04:00:00+00:00, run_after=2024-02-16 08:00:00+00:00
[2024-02-16T09:32:05.802+0000] {processor.py:183} INFO - Processing /home/airflow/.local/lib/python3.8/site-packages/airflow/example_dags/example_latest_only_with_trigger.py took 0.068 seconds
[2024-02-16T09:32:36.233+0000] {processor.py:161} INFO - Started process (PID=6319) to work on /home/airflow/.local/lib/python3.8/site-packages/airflow/example_dags/example_latest_only_with_trigger.py
[2024-02-16T09:32:36.235+0000] {processor.py:830} INFO - Processing file /home/airflow/.local/lib/python3.8/site-packages/airflow/example_dags/example_latest_only_with_trigger.py for tasks to queue
[2024-02-16T09:32:36.236+0000] {logging_mixin.py:188} INFO - [2024-02-16T09:32:36.235+0000] {dagbag.py:538} INFO - Filling up the DagBag from /home/airflow/.local/lib/python3.8/site-packages/airflow/example_dags/example_latest_only_with_trigger.py
[2024-02-16T09:32:36.241+0000] {processor.py:840} INFO - DAG(s) 'latest_only_with_trigger' retrieved from /home/airflow/.local/lib/python3.8/site-packages/airflow/example_dags/example_latest_only_with_trigger.py
[2024-02-16T09:32:36.262+0000] {logging_mixin.py:188} INFO - [2024-02-16T09:32:36.261+0000] {dag.py:3036} INFO - Sync 1 DAGs
[2024-02-16T09:32:36.281+0000] {logging_mixin.py:188} INFO - [2024-02-16T09:32:36.281+0000] {dag.py:3823} INFO - Setting next_dagrun for latest_only_with_trigger to 2024-02-16 04:00:00+00:00, run_after=2024-02-16 08:00:00+00:00
[2024-02-16T09:32:36.302+0000] {processor.py:183} INFO - Processing /home/airflow/.local/lib/python3.8/site-packages/airflow/example_dags/example_latest_only_with_trigger.py took 0.072 seconds
[2024-02-16T09:33:06.899+0000] {processor.py:161} INFO - Started process (PID=6567) to work on /home/airflow/.local/lib/python3.8/site-packages/airflow/example_dags/example_latest_only_with_trigger.py
[2024-02-16T09:33:06.901+0000] {processor.py:830} INFO - Processing file /home/airflow/.local/lib/python3.8/site-packages/airflow/example_dags/example_latest_only_with_trigger.py for tasks to queue
[2024-02-16T09:33:06.902+0000] {logging_mixin.py:188} INFO - [2024-02-16T09:33:06.902+0000] {dagbag.py:538} INFO - Filling up the DagBag from /home/airflow/.local/lib/python3.8/site-packages/airflow/example_dags/example_latest_only_with_trigger.py
[2024-02-16T09:33:06.907+0000] {processor.py:840} INFO - DAG(s) 'latest_only_with_trigger' retrieved from /home/airflow/.local/lib/python3.8/site-packages/airflow/example_dags/example_latest_only_with_trigger.py
[2024-02-16T09:33:06.926+0000] {logging_mixin.py:188} INFO - [2024-02-16T09:33:06.926+0000] {dag.py:3036} INFO - Sync 1 DAGs
[2024-02-16T09:33:06.944+0000] {logging_mixin.py:188} INFO - [2024-02-16T09:33:06.944+0000] {dag.py:3823} INFO - Setting next_dagrun for latest_only_with_trigger to 2024-02-16 04:00:00+00:00, run_after=2024-02-16 08:00:00+00:00
[2024-02-16T09:33:06.963+0000] {processor.py:183} INFO - Processing /home/airflow/.local/lib/python3.8/site-packages/airflow/example_dags/example_latest_only_with_trigger.py took 0.066 seconds
[2024-02-16T09:33:37.412+0000] {processor.py:161} INFO - Started process (PID=6813) to work on /home/airflow/.local/lib/python3.8/site-packages/airflow/example_dags/example_latest_only_with_trigger.py
[2024-02-16T09:33:37.414+0000] {processor.py:830} INFO - Processing file /home/airflow/.local/lib/python3.8/site-packages/airflow/example_dags/example_latest_only_with_trigger.py for tasks to queue
[2024-02-16T09:33:37.415+0000] {logging_mixin.py:188} INFO - [2024-02-16T09:33:37.414+0000] {dagbag.py:538} INFO - Filling up the DagBag from /home/airflow/.local/lib/python3.8/site-packages/airflow/example_dags/example_latest_only_with_trigger.py
[2024-02-16T09:33:37.420+0000] {processor.py:840} INFO - DAG(s) 'latest_only_with_trigger' retrieved from /home/airflow/.local/lib/python3.8/site-packages/airflow/example_dags/example_latest_only_with_trigger.py
[2024-02-16T09:33:37.442+0000] {logging_mixin.py:188} INFO - [2024-02-16T09:33:37.441+0000] {dag.py:3036} INFO - Sync 1 DAGs
[2024-02-16T09:33:37.464+0000] {logging_mixin.py:188} INFO - [2024-02-16T09:33:37.464+0000] {dag.py:3823} INFO - Setting next_dagrun for latest_only_with_trigger to 2024-02-16 04:00:00+00:00, run_after=2024-02-16 08:00:00+00:00
[2024-02-16T09:33:37.483+0000] {processor.py:183} INFO - Processing /home/airflow/.local/lib/python3.8/site-packages/airflow/example_dags/example_latest_only_with_trigger.py took 0.074 seconds
[2024-02-16T09:34:07.831+0000] {processor.py:161} INFO - Started process (PID=7060) to work on /home/airflow/.local/lib/python3.8/site-packages/airflow/example_dags/example_latest_only_with_trigger.py
[2024-02-16T09:34:07.833+0000] {processor.py:830} INFO - Processing file /home/airflow/.local/lib/python3.8/site-packages/airflow/example_dags/example_latest_only_with_trigger.py for tasks to queue
[2024-02-16T09:34:07.834+0000] {logging_mixin.py:188} INFO - [2024-02-16T09:34:07.834+0000] {dagbag.py:538} INFO - Filling up the DagBag from /home/airflow/.local/lib/python3.8/site-packages/airflow/example_dags/example_latest_only_with_trigger.py
[2024-02-16T09:34:07.838+0000] {processor.py:840} INFO - DAG(s) 'latest_only_with_trigger' retrieved from /home/airflow/.local/lib/python3.8/site-packages/airflow/example_dags/example_latest_only_with_trigger.py
[2024-02-16T09:34:07.858+0000] {logging_mixin.py:188} INFO - [2024-02-16T09:34:07.858+0000] {dag.py:3036} INFO - Sync 1 DAGs
[2024-02-16T09:34:07.876+0000] {logging_mixin.py:188} INFO - [2024-02-16T09:34:07.876+0000] {dag.py:3823} INFO - Setting next_dagrun for latest_only_with_trigger to 2024-02-16 04:00:00+00:00, run_after=2024-02-16 08:00:00+00:00
[2024-02-16T09:34:07.896+0000] {processor.py:183} INFO - Processing /home/airflow/.local/lib/python3.8/site-packages/airflow/example_dags/example_latest_only_with_trigger.py took 0.068 seconds
[2024-02-16T09:38:03.395+0000] {processor.py:161} INFO - Started process (PID=215) to work on /home/airflow/.local/lib/python3.8/site-packages/airflow/example_dags/example_latest_only_with_trigger.py
[2024-02-16T09:38:03.397+0000] {processor.py:830} INFO - Processing file /home/airflow/.local/lib/python3.8/site-packages/airflow/example_dags/example_latest_only_with_trigger.py for tasks to queue
[2024-02-16T09:38:03.398+0000] {logging_mixin.py:188} INFO - [2024-02-16T09:38:03.398+0000] {dagbag.py:538} INFO - Filling up the DagBag from /home/airflow/.local/lib/python3.8/site-packages/airflow/example_dags/example_latest_only_with_trigger.py
[2024-02-16T09:38:03.405+0000] {processor.py:840} INFO - DAG(s) 'latest_only_with_trigger' retrieved from /home/airflow/.local/lib/python3.8/site-packages/airflow/example_dags/example_latest_only_with_trigger.py
[2024-02-16T09:38:03.418+0000] {logging_mixin.py:188} INFO - [2024-02-16T09:38:03.418+0000] {dag.py:3036} INFO - Sync 1 DAGs
[2024-02-16T09:38:03.442+0000] {logging_mixin.py:188} INFO - [2024-02-16T09:38:03.442+0000] {dag.py:3823} INFO - Setting next_dagrun for latest_only_with_trigger to 2024-02-16 04:00:00+00:00, run_after=2024-02-16 08:00:00+00:00
[2024-02-16T09:38:03.463+0000] {processor.py:183} INFO - Processing /home/airflow/.local/lib/python3.8/site-packages/airflow/example_dags/example_latest_only_with_trigger.py took 0.071 seconds
[2024-02-16T09:38:34.116+0000] {processor.py:161} INFO - Started process (PID=462) to work on /home/airflow/.local/lib/python3.8/site-packages/airflow/example_dags/example_latest_only_with_trigger.py
[2024-02-16T09:38:34.117+0000] {processor.py:830} INFO - Processing file /home/airflow/.local/lib/python3.8/site-packages/airflow/example_dags/example_latest_only_with_trigger.py for tasks to queue
[2024-02-16T09:38:34.118+0000] {logging_mixin.py:188} INFO - [2024-02-16T09:38:34.117+0000] {dagbag.py:538} INFO - Filling up the DagBag from /home/airflow/.local/lib/python3.8/site-packages/airflow/example_dags/example_latest_only_with_trigger.py
[2024-02-16T09:38:34.122+0000] {processor.py:840} INFO - DAG(s) 'latest_only_with_trigger' retrieved from /home/airflow/.local/lib/python3.8/site-packages/airflow/example_dags/example_latest_only_with_trigger.py
[2024-02-16T09:38:34.200+0000] {logging_mixin.py:188} INFO - [2024-02-16T09:38:34.200+0000] {dag.py:3036} INFO - Sync 1 DAGs
[2024-02-16T09:38:34.216+0000] {logging_mixin.py:188} INFO - [2024-02-16T09:38:34.216+0000] {dag.py:3823} INFO - Setting next_dagrun for latest_only_with_trigger to 2024-02-16 04:00:00+00:00, run_after=2024-02-16 08:00:00+00:00
[2024-02-16T09:38:34.236+0000] {processor.py:183} INFO - Processing /home/airflow/.local/lib/python3.8/site-packages/airflow/example_dags/example_latest_only_with_trigger.py took 0.123 seconds
