[2024-02-16T09:20:25.186+0000] {processor.py:161} INFO - Started process (PID=246) to work on /home/airflow/.local/lib/python3.8/site-packages/airflow/example_dags/example_sla_dag.py
[2024-02-16T09:20:25.187+0000] {processor.py:830} INFO - Processing file /home/airflow/.local/lib/python3.8/site-packages/airflow/example_dags/example_sla_dag.py for tasks to queue
[2024-02-16T09:20:25.187+0000] {logging_mixin.py:188} INFO - [2024-02-16T09:20:25.187+0000] {dagbag.py:538} INFO - Filling up the DagBag from /home/airflow/.local/lib/python3.8/site-packages/airflow/example_dags/example_sla_dag.py
[2024-02-16T09:20:25.197+0000] {processor.py:840} INFO - DAG(s) 'example_sla_dag' retrieved from /home/airflow/.local/lib/python3.8/site-packages/airflow/example_dags/example_sla_dag.py
[2024-02-16T09:20:25.298+0000] {logging_mixin.py:188} INFO - [2024-02-16T09:20:25.298+0000] {override.py:1769} INFO - Created Permission View: can delete on DAG:example_sla_dag
[2024-02-16T09:20:25.309+0000] {logging_mixin.py:188} INFO - [2024-02-16T09:20:25.308+0000] {override.py:1769} INFO - Created Permission View: can edit on DAG:example_sla_dag
[2024-02-16T09:20:25.320+0000] {logging_mixin.py:188} INFO - [2024-02-16T09:20:25.320+0000] {override.py:1769} INFO - Created Permission View: can read on DAG:example_sla_dag
[2024-02-16T09:20:25.321+0000] {logging_mixin.py:188} INFO - [2024-02-16T09:20:25.321+0000] {dag.py:3036} INFO - Sync 1 DAGs
[2024-02-16T09:20:25.332+0000] {logging_mixin.py:188} INFO - [2024-02-16T09:20:25.332+0000] {dag.py:3058} INFO - Creating ORM DAG for example_sla_dag
[2024-02-16T09:20:25.344+0000] {logging_mixin.py:188} INFO - [2024-02-16T09:20:25.344+0000] {dag.py:3823} INFO - Setting next_dagrun for example_sla_dag to 2024-02-16 09:18:00+00:00, run_after=2024-02-16 09:20:00+00:00
[2024-02-16T09:20:25.366+0000] {processor.py:183} INFO - Processing /home/airflow/.local/lib/python3.8/site-packages/airflow/example_dags/example_sla_dag.py took 0.185 seconds
[2024-02-16T09:20:55.776+0000] {processor.py:161} INFO - Started process (PID=493) to work on /home/airflow/.local/lib/python3.8/site-packages/airflow/example_dags/example_sla_dag.py
[2024-02-16T09:20:55.778+0000] {processor.py:830} INFO - Processing file /home/airflow/.local/lib/python3.8/site-packages/airflow/example_dags/example_sla_dag.py for tasks to queue
[2024-02-16T09:20:55.779+0000] {logging_mixin.py:188} INFO - [2024-02-16T09:20:55.778+0000] {dagbag.py:538} INFO - Filling up the DagBag from /home/airflow/.local/lib/python3.8/site-packages/airflow/example_dags/example_sla_dag.py
[2024-02-16T09:20:55.785+0000] {processor.py:840} INFO - DAG(s) 'example_sla_dag' retrieved from /home/airflow/.local/lib/python3.8/site-packages/airflow/example_dags/example_sla_dag.py
[2024-02-16T09:20:55.805+0000] {logging_mixin.py:188} INFO - [2024-02-16T09:20:55.805+0000] {dag.py:3036} INFO - Sync 1 DAGs
[2024-02-16T09:20:55.824+0000] {logging_mixin.py:188} INFO - [2024-02-16T09:20:55.824+0000] {dag.py:3823} INFO - Setting next_dagrun for example_sla_dag to 2024-02-16 09:18:00+00:00, run_after=2024-02-16 09:20:00+00:00
[2024-02-16T09:20:55.843+0000] {processor.py:183} INFO - Processing /home/airflow/.local/lib/python3.8/site-packages/airflow/example_dags/example_sla_dag.py took 0.069 seconds
[2024-02-16T09:21:26.231+0000] {processor.py:161} INFO - Started process (PID=740) to work on /home/airflow/.local/lib/python3.8/site-packages/airflow/example_dags/example_sla_dag.py
[2024-02-16T09:21:26.232+0000] {processor.py:830} INFO - Processing file /home/airflow/.local/lib/python3.8/site-packages/airflow/example_dags/example_sla_dag.py for tasks to queue
[2024-02-16T09:21:26.232+0000] {logging_mixin.py:188} INFO - [2024-02-16T09:21:26.232+0000] {dagbag.py:538} INFO - Filling up the DagBag from /home/airflow/.local/lib/python3.8/site-packages/airflow/example_dags/example_sla_dag.py
[2024-02-16T09:21:26.240+0000] {processor.py:840} INFO - DAG(s) 'example_sla_dag' retrieved from /home/airflow/.local/lib/python3.8/site-packages/airflow/example_dags/example_sla_dag.py
[2024-02-16T09:21:26.259+0000] {logging_mixin.py:188} INFO - [2024-02-16T09:21:26.259+0000] {dag.py:3036} INFO - Sync 1 DAGs
[2024-02-16T09:21:26.280+0000] {logging_mixin.py:188} INFO - [2024-02-16T09:21:26.280+0000] {dag.py:3823} INFO - Setting next_dagrun for example_sla_dag to 2024-02-16 09:18:00+00:00, run_after=2024-02-16 09:20:00+00:00
[2024-02-16T09:21:26.302+0000] {processor.py:183} INFO - Processing /home/airflow/.local/lib/python3.8/site-packages/airflow/example_dags/example_sla_dag.py took 0.074 seconds
[2024-02-16T09:21:56.861+0000] {processor.py:161} INFO - Started process (PID=986) to work on /home/airflow/.local/lib/python3.8/site-packages/airflow/example_dags/example_sla_dag.py
[2024-02-16T09:21:56.863+0000] {processor.py:830} INFO - Processing file /home/airflow/.local/lib/python3.8/site-packages/airflow/example_dags/example_sla_dag.py for tasks to queue
[2024-02-16T09:21:56.866+0000] {logging_mixin.py:188} INFO - [2024-02-16T09:21:56.865+0000] {dagbag.py:538} INFO - Filling up the DagBag from /home/airflow/.local/lib/python3.8/site-packages/airflow/example_dags/example_sla_dag.py
[2024-02-16T09:21:56.873+0000] {processor.py:840} INFO - DAG(s) 'example_sla_dag' retrieved from /home/airflow/.local/lib/python3.8/site-packages/airflow/example_dags/example_sla_dag.py
[2024-02-16T09:21:56.900+0000] {logging_mixin.py:188} INFO - [2024-02-16T09:21:56.899+0000] {dag.py:3036} INFO - Sync 1 DAGs
[2024-02-16T09:21:56.924+0000] {logging_mixin.py:188} INFO - [2024-02-16T09:21:56.924+0000] {dag.py:3823} INFO - Setting next_dagrun for example_sla_dag to 2024-02-16 09:18:00+00:00, run_after=2024-02-16 09:20:00+00:00
[2024-02-16T09:21:56.949+0000] {processor.py:183} INFO - Processing /home/airflow/.local/lib/python3.8/site-packages/airflow/example_dags/example_sla_dag.py took 0.093 seconds
[2024-02-16T09:22:27.609+0000] {processor.py:161} INFO - Started process (PID=1233) to work on /home/airflow/.local/lib/python3.8/site-packages/airflow/example_dags/example_sla_dag.py
[2024-02-16T09:22:27.611+0000] {processor.py:830} INFO - Processing file /home/airflow/.local/lib/python3.8/site-packages/airflow/example_dags/example_sla_dag.py for tasks to queue
[2024-02-16T09:22:27.612+0000] {logging_mixin.py:188} INFO - [2024-02-16T09:22:27.611+0000] {dagbag.py:538} INFO - Filling up the DagBag from /home/airflow/.local/lib/python3.8/site-packages/airflow/example_dags/example_sla_dag.py
[2024-02-16T09:22:27.619+0000] {processor.py:840} INFO - DAG(s) 'example_sla_dag' retrieved from /home/airflow/.local/lib/python3.8/site-packages/airflow/example_dags/example_sla_dag.py
[2024-02-16T09:22:27.641+0000] {logging_mixin.py:188} INFO - [2024-02-16T09:22:27.641+0000] {dag.py:3036} INFO - Sync 1 DAGs
[2024-02-16T09:22:27.665+0000] {logging_mixin.py:188} INFO - [2024-02-16T09:22:27.665+0000] {dag.py:3823} INFO - Setting next_dagrun for example_sla_dag to 2024-02-16 09:20:00+00:00, run_after=2024-02-16 09:22:00+00:00
[2024-02-16T09:22:27.689+0000] {processor.py:183} INFO - Processing /home/airflow/.local/lib/python3.8/site-packages/airflow/example_dags/example_sla_dag.py took 0.083 seconds
[2024-02-16T09:22:58.193+0000] {processor.py:161} INFO - Started process (PID=1480) to work on /home/airflow/.local/lib/python3.8/site-packages/airflow/example_dags/example_sla_dag.py
[2024-02-16T09:22:58.194+0000] {processor.py:830} INFO - Processing file /home/airflow/.local/lib/python3.8/site-packages/airflow/example_dags/example_sla_dag.py for tasks to queue
[2024-02-16T09:22:58.195+0000] {logging_mixin.py:188} INFO - [2024-02-16T09:22:58.195+0000] {dagbag.py:538} INFO - Filling up the DagBag from /home/airflow/.local/lib/python3.8/site-packages/airflow/example_dags/example_sla_dag.py
[2024-02-16T09:22:58.202+0000] {processor.py:840} INFO - DAG(s) 'example_sla_dag' retrieved from /home/airflow/.local/lib/python3.8/site-packages/airflow/example_dags/example_sla_dag.py
[2024-02-16T09:22:58.220+0000] {logging_mixin.py:188} INFO - [2024-02-16T09:22:58.220+0000] {dag.py:3036} INFO - Sync 1 DAGs
[2024-02-16T09:22:58.239+0000] {logging_mixin.py:188} INFO - [2024-02-16T09:22:58.239+0000] {dag.py:3823} INFO - Setting next_dagrun for example_sla_dag to 2024-02-16 09:20:00+00:00, run_after=2024-02-16 09:22:00+00:00
[2024-02-16T09:22:58.257+0000] {processor.py:183} INFO - Processing /home/airflow/.local/lib/python3.8/site-packages/airflow/example_dags/example_sla_dag.py took 0.066 seconds
[2024-02-16T09:23:28.653+0000] {processor.py:161} INFO - Started process (PID=1726) to work on /home/airflow/.local/lib/python3.8/site-packages/airflow/example_dags/example_sla_dag.py
[2024-02-16T09:23:28.655+0000] {processor.py:830} INFO - Processing file /home/airflow/.local/lib/python3.8/site-packages/airflow/example_dags/example_sla_dag.py for tasks to queue
[2024-02-16T09:23:28.655+0000] {logging_mixin.py:188} INFO - [2024-02-16T09:23:28.655+0000] {dagbag.py:538} INFO - Filling up the DagBag from /home/airflow/.local/lib/python3.8/site-packages/airflow/example_dags/example_sla_dag.py
[2024-02-16T09:23:28.662+0000] {processor.py:840} INFO - DAG(s) 'example_sla_dag' retrieved from /home/airflow/.local/lib/python3.8/site-packages/airflow/example_dags/example_sla_dag.py
[2024-02-16T09:23:28.681+0000] {logging_mixin.py:188} INFO - [2024-02-16T09:23:28.681+0000] {dag.py:3036} INFO - Sync 1 DAGs
[2024-02-16T09:23:28.703+0000] {logging_mixin.py:188} INFO - [2024-02-16T09:23:28.703+0000] {dag.py:3823} INFO - Setting next_dagrun for example_sla_dag to 2024-02-16 09:20:00+00:00, run_after=2024-02-16 09:22:00+00:00
[2024-02-16T09:23:28.724+0000] {processor.py:183} INFO - Processing /home/airflow/.local/lib/python3.8/site-packages/airflow/example_dags/example_sla_dag.py took 0.073 seconds
[2024-02-16T09:23:59.018+0000] {processor.py:161} INFO - Started process (PID=1973) to work on /home/airflow/.local/lib/python3.8/site-packages/airflow/example_dags/example_sla_dag.py
[2024-02-16T09:23:59.020+0000] {processor.py:830} INFO - Processing file /home/airflow/.local/lib/python3.8/site-packages/airflow/example_dags/example_sla_dag.py for tasks to queue
[2024-02-16T09:23:59.020+0000] {logging_mixin.py:188} INFO - [2024-02-16T09:23:59.020+0000] {dagbag.py:538} INFO - Filling up the DagBag from /home/airflow/.local/lib/python3.8/site-packages/airflow/example_dags/example_sla_dag.py
[2024-02-16T09:23:59.027+0000] {processor.py:840} INFO - DAG(s) 'example_sla_dag' retrieved from /home/airflow/.local/lib/python3.8/site-packages/airflow/example_dags/example_sla_dag.py
[2024-02-16T09:23:59.045+0000] {logging_mixin.py:188} INFO - [2024-02-16T09:23:59.045+0000] {dag.py:3036} INFO - Sync 1 DAGs
[2024-02-16T09:23:59.064+0000] {logging_mixin.py:188} INFO - [2024-02-16T09:23:59.064+0000] {dag.py:3823} INFO - Setting next_dagrun for example_sla_dag to 2024-02-16 09:20:00+00:00, run_after=2024-02-16 09:22:00+00:00
[2024-02-16T09:23:59.082+0000] {processor.py:183} INFO - Processing /home/airflow/.local/lib/python3.8/site-packages/airflow/example_dags/example_sla_dag.py took 0.066 seconds
[2024-02-16T09:24:29.521+0000] {processor.py:161} INFO - Started process (PID=2219) to work on /home/airflow/.local/lib/python3.8/site-packages/airflow/example_dags/example_sla_dag.py
[2024-02-16T09:24:29.522+0000] {processor.py:830} INFO - Processing file /home/airflow/.local/lib/python3.8/site-packages/airflow/example_dags/example_sla_dag.py for tasks to queue
[2024-02-16T09:24:29.523+0000] {logging_mixin.py:188} INFO - [2024-02-16T09:24:29.523+0000] {dagbag.py:538} INFO - Filling up the DagBag from /home/airflow/.local/lib/python3.8/site-packages/airflow/example_dags/example_sla_dag.py
[2024-02-16T09:24:29.529+0000] {processor.py:840} INFO - DAG(s) 'example_sla_dag' retrieved from /home/airflow/.local/lib/python3.8/site-packages/airflow/example_dags/example_sla_dag.py
[2024-02-16T09:24:29.548+0000] {logging_mixin.py:188} INFO - [2024-02-16T09:24:29.547+0000] {dag.py:3036} INFO - Sync 1 DAGs
[2024-02-16T09:24:29.567+0000] {logging_mixin.py:188} INFO - [2024-02-16T09:24:29.567+0000] {dag.py:3823} INFO - Setting next_dagrun for example_sla_dag to 2024-02-16 09:22:00+00:00, run_after=2024-02-16 09:24:00+00:00
[2024-02-16T09:24:29.587+0000] {processor.py:183} INFO - Processing /home/airflow/.local/lib/python3.8/site-packages/airflow/example_dags/example_sla_dag.py took 0.068 seconds
[2024-02-16T09:25:00.004+0000] {processor.py:161} INFO - Started process (PID=2468) to work on /home/airflow/.local/lib/python3.8/site-packages/airflow/example_dags/example_sla_dag.py
[2024-02-16T09:25:00.006+0000] {processor.py:830} INFO - Processing file /home/airflow/.local/lib/python3.8/site-packages/airflow/example_dags/example_sla_dag.py for tasks to queue
[2024-02-16T09:25:00.007+0000] {logging_mixin.py:188} INFO - [2024-02-16T09:25:00.006+0000] {dagbag.py:538} INFO - Filling up the DagBag from /home/airflow/.local/lib/python3.8/site-packages/airflow/example_dags/example_sla_dag.py
[2024-02-16T09:25:00.013+0000] {processor.py:840} INFO - DAG(s) 'example_sla_dag' retrieved from /home/airflow/.local/lib/python3.8/site-packages/airflow/example_dags/example_sla_dag.py
[2024-02-16T09:25:00.034+0000] {logging_mixin.py:188} INFO - [2024-02-16T09:25:00.033+0000] {dag.py:3036} INFO - Sync 1 DAGs
[2024-02-16T09:25:00.053+0000] {logging_mixin.py:188} INFO - [2024-02-16T09:25:00.053+0000] {dag.py:3823} INFO - Setting next_dagrun for example_sla_dag to 2024-02-16 09:22:00+00:00, run_after=2024-02-16 09:24:00+00:00
[2024-02-16T09:25:00.068+0000] {processor.py:183} INFO - Processing /home/airflow/.local/lib/python3.8/site-packages/airflow/example_dags/example_sla_dag.py took 0.066 seconds
[2024-02-16T09:25:30.498+0000] {processor.py:161} INFO - Started process (PID=2713) to work on /home/airflow/.local/lib/python3.8/site-packages/airflow/example_dags/example_sla_dag.py
[2024-02-16T09:25:30.499+0000] {processor.py:830} INFO - Processing file /home/airflow/.local/lib/python3.8/site-packages/airflow/example_dags/example_sla_dag.py for tasks to queue
[2024-02-16T09:25:30.500+0000] {logging_mixin.py:188} INFO - [2024-02-16T09:25:30.500+0000] {dagbag.py:538} INFO - Filling up the DagBag from /home/airflow/.local/lib/python3.8/site-packages/airflow/example_dags/example_sla_dag.py
[2024-02-16T09:25:30.506+0000] {processor.py:840} INFO - DAG(s) 'example_sla_dag' retrieved from /home/airflow/.local/lib/python3.8/site-packages/airflow/example_dags/example_sla_dag.py
[2024-02-16T09:25:30.526+0000] {logging_mixin.py:188} INFO - [2024-02-16T09:25:30.526+0000] {dag.py:3036} INFO - Sync 1 DAGs
[2024-02-16T09:25:30.549+0000] {logging_mixin.py:188} INFO - [2024-02-16T09:25:30.549+0000] {dag.py:3823} INFO - Setting next_dagrun for example_sla_dag to 2024-02-16 09:22:00+00:00, run_after=2024-02-16 09:24:00+00:00
[2024-02-16T09:25:30.569+0000] {processor.py:183} INFO - Processing /home/airflow/.local/lib/python3.8/site-packages/airflow/example_dags/example_sla_dag.py took 0.074 seconds
[2024-02-16T09:26:00.939+0000] {processor.py:161} INFO - Started process (PID=2959) to work on /home/airflow/.local/lib/python3.8/site-packages/airflow/example_dags/example_sla_dag.py
[2024-02-16T09:26:00.940+0000] {processor.py:830} INFO - Processing file /home/airflow/.local/lib/python3.8/site-packages/airflow/example_dags/example_sla_dag.py for tasks to queue
[2024-02-16T09:26:00.941+0000] {logging_mixin.py:188} INFO - [2024-02-16T09:26:00.940+0000] {dagbag.py:538} INFO - Filling up the DagBag from /home/airflow/.local/lib/python3.8/site-packages/airflow/example_dags/example_sla_dag.py
[2024-02-16T09:26:00.951+0000] {processor.py:840} INFO - DAG(s) 'example_sla_dag' retrieved from /home/airflow/.local/lib/python3.8/site-packages/airflow/example_dags/example_sla_dag.py
[2024-02-16T09:26:00.973+0000] {logging_mixin.py:188} INFO - [2024-02-16T09:26:00.973+0000] {dag.py:3036} INFO - Sync 1 DAGs
[2024-02-16T09:26:00.996+0000] {logging_mixin.py:188} INFO - [2024-02-16T09:26:00.996+0000] {dag.py:3823} INFO - Setting next_dagrun for example_sla_dag to 2024-02-16 09:24:00+00:00, run_after=2024-02-16 09:26:00+00:00
[2024-02-16T09:26:01.022+0000] {processor.py:183} INFO - Processing /home/airflow/.local/lib/python3.8/site-packages/airflow/example_dags/example_sla_dag.py took 0.086 seconds
[2024-02-16T09:26:32.036+0000] {processor.py:161} INFO - Started process (PID=3212) to work on /home/airflow/.local/lib/python3.8/site-packages/airflow/example_dags/example_sla_dag.py
[2024-02-16T09:26:32.039+0000] {processor.py:830} INFO - Processing file /home/airflow/.local/lib/python3.8/site-packages/airflow/example_dags/example_sla_dag.py for tasks to queue
[2024-02-16T09:26:32.040+0000] {logging_mixin.py:188} INFO - [2024-02-16T09:26:32.039+0000] {dagbag.py:538} INFO - Filling up the DagBag from /home/airflow/.local/lib/python3.8/site-packages/airflow/example_dags/example_sla_dag.py
[2024-02-16T09:26:32.046+0000] {processor.py:840} INFO - DAG(s) 'example_sla_dag' retrieved from /home/airflow/.local/lib/python3.8/site-packages/airflow/example_dags/example_sla_dag.py
[2024-02-16T09:26:32.064+0000] {logging_mixin.py:188} INFO - [2024-02-16T09:26:32.064+0000] {dag.py:3036} INFO - Sync 1 DAGs
[2024-02-16T09:26:32.084+0000] {logging_mixin.py:188} INFO - [2024-02-16T09:26:32.084+0000] {dag.py:3823} INFO - Setting next_dagrun for example_sla_dag to 2024-02-16 09:24:00+00:00, run_after=2024-02-16 09:26:00+00:00
[2024-02-16T09:26:32.103+0000] {processor.py:183} INFO - Processing /home/airflow/.local/lib/python3.8/site-packages/airflow/example_dags/example_sla_dag.py took 0.069 seconds
[2024-02-16T09:27:02.513+0000] {processor.py:161} INFO - Started process (PID=3459) to work on /home/airflow/.local/lib/python3.8/site-packages/airflow/example_dags/example_sla_dag.py
[2024-02-16T09:27:02.515+0000] {processor.py:830} INFO - Processing file /home/airflow/.local/lib/python3.8/site-packages/airflow/example_dags/example_sla_dag.py for tasks to queue
[2024-02-16T09:27:02.515+0000] {logging_mixin.py:188} INFO - [2024-02-16T09:27:02.515+0000] {dagbag.py:538} INFO - Filling up the DagBag from /home/airflow/.local/lib/python3.8/site-packages/airflow/example_dags/example_sla_dag.py
[2024-02-16T09:27:02.522+0000] {processor.py:840} INFO - DAG(s) 'example_sla_dag' retrieved from /home/airflow/.local/lib/python3.8/site-packages/airflow/example_dags/example_sla_dag.py
[2024-02-16T09:27:02.542+0000] {logging_mixin.py:188} INFO - [2024-02-16T09:27:02.542+0000] {dag.py:3036} INFO - Sync 1 DAGs
[2024-02-16T09:27:02.561+0000] {logging_mixin.py:188} INFO - [2024-02-16T09:27:02.561+0000] {dag.py:3823} INFO - Setting next_dagrun for example_sla_dag to 2024-02-16 09:24:00+00:00, run_after=2024-02-16 09:26:00+00:00
[2024-02-16T09:27:02.579+0000] {processor.py:183} INFO - Processing /home/airflow/.local/lib/python3.8/site-packages/airflow/example_dags/example_sla_dag.py took 0.068 seconds
[2024-02-16T09:27:33.026+0000] {processor.py:161} INFO - Started process (PID=3707) to work on /home/airflow/.local/lib/python3.8/site-packages/airflow/example_dags/example_sla_dag.py
[2024-02-16T09:27:33.027+0000] {processor.py:830} INFO - Processing file /home/airflow/.local/lib/python3.8/site-packages/airflow/example_dags/example_sla_dag.py for tasks to queue
[2024-02-16T09:27:33.028+0000] {logging_mixin.py:188} INFO - [2024-02-16T09:27:33.028+0000] {dagbag.py:538} INFO - Filling up the DagBag from /home/airflow/.local/lib/python3.8/site-packages/airflow/example_dags/example_sla_dag.py
[2024-02-16T09:27:33.035+0000] {processor.py:840} INFO - DAG(s) 'example_sla_dag' retrieved from /home/airflow/.local/lib/python3.8/site-packages/airflow/example_dags/example_sla_dag.py
[2024-02-16T09:27:33.055+0000] {logging_mixin.py:188} INFO - [2024-02-16T09:27:33.055+0000] {dag.py:3036} INFO - Sync 1 DAGs
[2024-02-16T09:27:33.074+0000] {logging_mixin.py:188} INFO - [2024-02-16T09:27:33.074+0000] {dag.py:3823} INFO - Setting next_dagrun for example_sla_dag to 2024-02-16 09:24:00+00:00, run_after=2024-02-16 09:26:00+00:00
[2024-02-16T09:27:33.093+0000] {processor.py:183} INFO - Processing /home/airflow/.local/lib/python3.8/site-packages/airflow/example_dags/example_sla_dag.py took 0.070 seconds
[2024-02-16T09:28:03.476+0000] {processor.py:161} INFO - Started process (PID=3954) to work on /home/airflow/.local/lib/python3.8/site-packages/airflow/example_dags/example_sla_dag.py
[2024-02-16T09:28:03.479+0000] {processor.py:830} INFO - Processing file /home/airflow/.local/lib/python3.8/site-packages/airflow/example_dags/example_sla_dag.py for tasks to queue
[2024-02-16T09:28:03.480+0000] {logging_mixin.py:188} INFO - [2024-02-16T09:28:03.480+0000] {dagbag.py:538} INFO - Filling up the DagBag from /home/airflow/.local/lib/python3.8/site-packages/airflow/example_dags/example_sla_dag.py
[2024-02-16T09:28:03.486+0000] {processor.py:840} INFO - DAG(s) 'example_sla_dag' retrieved from /home/airflow/.local/lib/python3.8/site-packages/airflow/example_dags/example_sla_dag.py
[2024-02-16T09:28:03.506+0000] {logging_mixin.py:188} INFO - [2024-02-16T09:28:03.506+0000] {dag.py:3036} INFO - Sync 1 DAGs
[2024-02-16T09:28:03.525+0000] {logging_mixin.py:188} INFO - [2024-02-16T09:28:03.525+0000] {dag.py:3823} INFO - Setting next_dagrun for example_sla_dag to 2024-02-16 09:26:00+00:00, run_after=2024-02-16 09:28:00+00:00
[2024-02-16T09:28:03.544+0000] {processor.py:183} INFO - Processing /home/airflow/.local/lib/python3.8/site-packages/airflow/example_dags/example_sla_dag.py took 0.072 seconds
[2024-02-16T09:28:33.815+0000] {processor.py:161} INFO - Started process (PID=4200) to work on /home/airflow/.local/lib/python3.8/site-packages/airflow/example_dags/example_sla_dag.py
[2024-02-16T09:28:33.817+0000] {processor.py:830} INFO - Processing file /home/airflow/.local/lib/python3.8/site-packages/airflow/example_dags/example_sla_dag.py for tasks to queue
[2024-02-16T09:28:33.818+0000] {logging_mixin.py:188} INFO - [2024-02-16T09:28:33.818+0000] {dagbag.py:538} INFO - Filling up the DagBag from /home/airflow/.local/lib/python3.8/site-packages/airflow/example_dags/example_sla_dag.py
[2024-02-16T09:28:33.824+0000] {processor.py:840} INFO - DAG(s) 'example_sla_dag' retrieved from /home/airflow/.local/lib/python3.8/site-packages/airflow/example_dags/example_sla_dag.py
[2024-02-16T09:28:33.843+0000] {logging_mixin.py:188} INFO - [2024-02-16T09:28:33.843+0000] {dag.py:3036} INFO - Sync 1 DAGs
[2024-02-16T09:28:33.863+0000] {logging_mixin.py:188} INFO - [2024-02-16T09:28:33.863+0000] {dag.py:3823} INFO - Setting next_dagrun for example_sla_dag to 2024-02-16 09:26:00+00:00, run_after=2024-02-16 09:28:00+00:00
[2024-02-16T09:28:33.882+0000] {processor.py:183} INFO - Processing /home/airflow/.local/lib/python3.8/site-packages/airflow/example_dags/example_sla_dag.py took 0.070 seconds
[2024-02-16T09:29:04.218+0000] {processor.py:161} INFO - Started process (PID=4447) to work on /home/airflow/.local/lib/python3.8/site-packages/airflow/example_dags/example_sla_dag.py
[2024-02-16T09:29:04.219+0000] {processor.py:830} INFO - Processing file /home/airflow/.local/lib/python3.8/site-packages/airflow/example_dags/example_sla_dag.py for tasks to queue
[2024-02-16T09:29:04.220+0000] {logging_mixin.py:188} INFO - [2024-02-16T09:29:04.219+0000] {dagbag.py:538} INFO - Filling up the DagBag from /home/airflow/.local/lib/python3.8/site-packages/airflow/example_dags/example_sla_dag.py
[2024-02-16T09:29:04.226+0000] {processor.py:840} INFO - DAG(s) 'example_sla_dag' retrieved from /home/airflow/.local/lib/python3.8/site-packages/airflow/example_dags/example_sla_dag.py
[2024-02-16T09:29:04.246+0000] {logging_mixin.py:188} INFO - [2024-02-16T09:29:04.246+0000] {dag.py:3036} INFO - Sync 1 DAGs
[2024-02-16T09:29:04.265+0000] {logging_mixin.py:188} INFO - [2024-02-16T09:29:04.265+0000] {dag.py:3823} INFO - Setting next_dagrun for example_sla_dag to 2024-02-16 09:26:00+00:00, run_after=2024-02-16 09:28:00+00:00
[2024-02-16T09:29:04.285+0000] {processor.py:183} INFO - Processing /home/airflow/.local/lib/python3.8/site-packages/airflow/example_dags/example_sla_dag.py took 0.070 seconds
[2024-02-16T09:29:34.677+0000] {processor.py:161} INFO - Started process (PID=4693) to work on /home/airflow/.local/lib/python3.8/site-packages/airflow/example_dags/example_sla_dag.py
[2024-02-16T09:29:34.679+0000] {processor.py:830} INFO - Processing file /home/airflow/.local/lib/python3.8/site-packages/airflow/example_dags/example_sla_dag.py for tasks to queue
[2024-02-16T09:29:34.680+0000] {logging_mixin.py:188} INFO - [2024-02-16T09:29:34.680+0000] {dagbag.py:538} INFO - Filling up the DagBag from /home/airflow/.local/lib/python3.8/site-packages/airflow/example_dags/example_sla_dag.py
[2024-02-16T09:29:34.687+0000] {processor.py:840} INFO - DAG(s) 'example_sla_dag' retrieved from /home/airflow/.local/lib/python3.8/site-packages/airflow/example_dags/example_sla_dag.py
[2024-02-16T09:29:34.711+0000] {logging_mixin.py:188} INFO - [2024-02-16T09:29:34.710+0000] {dag.py:3036} INFO - Sync 1 DAGs
[2024-02-16T09:29:34.732+0000] {logging_mixin.py:188} INFO - [2024-02-16T09:29:34.732+0000] {dag.py:3823} INFO - Setting next_dagrun for example_sla_dag to 2024-02-16 09:26:00+00:00, run_after=2024-02-16 09:28:00+00:00
[2024-02-16T09:29:34.753+0000] {processor.py:183} INFO - Processing /home/airflow/.local/lib/python3.8/site-packages/airflow/example_dags/example_sla_dag.py took 0.081 seconds
[2024-02-16T09:30:05.401+0000] {processor.py:161} INFO - Started process (PID=4946) to work on /home/airflow/.local/lib/python3.8/site-packages/airflow/example_dags/example_sla_dag.py
[2024-02-16T09:30:05.403+0000] {processor.py:830} INFO - Processing file /home/airflow/.local/lib/python3.8/site-packages/airflow/example_dags/example_sla_dag.py for tasks to queue
[2024-02-16T09:30:05.403+0000] {logging_mixin.py:188} INFO - [2024-02-16T09:30:05.403+0000] {dagbag.py:538} INFO - Filling up the DagBag from /home/airflow/.local/lib/python3.8/site-packages/airflow/example_dags/example_sla_dag.py
[2024-02-16T09:30:05.411+0000] {processor.py:840} INFO - DAG(s) 'example_sla_dag' retrieved from /home/airflow/.local/lib/python3.8/site-packages/airflow/example_dags/example_sla_dag.py
[2024-02-16T09:30:05.446+0000] {logging_mixin.py:188} INFO - [2024-02-16T09:30:05.446+0000] {dag.py:3036} INFO - Sync 1 DAGs
[2024-02-16T09:30:05.475+0000] {logging_mixin.py:188} INFO - [2024-02-16T09:30:05.475+0000] {dag.py:3823} INFO - Setting next_dagrun for example_sla_dag to 2024-02-16 09:28:00+00:00, run_after=2024-02-16 09:30:00+00:00
[2024-02-16T09:30:05.500+0000] {processor.py:183} INFO - Processing /home/airflow/.local/lib/python3.8/site-packages/airflow/example_dags/example_sla_dag.py took 0.102 seconds
[2024-02-16T09:30:35.796+0000] {processor.py:161} INFO - Started process (PID=5365) to work on /home/airflow/.local/lib/python3.8/site-packages/airflow/example_dags/example_sla_dag.py
[2024-02-16T09:30:35.798+0000] {processor.py:830} INFO - Processing file /home/airflow/.local/lib/python3.8/site-packages/airflow/example_dags/example_sla_dag.py for tasks to queue
[2024-02-16T09:30:35.798+0000] {logging_mixin.py:188} INFO - [2024-02-16T09:30:35.798+0000] {dagbag.py:538} INFO - Filling up the DagBag from /home/airflow/.local/lib/python3.8/site-packages/airflow/example_dags/example_sla_dag.py
[2024-02-16T09:30:35.806+0000] {processor.py:840} INFO - DAG(s) 'example_sla_dag' retrieved from /home/airflow/.local/lib/python3.8/site-packages/airflow/example_dags/example_sla_dag.py
[2024-02-16T09:30:35.827+0000] {logging_mixin.py:188} INFO - [2024-02-16T09:30:35.827+0000] {dag.py:3036} INFO - Sync 1 DAGs
[2024-02-16T09:30:35.849+0000] {logging_mixin.py:188} INFO - [2024-02-16T09:30:35.849+0000] {dag.py:3823} INFO - Setting next_dagrun for example_sla_dag to 2024-02-16 09:28:00+00:00, run_after=2024-02-16 09:30:00+00:00
[2024-02-16T09:30:35.871+0000] {processor.py:183} INFO - Processing /home/airflow/.local/lib/python3.8/site-packages/airflow/example_dags/example_sla_dag.py took 0.078 seconds
[2024-02-16T09:31:06.134+0000] {processor.py:161} INFO - Started process (PID=5611) to work on /home/airflow/.local/lib/python3.8/site-packages/airflow/example_dags/example_sla_dag.py
[2024-02-16T09:31:06.136+0000] {processor.py:830} INFO - Processing file /home/airflow/.local/lib/python3.8/site-packages/airflow/example_dags/example_sla_dag.py for tasks to queue
[2024-02-16T09:31:06.138+0000] {logging_mixin.py:188} INFO - [2024-02-16T09:31:06.137+0000] {dagbag.py:538} INFO - Filling up the DagBag from /home/airflow/.local/lib/python3.8/site-packages/airflow/example_dags/example_sla_dag.py
[2024-02-16T09:31:06.144+0000] {processor.py:840} INFO - DAG(s) 'example_sla_dag' retrieved from /home/airflow/.local/lib/python3.8/site-packages/airflow/example_dags/example_sla_dag.py
[2024-02-16T09:31:06.165+0000] {logging_mixin.py:188} INFO - [2024-02-16T09:31:06.165+0000] {dag.py:3036} INFO - Sync 1 DAGs
[2024-02-16T09:31:06.185+0000] {logging_mixin.py:188} INFO - [2024-02-16T09:31:06.185+0000] {dag.py:3823} INFO - Setting next_dagrun for example_sla_dag to 2024-02-16 09:28:00+00:00, run_after=2024-02-16 09:30:00+00:00
[2024-02-16T09:31:06.206+0000] {processor.py:183} INFO - Processing /home/airflow/.local/lib/python3.8/site-packages/airflow/example_dags/example_sla_dag.py took 0.074 seconds
[2024-02-16T09:31:36.572+0000] {processor.py:161} INFO - Started process (PID=5858) to work on /home/airflow/.local/lib/python3.8/site-packages/airflow/example_dags/example_sla_dag.py
[2024-02-16T09:31:36.573+0000] {processor.py:830} INFO - Processing file /home/airflow/.local/lib/python3.8/site-packages/airflow/example_dags/example_sla_dag.py for tasks to queue
[2024-02-16T09:31:36.574+0000] {logging_mixin.py:188} INFO - [2024-02-16T09:31:36.574+0000] {dagbag.py:538} INFO - Filling up the DagBag from /home/airflow/.local/lib/python3.8/site-packages/airflow/example_dags/example_sla_dag.py
[2024-02-16T09:31:36.580+0000] {processor.py:840} INFO - DAG(s) 'example_sla_dag' retrieved from /home/airflow/.local/lib/python3.8/site-packages/airflow/example_dags/example_sla_dag.py
[2024-02-16T09:31:36.604+0000] {logging_mixin.py:188} INFO - [2024-02-16T09:31:36.603+0000] {dag.py:3036} INFO - Sync 1 DAGs
[2024-02-16T09:31:36.625+0000] {logging_mixin.py:188} INFO - [2024-02-16T09:31:36.625+0000] {dag.py:3823} INFO - Setting next_dagrun for example_sla_dag to 2024-02-16 09:28:00+00:00, run_after=2024-02-16 09:30:00+00:00
[2024-02-16T09:31:36.646+0000] {processor.py:183} INFO - Processing /home/airflow/.local/lib/python3.8/site-packages/airflow/example_dags/example_sla_dag.py took 0.077 seconds
[2024-02-16T09:32:07.020+0000] {processor.py:161} INFO - Started process (PID=6104) to work on /home/airflow/.local/lib/python3.8/site-packages/airflow/example_dags/example_sla_dag.py
[2024-02-16T09:32:07.022+0000] {processor.py:830} INFO - Processing file /home/airflow/.local/lib/python3.8/site-packages/airflow/example_dags/example_sla_dag.py for tasks to queue
[2024-02-16T09:32:07.023+0000] {logging_mixin.py:188} INFO - [2024-02-16T09:32:07.022+0000] {dagbag.py:538} INFO - Filling up the DagBag from /home/airflow/.local/lib/python3.8/site-packages/airflow/example_dags/example_sla_dag.py
[2024-02-16T09:32:07.030+0000] {processor.py:840} INFO - DAG(s) 'example_sla_dag' retrieved from /home/airflow/.local/lib/python3.8/site-packages/airflow/example_dags/example_sla_dag.py
[2024-02-16T09:32:07.049+0000] {logging_mixin.py:188} INFO - [2024-02-16T09:32:07.049+0000] {dag.py:3036} INFO - Sync 1 DAGs
[2024-02-16T09:32:07.069+0000] {logging_mixin.py:188} INFO - [2024-02-16T09:32:07.069+0000] {dag.py:3823} INFO - Setting next_dagrun for example_sla_dag to 2024-02-16 09:30:00+00:00, run_after=2024-02-16 09:32:00+00:00
[2024-02-16T09:32:07.089+0000] {processor.py:183} INFO - Processing /home/airflow/.local/lib/python3.8/site-packages/airflow/example_dags/example_sla_dag.py took 0.071 seconds
[2024-02-16T09:32:37.558+0000] {processor.py:161} INFO - Started process (PID=6351) to work on /home/airflow/.local/lib/python3.8/site-packages/airflow/example_dags/example_sla_dag.py
[2024-02-16T09:32:37.561+0000] {processor.py:830} INFO - Processing file /home/airflow/.local/lib/python3.8/site-packages/airflow/example_dags/example_sla_dag.py for tasks to queue
[2024-02-16T09:32:37.562+0000] {logging_mixin.py:188} INFO - [2024-02-16T09:32:37.561+0000] {dagbag.py:538} INFO - Filling up the DagBag from /home/airflow/.local/lib/python3.8/site-packages/airflow/example_dags/example_sla_dag.py
[2024-02-16T09:32:37.569+0000] {processor.py:840} INFO - DAG(s) 'example_sla_dag' retrieved from /home/airflow/.local/lib/python3.8/site-packages/airflow/example_dags/example_sla_dag.py
[2024-02-16T09:32:37.589+0000] {logging_mixin.py:188} INFO - [2024-02-16T09:32:37.588+0000] {dag.py:3036} INFO - Sync 1 DAGs
[2024-02-16T09:32:37.608+0000] {logging_mixin.py:188} INFO - [2024-02-16T09:32:37.608+0000] {dag.py:3823} INFO - Setting next_dagrun for example_sla_dag to 2024-02-16 09:30:00+00:00, run_after=2024-02-16 09:32:00+00:00
[2024-02-16T09:32:37.627+0000] {processor.py:183} INFO - Processing /home/airflow/.local/lib/python3.8/site-packages/airflow/example_dags/example_sla_dag.py took 0.072 seconds
[2024-02-16T09:33:08.186+0000] {processor.py:161} INFO - Started process (PID=6598) to work on /home/airflow/.local/lib/python3.8/site-packages/airflow/example_dags/example_sla_dag.py
[2024-02-16T09:33:08.188+0000] {processor.py:830} INFO - Processing file /home/airflow/.local/lib/python3.8/site-packages/airflow/example_dags/example_sla_dag.py for tasks to queue
[2024-02-16T09:33:08.189+0000] {logging_mixin.py:188} INFO - [2024-02-16T09:33:08.189+0000] {dagbag.py:538} INFO - Filling up the DagBag from /home/airflow/.local/lib/python3.8/site-packages/airflow/example_dags/example_sla_dag.py
[2024-02-16T09:33:08.196+0000] {processor.py:840} INFO - DAG(s) 'example_sla_dag' retrieved from /home/airflow/.local/lib/python3.8/site-packages/airflow/example_dags/example_sla_dag.py
[2024-02-16T09:33:08.217+0000] {logging_mixin.py:188} INFO - [2024-02-16T09:33:08.217+0000] {dag.py:3036} INFO - Sync 1 DAGs
[2024-02-16T09:33:08.239+0000] {logging_mixin.py:188} INFO - [2024-02-16T09:33:08.239+0000] {dag.py:3823} INFO - Setting next_dagrun for example_sla_dag to 2024-02-16 09:30:00+00:00, run_after=2024-02-16 09:32:00+00:00
[2024-02-16T09:33:08.259+0000] {processor.py:183} INFO - Processing /home/airflow/.local/lib/python3.8/site-packages/airflow/example_dags/example_sla_dag.py took 0.076 seconds
[2024-02-16T09:33:38.726+0000] {processor.py:161} INFO - Started process (PID=6845) to work on /home/airflow/.local/lib/python3.8/site-packages/airflow/example_dags/example_sla_dag.py
[2024-02-16T09:33:38.729+0000] {processor.py:830} INFO - Processing file /home/airflow/.local/lib/python3.8/site-packages/airflow/example_dags/example_sla_dag.py for tasks to queue
[2024-02-16T09:33:38.730+0000] {logging_mixin.py:188} INFO - [2024-02-16T09:33:38.730+0000] {dagbag.py:538} INFO - Filling up the DagBag from /home/airflow/.local/lib/python3.8/site-packages/airflow/example_dags/example_sla_dag.py
[2024-02-16T09:33:38.738+0000] {processor.py:840} INFO - DAG(s) 'example_sla_dag' retrieved from /home/airflow/.local/lib/python3.8/site-packages/airflow/example_dags/example_sla_dag.py
[2024-02-16T09:33:38.759+0000] {logging_mixin.py:188} INFO - [2024-02-16T09:33:38.759+0000] {dag.py:3036} INFO - Sync 1 DAGs
[2024-02-16T09:33:38.781+0000] {logging_mixin.py:188} INFO - [2024-02-16T09:33:38.781+0000] {dag.py:3823} INFO - Setting next_dagrun for example_sla_dag to 2024-02-16 09:30:00+00:00, run_after=2024-02-16 09:32:00+00:00
[2024-02-16T09:33:38.800+0000] {processor.py:183} INFO - Processing /home/airflow/.local/lib/python3.8/site-packages/airflow/example_dags/example_sla_dag.py took 0.077 seconds
[2024-02-16T09:34:09.110+0000] {processor.py:161} INFO - Started process (PID=7092) to work on /home/airflow/.local/lib/python3.8/site-packages/airflow/example_dags/example_sla_dag.py
[2024-02-16T09:34:09.112+0000] {processor.py:830} INFO - Processing file /home/airflow/.local/lib/python3.8/site-packages/airflow/example_dags/example_sla_dag.py for tasks to queue
[2024-02-16T09:34:09.113+0000] {logging_mixin.py:188} INFO - [2024-02-16T09:34:09.112+0000] {dagbag.py:538} INFO - Filling up the DagBag from /home/airflow/.local/lib/python3.8/site-packages/airflow/example_dags/example_sla_dag.py
[2024-02-16T09:34:09.119+0000] {processor.py:840} INFO - DAG(s) 'example_sla_dag' retrieved from /home/airflow/.local/lib/python3.8/site-packages/airflow/example_dags/example_sla_dag.py
[2024-02-16T09:34:09.139+0000] {logging_mixin.py:188} INFO - [2024-02-16T09:34:09.139+0000] {dag.py:3036} INFO - Sync 1 DAGs
[2024-02-16T09:34:09.157+0000] {logging_mixin.py:188} INFO - [2024-02-16T09:34:09.157+0000] {dag.py:3823} INFO - Setting next_dagrun for example_sla_dag to 2024-02-16 09:32:00+00:00, run_after=2024-02-16 09:34:00+00:00
[2024-02-16T09:34:09.178+0000] {processor.py:183} INFO - Processing /home/airflow/.local/lib/python3.8/site-packages/airflow/example_dags/example_sla_dag.py took 0.070 seconds
[2024-02-16T09:38:03.718+0000] {processor.py:161} INFO - Started process (PID=245) to work on /home/airflow/.local/lib/python3.8/site-packages/airflow/example_dags/example_sla_dag.py
[2024-02-16T09:38:03.719+0000] {processor.py:830} INFO - Processing file /home/airflow/.local/lib/python3.8/site-packages/airflow/example_dags/example_sla_dag.py for tasks to queue
[2024-02-16T09:38:03.720+0000] {logging_mixin.py:188} INFO - [2024-02-16T09:38:03.720+0000] {dagbag.py:538} INFO - Filling up the DagBag from /home/airflow/.local/lib/python3.8/site-packages/airflow/example_dags/example_sla_dag.py
[2024-02-16T09:38:03.727+0000] {processor.py:840} INFO - DAG(s) 'example_sla_dag' retrieved from /home/airflow/.local/lib/python3.8/site-packages/airflow/example_dags/example_sla_dag.py
[2024-02-16T09:38:03.742+0000] {logging_mixin.py:188} INFO - [2024-02-16T09:38:03.742+0000] {dag.py:3036} INFO - Sync 1 DAGs
[2024-02-16T09:38:03.771+0000] {logging_mixin.py:188} INFO - [2024-02-16T09:38:03.771+0000] {dag.py:3823} INFO - Setting next_dagrun for example_sla_dag to 2024-02-16 09:36:00+00:00, run_after=2024-02-16 09:38:00+00:00
[2024-02-16T09:38:03.793+0000] {processor.py:183} INFO - Processing /home/airflow/.local/lib/python3.8/site-packages/airflow/example_dags/example_sla_dag.py took 0.078 seconds
[2024-02-16T09:38:34.702+0000] {processor.py:161} INFO - Started process (PID=492) to work on /home/airflow/.local/lib/python3.8/site-packages/airflow/example_dags/example_sla_dag.py
[2024-02-16T09:38:34.703+0000] {processor.py:830} INFO - Processing file /home/airflow/.local/lib/python3.8/site-packages/airflow/example_dags/example_sla_dag.py for tasks to queue
[2024-02-16T09:38:34.704+0000] {logging_mixin.py:188} INFO - [2024-02-16T09:38:34.704+0000] {dagbag.py:538} INFO - Filling up the DagBag from /home/airflow/.local/lib/python3.8/site-packages/airflow/example_dags/example_sla_dag.py
[2024-02-16T09:38:34.712+0000] {processor.py:840} INFO - DAG(s) 'example_sla_dag' retrieved from /home/airflow/.local/lib/python3.8/site-packages/airflow/example_dags/example_sla_dag.py
[2024-02-16T09:38:34.797+0000] {logging_mixin.py:188} INFO - [2024-02-16T09:38:34.796+0000] {dag.py:3036} INFO - Sync 1 DAGs
[2024-02-16T09:38:34.815+0000] {logging_mixin.py:188} INFO - [2024-02-16T09:38:34.815+0000] {dag.py:3823} INFO - Setting next_dagrun for example_sla_dag to 2024-02-16 09:36:00+00:00, run_after=2024-02-16 09:38:00+00:00
[2024-02-16T09:38:34.835+0000] {processor.py:183} INFO - Processing /home/airflow/.local/lib/python3.8/site-packages/airflow/example_dags/example_sla_dag.py took 0.135 seconds
