[2024-02-16T09:20:27.816+0000] {processor.py:161} INFO - Started process (PID=361) to work on /home/airflow/.local/lib/python3.8/site-packages/airflow/example_dags/example_nested_branch_dag.py
[2024-02-16T09:20:27.817+0000] {processor.py:830} INFO - Processing file /home/airflow/.local/lib/python3.8/site-packages/airflow/example_dags/example_nested_branch_dag.py for tasks to queue
[2024-02-16T09:20:27.817+0000] {logging_mixin.py:188} INFO - [2024-02-16T09:20:27.817+0000] {dagbag.py:538} INFO - Filling up the DagBag from /home/airflow/.local/lib/python3.8/site-packages/airflow/example_dags/example_nested_branch_dag.py
[2024-02-16T09:20:27.825+0000] {processor.py:840} INFO - DAG(s) 'example_nested_branch_dag' retrieved from /home/airflow/.local/lib/python3.8/site-packages/airflow/example_dags/example_nested_branch_dag.py
[2024-02-16T09:20:27.925+0000] {logging_mixin.py:188} INFO - [2024-02-16T09:20:27.924+0000] {override.py:1769} INFO - Created Permission View: can delete on DAG:example_nested_branch_dag
[2024-02-16T09:20:27.939+0000] {logging_mixin.py:188} INFO - [2024-02-16T09:20:27.939+0000] {override.py:1769} INFO - Created Permission View: can edit on DAG:example_nested_branch_dag
[2024-02-16T09:20:27.952+0000] {logging_mixin.py:188} INFO - [2024-02-16T09:20:27.951+0000] {override.py:1769} INFO - Created Permission View: can read on DAG:example_nested_branch_dag
[2024-02-16T09:20:27.952+0000] {logging_mixin.py:188} INFO - [2024-02-16T09:20:27.952+0000] {dag.py:3036} INFO - Sync 1 DAGs
[2024-02-16T09:20:27.965+0000] {logging_mixin.py:188} INFO - [2024-02-16T09:20:27.965+0000] {dag.py:3058} INFO - Creating ORM DAG for example_nested_branch_dag
[2024-02-16T09:20:27.975+0000] {logging_mixin.py:188} INFO - [2024-02-16T09:20:27.975+0000] {dag.py:3823} INFO - Setting next_dagrun for example_nested_branch_dag to 2024-02-15 00:00:00+00:00, run_after=2024-02-16 00:00:00+00:00
[2024-02-16T09:20:27.998+0000] {processor.py:183} INFO - Processing /home/airflow/.local/lib/python3.8/site-packages/airflow/example_dags/example_nested_branch_dag.py took 0.186 seconds
[2024-02-16T09:20:58.858+0000] {processor.py:161} INFO - Started process (PID=608) to work on /home/airflow/.local/lib/python3.8/site-packages/airflow/example_dags/example_nested_branch_dag.py
[2024-02-16T09:20:58.858+0000] {processor.py:830} INFO - Processing file /home/airflow/.local/lib/python3.8/site-packages/airflow/example_dags/example_nested_branch_dag.py for tasks to queue
[2024-02-16T09:20:58.859+0000] {logging_mixin.py:188} INFO - [2024-02-16T09:20:58.859+0000] {dagbag.py:538} INFO - Filling up the DagBag from /home/airflow/.local/lib/python3.8/site-packages/airflow/example_dags/example_nested_branch_dag.py
[2024-02-16T09:20:58.867+0000] {processor.py:840} INFO - DAG(s) 'example_nested_branch_dag' retrieved from /home/airflow/.local/lib/python3.8/site-packages/airflow/example_dags/example_nested_branch_dag.py
[2024-02-16T09:20:58.889+0000] {logging_mixin.py:188} INFO - [2024-02-16T09:20:58.888+0000] {dag.py:3036} INFO - Sync 1 DAGs
[2024-02-16T09:20:58.906+0000] {logging_mixin.py:188} INFO - [2024-02-16T09:20:58.906+0000] {dag.py:3823} INFO - Setting next_dagrun for example_nested_branch_dag to 2024-02-15 00:00:00+00:00, run_after=2024-02-16 00:00:00+00:00
[2024-02-16T09:20:58.924+0000] {processor.py:183} INFO - Processing /home/airflow/.local/lib/python3.8/site-packages/airflow/example_dags/example_nested_branch_dag.py took 0.069 seconds
[2024-02-16T09:21:29.393+0000] {processor.py:161} INFO - Started process (PID=855) to work on /home/airflow/.local/lib/python3.8/site-packages/airflow/example_dags/example_nested_branch_dag.py
[2024-02-16T09:21:29.395+0000] {processor.py:830} INFO - Processing file /home/airflow/.local/lib/python3.8/site-packages/airflow/example_dags/example_nested_branch_dag.py for tasks to queue
[2024-02-16T09:21:29.396+0000] {logging_mixin.py:188} INFO - [2024-02-16T09:21:29.395+0000] {dagbag.py:538} INFO - Filling up the DagBag from /home/airflow/.local/lib/python3.8/site-packages/airflow/example_dags/example_nested_branch_dag.py
[2024-02-16T09:21:29.403+0000] {processor.py:840} INFO - DAG(s) 'example_nested_branch_dag' retrieved from /home/airflow/.local/lib/python3.8/site-packages/airflow/example_dags/example_nested_branch_dag.py
[2024-02-16T09:21:29.425+0000] {logging_mixin.py:188} INFO - [2024-02-16T09:21:29.424+0000] {dag.py:3036} INFO - Sync 1 DAGs
[2024-02-16T09:21:29.444+0000] {logging_mixin.py:188} INFO - [2024-02-16T09:21:29.444+0000] {dag.py:3823} INFO - Setting next_dagrun for example_nested_branch_dag to 2024-02-15 00:00:00+00:00, run_after=2024-02-16 00:00:00+00:00
[2024-02-16T09:21:29.464+0000] {processor.py:183} INFO - Processing /home/airflow/.local/lib/python3.8/site-packages/airflow/example_dags/example_nested_branch_dag.py took 0.073 seconds
[2024-02-16T09:22:00.168+0000] {processor.py:161} INFO - Started process (PID=1101) to work on /home/airflow/.local/lib/python3.8/site-packages/airflow/example_dags/example_nested_branch_dag.py
[2024-02-16T09:22:00.169+0000] {processor.py:830} INFO - Processing file /home/airflow/.local/lib/python3.8/site-packages/airflow/example_dags/example_nested_branch_dag.py for tasks to queue
[2024-02-16T09:22:00.170+0000] {logging_mixin.py:188} INFO - [2024-02-16T09:22:00.170+0000] {dagbag.py:538} INFO - Filling up the DagBag from /home/airflow/.local/lib/python3.8/site-packages/airflow/example_dags/example_nested_branch_dag.py
[2024-02-16T09:22:00.179+0000] {processor.py:840} INFO - DAG(s) 'example_nested_branch_dag' retrieved from /home/airflow/.local/lib/python3.8/site-packages/airflow/example_dags/example_nested_branch_dag.py
[2024-02-16T09:22:00.203+0000] {logging_mixin.py:188} INFO - [2024-02-16T09:22:00.203+0000] {dag.py:3036} INFO - Sync 1 DAGs
[2024-02-16T09:22:00.223+0000] {logging_mixin.py:188} INFO - [2024-02-16T09:22:00.223+0000] {dag.py:3823} INFO - Setting next_dagrun for example_nested_branch_dag to 2024-02-15 00:00:00+00:00, run_after=2024-02-16 00:00:00+00:00
[2024-02-16T09:22:00.244+0000] {processor.py:183} INFO - Processing /home/airflow/.local/lib/python3.8/site-packages/airflow/example_dags/example_nested_branch_dag.py took 0.080 seconds
[2024-02-16T09:22:30.872+0000] {processor.py:161} INFO - Started process (PID=1348) to work on /home/airflow/.local/lib/python3.8/site-packages/airflow/example_dags/example_nested_branch_dag.py
[2024-02-16T09:22:30.874+0000] {processor.py:830} INFO - Processing file /home/airflow/.local/lib/python3.8/site-packages/airflow/example_dags/example_nested_branch_dag.py for tasks to queue
[2024-02-16T09:22:30.875+0000] {logging_mixin.py:188} INFO - [2024-02-16T09:22:30.874+0000] {dagbag.py:538} INFO - Filling up the DagBag from /home/airflow/.local/lib/python3.8/site-packages/airflow/example_dags/example_nested_branch_dag.py
[2024-02-16T09:22:30.883+0000] {processor.py:840} INFO - DAG(s) 'example_nested_branch_dag' retrieved from /home/airflow/.local/lib/python3.8/site-packages/airflow/example_dags/example_nested_branch_dag.py
[2024-02-16T09:22:30.907+0000] {logging_mixin.py:188} INFO - [2024-02-16T09:22:30.906+0000] {dag.py:3036} INFO - Sync 1 DAGs
[2024-02-16T09:22:30.927+0000] {logging_mixin.py:188} INFO - [2024-02-16T09:22:30.927+0000] {dag.py:3823} INFO - Setting next_dagrun for example_nested_branch_dag to 2024-02-15 00:00:00+00:00, run_after=2024-02-16 00:00:00+00:00
[2024-02-16T09:22:30.949+0000] {processor.py:183} INFO - Processing /home/airflow/.local/lib/python3.8/site-packages/airflow/example_dags/example_nested_branch_dag.py took 0.080 seconds
[2024-02-16T09:23:01.362+0000] {processor.py:161} INFO - Started process (PID=1595) to work on /home/airflow/.local/lib/python3.8/site-packages/airflow/example_dags/example_nested_branch_dag.py
[2024-02-16T09:23:01.364+0000] {processor.py:830} INFO - Processing file /home/airflow/.local/lib/python3.8/site-packages/airflow/example_dags/example_nested_branch_dag.py for tasks to queue
[2024-02-16T09:23:01.364+0000] {logging_mixin.py:188} INFO - [2024-02-16T09:23:01.364+0000] {dagbag.py:538} INFO - Filling up the DagBag from /home/airflow/.local/lib/python3.8/site-packages/airflow/example_dags/example_nested_branch_dag.py
[2024-02-16T09:23:01.373+0000] {processor.py:840} INFO - DAG(s) 'example_nested_branch_dag' retrieved from /home/airflow/.local/lib/python3.8/site-packages/airflow/example_dags/example_nested_branch_dag.py
[2024-02-16T09:23:01.392+0000] {logging_mixin.py:188} INFO - [2024-02-16T09:23:01.392+0000] {dag.py:3036} INFO - Sync 1 DAGs
[2024-02-16T09:23:01.410+0000] {logging_mixin.py:188} INFO - [2024-02-16T09:23:01.410+0000] {dag.py:3823} INFO - Setting next_dagrun for example_nested_branch_dag to 2024-02-15 00:00:00+00:00, run_after=2024-02-16 00:00:00+00:00
[2024-02-16T09:23:01.429+0000] {processor.py:183} INFO - Processing /home/airflow/.local/lib/python3.8/site-packages/airflow/example_dags/example_nested_branch_dag.py took 0.069 seconds
[2024-02-16T09:23:31.730+0000] {processor.py:161} INFO - Started process (PID=1841) to work on /home/airflow/.local/lib/python3.8/site-packages/airflow/example_dags/example_nested_branch_dag.py
[2024-02-16T09:23:31.732+0000] {processor.py:830} INFO - Processing file /home/airflow/.local/lib/python3.8/site-packages/airflow/example_dags/example_nested_branch_dag.py for tasks to queue
[2024-02-16T09:23:31.732+0000] {logging_mixin.py:188} INFO - [2024-02-16T09:23:31.732+0000] {dagbag.py:538} INFO - Filling up the DagBag from /home/airflow/.local/lib/python3.8/site-packages/airflow/example_dags/example_nested_branch_dag.py
[2024-02-16T09:23:31.740+0000] {processor.py:840} INFO - DAG(s) 'example_nested_branch_dag' retrieved from /home/airflow/.local/lib/python3.8/site-packages/airflow/example_dags/example_nested_branch_dag.py
[2024-02-16T09:23:31.761+0000] {logging_mixin.py:188} INFO - [2024-02-16T09:23:31.761+0000] {dag.py:3036} INFO - Sync 1 DAGs
[2024-02-16T09:23:31.780+0000] {logging_mixin.py:188} INFO - [2024-02-16T09:23:31.780+0000] {dag.py:3823} INFO - Setting next_dagrun for example_nested_branch_dag to 2024-02-15 00:00:00+00:00, run_after=2024-02-16 00:00:00+00:00
[2024-02-16T09:23:31.802+0000] {processor.py:183} INFO - Processing /home/airflow/.local/lib/python3.8/site-packages/airflow/example_dags/example_nested_branch_dag.py took 0.075 seconds
[2024-02-16T09:24:02.243+0000] {processor.py:161} INFO - Started process (PID=2088) to work on /home/airflow/.local/lib/python3.8/site-packages/airflow/example_dags/example_nested_branch_dag.py
[2024-02-16T09:24:02.245+0000] {processor.py:830} INFO - Processing file /home/airflow/.local/lib/python3.8/site-packages/airflow/example_dags/example_nested_branch_dag.py for tasks to queue
[2024-02-16T09:24:02.245+0000] {logging_mixin.py:188} INFO - [2024-02-16T09:24:02.245+0000] {dagbag.py:538} INFO - Filling up the DagBag from /home/airflow/.local/lib/python3.8/site-packages/airflow/example_dags/example_nested_branch_dag.py
[2024-02-16T09:24:02.254+0000] {processor.py:840} INFO - DAG(s) 'example_nested_branch_dag' retrieved from /home/airflow/.local/lib/python3.8/site-packages/airflow/example_dags/example_nested_branch_dag.py
[2024-02-16T09:24:02.274+0000] {logging_mixin.py:188} INFO - [2024-02-16T09:24:02.274+0000] {dag.py:3036} INFO - Sync 1 DAGs
[2024-02-16T09:24:02.293+0000] {logging_mixin.py:188} INFO - [2024-02-16T09:24:02.293+0000] {dag.py:3823} INFO - Setting next_dagrun for example_nested_branch_dag to 2024-02-15 00:00:00+00:00, run_after=2024-02-16 00:00:00+00:00
[2024-02-16T09:24:02.312+0000] {processor.py:183} INFO - Processing /home/airflow/.local/lib/python3.8/site-packages/airflow/example_dags/example_nested_branch_dag.py took 0.071 seconds
[2024-02-16T09:24:32.685+0000] {processor.py:161} INFO - Started process (PID=2334) to work on /home/airflow/.local/lib/python3.8/site-packages/airflow/example_dags/example_nested_branch_dag.py
[2024-02-16T09:24:32.686+0000] {processor.py:830} INFO - Processing file /home/airflow/.local/lib/python3.8/site-packages/airflow/example_dags/example_nested_branch_dag.py for tasks to queue
[2024-02-16T09:24:32.687+0000] {logging_mixin.py:188} INFO - [2024-02-16T09:24:32.686+0000] {dagbag.py:538} INFO - Filling up the DagBag from /home/airflow/.local/lib/python3.8/site-packages/airflow/example_dags/example_nested_branch_dag.py
[2024-02-16T09:24:32.695+0000] {processor.py:840} INFO - DAG(s) 'example_nested_branch_dag' retrieved from /home/airflow/.local/lib/python3.8/site-packages/airflow/example_dags/example_nested_branch_dag.py
[2024-02-16T09:24:32.717+0000] {logging_mixin.py:188} INFO - [2024-02-16T09:24:32.716+0000] {dag.py:3036} INFO - Sync 1 DAGs
[2024-02-16T09:24:32.738+0000] {logging_mixin.py:188} INFO - [2024-02-16T09:24:32.738+0000] {dag.py:3823} INFO - Setting next_dagrun for example_nested_branch_dag to 2024-02-15 00:00:00+00:00, run_after=2024-02-16 00:00:00+00:00
[2024-02-16T09:24:32.759+0000] {processor.py:183} INFO - Processing /home/airflow/.local/lib/python3.8/site-packages/airflow/example_dags/example_nested_branch_dag.py took 0.076 seconds
[2024-02-16T09:25:03.124+0000] {processor.py:161} INFO - Started process (PID=2581) to work on /home/airflow/.local/lib/python3.8/site-packages/airflow/example_dags/example_nested_branch_dag.py
[2024-02-16T09:25:03.125+0000] {processor.py:830} INFO - Processing file /home/airflow/.local/lib/python3.8/site-packages/airflow/example_dags/example_nested_branch_dag.py for tasks to queue
[2024-02-16T09:25:03.126+0000] {logging_mixin.py:188} INFO - [2024-02-16T09:25:03.126+0000] {dagbag.py:538} INFO - Filling up the DagBag from /home/airflow/.local/lib/python3.8/site-packages/airflow/example_dags/example_nested_branch_dag.py
[2024-02-16T09:25:03.134+0000] {processor.py:840} INFO - DAG(s) 'example_nested_branch_dag' retrieved from /home/airflow/.local/lib/python3.8/site-packages/airflow/example_dags/example_nested_branch_dag.py
[2024-02-16T09:25:03.155+0000] {logging_mixin.py:188} INFO - [2024-02-16T09:25:03.155+0000] {dag.py:3036} INFO - Sync 1 DAGs
[2024-02-16T09:25:03.174+0000] {logging_mixin.py:188} INFO - [2024-02-16T09:25:03.174+0000] {dag.py:3823} INFO - Setting next_dagrun for example_nested_branch_dag to 2024-02-15 00:00:00+00:00, run_after=2024-02-16 00:00:00+00:00
[2024-02-16T09:25:03.193+0000] {processor.py:183} INFO - Processing /home/airflow/.local/lib/python3.8/site-packages/airflow/example_dags/example_nested_branch_dag.py took 0.072 seconds
[2024-02-16T09:25:33.575+0000] {processor.py:161} INFO - Started process (PID=2827) to work on /home/airflow/.local/lib/python3.8/site-packages/airflow/example_dags/example_nested_branch_dag.py
[2024-02-16T09:25:33.576+0000] {processor.py:830} INFO - Processing file /home/airflow/.local/lib/python3.8/site-packages/airflow/example_dags/example_nested_branch_dag.py for tasks to queue
[2024-02-16T09:25:33.577+0000] {logging_mixin.py:188} INFO - [2024-02-16T09:25:33.577+0000] {dagbag.py:538} INFO - Filling up the DagBag from /home/airflow/.local/lib/python3.8/site-packages/airflow/example_dags/example_nested_branch_dag.py
[2024-02-16T09:25:33.585+0000] {processor.py:840} INFO - DAG(s) 'example_nested_branch_dag' retrieved from /home/airflow/.local/lib/python3.8/site-packages/airflow/example_dags/example_nested_branch_dag.py
[2024-02-16T09:25:33.608+0000] {logging_mixin.py:188} INFO - [2024-02-16T09:25:33.608+0000] {dag.py:3036} INFO - Sync 1 DAGs
[2024-02-16T09:25:33.631+0000] {logging_mixin.py:188} INFO - [2024-02-16T09:25:33.630+0000] {dag.py:3823} INFO - Setting next_dagrun for example_nested_branch_dag to 2024-02-15 00:00:00+00:00, run_after=2024-02-16 00:00:00+00:00
[2024-02-16T09:25:33.655+0000] {processor.py:183} INFO - Processing /home/airflow/.local/lib/python3.8/site-packages/airflow/example_dags/example_nested_branch_dag.py took 0.083 seconds
[2024-02-16T09:26:04.508+0000] {processor.py:161} INFO - Started process (PID=3074) to work on /home/airflow/.local/lib/python3.8/site-packages/airflow/example_dags/example_nested_branch_dag.py
[2024-02-16T09:26:04.509+0000] {processor.py:830} INFO - Processing file /home/airflow/.local/lib/python3.8/site-packages/airflow/example_dags/example_nested_branch_dag.py for tasks to queue
[2024-02-16T09:26:04.510+0000] {logging_mixin.py:188} INFO - [2024-02-16T09:26:04.510+0000] {dagbag.py:538} INFO - Filling up the DagBag from /home/airflow/.local/lib/python3.8/site-packages/airflow/example_dags/example_nested_branch_dag.py
[2024-02-16T09:26:04.521+0000] {processor.py:840} INFO - DAG(s) 'example_nested_branch_dag' retrieved from /home/airflow/.local/lib/python3.8/site-packages/airflow/example_dags/example_nested_branch_dag.py
[2024-02-16T09:26:04.543+0000] {logging_mixin.py:188} INFO - [2024-02-16T09:26:04.543+0000] {dag.py:3036} INFO - Sync 1 DAGs
[2024-02-16T09:26:04.565+0000] {logging_mixin.py:188} INFO - [2024-02-16T09:26:04.564+0000] {dag.py:3823} INFO - Setting next_dagrun for example_nested_branch_dag to 2024-02-15 00:00:00+00:00, run_after=2024-02-16 00:00:00+00:00
[2024-02-16T09:26:04.586+0000] {processor.py:183} INFO - Processing /home/airflow/.local/lib/python3.8/site-packages/airflow/example_dags/example_nested_branch_dag.py took 0.081 seconds
[2024-02-16T09:26:35.204+0000] {processor.py:161} INFO - Started process (PID=3325) to work on /home/airflow/.local/lib/python3.8/site-packages/airflow/example_dags/example_nested_branch_dag.py
[2024-02-16T09:26:35.205+0000] {processor.py:830} INFO - Processing file /home/airflow/.local/lib/python3.8/site-packages/airflow/example_dags/example_nested_branch_dag.py for tasks to queue
[2024-02-16T09:26:35.206+0000] {logging_mixin.py:188} INFO - [2024-02-16T09:26:35.205+0000] {dagbag.py:538} INFO - Filling up the DagBag from /home/airflow/.local/lib/python3.8/site-packages/airflow/example_dags/example_nested_branch_dag.py
[2024-02-16T09:26:35.217+0000] {processor.py:840} INFO - DAG(s) 'example_nested_branch_dag' retrieved from /home/airflow/.local/lib/python3.8/site-packages/airflow/example_dags/example_nested_branch_dag.py
[2024-02-16T09:26:35.241+0000] {logging_mixin.py:188} INFO - [2024-02-16T09:26:35.241+0000] {dag.py:3036} INFO - Sync 1 DAGs
[2024-02-16T09:26:35.304+0000] {logging_mixin.py:188} INFO - [2024-02-16T09:26:35.304+0000] {dag.py:3823} INFO - Setting next_dagrun for example_nested_branch_dag to 2024-02-15 00:00:00+00:00, run_after=2024-02-16 00:00:00+00:00
[2024-02-16T09:26:35.332+0000] {processor.py:183} INFO - Processing /home/airflow/.local/lib/python3.8/site-packages/airflow/example_dags/example_nested_branch_dag.py took 0.131 seconds
[2024-02-16T09:27:05.664+0000] {processor.py:161} INFO - Started process (PID=3572) to work on /home/airflow/.local/lib/python3.8/site-packages/airflow/example_dags/example_nested_branch_dag.py
[2024-02-16T09:27:05.665+0000] {processor.py:830} INFO - Processing file /home/airflow/.local/lib/python3.8/site-packages/airflow/example_dags/example_nested_branch_dag.py for tasks to queue
[2024-02-16T09:27:05.666+0000] {logging_mixin.py:188} INFO - [2024-02-16T09:27:05.665+0000] {dagbag.py:538} INFO - Filling up the DagBag from /home/airflow/.local/lib/python3.8/site-packages/airflow/example_dags/example_nested_branch_dag.py
[2024-02-16T09:27:05.675+0000] {processor.py:840} INFO - DAG(s) 'example_nested_branch_dag' retrieved from /home/airflow/.local/lib/python3.8/site-packages/airflow/example_dags/example_nested_branch_dag.py
[2024-02-16T09:27:05.698+0000] {logging_mixin.py:188} INFO - [2024-02-16T09:27:05.697+0000] {dag.py:3036} INFO - Sync 1 DAGs
[2024-02-16T09:27:05.718+0000] {logging_mixin.py:188} INFO - [2024-02-16T09:27:05.718+0000] {dag.py:3823} INFO - Setting next_dagrun for example_nested_branch_dag to 2024-02-15 00:00:00+00:00, run_after=2024-02-16 00:00:00+00:00
[2024-02-16T09:27:05.740+0000] {processor.py:183} INFO - Processing /home/airflow/.local/lib/python3.8/site-packages/airflow/example_dags/example_nested_branch_dag.py took 0.079 seconds
[2024-02-16T09:27:36.158+0000] {processor.py:161} INFO - Started process (PID=3820) to work on /home/airflow/.local/lib/python3.8/site-packages/airflow/example_dags/example_nested_branch_dag.py
[2024-02-16T09:27:36.159+0000] {processor.py:830} INFO - Processing file /home/airflow/.local/lib/python3.8/site-packages/airflow/example_dags/example_nested_branch_dag.py for tasks to queue
[2024-02-16T09:27:36.160+0000] {logging_mixin.py:188} INFO - [2024-02-16T09:27:36.160+0000] {dagbag.py:538} INFO - Filling up the DagBag from /home/airflow/.local/lib/python3.8/site-packages/airflow/example_dags/example_nested_branch_dag.py
[2024-02-16T09:27:36.168+0000] {processor.py:840} INFO - DAG(s) 'example_nested_branch_dag' retrieved from /home/airflow/.local/lib/python3.8/site-packages/airflow/example_dags/example_nested_branch_dag.py
[2024-02-16T09:27:36.188+0000] {logging_mixin.py:188} INFO - [2024-02-16T09:27:36.187+0000] {dag.py:3036} INFO - Sync 1 DAGs
[2024-02-16T09:27:36.206+0000] {logging_mixin.py:188} INFO - [2024-02-16T09:27:36.205+0000] {dag.py:3823} INFO - Setting next_dagrun for example_nested_branch_dag to 2024-02-15 00:00:00+00:00, run_after=2024-02-16 00:00:00+00:00
[2024-02-16T09:27:36.225+0000] {processor.py:183} INFO - Processing /home/airflow/.local/lib/python3.8/site-packages/airflow/example_dags/example_nested_branch_dag.py took 0.069 seconds
[2024-02-16T09:28:06.584+0000] {processor.py:161} INFO - Started process (PID=4067) to work on /home/airflow/.local/lib/python3.8/site-packages/airflow/example_dags/example_nested_branch_dag.py
[2024-02-16T09:28:06.585+0000] {processor.py:830} INFO - Processing file /home/airflow/.local/lib/python3.8/site-packages/airflow/example_dags/example_nested_branch_dag.py for tasks to queue
[2024-02-16T09:28:06.586+0000] {logging_mixin.py:188} INFO - [2024-02-16T09:28:06.586+0000] {dagbag.py:538} INFO - Filling up the DagBag from /home/airflow/.local/lib/python3.8/site-packages/airflow/example_dags/example_nested_branch_dag.py
[2024-02-16T09:28:06.593+0000] {processor.py:840} INFO - DAG(s) 'example_nested_branch_dag' retrieved from /home/airflow/.local/lib/python3.8/site-packages/airflow/example_dags/example_nested_branch_dag.py
[2024-02-16T09:28:06.613+0000] {logging_mixin.py:188} INFO - [2024-02-16T09:28:06.613+0000] {dag.py:3036} INFO - Sync 1 DAGs
[2024-02-16T09:28:06.631+0000] {logging_mixin.py:188} INFO - [2024-02-16T09:28:06.631+0000] {dag.py:3823} INFO - Setting next_dagrun for example_nested_branch_dag to 2024-02-15 00:00:00+00:00, run_after=2024-02-16 00:00:00+00:00
[2024-02-16T09:28:06.649+0000] {processor.py:183} INFO - Processing /home/airflow/.local/lib/python3.8/site-packages/airflow/example_dags/example_nested_branch_dag.py took 0.068 seconds
[2024-02-16T09:28:36.962+0000] {processor.py:161} INFO - Started process (PID=4313) to work on /home/airflow/.local/lib/python3.8/site-packages/airflow/example_dags/example_nested_branch_dag.py
[2024-02-16T09:28:36.963+0000] {processor.py:830} INFO - Processing file /home/airflow/.local/lib/python3.8/site-packages/airflow/example_dags/example_nested_branch_dag.py for tasks to queue
[2024-02-16T09:28:36.964+0000] {logging_mixin.py:188} INFO - [2024-02-16T09:28:36.963+0000] {dagbag.py:538} INFO - Filling up the DagBag from /home/airflow/.local/lib/python3.8/site-packages/airflow/example_dags/example_nested_branch_dag.py
[2024-02-16T09:28:36.972+0000] {processor.py:840} INFO - DAG(s) 'example_nested_branch_dag' retrieved from /home/airflow/.local/lib/python3.8/site-packages/airflow/example_dags/example_nested_branch_dag.py
[2024-02-16T09:28:36.993+0000] {logging_mixin.py:188} INFO - [2024-02-16T09:28:36.993+0000] {dag.py:3036} INFO - Sync 1 DAGs
[2024-02-16T09:28:37.013+0000] {logging_mixin.py:188} INFO - [2024-02-16T09:28:37.012+0000] {dag.py:3823} INFO - Setting next_dagrun for example_nested_branch_dag to 2024-02-15 00:00:00+00:00, run_after=2024-02-16 00:00:00+00:00
[2024-02-16T09:28:37.034+0000] {processor.py:183} INFO - Processing /home/airflow/.local/lib/python3.8/site-packages/airflow/example_dags/example_nested_branch_dag.py took 0.074 seconds
[2024-02-16T09:29:07.262+0000] {processor.py:161} INFO - Started process (PID=4560) to work on /home/airflow/.local/lib/python3.8/site-packages/airflow/example_dags/example_nested_branch_dag.py
[2024-02-16T09:29:07.263+0000] {processor.py:830} INFO - Processing file /home/airflow/.local/lib/python3.8/site-packages/airflow/example_dags/example_nested_branch_dag.py for tasks to queue
[2024-02-16T09:29:07.264+0000] {logging_mixin.py:188} INFO - [2024-02-16T09:29:07.264+0000] {dagbag.py:538} INFO - Filling up the DagBag from /home/airflow/.local/lib/python3.8/site-packages/airflow/example_dags/example_nested_branch_dag.py
[2024-02-16T09:29:07.272+0000] {processor.py:840} INFO - DAG(s) 'example_nested_branch_dag' retrieved from /home/airflow/.local/lib/python3.8/site-packages/airflow/example_dags/example_nested_branch_dag.py
[2024-02-16T09:29:07.293+0000] {logging_mixin.py:188} INFO - [2024-02-16T09:29:07.292+0000] {dag.py:3036} INFO - Sync 1 DAGs
[2024-02-16T09:29:07.310+0000] {logging_mixin.py:188} INFO - [2024-02-16T09:29:07.310+0000] {dag.py:3823} INFO - Setting next_dagrun for example_nested_branch_dag to 2024-02-15 00:00:00+00:00, run_after=2024-02-16 00:00:00+00:00
[2024-02-16T09:29:07.329+0000] {processor.py:183} INFO - Processing /home/airflow/.local/lib/python3.8/site-packages/airflow/example_dags/example_nested_branch_dag.py took 0.069 seconds
[2024-02-16T09:29:37.960+0000] {processor.py:161} INFO - Started process (PID=4806) to work on /home/airflow/.local/lib/python3.8/site-packages/airflow/example_dags/example_nested_branch_dag.py
[2024-02-16T09:29:37.961+0000] {processor.py:830} INFO - Processing file /home/airflow/.local/lib/python3.8/site-packages/airflow/example_dags/example_nested_branch_dag.py for tasks to queue
[2024-02-16T09:29:37.962+0000] {logging_mixin.py:188} INFO - [2024-02-16T09:29:37.962+0000] {dagbag.py:538} INFO - Filling up the DagBag from /home/airflow/.local/lib/python3.8/site-packages/airflow/example_dags/example_nested_branch_dag.py
[2024-02-16T09:29:37.971+0000] {processor.py:840} INFO - DAG(s) 'example_nested_branch_dag' retrieved from /home/airflow/.local/lib/python3.8/site-packages/airflow/example_dags/example_nested_branch_dag.py
[2024-02-16T09:29:37.995+0000] {logging_mixin.py:188} INFO - [2024-02-16T09:29:37.995+0000] {dag.py:3036} INFO - Sync 1 DAGs
[2024-02-16T09:29:38.016+0000] {logging_mixin.py:188} INFO - [2024-02-16T09:29:38.016+0000] {dag.py:3823} INFO - Setting next_dagrun for example_nested_branch_dag to 2024-02-15 00:00:00+00:00, run_after=2024-02-16 00:00:00+00:00
[2024-02-16T09:29:38.039+0000] {processor.py:183} INFO - Processing /home/airflow/.local/lib/python3.8/site-packages/airflow/example_dags/example_nested_branch_dag.py took 0.082 seconds
[2024-02-16T09:30:08.078+0000] {processor.py:161} INFO - Started process (PID=5087) to work on /home/airflow/.local/lib/python3.8/site-packages/airflow/example_dags/example_nested_branch_dag.py
[2024-02-16T09:30:08.080+0000] {processor.py:830} INFO - Processing file /home/airflow/.local/lib/python3.8/site-packages/airflow/example_dags/example_nested_branch_dag.py for tasks to queue
[2024-02-16T09:30:08.081+0000] {logging_mixin.py:188} INFO - [2024-02-16T09:30:08.081+0000] {dagbag.py:538} INFO - Filling up the DagBag from /home/airflow/.local/lib/python3.8/site-packages/airflow/example_dags/example_nested_branch_dag.py
[2024-02-16T09:30:08.093+0000] {processor.py:840} INFO - DAG(s) 'example_nested_branch_dag' retrieved from /home/airflow/.local/lib/python3.8/site-packages/airflow/example_dags/example_nested_branch_dag.py
[2024-02-16T09:30:08.124+0000] {logging_mixin.py:188} INFO - [2024-02-16T09:30:08.123+0000] {dag.py:3036} INFO - Sync 1 DAGs
[2024-02-16T09:30:08.164+0000] {logging_mixin.py:188} INFO - [2024-02-16T09:30:08.164+0000] {dag.py:3823} INFO - Setting next_dagrun for example_nested_branch_dag to 2024-02-15 00:00:00+00:00, run_after=2024-02-16 00:00:00+00:00
[2024-02-16T09:30:08.191+0000] {processor.py:183} INFO - Processing /home/airflow/.local/lib/python3.8/site-packages/airflow/example_dags/example_nested_branch_dag.py took 0.118 seconds
[2024-02-16T09:30:38.974+0000] {processor.py:161} INFO - Started process (PID=5480) to work on /home/airflow/.local/lib/python3.8/site-packages/airflow/example_dags/example_nested_branch_dag.py
[2024-02-16T09:30:38.975+0000] {processor.py:830} INFO - Processing file /home/airflow/.local/lib/python3.8/site-packages/airflow/example_dags/example_nested_branch_dag.py for tasks to queue
[2024-02-16T09:30:38.976+0000] {logging_mixin.py:188} INFO - [2024-02-16T09:30:38.976+0000] {dagbag.py:538} INFO - Filling up the DagBag from /home/airflow/.local/lib/python3.8/site-packages/airflow/example_dags/example_nested_branch_dag.py
[2024-02-16T09:30:38.984+0000] {processor.py:840} INFO - DAG(s) 'example_nested_branch_dag' retrieved from /home/airflow/.local/lib/python3.8/site-packages/airflow/example_dags/example_nested_branch_dag.py
[2024-02-16T09:30:39.004+0000] {logging_mixin.py:188} INFO - [2024-02-16T09:30:39.004+0000] {dag.py:3036} INFO - Sync 1 DAGs
[2024-02-16T09:30:39.023+0000] {logging_mixin.py:188} INFO - [2024-02-16T09:30:39.022+0000] {dag.py:3823} INFO - Setting next_dagrun for example_nested_branch_dag to 2024-02-15 00:00:00+00:00, run_after=2024-02-16 00:00:00+00:00
[2024-02-16T09:30:39.043+0000] {processor.py:183} INFO - Processing /home/airflow/.local/lib/python3.8/site-packages/airflow/example_dags/example_nested_branch_dag.py took 0.071 seconds
[2024-02-16T09:31:09.311+0000] {processor.py:161} INFO - Started process (PID=5726) to work on /home/airflow/.local/lib/python3.8/site-packages/airflow/example_dags/example_nested_branch_dag.py
[2024-02-16T09:31:09.313+0000] {processor.py:830} INFO - Processing file /home/airflow/.local/lib/python3.8/site-packages/airflow/example_dags/example_nested_branch_dag.py for tasks to queue
[2024-02-16T09:31:09.314+0000] {logging_mixin.py:188} INFO - [2024-02-16T09:31:09.313+0000] {dagbag.py:538} INFO - Filling up the DagBag from /home/airflow/.local/lib/python3.8/site-packages/airflow/example_dags/example_nested_branch_dag.py
[2024-02-16T09:31:09.321+0000] {processor.py:840} INFO - DAG(s) 'example_nested_branch_dag' retrieved from /home/airflow/.local/lib/python3.8/site-packages/airflow/example_dags/example_nested_branch_dag.py
[2024-02-16T09:31:09.343+0000] {logging_mixin.py:188} INFO - [2024-02-16T09:31:09.342+0000] {dag.py:3036} INFO - Sync 1 DAGs
[2024-02-16T09:31:09.361+0000] {logging_mixin.py:188} INFO - [2024-02-16T09:31:09.361+0000] {dag.py:3823} INFO - Setting next_dagrun for example_nested_branch_dag to 2024-02-15 00:00:00+00:00, run_after=2024-02-16 00:00:00+00:00
[2024-02-16T09:31:09.380+0000] {processor.py:183} INFO - Processing /home/airflow/.local/lib/python3.8/site-packages/airflow/example_dags/example_nested_branch_dag.py took 0.072 seconds
[2024-02-16T09:31:39.815+0000] {processor.py:161} INFO - Started process (PID=5973) to work on /home/airflow/.local/lib/python3.8/site-packages/airflow/example_dags/example_nested_branch_dag.py
[2024-02-16T09:31:39.816+0000] {processor.py:830} INFO - Processing file /home/airflow/.local/lib/python3.8/site-packages/airflow/example_dags/example_nested_branch_dag.py for tasks to queue
[2024-02-16T09:31:39.817+0000] {logging_mixin.py:188} INFO - [2024-02-16T09:31:39.817+0000] {dagbag.py:538} INFO - Filling up the DagBag from /home/airflow/.local/lib/python3.8/site-packages/airflow/example_dags/example_nested_branch_dag.py
[2024-02-16T09:31:39.824+0000] {processor.py:840} INFO - DAG(s) 'example_nested_branch_dag' retrieved from /home/airflow/.local/lib/python3.8/site-packages/airflow/example_dags/example_nested_branch_dag.py
[2024-02-16T09:31:39.843+0000] {logging_mixin.py:188} INFO - [2024-02-16T09:31:39.843+0000] {dag.py:3036} INFO - Sync 1 DAGs
[2024-02-16T09:31:39.863+0000] {logging_mixin.py:188} INFO - [2024-02-16T09:31:39.863+0000] {dag.py:3823} INFO - Setting next_dagrun for example_nested_branch_dag to 2024-02-15 00:00:00+00:00, run_after=2024-02-16 00:00:00+00:00
[2024-02-16T09:31:39.884+0000] {processor.py:183} INFO - Processing /home/airflow/.local/lib/python3.8/site-packages/airflow/example_dags/example_nested_branch_dag.py took 0.072 seconds
[2024-02-16T09:32:10.255+0000] {processor.py:161} INFO - Started process (PID=6219) to work on /home/airflow/.local/lib/python3.8/site-packages/airflow/example_dags/example_nested_branch_dag.py
[2024-02-16T09:32:10.256+0000] {processor.py:830} INFO - Processing file /home/airflow/.local/lib/python3.8/site-packages/airflow/example_dags/example_nested_branch_dag.py for tasks to queue
[2024-02-16T09:32:10.257+0000] {logging_mixin.py:188} INFO - [2024-02-16T09:32:10.257+0000] {dagbag.py:538} INFO - Filling up the DagBag from /home/airflow/.local/lib/python3.8/site-packages/airflow/example_dags/example_nested_branch_dag.py
[2024-02-16T09:32:10.266+0000] {processor.py:840} INFO - DAG(s) 'example_nested_branch_dag' retrieved from /home/airflow/.local/lib/python3.8/site-packages/airflow/example_dags/example_nested_branch_dag.py
[2024-02-16T09:32:10.289+0000] {logging_mixin.py:188} INFO - [2024-02-16T09:32:10.289+0000] {dag.py:3036} INFO - Sync 1 DAGs
[2024-02-16T09:32:10.310+0000] {logging_mixin.py:188} INFO - [2024-02-16T09:32:10.310+0000] {dag.py:3823} INFO - Setting next_dagrun for example_nested_branch_dag to 2024-02-15 00:00:00+00:00, run_after=2024-02-16 00:00:00+00:00
[2024-02-16T09:32:10.333+0000] {processor.py:183} INFO - Processing /home/airflow/.local/lib/python3.8/site-packages/airflow/example_dags/example_nested_branch_dag.py took 0.081 seconds
[2024-02-16T09:32:40.855+0000] {processor.py:161} INFO - Started process (PID=6466) to work on /home/airflow/.local/lib/python3.8/site-packages/airflow/example_dags/example_nested_branch_dag.py
[2024-02-16T09:32:40.856+0000] {processor.py:830} INFO - Processing file /home/airflow/.local/lib/python3.8/site-packages/airflow/example_dags/example_nested_branch_dag.py for tasks to queue
[2024-02-16T09:32:40.857+0000] {logging_mixin.py:188} INFO - [2024-02-16T09:32:40.857+0000] {dagbag.py:538} INFO - Filling up the DagBag from /home/airflow/.local/lib/python3.8/site-packages/airflow/example_dags/example_nested_branch_dag.py
[2024-02-16T09:32:40.866+0000] {processor.py:840} INFO - DAG(s) 'example_nested_branch_dag' retrieved from /home/airflow/.local/lib/python3.8/site-packages/airflow/example_dags/example_nested_branch_dag.py
[2024-02-16T09:32:40.891+0000] {logging_mixin.py:188} INFO - [2024-02-16T09:32:40.891+0000] {dag.py:3036} INFO - Sync 1 DAGs
[2024-02-16T09:32:40.914+0000] {logging_mixin.py:188} INFO - [2024-02-16T09:32:40.914+0000] {dag.py:3823} INFO - Setting next_dagrun for example_nested_branch_dag to 2024-02-15 00:00:00+00:00, run_after=2024-02-16 00:00:00+00:00
[2024-02-16T09:32:40.935+0000] {processor.py:183} INFO - Processing /home/airflow/.local/lib/python3.8/site-packages/airflow/example_dags/example_nested_branch_dag.py took 0.083 seconds
[2024-02-16T09:33:11.400+0000] {processor.py:161} INFO - Started process (PID=6711) to work on /home/airflow/.local/lib/python3.8/site-packages/airflow/example_dags/example_nested_branch_dag.py
[2024-02-16T09:33:11.401+0000] {processor.py:830} INFO - Processing file /home/airflow/.local/lib/python3.8/site-packages/airflow/example_dags/example_nested_branch_dag.py for tasks to queue
[2024-02-16T09:33:11.402+0000] {logging_mixin.py:188} INFO - [2024-02-16T09:33:11.402+0000] {dagbag.py:538} INFO - Filling up the DagBag from /home/airflow/.local/lib/python3.8/site-packages/airflow/example_dags/example_nested_branch_dag.py
[2024-02-16T09:33:11.409+0000] {processor.py:840} INFO - DAG(s) 'example_nested_branch_dag' retrieved from /home/airflow/.local/lib/python3.8/site-packages/airflow/example_dags/example_nested_branch_dag.py
[2024-02-16T09:33:11.430+0000] {logging_mixin.py:188} INFO - [2024-02-16T09:33:11.430+0000] {dag.py:3036} INFO - Sync 1 DAGs
[2024-02-16T09:33:11.448+0000] {logging_mixin.py:188} INFO - [2024-02-16T09:33:11.448+0000] {dag.py:3823} INFO - Setting next_dagrun for example_nested_branch_dag to 2024-02-15 00:00:00+00:00, run_after=2024-02-16 00:00:00+00:00
[2024-02-16T09:33:11.468+0000] {processor.py:183} INFO - Processing /home/airflow/.local/lib/python3.8/site-packages/airflow/example_dags/example_nested_branch_dag.py took 0.071 seconds
[2024-02-16T09:33:41.870+0000] {processor.py:161} INFO - Started process (PID=6960) to work on /home/airflow/.local/lib/python3.8/site-packages/airflow/example_dags/example_nested_branch_dag.py
[2024-02-16T09:33:41.872+0000] {processor.py:830} INFO - Processing file /home/airflow/.local/lib/python3.8/site-packages/airflow/example_dags/example_nested_branch_dag.py for tasks to queue
[2024-02-16T09:33:41.872+0000] {logging_mixin.py:188} INFO - [2024-02-16T09:33:41.872+0000] {dagbag.py:538} INFO - Filling up the DagBag from /home/airflow/.local/lib/python3.8/site-packages/airflow/example_dags/example_nested_branch_dag.py
[2024-02-16T09:33:41.880+0000] {processor.py:840} INFO - DAG(s) 'example_nested_branch_dag' retrieved from /home/airflow/.local/lib/python3.8/site-packages/airflow/example_dags/example_nested_branch_dag.py
[2024-02-16T09:33:41.899+0000] {logging_mixin.py:188} INFO - [2024-02-16T09:33:41.898+0000] {dag.py:3036} INFO - Sync 1 DAGs
[2024-02-16T09:33:41.915+0000] {logging_mixin.py:188} INFO - [2024-02-16T09:33:41.915+0000] {dag.py:3823} INFO - Setting next_dagrun for example_nested_branch_dag to 2024-02-15 00:00:00+00:00, run_after=2024-02-16 00:00:00+00:00
[2024-02-16T09:33:41.933+0000] {processor.py:183} INFO - Processing /home/airflow/.local/lib/python3.8/site-packages/airflow/example_dags/example_nested_branch_dag.py took 0.065 seconds
[2024-02-16T09:34:12.165+0000] {processor.py:161} INFO - Started process (PID=7207) to work on /home/airflow/.local/lib/python3.8/site-packages/airflow/example_dags/example_nested_branch_dag.py
[2024-02-16T09:34:12.166+0000] {processor.py:830} INFO - Processing file /home/airflow/.local/lib/python3.8/site-packages/airflow/example_dags/example_nested_branch_dag.py for tasks to queue
[2024-02-16T09:34:12.167+0000] {logging_mixin.py:188} INFO - [2024-02-16T09:34:12.167+0000] {dagbag.py:538} INFO - Filling up the DagBag from /home/airflow/.local/lib/python3.8/site-packages/airflow/example_dags/example_nested_branch_dag.py
[2024-02-16T09:34:12.175+0000] {processor.py:840} INFO - DAG(s) 'example_nested_branch_dag' retrieved from /home/airflow/.local/lib/python3.8/site-packages/airflow/example_dags/example_nested_branch_dag.py
[2024-02-16T09:34:12.195+0000] {logging_mixin.py:188} INFO - [2024-02-16T09:34:12.194+0000] {dag.py:3036} INFO - Sync 1 DAGs
[2024-02-16T09:34:12.213+0000] {logging_mixin.py:188} INFO - [2024-02-16T09:34:12.213+0000] {dag.py:3823} INFO - Setting next_dagrun for example_nested_branch_dag to 2024-02-15 00:00:00+00:00, run_after=2024-02-16 00:00:00+00:00
[2024-02-16T09:34:12.232+0000] {processor.py:183} INFO - Processing /home/airflow/.local/lib/python3.8/site-packages/airflow/example_dags/example_nested_branch_dag.py took 0.070 seconds
[2024-02-16T09:38:04.795+0000] {processor.py:161} INFO - Started process (PID=360) to work on /home/airflow/.local/lib/python3.8/site-packages/airflow/example_dags/example_nested_branch_dag.py
[2024-02-16T09:38:04.797+0000] {processor.py:830} INFO - Processing file /home/airflow/.local/lib/python3.8/site-packages/airflow/example_dags/example_nested_branch_dag.py for tasks to queue
[2024-02-16T09:38:04.798+0000] {logging_mixin.py:188} INFO - [2024-02-16T09:38:04.797+0000] {dagbag.py:538} INFO - Filling up the DagBag from /home/airflow/.local/lib/python3.8/site-packages/airflow/example_dags/example_nested_branch_dag.py
[2024-02-16T09:38:04.808+0000] {processor.py:840} INFO - DAG(s) 'example_nested_branch_dag' retrieved from /home/airflow/.local/lib/python3.8/site-packages/airflow/example_dags/example_nested_branch_dag.py
[2024-02-16T09:38:04.822+0000] {logging_mixin.py:188} INFO - [2024-02-16T09:38:04.821+0000] {dag.py:3036} INFO - Sync 1 DAGs
[2024-02-16T09:38:04.845+0000] {logging_mixin.py:188} INFO - [2024-02-16T09:38:04.845+0000] {dag.py:3823} INFO - Setting next_dagrun for example_nested_branch_dag to 2024-02-15 00:00:00+00:00, run_after=2024-02-16 00:00:00+00:00
[2024-02-16T09:38:04.871+0000] {processor.py:183} INFO - Processing /home/airflow/.local/lib/python3.8/site-packages/airflow/example_dags/example_nested_branch_dag.py took 0.078 seconds
[2024-02-16T09:38:36.734+0000] {processor.py:161} INFO - Started process (PID=609) to work on /home/airflow/.local/lib/python3.8/site-packages/airflow/example_dags/example_nested_branch_dag.py
[2024-02-16T09:38:36.735+0000] {processor.py:830} INFO - Processing file /home/airflow/.local/lib/python3.8/site-packages/airflow/example_dags/example_nested_branch_dag.py for tasks to queue
[2024-02-16T09:38:36.736+0000] {logging_mixin.py:188} INFO - [2024-02-16T09:38:36.736+0000] {dagbag.py:538} INFO - Filling up the DagBag from /home/airflow/.local/lib/python3.8/site-packages/airflow/example_dags/example_nested_branch_dag.py
[2024-02-16T09:38:36.745+0000] {processor.py:840} INFO - DAG(s) 'example_nested_branch_dag' retrieved from /home/airflow/.local/lib/python3.8/site-packages/airflow/example_dags/example_nested_branch_dag.py
[2024-02-16T09:38:36.828+0000] {logging_mixin.py:188} INFO - [2024-02-16T09:38:36.828+0000] {dag.py:3036} INFO - Sync 1 DAGs
[2024-02-16T09:38:36.848+0000] {logging_mixin.py:188} INFO - [2024-02-16T09:38:36.848+0000] {dag.py:3823} INFO - Setting next_dagrun for example_nested_branch_dag to 2024-02-15 00:00:00+00:00, run_after=2024-02-16 00:00:00+00:00
[2024-02-16T09:38:36.873+0000] {processor.py:183} INFO - Processing /home/airflow/.local/lib/python3.8/site-packages/airflow/example_dags/example_nested_branch_dag.py took 0.142 seconds
