[2024-02-16T09:20:25.579+0000] {processor.py:161} INFO - Started process (PID=266) to work on /home/airflow/.local/lib/python3.8/site-packages/airflow/example_dags/example_xcomargs.py
[2024-02-16T09:20:25.581+0000] {processor.py:830} INFO - Processing file /home/airflow/.local/lib/python3.8/site-packages/airflow/example_dags/example_xcomargs.py for tasks to queue
[2024-02-16T09:20:25.581+0000] {logging_mixin.py:188} INFO - [2024-02-16T09:20:25.581+0000] {dagbag.py:538} INFO - Filling up the DagBag from /home/airflow/.local/lib/python3.8/site-packages/airflow/example_dags/example_xcomargs.py
[2024-02-16T09:20:25.588+0000] {processor.py:840} INFO - DAG(s) 'example_xcom_args_with_operators', 'example_xcom_args' retrieved from /home/airflow/.local/lib/python3.8/site-packages/airflow/example_dags/example_xcomargs.py
[2024-02-16T09:20:25.687+0000] {logging_mixin.py:188} INFO - [2024-02-16T09:20:25.687+0000] {override.py:1769} INFO - Created Permission View: can delete on DAG:example_xcom_args_with_operators
[2024-02-16T09:20:25.701+0000] {logging_mixin.py:188} INFO - [2024-02-16T09:20:25.700+0000] {override.py:1769} INFO - Created Permission View: can edit on DAG:example_xcom_args_with_operators
[2024-02-16T09:20:25.710+0000] {logging_mixin.py:188} INFO - [2024-02-16T09:20:25.710+0000] {override.py:1769} INFO - Created Permission View: can read on DAG:example_xcom_args_with_operators
[2024-02-16T09:20:25.728+0000] {logging_mixin.py:188} INFO - [2024-02-16T09:20:25.727+0000] {override.py:1769} INFO - Created Permission View: can delete on DAG:example_xcom_args
[2024-02-16T09:20:25.737+0000] {logging_mixin.py:188} INFO - [2024-02-16T09:20:25.737+0000] {override.py:1769} INFO - Created Permission View: can edit on DAG:example_xcom_args
[2024-02-16T09:20:25.746+0000] {logging_mixin.py:188} INFO - [2024-02-16T09:20:25.745+0000] {override.py:1769} INFO - Created Permission View: can read on DAG:example_xcom_args
[2024-02-16T09:20:25.746+0000] {logging_mixin.py:188} INFO - [2024-02-16T09:20:25.746+0000] {dag.py:3036} INFO - Sync 2 DAGs
[2024-02-16T09:20:25.756+0000] {logging_mixin.py:188} INFO - [2024-02-16T09:20:25.756+0000] {dag.py:3058} INFO - Creating ORM DAG for example_xcom_args
[2024-02-16T09:20:25.757+0000] {logging_mixin.py:188} INFO - [2024-02-16T09:20:25.757+0000] {dag.py:3058} INFO - Creating ORM DAG for example_xcom_args_with_operators
[2024-02-16T09:20:25.757+0000] {logging_mixin.py:188} INFO - [2024-02-16T09:20:25.757+0000] {dag.py:3823} INFO - Setting next_dagrun for example_xcom_args to None, run_after=None
[2024-02-16T09:20:25.758+0000] {logging_mixin.py:188} INFO - [2024-02-16T09:20:25.758+0000] {dag.py:3823} INFO - Setting next_dagrun for example_xcom_args_with_operators to None, run_after=None
[2024-02-16T09:20:25.785+0000] {processor.py:183} INFO - Processing /home/airflow/.local/lib/python3.8/site-packages/airflow/example_dags/example_xcomargs.py took 0.210 seconds
[2024-02-16T09:20:55.943+0000] {processor.py:161} INFO - Started process (PID=513) to work on /home/airflow/.local/lib/python3.8/site-packages/airflow/example_dags/example_xcomargs.py
[2024-02-16T09:20:55.944+0000] {processor.py:830} INFO - Processing file /home/airflow/.local/lib/python3.8/site-packages/airflow/example_dags/example_xcomargs.py for tasks to queue
[2024-02-16T09:20:55.945+0000] {logging_mixin.py:188} INFO - [2024-02-16T09:20:55.945+0000] {dagbag.py:538} INFO - Filling up the DagBag from /home/airflow/.local/lib/python3.8/site-packages/airflow/example_dags/example_xcomargs.py
[2024-02-16T09:20:55.951+0000] {processor.py:840} INFO - DAG(s) 'example_xcom_args', 'example_xcom_args_with_operators' retrieved from /home/airflow/.local/lib/python3.8/site-packages/airflow/example_dags/example_xcomargs.py
[2024-02-16T09:20:55.972+0000] {logging_mixin.py:188} INFO - [2024-02-16T09:20:55.972+0000] {dag.py:3036} INFO - Sync 2 DAGs
[2024-02-16T09:20:55.983+0000] {logging_mixin.py:188} INFO - [2024-02-16T09:20:55.983+0000] {dag.py:3823} INFO - Setting next_dagrun for example_xcom_args to None, run_after=None
[2024-02-16T09:20:55.986+0000] {logging_mixin.py:188} INFO - [2024-02-16T09:20:55.986+0000] {dag.py:3823} INFO - Setting next_dagrun for example_xcom_args_with_operators to None, run_after=None
[2024-02-16T09:20:56.002+0000] {processor.py:183} INFO - Processing /home/airflow/.local/lib/python3.8/site-packages/airflow/example_dags/example_xcomargs.py took 0.061 seconds
[2024-02-16T09:21:26.403+0000] {processor.py:161} INFO - Started process (PID=760) to work on /home/airflow/.local/lib/python3.8/site-packages/airflow/example_dags/example_xcomargs.py
[2024-02-16T09:21:26.404+0000] {processor.py:830} INFO - Processing file /home/airflow/.local/lib/python3.8/site-packages/airflow/example_dags/example_xcomargs.py for tasks to queue
[2024-02-16T09:21:26.404+0000] {logging_mixin.py:188} INFO - [2024-02-16T09:21:26.404+0000] {dagbag.py:538} INFO - Filling up the DagBag from /home/airflow/.local/lib/python3.8/site-packages/airflow/example_dags/example_xcomargs.py
[2024-02-16T09:21:26.412+0000] {processor.py:840} INFO - DAG(s) 'example_xcom_args_with_operators', 'example_xcom_args' retrieved from /home/airflow/.local/lib/python3.8/site-packages/airflow/example_dags/example_xcomargs.py
[2024-02-16T09:21:26.435+0000] {logging_mixin.py:188} INFO - [2024-02-16T09:21:26.435+0000] {dag.py:3036} INFO - Sync 2 DAGs
[2024-02-16T09:21:26.445+0000] {logging_mixin.py:188} INFO - [2024-02-16T09:21:26.445+0000] {dag.py:3823} INFO - Setting next_dagrun for example_xcom_args to None, run_after=None
[2024-02-16T09:21:26.449+0000] {logging_mixin.py:188} INFO - [2024-02-16T09:21:26.449+0000] {dag.py:3823} INFO - Setting next_dagrun for example_xcom_args_with_operators to None, run_after=None
[2024-02-16T09:21:26.466+0000] {processor.py:183} INFO - Processing /home/airflow/.local/lib/python3.8/site-packages/airflow/example_dags/example_xcomargs.py took 0.066 seconds
[2024-02-16T09:21:57.091+0000] {processor.py:161} INFO - Started process (PID=1006) to work on /home/airflow/.local/lib/python3.8/site-packages/airflow/example_dags/example_xcomargs.py
[2024-02-16T09:21:57.093+0000] {processor.py:830} INFO - Processing file /home/airflow/.local/lib/python3.8/site-packages/airflow/example_dags/example_xcomargs.py for tasks to queue
[2024-02-16T09:21:57.093+0000] {logging_mixin.py:188} INFO - [2024-02-16T09:21:57.093+0000] {dagbag.py:538} INFO - Filling up the DagBag from /home/airflow/.local/lib/python3.8/site-packages/airflow/example_dags/example_xcomargs.py
[2024-02-16T09:21:57.102+0000] {processor.py:840} INFO - DAG(s) 'example_xcom_args_with_operators', 'example_xcom_args' retrieved from /home/airflow/.local/lib/python3.8/site-packages/airflow/example_dags/example_xcomargs.py
[2024-02-16T09:21:57.127+0000] {logging_mixin.py:188} INFO - [2024-02-16T09:21:57.127+0000] {dag.py:3036} INFO - Sync 2 DAGs
[2024-02-16T09:21:57.140+0000] {logging_mixin.py:188} INFO - [2024-02-16T09:21:57.140+0000] {dag.py:3823} INFO - Setting next_dagrun for example_xcom_args to None, run_after=None
[2024-02-16T09:21:57.144+0000] {logging_mixin.py:188} INFO - [2024-02-16T09:21:57.143+0000] {dag.py:3823} INFO - Setting next_dagrun for example_xcom_args_with_operators to None, run_after=None
[2024-02-16T09:21:57.170+0000] {processor.py:183} INFO - Processing /home/airflow/.local/lib/python3.8/site-packages/airflow/example_dags/example_xcomargs.py took 0.082 seconds
[2024-02-16T09:22:27.816+0000] {processor.py:161} INFO - Started process (PID=1253) to work on /home/airflow/.local/lib/python3.8/site-packages/airflow/example_dags/example_xcomargs.py
[2024-02-16T09:22:27.817+0000] {processor.py:830} INFO - Processing file /home/airflow/.local/lib/python3.8/site-packages/airflow/example_dags/example_xcomargs.py for tasks to queue
[2024-02-16T09:22:27.818+0000] {logging_mixin.py:188} INFO - [2024-02-16T09:22:27.818+0000] {dagbag.py:538} INFO - Filling up the DagBag from /home/airflow/.local/lib/python3.8/site-packages/airflow/example_dags/example_xcomargs.py
[2024-02-16T09:22:27.826+0000] {processor.py:840} INFO - DAG(s) 'example_xcom_args_with_operators', 'example_xcom_args' retrieved from /home/airflow/.local/lib/python3.8/site-packages/airflow/example_dags/example_xcomargs.py
[2024-02-16T09:22:27.851+0000] {logging_mixin.py:188} INFO - [2024-02-16T09:22:27.851+0000] {dag.py:3036} INFO - Sync 2 DAGs
[2024-02-16T09:22:27.864+0000] {logging_mixin.py:188} INFO - [2024-02-16T09:22:27.864+0000] {dag.py:3823} INFO - Setting next_dagrun for example_xcom_args to None, run_after=None
[2024-02-16T09:22:27.868+0000] {logging_mixin.py:188} INFO - [2024-02-16T09:22:27.867+0000] {dag.py:3823} INFO - Setting next_dagrun for example_xcom_args_with_operators to None, run_after=None
[2024-02-16T09:22:27.891+0000] {processor.py:183} INFO - Processing /home/airflow/.local/lib/python3.8/site-packages/airflow/example_dags/example_xcomargs.py took 0.079 seconds
[2024-02-16T09:22:58.432+0000] {processor.py:161} INFO - Started process (PID=1500) to work on /home/airflow/.local/lib/python3.8/site-packages/airflow/example_dags/example_xcomargs.py
[2024-02-16T09:22:58.433+0000] {processor.py:830} INFO - Processing file /home/airflow/.local/lib/python3.8/site-packages/airflow/example_dags/example_xcomargs.py for tasks to queue
[2024-02-16T09:22:58.434+0000] {logging_mixin.py:188} INFO - [2024-02-16T09:22:58.434+0000] {dagbag.py:538} INFO - Filling up the DagBag from /home/airflow/.local/lib/python3.8/site-packages/airflow/example_dags/example_xcomargs.py
[2024-02-16T09:22:58.441+0000] {processor.py:840} INFO - DAG(s) 'example_xcom_args', 'example_xcom_args_with_operators' retrieved from /home/airflow/.local/lib/python3.8/site-packages/airflow/example_dags/example_xcomargs.py
[2024-02-16T09:22:58.463+0000] {logging_mixin.py:188} INFO - [2024-02-16T09:22:58.462+0000] {dag.py:3036} INFO - Sync 2 DAGs
[2024-02-16T09:22:58.472+0000] {logging_mixin.py:188} INFO - [2024-02-16T09:22:58.472+0000] {dag.py:3823} INFO - Setting next_dagrun for example_xcom_args to None, run_after=None
[2024-02-16T09:22:58.475+0000] {logging_mixin.py:188} INFO - [2024-02-16T09:22:58.475+0000] {dag.py:3823} INFO - Setting next_dagrun for example_xcom_args_with_operators to None, run_after=None
[2024-02-16T09:22:58.492+0000] {processor.py:183} INFO - Processing /home/airflow/.local/lib/python3.8/site-packages/airflow/example_dags/example_xcomargs.py took 0.062 seconds
[2024-02-16T09:23:28.825+0000] {processor.py:161} INFO - Started process (PID=1746) to work on /home/airflow/.local/lib/python3.8/site-packages/airflow/example_dags/example_xcomargs.py
[2024-02-16T09:23:28.826+0000] {processor.py:830} INFO - Processing file /home/airflow/.local/lib/python3.8/site-packages/airflow/example_dags/example_xcomargs.py for tasks to queue
[2024-02-16T09:23:28.827+0000] {logging_mixin.py:188} INFO - [2024-02-16T09:23:28.827+0000] {dagbag.py:538} INFO - Filling up the DagBag from /home/airflow/.local/lib/python3.8/site-packages/airflow/example_dags/example_xcomargs.py
[2024-02-16T09:23:28.834+0000] {processor.py:840} INFO - DAG(s) 'example_xcom_args_with_operators', 'example_xcom_args' retrieved from /home/airflow/.local/lib/python3.8/site-packages/airflow/example_dags/example_xcomargs.py
[2024-02-16T09:23:28.858+0000] {logging_mixin.py:188} INFO - [2024-02-16T09:23:28.858+0000] {dag.py:3036} INFO - Sync 2 DAGs
[2024-02-16T09:23:28.871+0000] {logging_mixin.py:188} INFO - [2024-02-16T09:23:28.871+0000] {dag.py:3823} INFO - Setting next_dagrun for example_xcom_args to None, run_after=None
[2024-02-16T09:23:28.875+0000] {logging_mixin.py:188} INFO - [2024-02-16T09:23:28.875+0000] {dag.py:3823} INFO - Setting next_dagrun for example_xcom_args_with_operators to None, run_after=None
[2024-02-16T09:23:28.893+0000] {processor.py:183} INFO - Processing /home/airflow/.local/lib/python3.8/site-packages/airflow/example_dags/example_xcomargs.py took 0.071 seconds
[2024-02-16T09:23:59.276+0000] {processor.py:161} INFO - Started process (PID=1993) to work on /home/airflow/.local/lib/python3.8/site-packages/airflow/example_dags/example_xcomargs.py
[2024-02-16T09:23:59.277+0000] {processor.py:830} INFO - Processing file /home/airflow/.local/lib/python3.8/site-packages/airflow/example_dags/example_xcomargs.py for tasks to queue
[2024-02-16T09:23:59.278+0000] {logging_mixin.py:188} INFO - [2024-02-16T09:23:59.278+0000] {dagbag.py:538} INFO - Filling up the DagBag from /home/airflow/.local/lib/python3.8/site-packages/airflow/example_dags/example_xcomargs.py
[2024-02-16T09:23:59.284+0000] {processor.py:840} INFO - DAG(s) 'example_xcom_args', 'example_xcom_args_with_operators' retrieved from /home/airflow/.local/lib/python3.8/site-packages/airflow/example_dags/example_xcomargs.py
[2024-02-16T09:23:59.308+0000] {logging_mixin.py:188} INFO - [2024-02-16T09:23:59.308+0000] {dag.py:3036} INFO - Sync 2 DAGs
[2024-02-16T09:23:59.318+0000] {logging_mixin.py:188} INFO - [2024-02-16T09:23:59.318+0000] {dag.py:3823} INFO - Setting next_dagrun for example_xcom_args to None, run_after=None
[2024-02-16T09:23:59.321+0000] {logging_mixin.py:188} INFO - [2024-02-16T09:23:59.321+0000] {dag.py:3823} INFO - Setting next_dagrun for example_xcom_args_with_operators to None, run_after=None
[2024-02-16T09:23:59.338+0000] {processor.py:183} INFO - Processing /home/airflow/.local/lib/python3.8/site-packages/airflow/example_dags/example_xcomargs.py took 0.065 seconds
[2024-02-16T09:24:29.782+0000] {processor.py:161} INFO - Started process (PID=2240) to work on /home/airflow/.local/lib/python3.8/site-packages/airflow/example_dags/example_xcomargs.py
[2024-02-16T09:24:29.784+0000] {processor.py:830} INFO - Processing file /home/airflow/.local/lib/python3.8/site-packages/airflow/example_dags/example_xcomargs.py for tasks to queue
[2024-02-16T09:24:29.784+0000] {logging_mixin.py:188} INFO - [2024-02-16T09:24:29.784+0000] {dagbag.py:538} INFO - Filling up the DagBag from /home/airflow/.local/lib/python3.8/site-packages/airflow/example_dags/example_xcomargs.py
[2024-02-16T09:24:29.791+0000] {processor.py:840} INFO - DAG(s) 'example_xcom_args_with_operators', 'example_xcom_args' retrieved from /home/airflow/.local/lib/python3.8/site-packages/airflow/example_dags/example_xcomargs.py
[2024-02-16T09:24:29.813+0000] {logging_mixin.py:188} INFO - [2024-02-16T09:24:29.813+0000] {dag.py:3036} INFO - Sync 2 DAGs
[2024-02-16T09:24:29.823+0000] {logging_mixin.py:188} INFO - [2024-02-16T09:24:29.823+0000] {dag.py:3823} INFO - Setting next_dagrun for example_xcom_args to None, run_after=None
[2024-02-16T09:24:29.828+0000] {logging_mixin.py:188} INFO - [2024-02-16T09:24:29.828+0000] {dag.py:3823} INFO - Setting next_dagrun for example_xcom_args_with_operators to None, run_after=None
[2024-02-16T09:24:29.845+0000] {processor.py:183} INFO - Processing /home/airflow/.local/lib/python3.8/site-packages/airflow/example_dags/example_xcomargs.py took 0.065 seconds
[2024-02-16T09:25:00.165+0000] {processor.py:161} INFO - Started process (PID=2486) to work on /home/airflow/.local/lib/python3.8/site-packages/airflow/example_dags/example_xcomargs.py
[2024-02-16T09:25:00.166+0000] {processor.py:830} INFO - Processing file /home/airflow/.local/lib/python3.8/site-packages/airflow/example_dags/example_xcomargs.py for tasks to queue
[2024-02-16T09:25:00.167+0000] {logging_mixin.py:188} INFO - [2024-02-16T09:25:00.167+0000] {dagbag.py:538} INFO - Filling up the DagBag from /home/airflow/.local/lib/python3.8/site-packages/airflow/example_dags/example_xcomargs.py
[2024-02-16T09:25:00.174+0000] {processor.py:840} INFO - DAG(s) 'example_xcom_args', 'example_xcom_args_with_operators' retrieved from /home/airflow/.local/lib/python3.8/site-packages/airflow/example_dags/example_xcomargs.py
[2024-02-16T09:25:00.194+0000] {logging_mixin.py:188} INFO - [2024-02-16T09:25:00.194+0000] {dag.py:3036} INFO - Sync 2 DAGs
[2024-02-16T09:25:00.204+0000] {logging_mixin.py:188} INFO - [2024-02-16T09:25:00.204+0000] {dag.py:3823} INFO - Setting next_dagrun for example_xcom_args to None, run_after=None
[2024-02-16T09:25:00.208+0000] {logging_mixin.py:188} INFO - [2024-02-16T09:25:00.207+0000] {dag.py:3823} INFO - Setting next_dagrun for example_xcom_args_with_operators to None, run_after=None
[2024-02-16T09:25:00.225+0000] {processor.py:183} INFO - Processing /home/airflow/.local/lib/python3.8/site-packages/airflow/example_dags/example_xcomargs.py took 0.063 seconds
[2024-02-16T09:25:30.674+0000] {processor.py:161} INFO - Started process (PID=2732) to work on /home/airflow/.local/lib/python3.8/site-packages/airflow/example_dags/example_xcomargs.py
[2024-02-16T09:25:30.675+0000] {processor.py:830} INFO - Processing file /home/airflow/.local/lib/python3.8/site-packages/airflow/example_dags/example_xcomargs.py for tasks to queue
[2024-02-16T09:25:30.676+0000] {logging_mixin.py:188} INFO - [2024-02-16T09:25:30.676+0000] {dagbag.py:538} INFO - Filling up the DagBag from /home/airflow/.local/lib/python3.8/site-packages/airflow/example_dags/example_xcomargs.py
[2024-02-16T09:25:30.684+0000] {processor.py:840} INFO - DAG(s) 'example_xcom_args_with_operators', 'example_xcom_args' retrieved from /home/airflow/.local/lib/python3.8/site-packages/airflow/example_dags/example_xcomargs.py
[2024-02-16T09:25:30.708+0000] {logging_mixin.py:188} INFO - [2024-02-16T09:25:30.707+0000] {dag.py:3036} INFO - Sync 2 DAGs
[2024-02-16T09:25:30.721+0000] {logging_mixin.py:188} INFO - [2024-02-16T09:25:30.721+0000] {dag.py:3823} INFO - Setting next_dagrun for example_xcom_args to None, run_after=None
[2024-02-16T09:25:30.724+0000] {logging_mixin.py:188} INFO - [2024-02-16T09:25:30.724+0000] {dag.py:3823} INFO - Setting next_dagrun for example_xcom_args_with_operators to None, run_after=None
[2024-02-16T09:25:30.743+0000] {processor.py:183} INFO - Processing /home/airflow/.local/lib/python3.8/site-packages/airflow/example_dags/example_xcomargs.py took 0.072 seconds
[2024-02-16T09:26:01.142+0000] {processor.py:161} INFO - Started process (PID=2979) to work on /home/airflow/.local/lib/python3.8/site-packages/airflow/example_dags/example_xcomargs.py
[2024-02-16T09:26:01.144+0000] {processor.py:830} INFO - Processing file /home/airflow/.local/lib/python3.8/site-packages/airflow/example_dags/example_xcomargs.py for tasks to queue
[2024-02-16T09:26:01.145+0000] {logging_mixin.py:188} INFO - [2024-02-16T09:26:01.144+0000] {dagbag.py:538} INFO - Filling up the DagBag from /home/airflow/.local/lib/python3.8/site-packages/airflow/example_dags/example_xcomargs.py
[2024-02-16T09:26:01.154+0000] {processor.py:840} INFO - DAG(s) 'example_xcom_args', 'example_xcom_args_with_operators' retrieved from /home/airflow/.local/lib/python3.8/site-packages/airflow/example_dags/example_xcomargs.py
[2024-02-16T09:26:01.180+0000] {logging_mixin.py:188} INFO - [2024-02-16T09:26:01.179+0000] {dag.py:3036} INFO - Sync 2 DAGs
[2024-02-16T09:26:01.193+0000] {logging_mixin.py:188} INFO - [2024-02-16T09:26:01.192+0000] {dag.py:3823} INFO - Setting next_dagrun for example_xcom_args to None, run_after=None
[2024-02-16T09:26:01.197+0000] {logging_mixin.py:188} INFO - [2024-02-16T09:26:01.196+0000] {dag.py:3823} INFO - Setting next_dagrun for example_xcom_args_with_operators to None, run_after=None
[2024-02-16T09:26:01.220+0000] {processor.py:183} INFO - Processing /home/airflow/.local/lib/python3.8/site-packages/airflow/example_dags/example_xcomargs.py took 0.080 seconds
[2024-02-16T09:26:32.207+0000] {processor.py:161} INFO - Started process (PID=3230) to work on /home/airflow/.local/lib/python3.8/site-packages/airflow/example_dags/example_xcomargs.py
[2024-02-16T09:26:32.208+0000] {processor.py:830} INFO - Processing file /home/airflow/.local/lib/python3.8/site-packages/airflow/example_dags/example_xcomargs.py for tasks to queue
[2024-02-16T09:26:32.209+0000] {logging_mixin.py:188} INFO - [2024-02-16T09:26:32.209+0000] {dagbag.py:538} INFO - Filling up the DagBag from /home/airflow/.local/lib/python3.8/site-packages/airflow/example_dags/example_xcomargs.py
[2024-02-16T09:26:32.215+0000] {processor.py:840} INFO - DAG(s) 'example_xcom_args_with_operators', 'example_xcom_args' retrieved from /home/airflow/.local/lib/python3.8/site-packages/airflow/example_dags/example_xcomargs.py
[2024-02-16T09:26:32.238+0000] {logging_mixin.py:188} INFO - [2024-02-16T09:26:32.238+0000] {dag.py:3036} INFO - Sync 2 DAGs
[2024-02-16T09:26:32.248+0000] {logging_mixin.py:188} INFO - [2024-02-16T09:26:32.248+0000] {dag.py:3823} INFO - Setting next_dagrun for example_xcom_args to None, run_after=None
[2024-02-16T09:26:32.251+0000] {logging_mixin.py:188} INFO - [2024-02-16T09:26:32.251+0000] {dag.py:3823} INFO - Setting next_dagrun for example_xcom_args_with_operators to None, run_after=None
[2024-02-16T09:26:32.269+0000] {processor.py:183} INFO - Processing /home/airflow/.local/lib/python3.8/site-packages/airflow/example_dags/example_xcomargs.py took 0.065 seconds
[2024-02-16T09:27:02.679+0000] {processor.py:161} INFO - Started process (PID=3477) to work on /home/airflow/.local/lib/python3.8/site-packages/airflow/example_dags/example_xcomargs.py
[2024-02-16T09:27:02.680+0000] {processor.py:830} INFO - Processing file /home/airflow/.local/lib/python3.8/site-packages/airflow/example_dags/example_xcomargs.py for tasks to queue
[2024-02-16T09:27:02.680+0000] {logging_mixin.py:188} INFO - [2024-02-16T09:27:02.680+0000] {dagbag.py:538} INFO - Filling up the DagBag from /home/airflow/.local/lib/python3.8/site-packages/airflow/example_dags/example_xcomargs.py
[2024-02-16T09:27:02.688+0000] {processor.py:840} INFO - DAG(s) 'example_xcom_args_with_operators', 'example_xcom_args' retrieved from /home/airflow/.local/lib/python3.8/site-packages/airflow/example_dags/example_xcomargs.py
[2024-02-16T09:27:02.714+0000] {logging_mixin.py:188} INFO - [2024-02-16T09:27:02.714+0000] {dag.py:3036} INFO - Sync 2 DAGs
[2024-02-16T09:27:02.726+0000] {logging_mixin.py:188} INFO - [2024-02-16T09:27:02.726+0000] {dag.py:3823} INFO - Setting next_dagrun for example_xcom_args to None, run_after=None
[2024-02-16T09:27:02.729+0000] {logging_mixin.py:188} INFO - [2024-02-16T09:27:02.729+0000] {dag.py:3823} INFO - Setting next_dagrun for example_xcom_args_with_operators to None, run_after=None
[2024-02-16T09:27:02.750+0000] {processor.py:183} INFO - Processing /home/airflow/.local/lib/python3.8/site-packages/airflow/example_dags/example_xcomargs.py took 0.074 seconds
[2024-02-16T09:27:33.192+0000] {processor.py:161} INFO - Started process (PID=3725) to work on /home/airflow/.local/lib/python3.8/site-packages/airflow/example_dags/example_xcomargs.py
[2024-02-16T09:27:33.193+0000] {processor.py:830} INFO - Processing file /home/airflow/.local/lib/python3.8/site-packages/airflow/example_dags/example_xcomargs.py for tasks to queue
[2024-02-16T09:27:33.194+0000] {logging_mixin.py:188} INFO - [2024-02-16T09:27:33.194+0000] {dagbag.py:538} INFO - Filling up the DagBag from /home/airflow/.local/lib/python3.8/site-packages/airflow/example_dags/example_xcomargs.py
[2024-02-16T09:27:33.201+0000] {processor.py:840} INFO - DAG(s) 'example_xcom_args_with_operators', 'example_xcom_args' retrieved from /home/airflow/.local/lib/python3.8/site-packages/airflow/example_dags/example_xcomargs.py
[2024-02-16T09:27:33.225+0000] {logging_mixin.py:188} INFO - [2024-02-16T09:27:33.225+0000] {dag.py:3036} INFO - Sync 2 DAGs
[2024-02-16T09:27:33.235+0000] {logging_mixin.py:188} INFO - [2024-02-16T09:27:33.234+0000] {dag.py:3823} INFO - Setting next_dagrun for example_xcom_args to None, run_after=None
[2024-02-16T09:27:33.238+0000] {logging_mixin.py:188} INFO - [2024-02-16T09:27:33.237+0000] {dag.py:3823} INFO - Setting next_dagrun for example_xcom_args_with_operators to None, run_after=None
[2024-02-16T09:27:33.256+0000] {processor.py:183} INFO - Processing /home/airflow/.local/lib/python3.8/site-packages/airflow/example_dags/example_xcomargs.py took 0.066 seconds
[2024-02-16T09:28:03.643+0000] {processor.py:161} INFO - Started process (PID=3972) to work on /home/airflow/.local/lib/python3.8/site-packages/airflow/example_dags/example_xcomargs.py
[2024-02-16T09:28:03.645+0000] {processor.py:830} INFO - Processing file /home/airflow/.local/lib/python3.8/site-packages/airflow/example_dags/example_xcomargs.py for tasks to queue
[2024-02-16T09:28:03.645+0000] {logging_mixin.py:188} INFO - [2024-02-16T09:28:03.645+0000] {dagbag.py:538} INFO - Filling up the DagBag from /home/airflow/.local/lib/python3.8/site-packages/airflow/example_dags/example_xcomargs.py
[2024-02-16T09:28:03.652+0000] {processor.py:840} INFO - DAG(s) 'example_xcom_args', 'example_xcom_args_with_operators' retrieved from /home/airflow/.local/lib/python3.8/site-packages/airflow/example_dags/example_xcomargs.py
[2024-02-16T09:28:03.673+0000] {logging_mixin.py:188} INFO - [2024-02-16T09:28:03.673+0000] {dag.py:3036} INFO - Sync 2 DAGs
[2024-02-16T09:28:03.683+0000] {logging_mixin.py:188} INFO - [2024-02-16T09:28:03.683+0000] {dag.py:3823} INFO - Setting next_dagrun for example_xcom_args to None, run_after=None
[2024-02-16T09:28:03.686+0000] {logging_mixin.py:188} INFO - [2024-02-16T09:28:03.686+0000] {dag.py:3823} INFO - Setting next_dagrun for example_xcom_args_with_operators to None, run_after=None
[2024-02-16T09:28:03.703+0000] {processor.py:183} INFO - Processing /home/airflow/.local/lib/python3.8/site-packages/airflow/example_dags/example_xcomargs.py took 0.062 seconds
[2024-02-16T09:28:33.979+0000] {processor.py:161} INFO - Started process (PID=4218) to work on /home/airflow/.local/lib/python3.8/site-packages/airflow/example_dags/example_xcomargs.py
[2024-02-16T09:28:33.980+0000] {processor.py:830} INFO - Processing file /home/airflow/.local/lib/python3.8/site-packages/airflow/example_dags/example_xcomargs.py for tasks to queue
[2024-02-16T09:28:33.981+0000] {logging_mixin.py:188} INFO - [2024-02-16T09:28:33.980+0000] {dagbag.py:538} INFO - Filling up the DagBag from /home/airflow/.local/lib/python3.8/site-packages/airflow/example_dags/example_xcomargs.py
[2024-02-16T09:28:33.987+0000] {processor.py:840} INFO - DAG(s) 'example_xcom_args', 'example_xcom_args_with_operators' retrieved from /home/airflow/.local/lib/python3.8/site-packages/airflow/example_dags/example_xcomargs.py
[2024-02-16T09:28:34.010+0000] {logging_mixin.py:188} INFO - [2024-02-16T09:28:34.010+0000] {dag.py:3036} INFO - Sync 2 DAGs
[2024-02-16T09:28:34.022+0000] {logging_mixin.py:188} INFO - [2024-02-16T09:28:34.022+0000] {dag.py:3823} INFO - Setting next_dagrun for example_xcom_args to None, run_after=None
[2024-02-16T09:28:34.025+0000] {logging_mixin.py:188} INFO - [2024-02-16T09:28:34.025+0000] {dag.py:3823} INFO - Setting next_dagrun for example_xcom_args_with_operators to None, run_after=None
[2024-02-16T09:28:34.042+0000] {processor.py:183} INFO - Processing /home/airflow/.local/lib/python3.8/site-packages/airflow/example_dags/example_xcomargs.py took 0.066 seconds
[2024-02-16T09:29:04.385+0000] {processor.py:161} INFO - Started process (PID=4465) to work on /home/airflow/.local/lib/python3.8/site-packages/airflow/example_dags/example_xcomargs.py
[2024-02-16T09:29:04.386+0000] {processor.py:830} INFO - Processing file /home/airflow/.local/lib/python3.8/site-packages/airflow/example_dags/example_xcomargs.py for tasks to queue
[2024-02-16T09:29:04.386+0000] {logging_mixin.py:188} INFO - [2024-02-16T09:29:04.386+0000] {dagbag.py:538} INFO - Filling up the DagBag from /home/airflow/.local/lib/python3.8/site-packages/airflow/example_dags/example_xcomargs.py
[2024-02-16T09:29:04.393+0000] {processor.py:840} INFO - DAG(s) 'example_xcom_args', 'example_xcom_args_with_operators' retrieved from /home/airflow/.local/lib/python3.8/site-packages/airflow/example_dags/example_xcomargs.py
[2024-02-16T09:29:04.416+0000] {logging_mixin.py:188} INFO - [2024-02-16T09:29:04.416+0000] {dag.py:3036} INFO - Sync 2 DAGs
[2024-02-16T09:29:04.427+0000] {logging_mixin.py:188} INFO - [2024-02-16T09:29:04.426+0000] {dag.py:3823} INFO - Setting next_dagrun for example_xcom_args to None, run_after=None
[2024-02-16T09:29:04.430+0000] {logging_mixin.py:188} INFO - [2024-02-16T09:29:04.430+0000] {dag.py:3823} INFO - Setting next_dagrun for example_xcom_args_with_operators to None, run_after=None
[2024-02-16T09:29:04.447+0000] {processor.py:183} INFO - Processing /home/airflow/.local/lib/python3.8/site-packages/airflow/example_dags/example_xcomargs.py took 0.065 seconds
[2024-02-16T09:29:34.883+0000] {processor.py:161} INFO - Started process (PID=4711) to work on /home/airflow/.local/lib/python3.8/site-packages/airflow/example_dags/example_xcomargs.py
[2024-02-16T09:29:34.884+0000] {processor.py:830} INFO - Processing file /home/airflow/.local/lib/python3.8/site-packages/airflow/example_dags/example_xcomargs.py for tasks to queue
[2024-02-16T09:29:34.885+0000] {logging_mixin.py:188} INFO - [2024-02-16T09:29:34.885+0000] {dagbag.py:538} INFO - Filling up the DagBag from /home/airflow/.local/lib/python3.8/site-packages/airflow/example_dags/example_xcomargs.py
[2024-02-16T09:29:34.894+0000] {processor.py:840} INFO - DAG(s) 'example_xcom_args', 'example_xcom_args_with_operators' retrieved from /home/airflow/.local/lib/python3.8/site-packages/airflow/example_dags/example_xcomargs.py
[2024-02-16T09:29:34.920+0000] {logging_mixin.py:188} INFO - [2024-02-16T09:29:34.920+0000] {dag.py:3036} INFO - Sync 2 DAGs
[2024-02-16T09:29:34.932+0000] {logging_mixin.py:188} INFO - [2024-02-16T09:29:34.932+0000] {dag.py:3823} INFO - Setting next_dagrun for example_xcom_args to None, run_after=None
[2024-02-16T09:29:34.935+0000] {logging_mixin.py:188} INFO - [2024-02-16T09:29:34.935+0000] {dag.py:3823} INFO - Setting next_dagrun for example_xcom_args_with_operators to None, run_after=None
[2024-02-16T09:29:34.953+0000] {processor.py:183} INFO - Processing /home/airflow/.local/lib/python3.8/site-packages/airflow/example_dags/example_xcomargs.py took 0.073 seconds
[2024-02-16T09:30:05.622+0000] {processor.py:161} INFO - Started process (PID=4966) to work on /home/airflow/.local/lib/python3.8/site-packages/airflow/example_dags/example_xcomargs.py
[2024-02-16T09:30:05.623+0000] {processor.py:830} INFO - Processing file /home/airflow/.local/lib/python3.8/site-packages/airflow/example_dags/example_xcomargs.py for tasks to queue
[2024-02-16T09:30:05.624+0000] {logging_mixin.py:188} INFO - [2024-02-16T09:30:05.624+0000] {dagbag.py:538} INFO - Filling up the DagBag from /home/airflow/.local/lib/python3.8/site-packages/airflow/example_dags/example_xcomargs.py
[2024-02-16T09:30:05.632+0000] {processor.py:840} INFO - DAG(s) 'example_xcom_args', 'example_xcom_args_with_operators' retrieved from /home/airflow/.local/lib/python3.8/site-packages/airflow/example_dags/example_xcomargs.py
[2024-02-16T09:30:05.661+0000] {logging_mixin.py:188} INFO - [2024-02-16T09:30:05.660+0000] {dag.py:3036} INFO - Sync 2 DAGs
[2024-02-16T09:30:05.675+0000] {logging_mixin.py:188} INFO - [2024-02-16T09:30:05.675+0000] {dag.py:3823} INFO - Setting next_dagrun for example_xcom_args to None, run_after=None
[2024-02-16T09:30:05.681+0000] {logging_mixin.py:188} INFO - [2024-02-16T09:30:05.680+0000] {dag.py:3823} INFO - Setting next_dagrun for example_xcom_args_with_operators to None, run_after=None
[2024-02-16T09:30:05.702+0000] {processor.py:183} INFO - Processing /home/airflow/.local/lib/python3.8/site-packages/airflow/example_dags/example_xcomargs.py took 0.083 seconds
[2024-02-16T09:30:35.990+0000] {processor.py:161} INFO - Started process (PID=5383) to work on /home/airflow/.local/lib/python3.8/site-packages/airflow/example_dags/example_xcomargs.py
[2024-02-16T09:30:35.992+0000] {processor.py:830} INFO - Processing file /home/airflow/.local/lib/python3.8/site-packages/airflow/example_dags/example_xcomargs.py for tasks to queue
[2024-02-16T09:30:35.993+0000] {logging_mixin.py:188} INFO - [2024-02-16T09:30:35.992+0000] {dagbag.py:538} INFO - Filling up the DagBag from /home/airflow/.local/lib/python3.8/site-packages/airflow/example_dags/example_xcomargs.py
[2024-02-16T09:30:36.001+0000] {processor.py:840} INFO - DAG(s) 'example_xcom_args_with_operators', 'example_xcom_args' retrieved from /home/airflow/.local/lib/python3.8/site-packages/airflow/example_dags/example_xcomargs.py
[2024-02-16T09:30:36.031+0000] {logging_mixin.py:188} INFO - [2024-02-16T09:30:36.031+0000] {dag.py:3036} INFO - Sync 2 DAGs
[2024-02-16T09:30:36.046+0000] {logging_mixin.py:188} INFO - [2024-02-16T09:30:36.046+0000] {dag.py:3823} INFO - Setting next_dagrun for example_xcom_args to None, run_after=None
[2024-02-16T09:30:36.050+0000] {logging_mixin.py:188} INFO - [2024-02-16T09:30:36.049+0000] {dag.py:3823} INFO - Setting next_dagrun for example_xcom_args_with_operators to None, run_after=None
[2024-02-16T09:30:36.074+0000] {processor.py:183} INFO - Processing /home/airflow/.local/lib/python3.8/site-packages/airflow/example_dags/example_xcomargs.py took 0.087 seconds
[2024-02-16T09:31:06.306+0000] {processor.py:161} INFO - Started process (PID=5629) to work on /home/airflow/.local/lib/python3.8/site-packages/airflow/example_dags/example_xcomargs.py
[2024-02-16T09:31:06.308+0000] {processor.py:830} INFO - Processing file /home/airflow/.local/lib/python3.8/site-packages/airflow/example_dags/example_xcomargs.py for tasks to queue
[2024-02-16T09:31:06.308+0000] {logging_mixin.py:188} INFO - [2024-02-16T09:31:06.308+0000] {dagbag.py:538} INFO - Filling up the DagBag from /home/airflow/.local/lib/python3.8/site-packages/airflow/example_dags/example_xcomargs.py
[2024-02-16T09:31:06.315+0000] {processor.py:840} INFO - DAG(s) 'example_xcom_args_with_operators', 'example_xcom_args' retrieved from /home/airflow/.local/lib/python3.8/site-packages/airflow/example_dags/example_xcomargs.py
[2024-02-16T09:31:06.340+0000] {logging_mixin.py:188} INFO - [2024-02-16T09:31:06.339+0000] {dag.py:3036} INFO - Sync 2 DAGs
[2024-02-16T09:31:06.350+0000] {logging_mixin.py:188} INFO - [2024-02-16T09:31:06.350+0000] {dag.py:3823} INFO - Setting next_dagrun for example_xcom_args to None, run_after=None
[2024-02-16T09:31:06.353+0000] {logging_mixin.py:188} INFO - [2024-02-16T09:31:06.353+0000] {dag.py:3823} INFO - Setting next_dagrun for example_xcom_args_with_operators to None, run_after=None
[2024-02-16T09:31:06.371+0000] {processor.py:183} INFO - Processing /home/airflow/.local/lib/python3.8/site-packages/airflow/example_dags/example_xcomargs.py took 0.067 seconds
[2024-02-16T09:31:36.750+0000] {processor.py:161} INFO - Started process (PID=5876) to work on /home/airflow/.local/lib/python3.8/site-packages/airflow/example_dags/example_xcomargs.py
[2024-02-16T09:31:36.751+0000] {processor.py:830} INFO - Processing file /home/airflow/.local/lib/python3.8/site-packages/airflow/example_dags/example_xcomargs.py for tasks to queue
[2024-02-16T09:31:36.752+0000] {logging_mixin.py:188} INFO - [2024-02-16T09:31:36.752+0000] {dagbag.py:538} INFO - Filling up the DagBag from /home/airflow/.local/lib/python3.8/site-packages/airflow/example_dags/example_xcomargs.py
[2024-02-16T09:31:36.759+0000] {processor.py:840} INFO - DAG(s) 'example_xcom_args', 'example_xcom_args_with_operators' retrieved from /home/airflow/.local/lib/python3.8/site-packages/airflow/example_dags/example_xcomargs.py
[2024-02-16T09:31:36.783+0000] {logging_mixin.py:188} INFO - [2024-02-16T09:31:36.782+0000] {dag.py:3036} INFO - Sync 2 DAGs
[2024-02-16T09:31:36.793+0000] {logging_mixin.py:188} INFO - [2024-02-16T09:31:36.793+0000] {dag.py:3823} INFO - Setting next_dagrun for example_xcom_args to None, run_after=None
[2024-02-16T09:31:36.796+0000] {logging_mixin.py:188} INFO - [2024-02-16T09:31:36.796+0000] {dag.py:3823} INFO - Setting next_dagrun for example_xcom_args_with_operators to None, run_after=None
[2024-02-16T09:31:36.816+0000] {processor.py:183} INFO - Processing /home/airflow/.local/lib/python3.8/site-packages/airflow/example_dags/example_xcomargs.py took 0.068 seconds
[2024-02-16T09:32:07.191+0000] {processor.py:161} INFO - Started process (PID=6122) to work on /home/airflow/.local/lib/python3.8/site-packages/airflow/example_dags/example_xcomargs.py
[2024-02-16T09:32:07.192+0000] {processor.py:830} INFO - Processing file /home/airflow/.local/lib/python3.8/site-packages/airflow/example_dags/example_xcomargs.py for tasks to queue
[2024-02-16T09:32:07.192+0000] {logging_mixin.py:188} INFO - [2024-02-16T09:32:07.192+0000] {dagbag.py:538} INFO - Filling up the DagBag from /home/airflow/.local/lib/python3.8/site-packages/airflow/example_dags/example_xcomargs.py
[2024-02-16T09:32:07.199+0000] {processor.py:840} INFO - DAG(s) 'example_xcom_args_with_operators', 'example_xcom_args' retrieved from /home/airflow/.local/lib/python3.8/site-packages/airflow/example_dags/example_xcomargs.py
[2024-02-16T09:32:07.222+0000] {logging_mixin.py:188} INFO - [2024-02-16T09:32:07.222+0000] {dag.py:3036} INFO - Sync 2 DAGs
[2024-02-16T09:32:07.232+0000] {logging_mixin.py:188} INFO - [2024-02-16T09:32:07.232+0000] {dag.py:3823} INFO - Setting next_dagrun for example_xcom_args to None, run_after=None
[2024-02-16T09:32:07.235+0000] {logging_mixin.py:188} INFO - [2024-02-16T09:32:07.235+0000] {dag.py:3823} INFO - Setting next_dagrun for example_xcom_args_with_operators to None, run_after=None
[2024-02-16T09:32:07.250+0000] {processor.py:183} INFO - Processing /home/airflow/.local/lib/python3.8/site-packages/airflow/example_dags/example_xcomargs.py took 0.062 seconds
[2024-02-16T09:32:37.733+0000] {processor.py:161} INFO - Started process (PID=6369) to work on /home/airflow/.local/lib/python3.8/site-packages/airflow/example_dags/example_xcomargs.py
[2024-02-16T09:32:37.734+0000] {processor.py:830} INFO - Processing file /home/airflow/.local/lib/python3.8/site-packages/airflow/example_dags/example_xcomargs.py for tasks to queue
[2024-02-16T09:32:37.734+0000] {logging_mixin.py:188} INFO - [2024-02-16T09:32:37.734+0000] {dagbag.py:538} INFO - Filling up the DagBag from /home/airflow/.local/lib/python3.8/site-packages/airflow/example_dags/example_xcomargs.py
[2024-02-16T09:32:37.741+0000] {processor.py:840} INFO - DAG(s) 'example_xcom_args', 'example_xcom_args_with_operators' retrieved from /home/airflow/.local/lib/python3.8/site-packages/airflow/example_dags/example_xcomargs.py
[2024-02-16T09:32:37.762+0000] {logging_mixin.py:188} INFO - [2024-02-16T09:32:37.762+0000] {dag.py:3036} INFO - Sync 2 DAGs
[2024-02-16T09:32:37.772+0000] {logging_mixin.py:188} INFO - [2024-02-16T09:32:37.772+0000] {dag.py:3823} INFO - Setting next_dagrun for example_xcom_args to None, run_after=None
[2024-02-16T09:32:37.775+0000] {logging_mixin.py:188} INFO - [2024-02-16T09:32:37.775+0000] {dag.py:3823} INFO - Setting next_dagrun for example_xcom_args_with_operators to None, run_after=None
[2024-02-16T09:32:37.792+0000] {processor.py:183} INFO - Processing /home/airflow/.local/lib/python3.8/site-packages/airflow/example_dags/example_xcomargs.py took 0.062 seconds
[2024-02-16T09:33:08.362+0000] {processor.py:161} INFO - Started process (PID=6616) to work on /home/airflow/.local/lib/python3.8/site-packages/airflow/example_dags/example_xcomargs.py
[2024-02-16T09:33:08.364+0000] {processor.py:830} INFO - Processing file /home/airflow/.local/lib/python3.8/site-packages/airflow/example_dags/example_xcomargs.py for tasks to queue
[2024-02-16T09:33:08.364+0000] {logging_mixin.py:188} INFO - [2024-02-16T09:33:08.364+0000] {dagbag.py:538} INFO - Filling up the DagBag from /home/airflow/.local/lib/python3.8/site-packages/airflow/example_dags/example_xcomargs.py
[2024-02-16T09:33:08.372+0000] {processor.py:840} INFO - DAG(s) 'example_xcom_args_with_operators', 'example_xcom_args' retrieved from /home/airflow/.local/lib/python3.8/site-packages/airflow/example_dags/example_xcomargs.py
[2024-02-16T09:33:08.397+0000] {logging_mixin.py:188} INFO - [2024-02-16T09:33:08.397+0000] {dag.py:3036} INFO - Sync 2 DAGs
[2024-02-16T09:33:08.411+0000] {logging_mixin.py:188} INFO - [2024-02-16T09:33:08.411+0000] {dag.py:3823} INFO - Setting next_dagrun for example_xcom_args to None, run_after=None
[2024-02-16T09:33:08.414+0000] {logging_mixin.py:188} INFO - [2024-02-16T09:33:08.414+0000] {dag.py:3823} INFO - Setting next_dagrun for example_xcom_args_with_operators to None, run_after=None
[2024-02-16T09:33:08.432+0000] {processor.py:183} INFO - Processing /home/airflow/.local/lib/python3.8/site-packages/airflow/example_dags/example_xcomargs.py took 0.072 seconds
[2024-02-16T09:33:38.901+0000] {processor.py:161} INFO - Started process (PID=6863) to work on /home/airflow/.local/lib/python3.8/site-packages/airflow/example_dags/example_xcomargs.py
[2024-02-16T09:33:38.903+0000] {processor.py:830} INFO - Processing file /home/airflow/.local/lib/python3.8/site-packages/airflow/example_dags/example_xcomargs.py for tasks to queue
[2024-02-16T09:33:38.904+0000] {logging_mixin.py:188} INFO - [2024-02-16T09:33:38.903+0000] {dagbag.py:538} INFO - Filling up the DagBag from /home/airflow/.local/lib/python3.8/site-packages/airflow/example_dags/example_xcomargs.py
[2024-02-16T09:33:38.910+0000] {processor.py:840} INFO - DAG(s) 'example_xcom_args_with_operators', 'example_xcom_args' retrieved from /home/airflow/.local/lib/python3.8/site-packages/airflow/example_dags/example_xcomargs.py
[2024-02-16T09:33:38.934+0000] {logging_mixin.py:188} INFO - [2024-02-16T09:33:38.934+0000] {dag.py:3036} INFO - Sync 2 DAGs
[2024-02-16T09:33:38.945+0000] {logging_mixin.py:188} INFO - [2024-02-16T09:33:38.945+0000] {dag.py:3823} INFO - Setting next_dagrun for example_xcom_args to None, run_after=None
[2024-02-16T09:33:38.949+0000] {logging_mixin.py:188} INFO - [2024-02-16T09:33:38.949+0000] {dag.py:3823} INFO - Setting next_dagrun for example_xcom_args_with_operators to None, run_after=None
[2024-02-16T09:33:38.966+0000] {processor.py:183} INFO - Processing /home/airflow/.local/lib/python3.8/site-packages/airflow/example_dags/example_xcomargs.py took 0.067 seconds
[2024-02-16T09:34:09.278+0000] {processor.py:161} INFO - Started process (PID=7110) to work on /home/airflow/.local/lib/python3.8/site-packages/airflow/example_dags/example_xcomargs.py
[2024-02-16T09:34:09.280+0000] {processor.py:830} INFO - Processing file /home/airflow/.local/lib/python3.8/site-packages/airflow/example_dags/example_xcomargs.py for tasks to queue
[2024-02-16T09:34:09.280+0000] {logging_mixin.py:188} INFO - [2024-02-16T09:34:09.280+0000] {dagbag.py:538} INFO - Filling up the DagBag from /home/airflow/.local/lib/python3.8/site-packages/airflow/example_dags/example_xcomargs.py
[2024-02-16T09:34:09.287+0000] {processor.py:840} INFO - DAG(s) 'example_xcom_args_with_operators', 'example_xcom_args' retrieved from /home/airflow/.local/lib/python3.8/site-packages/airflow/example_dags/example_xcomargs.py
[2024-02-16T09:34:09.311+0000] {logging_mixin.py:188} INFO - [2024-02-16T09:34:09.311+0000] {dag.py:3036} INFO - Sync 2 DAGs
[2024-02-16T09:34:09.321+0000] {logging_mixin.py:188} INFO - [2024-02-16T09:34:09.321+0000] {dag.py:3823} INFO - Setting next_dagrun for example_xcom_args to None, run_after=None
[2024-02-16T09:34:09.325+0000] {logging_mixin.py:188} INFO - [2024-02-16T09:34:09.325+0000] {dag.py:3823} INFO - Setting next_dagrun for example_xcom_args_with_operators to None, run_after=None
[2024-02-16T09:34:09.344+0000] {processor.py:183} INFO - Processing /home/airflow/.local/lib/python3.8/site-packages/airflow/example_dags/example_xcomargs.py took 0.068 seconds
[2024-02-16T09:38:03.907+0000] {processor.py:161} INFO - Started process (PID=265) to work on /home/airflow/.local/lib/python3.8/site-packages/airflow/example_dags/example_xcomargs.py
[2024-02-16T09:38:03.908+0000] {processor.py:830} INFO - Processing file /home/airflow/.local/lib/python3.8/site-packages/airflow/example_dags/example_xcomargs.py for tasks to queue
[2024-02-16T09:38:03.909+0000] {logging_mixin.py:188} INFO - [2024-02-16T09:38:03.909+0000] {dagbag.py:538} INFO - Filling up the DagBag from /home/airflow/.local/lib/python3.8/site-packages/airflow/example_dags/example_xcomargs.py
[2024-02-16T09:38:03.915+0000] {processor.py:840} INFO - DAG(s) 'example_xcom_args_with_operators', 'example_xcom_args' retrieved from /home/airflow/.local/lib/python3.8/site-packages/airflow/example_dags/example_xcomargs.py
[2024-02-16T09:38:03.929+0000] {logging_mixin.py:188} INFO - [2024-02-16T09:38:03.929+0000] {dag.py:3036} INFO - Sync 2 DAGs
[2024-02-16T09:38:03.942+0000] {logging_mixin.py:188} INFO - [2024-02-16T09:38:03.942+0000] {dag.py:3823} INFO - Setting next_dagrun for example_xcom_args to None, run_after=None
[2024-02-16T09:38:03.945+0000] {logging_mixin.py:188} INFO - [2024-02-16T09:38:03.945+0000] {dag.py:3823} INFO - Setting next_dagrun for example_xcom_args_with_operators to None, run_after=None
[2024-02-16T09:38:03.964+0000] {processor.py:183} INFO - Processing /home/airflow/.local/lib/python3.8/site-packages/airflow/example_dags/example_xcomargs.py took 0.059 seconds
[2024-02-16T09:38:34.998+0000] {processor.py:161} INFO - Started process (PID=512) to work on /home/airflow/.local/lib/python3.8/site-packages/airflow/example_dags/example_xcomargs.py
[2024-02-16T09:38:34.999+0000] {processor.py:830} INFO - Processing file /home/airflow/.local/lib/python3.8/site-packages/airflow/example_dags/example_xcomargs.py for tasks to queue
[2024-02-16T09:38:35.000+0000] {logging_mixin.py:188} INFO - [2024-02-16T09:38:35.000+0000] {dagbag.py:538} INFO - Filling up the DagBag from /home/airflow/.local/lib/python3.8/site-packages/airflow/example_dags/example_xcomargs.py
[2024-02-16T09:38:35.006+0000] {processor.py:840} INFO - DAG(s) 'example_xcom_args_with_operators', 'example_xcom_args' retrieved from /home/airflow/.local/lib/python3.8/site-packages/airflow/example_dags/example_xcomargs.py
[2024-02-16T09:38:35.096+0000] {logging_mixin.py:188} INFO - [2024-02-16T09:38:35.096+0000] {dag.py:3036} INFO - Sync 2 DAGs
[2024-02-16T09:38:35.106+0000] {logging_mixin.py:188} INFO - [2024-02-16T09:38:35.106+0000] {dag.py:3823} INFO - Setting next_dagrun for example_xcom_args to None, run_after=None
[2024-02-16T09:38:35.109+0000] {logging_mixin.py:188} INFO - [2024-02-16T09:38:35.109+0000] {dag.py:3823} INFO - Setting next_dagrun for example_xcom_args_with_operators to None, run_after=None
[2024-02-16T09:38:35.131+0000] {processor.py:183} INFO - Processing /home/airflow/.local/lib/python3.8/site-packages/airflow/example_dags/example_xcomargs.py took 0.136 seconds
