[2024-02-16T09:20:24.566+0000] {processor.py:161} INFO - Started process (PID=221) to work on /home/airflow/.local/lib/python3.8/site-packages/airflow/example_dags/example_task_group_decorator.py
[2024-02-16T09:20:24.566+0000] {processor.py:830} INFO - Processing file /home/airflow/.local/lib/python3.8/site-packages/airflow/example_dags/example_task_group_decorator.py for tasks to queue
[2024-02-16T09:20:24.567+0000] {logging_mixin.py:188} INFO - [2024-02-16T09:20:24.567+0000] {dagbag.py:538} INFO - Filling up the DagBag from /home/airflow/.local/lib/python3.8/site-packages/airflow/example_dags/example_task_group_decorator.py
[2024-02-16T09:20:24.582+0000] {processor.py:840} INFO - DAG(s) 'example_task_group_decorator' retrieved from /home/airflow/.local/lib/python3.8/site-packages/airflow/example_dags/example_task_group_decorator.py
[2024-02-16T09:20:24.692+0000] {logging_mixin.py:188} INFO - [2024-02-16T09:20:24.691+0000] {override.py:1769} INFO - Created Permission View: can delete on DAG:example_task_group_decorator
[2024-02-16T09:20:24.704+0000] {logging_mixin.py:188} INFO - [2024-02-16T09:20:24.704+0000] {override.py:1769} INFO - Created Permission View: can edit on DAG:example_task_group_decorator
[2024-02-16T09:20:24.713+0000] {logging_mixin.py:188} INFO - [2024-02-16T09:20:24.712+0000] {override.py:1769} INFO - Created Permission View: can read on DAG:example_task_group_decorator
[2024-02-16T09:20:24.713+0000] {logging_mixin.py:188} INFO - [2024-02-16T09:20:24.713+0000] {dag.py:3036} INFO - Sync 1 DAGs
[2024-02-16T09:20:24.723+0000] {logging_mixin.py:188} INFO - [2024-02-16T09:20:24.723+0000] {dag.py:3058} INFO - Creating ORM DAG for example_task_group_decorator
[2024-02-16T09:20:24.734+0000] {logging_mixin.py:188} INFO - [2024-02-16T09:20:24.734+0000] {dag.py:3823} INFO - Setting next_dagrun for example_task_group_decorator to 2024-02-15 00:00:00+00:00, run_after=2024-02-16 00:00:00+00:00
[2024-02-16T09:20:24.757+0000] {processor.py:183} INFO - Processing /home/airflow/.local/lib/python3.8/site-packages/airflow/example_dags/example_task_group_decorator.py took 0.195 seconds
[2024-02-16T09:20:55.522+0000] {processor.py:161} INFO - Started process (PID=468) to work on /home/airflow/.local/lib/python3.8/site-packages/airflow/example_dags/example_task_group_decorator.py
[2024-02-16T09:20:55.523+0000] {processor.py:830} INFO - Processing file /home/airflow/.local/lib/python3.8/site-packages/airflow/example_dags/example_task_group_decorator.py for tasks to queue
[2024-02-16T09:20:55.524+0000] {logging_mixin.py:188} INFO - [2024-02-16T09:20:55.524+0000] {dagbag.py:538} INFO - Filling up the DagBag from /home/airflow/.local/lib/python3.8/site-packages/airflow/example_dags/example_task_group_decorator.py
[2024-02-16T09:20:55.537+0000] {processor.py:840} INFO - DAG(s) 'example_task_group_decorator' retrieved from /home/airflow/.local/lib/python3.8/site-packages/airflow/example_dags/example_task_group_decorator.py
[2024-02-16T09:20:55.561+0000] {logging_mixin.py:188} INFO - [2024-02-16T09:20:55.560+0000] {dag.py:3036} INFO - Sync 1 DAGs
[2024-02-16T09:20:55.583+0000] {logging_mixin.py:188} INFO - [2024-02-16T09:20:55.583+0000] {dag.py:3823} INFO - Setting next_dagrun for example_task_group_decorator to 2024-02-15 00:00:00+00:00, run_after=2024-02-16 00:00:00+00:00
[2024-02-16T09:20:55.601+0000] {processor.py:183} INFO - Processing /home/airflow/.local/lib/python3.8/site-packages/airflow/example_dags/example_task_group_decorator.py took 0.082 seconds
[2024-02-16T09:21:25.966+0000] {processor.py:161} INFO - Started process (PID=715) to work on /home/airflow/.local/lib/python3.8/site-packages/airflow/example_dags/example_task_group_decorator.py
[2024-02-16T09:21:25.967+0000] {processor.py:830} INFO - Processing file /home/airflow/.local/lib/python3.8/site-packages/airflow/example_dags/example_task_group_decorator.py for tasks to queue
[2024-02-16T09:21:25.968+0000] {logging_mixin.py:188} INFO - [2024-02-16T09:21:25.967+0000] {dagbag.py:538} INFO - Filling up the DagBag from /home/airflow/.local/lib/python3.8/site-packages/airflow/example_dags/example_task_group_decorator.py
[2024-02-16T09:21:25.979+0000] {processor.py:840} INFO - DAG(s) 'example_task_group_decorator' retrieved from /home/airflow/.local/lib/python3.8/site-packages/airflow/example_dags/example_task_group_decorator.py
[2024-02-16T09:21:26.002+0000] {logging_mixin.py:188} INFO - [2024-02-16T09:21:26.002+0000] {dag.py:3036} INFO - Sync 1 DAGs
[2024-02-16T09:21:26.022+0000] {logging_mixin.py:188} INFO - [2024-02-16T09:21:26.021+0000] {dag.py:3823} INFO - Setting next_dagrun for example_task_group_decorator to 2024-02-15 00:00:00+00:00, run_after=2024-02-16 00:00:00+00:00
[2024-02-16T09:21:26.044+0000] {processor.py:183} INFO - Processing /home/airflow/.local/lib/python3.8/site-packages/airflow/example_dags/example_task_group_decorator.py took 0.081 seconds
[2024-02-16T09:21:56.546+0000] {processor.py:161} INFO - Started process (PID=961) to work on /home/airflow/.local/lib/python3.8/site-packages/airflow/example_dags/example_task_group_decorator.py
[2024-02-16T09:21:56.548+0000] {processor.py:830} INFO - Processing file /home/airflow/.local/lib/python3.8/site-packages/airflow/example_dags/example_task_group_decorator.py for tasks to queue
[2024-02-16T09:21:56.549+0000] {logging_mixin.py:188} INFO - [2024-02-16T09:21:56.549+0000] {dagbag.py:538} INFO - Filling up the DagBag from /home/airflow/.local/lib/python3.8/site-packages/airflow/example_dags/example_task_group_decorator.py
[2024-02-16T09:21:56.560+0000] {processor.py:840} INFO - DAG(s) 'example_task_group_decorator' retrieved from /home/airflow/.local/lib/python3.8/site-packages/airflow/example_dags/example_task_group_decorator.py
[2024-02-16T09:21:56.587+0000] {logging_mixin.py:188} INFO - [2024-02-16T09:21:56.587+0000] {dag.py:3036} INFO - Sync 1 DAGs
[2024-02-16T09:21:56.605+0000] {logging_mixin.py:188} INFO - [2024-02-16T09:21:56.605+0000] {dag.py:3823} INFO - Setting next_dagrun for example_task_group_decorator to 2024-02-15 00:00:00+00:00, run_after=2024-02-16 00:00:00+00:00
[2024-02-16T09:21:56.625+0000] {processor.py:183} INFO - Processing /home/airflow/.local/lib/python3.8/site-packages/airflow/example_dags/example_task_group_decorator.py took 0.083 seconds
[2024-02-16T09:22:27.305+0000] {processor.py:161} INFO - Started process (PID=1208) to work on /home/airflow/.local/lib/python3.8/site-packages/airflow/example_dags/example_task_group_decorator.py
[2024-02-16T09:22:27.308+0000] {processor.py:830} INFO - Processing file /home/airflow/.local/lib/python3.8/site-packages/airflow/example_dags/example_task_group_decorator.py for tasks to queue
[2024-02-16T09:22:27.309+0000] {logging_mixin.py:188} INFO - [2024-02-16T09:22:27.308+0000] {dagbag.py:538} INFO - Filling up the DagBag from /home/airflow/.local/lib/python3.8/site-packages/airflow/example_dags/example_task_group_decorator.py
[2024-02-16T09:22:27.322+0000] {processor.py:840} INFO - DAG(s) 'example_task_group_decorator' retrieved from /home/airflow/.local/lib/python3.8/site-packages/airflow/example_dags/example_task_group_decorator.py
[2024-02-16T09:22:27.348+0000] {logging_mixin.py:188} INFO - [2024-02-16T09:22:27.348+0000] {dag.py:3036} INFO - Sync 1 DAGs
[2024-02-16T09:22:27.372+0000] {logging_mixin.py:188} INFO - [2024-02-16T09:22:27.372+0000] {dag.py:3823} INFO - Setting next_dagrun for example_task_group_decorator to 2024-02-15 00:00:00+00:00, run_after=2024-02-16 00:00:00+00:00
[2024-02-16T09:22:27.396+0000] {processor.py:183} INFO - Processing /home/airflow/.local/lib/python3.8/site-packages/airflow/example_dags/example_task_group_decorator.py took 0.095 seconds
[2024-02-16T09:22:57.953+0000] {processor.py:161} INFO - Started process (PID=1455) to work on /home/airflow/.local/lib/python3.8/site-packages/airflow/example_dags/example_task_group_decorator.py
[2024-02-16T09:22:57.954+0000] {processor.py:830} INFO - Processing file /home/airflow/.local/lib/python3.8/site-packages/airflow/example_dags/example_task_group_decorator.py for tasks to queue
[2024-02-16T09:22:57.955+0000] {logging_mixin.py:188} INFO - [2024-02-16T09:22:57.955+0000] {dagbag.py:538} INFO - Filling up the DagBag from /home/airflow/.local/lib/python3.8/site-packages/airflow/example_dags/example_task_group_decorator.py
[2024-02-16T09:22:57.966+0000] {processor.py:840} INFO - DAG(s) 'example_task_group_decorator' retrieved from /home/airflow/.local/lib/python3.8/site-packages/airflow/example_dags/example_task_group_decorator.py
[2024-02-16T09:22:57.987+0000] {logging_mixin.py:188} INFO - [2024-02-16T09:22:57.986+0000] {dag.py:3036} INFO - Sync 1 DAGs
[2024-02-16T09:22:58.006+0000] {logging_mixin.py:188} INFO - [2024-02-16T09:22:58.005+0000] {dag.py:3823} INFO - Setting next_dagrun for example_task_group_decorator to 2024-02-15 00:00:00+00:00, run_after=2024-02-16 00:00:00+00:00
[2024-02-16T09:22:58.024+0000] {processor.py:183} INFO - Processing /home/airflow/.local/lib/python3.8/site-packages/airflow/example_dags/example_task_group_decorator.py took 0.074 seconds
[2024-02-16T09:23:28.399+0000] {processor.py:161} INFO - Started process (PID=1701) to work on /home/airflow/.local/lib/python3.8/site-packages/airflow/example_dags/example_task_group_decorator.py
[2024-02-16T09:23:28.401+0000] {processor.py:830} INFO - Processing file /home/airflow/.local/lib/python3.8/site-packages/airflow/example_dags/example_task_group_decorator.py for tasks to queue
[2024-02-16T09:23:28.402+0000] {logging_mixin.py:188} INFO - [2024-02-16T09:23:28.401+0000] {dagbag.py:538} INFO - Filling up the DagBag from /home/airflow/.local/lib/python3.8/site-packages/airflow/example_dags/example_task_group_decorator.py
[2024-02-16T09:23:28.412+0000] {processor.py:840} INFO - DAG(s) 'example_task_group_decorator' retrieved from /home/airflow/.local/lib/python3.8/site-packages/airflow/example_dags/example_task_group_decorator.py
[2024-02-16T09:23:28.434+0000] {logging_mixin.py:188} INFO - [2024-02-16T09:23:28.434+0000] {dag.py:3036} INFO - Sync 1 DAGs
[2024-02-16T09:23:28.452+0000] {logging_mixin.py:188} INFO - [2024-02-16T09:23:28.452+0000] {dag.py:3823} INFO - Setting next_dagrun for example_task_group_decorator to 2024-02-15 00:00:00+00:00, run_after=2024-02-16 00:00:00+00:00
[2024-02-16T09:23:28.473+0000] {processor.py:183} INFO - Processing /home/airflow/.local/lib/python3.8/site-packages/airflow/example_dags/example_task_group_decorator.py took 0.077 seconds
[2024-02-16T09:23:58.760+0000] {processor.py:161} INFO - Started process (PID=1948) to work on /home/airflow/.local/lib/python3.8/site-packages/airflow/example_dags/example_task_group_decorator.py
[2024-02-16T09:23:58.761+0000] {processor.py:830} INFO - Processing file /home/airflow/.local/lib/python3.8/site-packages/airflow/example_dags/example_task_group_decorator.py for tasks to queue
[2024-02-16T09:23:58.762+0000] {logging_mixin.py:188} INFO - [2024-02-16T09:23:58.762+0000] {dagbag.py:538} INFO - Filling up the DagBag from /home/airflow/.local/lib/python3.8/site-packages/airflow/example_dags/example_task_group_decorator.py
[2024-02-16T09:23:58.776+0000] {processor.py:840} INFO - DAG(s) 'example_task_group_decorator' retrieved from /home/airflow/.local/lib/python3.8/site-packages/airflow/example_dags/example_task_group_decorator.py
[2024-02-16T09:23:58.798+0000] {logging_mixin.py:188} INFO - [2024-02-16T09:23:58.798+0000] {dag.py:3036} INFO - Sync 1 DAGs
[2024-02-16T09:23:58.818+0000] {logging_mixin.py:188} INFO - [2024-02-16T09:23:58.818+0000] {dag.py:3823} INFO - Setting next_dagrun for example_task_group_decorator to 2024-02-15 00:00:00+00:00, run_after=2024-02-16 00:00:00+00:00
[2024-02-16T09:23:58.836+0000] {processor.py:183} INFO - Processing /home/airflow/.local/lib/python3.8/site-packages/airflow/example_dags/example_task_group_decorator.py took 0.079 seconds
[2024-02-16T09:24:29.271+0000] {processor.py:161} INFO - Started process (PID=2194) to work on /home/airflow/.local/lib/python3.8/site-packages/airflow/example_dags/example_task_group_decorator.py
[2024-02-16T09:24:29.272+0000] {processor.py:830} INFO - Processing file /home/airflow/.local/lib/python3.8/site-packages/airflow/example_dags/example_task_group_decorator.py for tasks to queue
[2024-02-16T09:24:29.273+0000] {logging_mixin.py:188} INFO - [2024-02-16T09:24:29.273+0000] {dagbag.py:538} INFO - Filling up the DagBag from /home/airflow/.local/lib/python3.8/site-packages/airflow/example_dags/example_task_group_decorator.py
[2024-02-16T09:24:29.284+0000] {processor.py:840} INFO - DAG(s) 'example_task_group_decorator' retrieved from /home/airflow/.local/lib/python3.8/site-packages/airflow/example_dags/example_task_group_decorator.py
[2024-02-16T09:24:29.306+0000] {logging_mixin.py:188} INFO - [2024-02-16T09:24:29.305+0000] {dag.py:3036} INFO - Sync 1 DAGs
[2024-02-16T09:24:29.325+0000] {logging_mixin.py:188} INFO - [2024-02-16T09:24:29.324+0000] {dag.py:3823} INFO - Setting next_dagrun for example_task_group_decorator to 2024-02-15 00:00:00+00:00, run_after=2024-02-16 00:00:00+00:00
[2024-02-16T09:24:29.344+0000] {processor.py:183} INFO - Processing /home/airflow/.local/lib/python3.8/site-packages/airflow/example_dags/example_task_group_decorator.py took 0.076 seconds
[2024-02-16T09:24:59.741+0000] {processor.py:161} INFO - Started process (PID=2441) to work on /home/airflow/.local/lib/python3.8/site-packages/airflow/example_dags/example_task_group_decorator.py
[2024-02-16T09:24:59.743+0000] {processor.py:830} INFO - Processing file /home/airflow/.local/lib/python3.8/site-packages/airflow/example_dags/example_task_group_decorator.py for tasks to queue
[2024-02-16T09:24:59.744+0000] {logging_mixin.py:188} INFO - [2024-02-16T09:24:59.743+0000] {dagbag.py:538} INFO - Filling up the DagBag from /home/airflow/.local/lib/python3.8/site-packages/airflow/example_dags/example_task_group_decorator.py
[2024-02-16T09:24:59.756+0000] {processor.py:840} INFO - DAG(s) 'example_task_group_decorator' retrieved from /home/airflow/.local/lib/python3.8/site-packages/airflow/example_dags/example_task_group_decorator.py
[2024-02-16T09:24:59.780+0000] {logging_mixin.py:188} INFO - [2024-02-16T09:24:59.779+0000] {dag.py:3036} INFO - Sync 1 DAGs
[2024-02-16T09:24:59.798+0000] {logging_mixin.py:188} INFO - [2024-02-16T09:24:59.798+0000] {dag.py:3823} INFO - Setting next_dagrun for example_task_group_decorator to 2024-02-15 00:00:00+00:00, run_after=2024-02-16 00:00:00+00:00
[2024-02-16T09:24:59.818+0000] {processor.py:183} INFO - Processing /home/airflow/.local/lib/python3.8/site-packages/airflow/example_dags/example_task_group_decorator.py took 0.079 seconds
[2024-02-16T09:25:30.217+0000] {processor.py:161} INFO - Started process (PID=2687) to work on /home/airflow/.local/lib/python3.8/site-packages/airflow/example_dags/example_task_group_decorator.py
[2024-02-16T09:25:30.219+0000] {processor.py:830} INFO - Processing file /home/airflow/.local/lib/python3.8/site-packages/airflow/example_dags/example_task_group_decorator.py for tasks to queue
[2024-02-16T09:25:30.220+0000] {logging_mixin.py:188} INFO - [2024-02-16T09:25:30.219+0000] {dagbag.py:538} INFO - Filling up the DagBag from /home/airflow/.local/lib/python3.8/site-packages/airflow/example_dags/example_task_group_decorator.py
[2024-02-16T09:25:30.231+0000] {processor.py:840} INFO - DAG(s) 'example_task_group_decorator' retrieved from /home/airflow/.local/lib/python3.8/site-packages/airflow/example_dags/example_task_group_decorator.py
[2024-02-16T09:25:30.253+0000] {logging_mixin.py:188} INFO - [2024-02-16T09:25:30.253+0000] {dag.py:3036} INFO - Sync 1 DAGs
[2024-02-16T09:25:30.272+0000] {logging_mixin.py:188} INFO - [2024-02-16T09:25:30.272+0000] {dag.py:3823} INFO - Setting next_dagrun for example_task_group_decorator to 2024-02-15 00:00:00+00:00, run_after=2024-02-16 00:00:00+00:00
[2024-02-16T09:25:30.292+0000] {processor.py:183} INFO - Processing /home/airflow/.local/lib/python3.8/site-packages/airflow/example_dags/example_task_group_decorator.py took 0.078 seconds
[2024-02-16T09:26:00.615+0000] {processor.py:161} INFO - Started process (PID=2934) to work on /home/airflow/.local/lib/python3.8/site-packages/airflow/example_dags/example_task_group_decorator.py
[2024-02-16T09:26:00.617+0000] {processor.py:830} INFO - Processing file /home/airflow/.local/lib/python3.8/site-packages/airflow/example_dags/example_task_group_decorator.py for tasks to queue
[2024-02-16T09:26:00.618+0000] {logging_mixin.py:188} INFO - [2024-02-16T09:26:00.618+0000] {dagbag.py:538} INFO - Filling up the DagBag from /home/airflow/.local/lib/python3.8/site-packages/airflow/example_dags/example_task_group_decorator.py
[2024-02-16T09:26:00.630+0000] {processor.py:840} INFO - DAG(s) 'example_task_group_decorator' retrieved from /home/airflow/.local/lib/python3.8/site-packages/airflow/example_dags/example_task_group_decorator.py
[2024-02-16T09:26:00.658+0000] {logging_mixin.py:188} INFO - [2024-02-16T09:26:00.658+0000] {dag.py:3036} INFO - Sync 1 DAGs
[2024-02-16T09:26:00.685+0000] {logging_mixin.py:188} INFO - [2024-02-16T09:26:00.684+0000] {dag.py:3823} INFO - Setting next_dagrun for example_task_group_decorator to 2024-02-15 00:00:00+00:00, run_after=2024-02-16 00:00:00+00:00
[2024-02-16T09:26:00.710+0000] {processor.py:183} INFO - Processing /home/airflow/.local/lib/python3.8/site-packages/airflow/example_dags/example_task_group_decorator.py took 0.099 seconds
[2024-02-16T09:26:30.773+0000] {processor.py:161} INFO - Started process (PID=3185) to work on /home/airflow/.local/lib/python3.8/site-packages/airflow/example_dags/example_task_group_decorator.py
[2024-02-16T09:26:30.774+0000] {processor.py:830} INFO - Processing file /home/airflow/.local/lib/python3.8/site-packages/airflow/example_dags/example_task_group_decorator.py for tasks to queue
[2024-02-16T09:26:30.775+0000] {logging_mixin.py:188} INFO - [2024-02-16T09:26:30.775+0000] {dagbag.py:538} INFO - Filling up the DagBag from /home/airflow/.local/lib/python3.8/site-packages/airflow/example_dags/example_task_group_decorator.py
[2024-02-16T09:26:30.787+0000] {processor.py:840} INFO - DAG(s) 'example_task_group_decorator' retrieved from /home/airflow/.local/lib/python3.8/site-packages/airflow/example_dags/example_task_group_decorator.py
[2024-02-16T09:26:30.809+0000] {logging_mixin.py:188} INFO - [2024-02-16T09:26:30.809+0000] {dag.py:3036} INFO - Sync 1 DAGs
[2024-02-16T09:26:30.827+0000] {logging_mixin.py:188} INFO - [2024-02-16T09:26:30.827+0000] {dag.py:3823} INFO - Setting next_dagrun for example_task_group_decorator to 2024-02-15 00:00:00+00:00, run_after=2024-02-16 00:00:00+00:00
[2024-02-16T09:26:30.847+0000] {processor.py:183} INFO - Processing /home/airflow/.local/lib/python3.8/site-packages/airflow/example_dags/example_task_group_decorator.py took 0.077 seconds
[2024-02-16T09:27:01.258+0000] {processor.py:161} INFO - Started process (PID=3432) to work on /home/airflow/.local/lib/python3.8/site-packages/airflow/example_dags/example_task_group_decorator.py
[2024-02-16T09:27:01.260+0000] {processor.py:830} INFO - Processing file /home/airflow/.local/lib/python3.8/site-packages/airflow/example_dags/example_task_group_decorator.py for tasks to queue
[2024-02-16T09:27:01.261+0000] {logging_mixin.py:188} INFO - [2024-02-16T09:27:01.260+0000] {dagbag.py:538} INFO - Filling up the DagBag from /home/airflow/.local/lib/python3.8/site-packages/airflow/example_dags/example_task_group_decorator.py
[2024-02-16T09:27:01.271+0000] {processor.py:840} INFO - DAG(s) 'example_task_group_decorator' retrieved from /home/airflow/.local/lib/python3.8/site-packages/airflow/example_dags/example_task_group_decorator.py
[2024-02-16T09:27:01.294+0000] {logging_mixin.py:188} INFO - [2024-02-16T09:27:01.294+0000] {dag.py:3036} INFO - Sync 1 DAGs
[2024-02-16T09:27:01.312+0000] {logging_mixin.py:188} INFO - [2024-02-16T09:27:01.312+0000] {dag.py:3823} INFO - Setting next_dagrun for example_task_group_decorator to 2024-02-15 00:00:00+00:00, run_after=2024-02-16 00:00:00+00:00
[2024-02-16T09:27:01.329+0000] {processor.py:183} INFO - Processing /home/airflow/.local/lib/python3.8/site-packages/airflow/example_dags/example_task_group_decorator.py took 0.075 seconds
[2024-02-16T09:27:31.768+0000] {processor.py:161} INFO - Started process (PID=3680) to work on /home/airflow/.local/lib/python3.8/site-packages/airflow/example_dags/example_task_group_decorator.py
[2024-02-16T09:27:31.769+0000] {processor.py:830} INFO - Processing file /home/airflow/.local/lib/python3.8/site-packages/airflow/example_dags/example_task_group_decorator.py for tasks to queue
[2024-02-16T09:27:31.770+0000] {logging_mixin.py:188} INFO - [2024-02-16T09:27:31.770+0000] {dagbag.py:538} INFO - Filling up the DagBag from /home/airflow/.local/lib/python3.8/site-packages/airflow/example_dags/example_task_group_decorator.py
[2024-02-16T09:27:31.781+0000] {processor.py:840} INFO - DAG(s) 'example_task_group_decorator' retrieved from /home/airflow/.local/lib/python3.8/site-packages/airflow/example_dags/example_task_group_decorator.py
[2024-02-16T09:27:31.803+0000] {logging_mixin.py:188} INFO - [2024-02-16T09:27:31.803+0000] {dag.py:3036} INFO - Sync 1 DAGs
[2024-02-16T09:27:31.821+0000] {logging_mixin.py:188} INFO - [2024-02-16T09:27:31.821+0000] {dag.py:3823} INFO - Setting next_dagrun for example_task_group_decorator to 2024-02-15 00:00:00+00:00, run_after=2024-02-16 00:00:00+00:00
[2024-02-16T09:27:31.839+0000] {processor.py:183} INFO - Processing /home/airflow/.local/lib/python3.8/site-packages/airflow/example_dags/example_task_group_decorator.py took 0.074 seconds
[2024-02-16T09:28:02.227+0000] {processor.py:161} INFO - Started process (PID=3927) to work on /home/airflow/.local/lib/python3.8/site-packages/airflow/example_dags/example_task_group_decorator.py
[2024-02-16T09:28:02.228+0000] {processor.py:830} INFO - Processing file /home/airflow/.local/lib/python3.8/site-packages/airflow/example_dags/example_task_group_decorator.py for tasks to queue
[2024-02-16T09:28:02.229+0000] {logging_mixin.py:188} INFO - [2024-02-16T09:28:02.228+0000] {dagbag.py:538} INFO - Filling up the DagBag from /home/airflow/.local/lib/python3.8/site-packages/airflow/example_dags/example_task_group_decorator.py
[2024-02-16T09:28:02.239+0000] {processor.py:840} INFO - DAG(s) 'example_task_group_decorator' retrieved from /home/airflow/.local/lib/python3.8/site-packages/airflow/example_dags/example_task_group_decorator.py
[2024-02-16T09:28:02.260+0000] {logging_mixin.py:188} INFO - [2024-02-16T09:28:02.260+0000] {dag.py:3036} INFO - Sync 1 DAGs
[2024-02-16T09:28:02.280+0000] {logging_mixin.py:188} INFO - [2024-02-16T09:28:02.280+0000] {dag.py:3823} INFO - Setting next_dagrun for example_task_group_decorator to 2024-02-15 00:00:00+00:00, run_after=2024-02-16 00:00:00+00:00
[2024-02-16T09:28:02.298+0000] {processor.py:183} INFO - Processing /home/airflow/.local/lib/python3.8/site-packages/airflow/example_dags/example_task_group_decorator.py took 0.075 seconds
[2024-02-16T09:28:32.568+0000] {processor.py:161} INFO - Started process (PID=4173) to work on /home/airflow/.local/lib/python3.8/site-packages/airflow/example_dags/example_task_group_decorator.py
[2024-02-16T09:28:32.569+0000] {processor.py:830} INFO - Processing file /home/airflow/.local/lib/python3.8/site-packages/airflow/example_dags/example_task_group_decorator.py for tasks to queue
[2024-02-16T09:28:32.570+0000] {logging_mixin.py:188} INFO - [2024-02-16T09:28:32.570+0000] {dagbag.py:538} INFO - Filling up the DagBag from /home/airflow/.local/lib/python3.8/site-packages/airflow/example_dags/example_task_group_decorator.py
[2024-02-16T09:28:32.581+0000] {processor.py:840} INFO - DAG(s) 'example_task_group_decorator' retrieved from /home/airflow/.local/lib/python3.8/site-packages/airflow/example_dags/example_task_group_decorator.py
[2024-02-16T09:28:32.601+0000] {logging_mixin.py:188} INFO - [2024-02-16T09:28:32.601+0000] {dag.py:3036} INFO - Sync 1 DAGs
[2024-02-16T09:28:32.618+0000] {logging_mixin.py:188} INFO - [2024-02-16T09:28:32.618+0000] {dag.py:3823} INFO - Setting next_dagrun for example_task_group_decorator to 2024-02-15 00:00:00+00:00, run_after=2024-02-16 00:00:00+00:00
[2024-02-16T09:28:32.635+0000] {processor.py:183} INFO - Processing /home/airflow/.local/lib/python3.8/site-packages/airflow/example_dags/example_task_group_decorator.py took 0.070 seconds
[2024-02-16T09:29:02.958+0000] {processor.py:161} INFO - Started process (PID=4420) to work on /home/airflow/.local/lib/python3.8/site-packages/airflow/example_dags/example_task_group_decorator.py
[2024-02-16T09:29:02.959+0000] {processor.py:830} INFO - Processing file /home/airflow/.local/lib/python3.8/site-packages/airflow/example_dags/example_task_group_decorator.py for tasks to queue
[2024-02-16T09:29:02.960+0000] {logging_mixin.py:188} INFO - [2024-02-16T09:29:02.960+0000] {dagbag.py:538} INFO - Filling up the DagBag from /home/airflow/.local/lib/python3.8/site-packages/airflow/example_dags/example_task_group_decorator.py
[2024-02-16T09:29:02.970+0000] {processor.py:840} INFO - DAG(s) 'example_task_group_decorator' retrieved from /home/airflow/.local/lib/python3.8/site-packages/airflow/example_dags/example_task_group_decorator.py
[2024-02-16T09:29:02.995+0000] {logging_mixin.py:188} INFO - [2024-02-16T09:29:02.994+0000] {dag.py:3036} INFO - Sync 1 DAGs
[2024-02-16T09:29:03.013+0000] {logging_mixin.py:188} INFO - [2024-02-16T09:29:03.013+0000] {dag.py:3823} INFO - Setting next_dagrun for example_task_group_decorator to 2024-02-15 00:00:00+00:00, run_after=2024-02-16 00:00:00+00:00
[2024-02-16T09:29:03.035+0000] {processor.py:183} INFO - Processing /home/airflow/.local/lib/python3.8/site-packages/airflow/example_dags/example_task_group_decorator.py took 0.079 seconds
[2024-02-16T09:29:33.373+0000] {processor.py:161} INFO - Started process (PID=4666) to work on /home/airflow/.local/lib/python3.8/site-packages/airflow/example_dags/example_task_group_decorator.py
[2024-02-16T09:29:33.375+0000] {processor.py:830} INFO - Processing file /home/airflow/.local/lib/python3.8/site-packages/airflow/example_dags/example_task_group_decorator.py for tasks to queue
[2024-02-16T09:29:33.377+0000] {logging_mixin.py:188} INFO - [2024-02-16T09:29:33.376+0000] {dagbag.py:538} INFO - Filling up the DagBag from /home/airflow/.local/lib/python3.8/site-packages/airflow/example_dags/example_task_group_decorator.py
[2024-02-16T09:29:33.387+0000] {processor.py:840} INFO - DAG(s) 'example_task_group_decorator' retrieved from /home/airflow/.local/lib/python3.8/site-packages/airflow/example_dags/example_task_group_decorator.py
[2024-02-16T09:29:33.413+0000] {logging_mixin.py:188} INFO - [2024-02-16T09:29:33.413+0000] {dag.py:3036} INFO - Sync 1 DAGs
[2024-02-16T09:29:33.433+0000] {logging_mixin.py:188} INFO - [2024-02-16T09:29:33.432+0000] {dag.py:3823} INFO - Setting next_dagrun for example_task_group_decorator to 2024-02-15 00:00:00+00:00, run_after=2024-02-16 00:00:00+00:00
[2024-02-16T09:29:33.454+0000] {processor.py:183} INFO - Processing /home/airflow/.local/lib/python3.8/site-packages/airflow/example_dags/example_task_group_decorator.py took 0.084 seconds
[2024-02-16T09:30:04.145+0000] {processor.py:161} INFO - Started process (PID=4916) to work on /home/airflow/.local/lib/python3.8/site-packages/airflow/example_dags/example_task_group_decorator.py
[2024-02-16T09:30:04.147+0000] {processor.py:830} INFO - Processing file /home/airflow/.local/lib/python3.8/site-packages/airflow/example_dags/example_task_group_decorator.py for tasks to queue
[2024-02-16T09:30:04.148+0000] {logging_mixin.py:188} INFO - [2024-02-16T09:30:04.148+0000] {dagbag.py:538} INFO - Filling up the DagBag from /home/airflow/.local/lib/python3.8/site-packages/airflow/example_dags/example_task_group_decorator.py
[2024-02-16T09:30:04.160+0000] {processor.py:840} INFO - DAG(s) 'example_task_group_decorator' retrieved from /home/airflow/.local/lib/python3.8/site-packages/airflow/example_dags/example_task_group_decorator.py
[2024-02-16T09:30:04.184+0000] {logging_mixin.py:188} INFO - [2024-02-16T09:30:04.184+0000] {dag.py:3036} INFO - Sync 1 DAGs
[2024-02-16T09:30:04.203+0000] {logging_mixin.py:188} INFO - [2024-02-16T09:30:04.203+0000] {dag.py:3823} INFO - Setting next_dagrun for example_task_group_decorator to 2024-02-15 00:00:00+00:00, run_after=2024-02-16 00:00:00+00:00
[2024-02-16T09:30:04.221+0000] {processor.py:183} INFO - Processing /home/airflow/.local/lib/python3.8/site-packages/airflow/example_dags/example_task_group_decorator.py took 0.079 seconds
[2024-02-16T09:30:34.502+0000] {processor.py:161} INFO - Started process (PID=5338) to work on /home/airflow/.local/lib/python3.8/site-packages/airflow/example_dags/example_task_group_decorator.py
[2024-02-16T09:30:34.504+0000] {processor.py:830} INFO - Processing file /home/airflow/.local/lib/python3.8/site-packages/airflow/example_dags/example_task_group_decorator.py for tasks to queue
[2024-02-16T09:30:34.505+0000] {logging_mixin.py:188} INFO - [2024-02-16T09:30:34.505+0000] {dagbag.py:538} INFO - Filling up the DagBag from /home/airflow/.local/lib/python3.8/site-packages/airflow/example_dags/example_task_group_decorator.py
[2024-02-16T09:30:34.516+0000] {processor.py:840} INFO - DAG(s) 'example_task_group_decorator' retrieved from /home/airflow/.local/lib/python3.8/site-packages/airflow/example_dags/example_task_group_decorator.py
[2024-02-16T09:30:34.543+0000] {logging_mixin.py:188} INFO - [2024-02-16T09:30:34.543+0000] {dag.py:3036} INFO - Sync 1 DAGs
[2024-02-16T09:30:34.564+0000] {logging_mixin.py:188} INFO - [2024-02-16T09:30:34.563+0000] {dag.py:3823} INFO - Setting next_dagrun for example_task_group_decorator to 2024-02-15 00:00:00+00:00, run_after=2024-02-16 00:00:00+00:00
[2024-02-16T09:30:34.586+0000] {processor.py:183} INFO - Processing /home/airflow/.local/lib/python3.8/site-packages/airflow/example_dags/example_task_group_decorator.py took 0.086 seconds
[2024-02-16T09:31:04.879+0000] {processor.py:161} INFO - Started process (PID=5584) to work on /home/airflow/.local/lib/python3.8/site-packages/airflow/example_dags/example_task_group_decorator.py
[2024-02-16T09:31:04.880+0000] {processor.py:830} INFO - Processing file /home/airflow/.local/lib/python3.8/site-packages/airflow/example_dags/example_task_group_decorator.py for tasks to queue
[2024-02-16T09:31:04.881+0000] {logging_mixin.py:188} INFO - [2024-02-16T09:31:04.881+0000] {dagbag.py:538} INFO - Filling up the DagBag from /home/airflow/.local/lib/python3.8/site-packages/airflow/example_dags/example_task_group_decorator.py
[2024-02-16T09:31:04.892+0000] {processor.py:840} INFO - DAG(s) 'example_task_group_decorator' retrieved from /home/airflow/.local/lib/python3.8/site-packages/airflow/example_dags/example_task_group_decorator.py
[2024-02-16T09:31:04.912+0000] {logging_mixin.py:188} INFO - [2024-02-16T09:31:04.911+0000] {dag.py:3036} INFO - Sync 1 DAGs
[2024-02-16T09:31:04.929+0000] {logging_mixin.py:188} INFO - [2024-02-16T09:31:04.929+0000] {dag.py:3823} INFO - Setting next_dagrun for example_task_group_decorator to 2024-02-15 00:00:00+00:00, run_after=2024-02-16 00:00:00+00:00
[2024-02-16T09:31:04.950+0000] {processor.py:183} INFO - Processing /home/airflow/.local/lib/python3.8/site-packages/airflow/example_dags/example_task_group_decorator.py took 0.074 seconds
[2024-02-16T09:31:35.345+0000] {processor.py:161} INFO - Started process (PID=5833) to work on /home/airflow/.local/lib/python3.8/site-packages/airflow/example_dags/example_task_group_decorator.py
[2024-02-16T09:31:35.346+0000] {processor.py:830} INFO - Processing file /home/airflow/.local/lib/python3.8/site-packages/airflow/example_dags/example_task_group_decorator.py for tasks to queue
[2024-02-16T09:31:35.347+0000] {logging_mixin.py:188} INFO - [2024-02-16T09:31:35.347+0000] {dagbag.py:538} INFO - Filling up the DagBag from /home/airflow/.local/lib/python3.8/site-packages/airflow/example_dags/example_task_group_decorator.py
[2024-02-16T09:31:35.359+0000] {processor.py:840} INFO - DAG(s) 'example_task_group_decorator' retrieved from /home/airflow/.local/lib/python3.8/site-packages/airflow/example_dags/example_task_group_decorator.py
[2024-02-16T09:31:35.381+0000] {logging_mixin.py:188} INFO - [2024-02-16T09:31:35.380+0000] {dag.py:3036} INFO - Sync 1 DAGs
[2024-02-16T09:31:35.399+0000] {logging_mixin.py:188} INFO - [2024-02-16T09:31:35.398+0000] {dag.py:3823} INFO - Setting next_dagrun for example_task_group_decorator to 2024-02-15 00:00:00+00:00, run_after=2024-02-16 00:00:00+00:00
[2024-02-16T09:31:35.416+0000] {processor.py:183} INFO - Processing /home/airflow/.local/lib/python3.8/site-packages/airflow/example_dags/example_task_group_decorator.py took 0.075 seconds
[2024-02-16T09:32:05.757+0000] {processor.py:161} INFO - Started process (PID=6077) to work on /home/airflow/.local/lib/python3.8/site-packages/airflow/example_dags/example_task_group_decorator.py
[2024-02-16T09:32:05.758+0000] {processor.py:830} INFO - Processing file /home/airflow/.local/lib/python3.8/site-packages/airflow/example_dags/example_task_group_decorator.py for tasks to queue
[2024-02-16T09:32:05.759+0000] {logging_mixin.py:188} INFO - [2024-02-16T09:32:05.759+0000] {dagbag.py:538} INFO - Filling up the DagBag from /home/airflow/.local/lib/python3.8/site-packages/airflow/example_dags/example_task_group_decorator.py
[2024-02-16T09:32:05.770+0000] {processor.py:840} INFO - DAG(s) 'example_task_group_decorator' retrieved from /home/airflow/.local/lib/python3.8/site-packages/airflow/example_dags/example_task_group_decorator.py
[2024-02-16T09:32:05.793+0000] {logging_mixin.py:188} INFO - [2024-02-16T09:32:05.793+0000] {dag.py:3036} INFO - Sync 1 DAGs
[2024-02-16T09:32:05.812+0000] {logging_mixin.py:188} INFO - [2024-02-16T09:32:05.812+0000] {dag.py:3823} INFO - Setting next_dagrun for example_task_group_decorator to 2024-02-15 00:00:00+00:00, run_after=2024-02-16 00:00:00+00:00
[2024-02-16T09:32:05.831+0000] {processor.py:183} INFO - Processing /home/airflow/.local/lib/python3.8/site-packages/airflow/example_dags/example_task_group_decorator.py took 0.077 seconds
[2024-02-16T09:32:36.253+0000] {processor.py:161} INFO - Started process (PID=6324) to work on /home/airflow/.local/lib/python3.8/site-packages/airflow/example_dags/example_task_group_decorator.py
[2024-02-16T09:32:36.254+0000] {processor.py:830} INFO - Processing file /home/airflow/.local/lib/python3.8/site-packages/airflow/example_dags/example_task_group_decorator.py for tasks to queue
[2024-02-16T09:32:36.255+0000] {logging_mixin.py:188} INFO - [2024-02-16T09:32:36.255+0000] {dagbag.py:538} INFO - Filling up the DagBag from /home/airflow/.local/lib/python3.8/site-packages/airflow/example_dags/example_task_group_decorator.py
[2024-02-16T09:32:36.267+0000] {processor.py:840} INFO - DAG(s) 'example_task_group_decorator' retrieved from /home/airflow/.local/lib/python3.8/site-packages/airflow/example_dags/example_task_group_decorator.py
[2024-02-16T09:32:36.289+0000] {logging_mixin.py:188} INFO - [2024-02-16T09:32:36.289+0000] {dag.py:3036} INFO - Sync 1 DAGs
[2024-02-16T09:32:36.308+0000] {logging_mixin.py:188} INFO - [2024-02-16T09:32:36.308+0000] {dag.py:3823} INFO - Setting next_dagrun for example_task_group_decorator to 2024-02-15 00:00:00+00:00, run_after=2024-02-16 00:00:00+00:00
[2024-02-16T09:32:36.330+0000] {processor.py:183} INFO - Processing /home/airflow/.local/lib/python3.8/site-packages/airflow/example_dags/example_task_group_decorator.py took 0.080 seconds
[2024-02-16T09:33:06.915+0000] {processor.py:161} INFO - Started process (PID=6571) to work on /home/airflow/.local/lib/python3.8/site-packages/airflow/example_dags/example_task_group_decorator.py
[2024-02-16T09:33:06.917+0000] {processor.py:830} INFO - Processing file /home/airflow/.local/lib/python3.8/site-packages/airflow/example_dags/example_task_group_decorator.py for tasks to queue
[2024-02-16T09:33:06.918+0000] {logging_mixin.py:188} INFO - [2024-02-16T09:33:06.917+0000] {dagbag.py:538} INFO - Filling up the DagBag from /home/airflow/.local/lib/python3.8/site-packages/airflow/example_dags/example_task_group_decorator.py
[2024-02-16T09:33:06.928+0000] {processor.py:840} INFO - DAG(s) 'example_task_group_decorator' retrieved from /home/airflow/.local/lib/python3.8/site-packages/airflow/example_dags/example_task_group_decorator.py
[2024-02-16T09:33:06.950+0000] {logging_mixin.py:188} INFO - [2024-02-16T09:33:06.949+0000] {dag.py:3036} INFO - Sync 1 DAGs
[2024-02-16T09:33:06.967+0000] {logging_mixin.py:188} INFO - [2024-02-16T09:33:06.966+0000] {dag.py:3823} INFO - Setting next_dagrun for example_task_group_decorator to 2024-02-15 00:00:00+00:00, run_after=2024-02-16 00:00:00+00:00
[2024-02-16T09:33:06.985+0000] {processor.py:183} INFO - Processing /home/airflow/.local/lib/python3.8/site-packages/airflow/example_dags/example_task_group_decorator.py took 0.073 seconds
[2024-02-16T09:33:37.430+0000] {processor.py:161} INFO - Started process (PID=6818) to work on /home/airflow/.local/lib/python3.8/site-packages/airflow/example_dags/example_task_group_decorator.py
[2024-02-16T09:33:37.432+0000] {processor.py:830} INFO - Processing file /home/airflow/.local/lib/python3.8/site-packages/airflow/example_dags/example_task_group_decorator.py for tasks to queue
[2024-02-16T09:33:37.433+0000] {logging_mixin.py:188} INFO - [2024-02-16T09:33:37.433+0000] {dagbag.py:538} INFO - Filling up the DagBag from /home/airflow/.local/lib/python3.8/site-packages/airflow/example_dags/example_task_group_decorator.py
[2024-02-16T09:33:37.447+0000] {processor.py:840} INFO - DAG(s) 'example_task_group_decorator' retrieved from /home/airflow/.local/lib/python3.8/site-packages/airflow/example_dags/example_task_group_decorator.py
[2024-02-16T09:33:37.473+0000] {logging_mixin.py:188} INFO - [2024-02-16T09:33:37.473+0000] {dag.py:3036} INFO - Sync 1 DAGs
[2024-02-16T09:33:37.492+0000] {logging_mixin.py:188} INFO - [2024-02-16T09:33:37.492+0000] {dag.py:3823} INFO - Setting next_dagrun for example_task_group_decorator to 2024-02-15 00:00:00+00:00, run_after=2024-02-16 00:00:00+00:00
[2024-02-16T09:33:37.514+0000] {processor.py:183} INFO - Processing /home/airflow/.local/lib/python3.8/site-packages/airflow/example_dags/example_task_group_decorator.py took 0.087 seconds
[2024-02-16T09:34:07.846+0000] {processor.py:161} INFO - Started process (PID=7065) to work on /home/airflow/.local/lib/python3.8/site-packages/airflow/example_dags/example_task_group_decorator.py
[2024-02-16T09:34:07.847+0000] {processor.py:830} INFO - Processing file /home/airflow/.local/lib/python3.8/site-packages/airflow/example_dags/example_task_group_decorator.py for tasks to queue
[2024-02-16T09:34:07.848+0000] {logging_mixin.py:188} INFO - [2024-02-16T09:34:07.848+0000] {dagbag.py:538} INFO - Filling up the DagBag from /home/airflow/.local/lib/python3.8/site-packages/airflow/example_dags/example_task_group_decorator.py
[2024-02-16T09:34:07.859+0000] {processor.py:840} INFO - DAG(s) 'example_task_group_decorator' retrieved from /home/airflow/.local/lib/python3.8/site-packages/airflow/example_dags/example_task_group_decorator.py
[2024-02-16T09:34:07.881+0000] {logging_mixin.py:188} INFO - [2024-02-16T09:34:07.881+0000] {dag.py:3036} INFO - Sync 1 DAGs
[2024-02-16T09:34:07.898+0000] {logging_mixin.py:188} INFO - [2024-02-16T09:34:07.898+0000] {dag.py:3823} INFO - Setting next_dagrun for example_task_group_decorator to 2024-02-15 00:00:00+00:00, run_after=2024-02-16 00:00:00+00:00
[2024-02-16T09:34:07.918+0000] {processor.py:183} INFO - Processing /home/airflow/.local/lib/python3.8/site-packages/airflow/example_dags/example_task_group_decorator.py took 0.074 seconds
[2024-02-16T09:38:03.439+0000] {processor.py:161} INFO - Started process (PID=220) to work on /home/airflow/.local/lib/python3.8/site-packages/airflow/example_dags/example_task_group_decorator.py
[2024-02-16T09:38:03.441+0000] {processor.py:830} INFO - Processing file /home/airflow/.local/lib/python3.8/site-packages/airflow/example_dags/example_task_group_decorator.py for tasks to queue
[2024-02-16T09:38:03.441+0000] {logging_mixin.py:188} INFO - [2024-02-16T09:38:03.441+0000] {dagbag.py:538} INFO - Filling up the DagBag from /home/airflow/.local/lib/python3.8/site-packages/airflow/example_dags/example_task_group_decorator.py
[2024-02-16T09:38:03.454+0000] {processor.py:840} INFO - DAG(s) 'example_task_group_decorator' retrieved from /home/airflow/.local/lib/python3.8/site-packages/airflow/example_dags/example_task_group_decorator.py
[2024-02-16T09:38:03.468+0000] {logging_mixin.py:188} INFO - [2024-02-16T09:38:03.467+0000] {dag.py:3036} INFO - Sync 1 DAGs
[2024-02-16T09:38:03.494+0000] {logging_mixin.py:188} INFO - [2024-02-16T09:38:03.494+0000] {dag.py:3823} INFO - Setting next_dagrun for example_task_group_decorator to 2024-02-15 00:00:00+00:00, run_after=2024-02-16 00:00:00+00:00
[2024-02-16T09:38:03.520+0000] {processor.py:183} INFO - Processing /home/airflow/.local/lib/python3.8/site-packages/airflow/example_dags/example_task_group_decorator.py took 0.083 seconds
[2024-02-16T09:38:34.256+0000] {processor.py:161} INFO - Started process (PID=469) to work on /home/airflow/.local/lib/python3.8/site-packages/airflow/example_dags/example_task_group_decorator.py
[2024-02-16T09:38:34.257+0000] {processor.py:830} INFO - Processing file /home/airflow/.local/lib/python3.8/site-packages/airflow/example_dags/example_task_group_decorator.py for tasks to queue
[2024-02-16T09:38:34.258+0000] {logging_mixin.py:188} INFO - [2024-02-16T09:38:34.258+0000] {dagbag.py:538} INFO - Filling up the DagBag from /home/airflow/.local/lib/python3.8/site-packages/airflow/example_dags/example_task_group_decorator.py
[2024-02-16T09:38:34.268+0000] {processor.py:840} INFO - DAG(s) 'example_task_group_decorator' retrieved from /home/airflow/.local/lib/python3.8/site-packages/airflow/example_dags/example_task_group_decorator.py
[2024-02-16T09:38:34.341+0000] {logging_mixin.py:188} INFO - [2024-02-16T09:38:34.341+0000] {dag.py:3036} INFO - Sync 1 DAGs
[2024-02-16T09:38:34.357+0000] {logging_mixin.py:188} INFO - [2024-02-16T09:38:34.357+0000] {dag.py:3823} INFO - Setting next_dagrun for example_task_group_decorator to 2024-02-15 00:00:00+00:00, run_after=2024-02-16 00:00:00+00:00
[2024-02-16T09:38:34.377+0000] {processor.py:183} INFO - Processing /home/airflow/.local/lib/python3.8/site-packages/airflow/example_dags/example_task_group_decorator.py took 0.124 seconds
