[2024-02-16T09:20:25.390+0000] {processor.py:161} INFO - Started process (PID=256) to work on /home/airflow/.local/lib/python3.8/site-packages/airflow/example_dags/tutorial_dag.py
[2024-02-16T09:20:25.391+0000] {processor.py:830} INFO - Processing file /home/airflow/.local/lib/python3.8/site-packages/airflow/example_dags/tutorial_dag.py for tasks to queue
[2024-02-16T09:20:25.392+0000] {logging_mixin.py:188} INFO - [2024-02-16T09:20:25.392+0000] {dagbag.py:538} INFO - Filling up the DagBag from /home/airflow/.local/lib/python3.8/site-packages/airflow/example_dags/tutorial_dag.py
[2024-02-16T09:20:25.398+0000] {processor.py:840} INFO - DAG(s) 'tutorial_dag' retrieved from /home/airflow/.local/lib/python3.8/site-packages/airflow/example_dags/tutorial_dag.py
[2024-02-16T09:20:25.497+0000] {logging_mixin.py:188} INFO - [2024-02-16T09:20:25.496+0000] {override.py:1769} INFO - Created Permission View: can delete on DAG:tutorial_dag
[2024-02-16T09:20:25.509+0000] {logging_mixin.py:188} INFO - [2024-02-16T09:20:25.509+0000] {override.py:1769} INFO - Created Permission View: can edit on DAG:tutorial_dag
[2024-02-16T09:20:25.519+0000] {logging_mixin.py:188} INFO - [2024-02-16T09:20:25.519+0000] {override.py:1769} INFO - Created Permission View: can read on DAG:tutorial_dag
[2024-02-16T09:20:25.520+0000] {logging_mixin.py:188} INFO - [2024-02-16T09:20:25.520+0000] {dag.py:3036} INFO - Sync 1 DAGs
[2024-02-16T09:20:25.530+0000] {logging_mixin.py:188} INFO - [2024-02-16T09:20:25.530+0000] {dag.py:3058} INFO - Creating ORM DAG for tutorial_dag
[2024-02-16T09:20:25.530+0000] {logging_mixin.py:188} INFO - [2024-02-16T09:20:25.530+0000] {dag.py:3823} INFO - Setting next_dagrun for tutorial_dag to None, run_after=None
[2024-02-16T09:20:25.552+0000] {processor.py:183} INFO - Processing /home/airflow/.local/lib/python3.8/site-packages/airflow/example_dags/tutorial_dag.py took 0.164 seconds
[2024-02-16T09:20:55.865+0000] {processor.py:161} INFO - Started process (PID=503) to work on /home/airflow/.local/lib/python3.8/site-packages/airflow/example_dags/tutorial_dag.py
[2024-02-16T09:20:55.866+0000] {processor.py:830} INFO - Processing file /home/airflow/.local/lib/python3.8/site-packages/airflow/example_dags/tutorial_dag.py for tasks to queue
[2024-02-16T09:20:55.867+0000] {logging_mixin.py:188} INFO - [2024-02-16T09:20:55.866+0000] {dagbag.py:538} INFO - Filling up the DagBag from /home/airflow/.local/lib/python3.8/site-packages/airflow/example_dags/tutorial_dag.py
[2024-02-16T09:20:55.871+0000] {processor.py:840} INFO - DAG(s) 'tutorial_dag' retrieved from /home/airflow/.local/lib/python3.8/site-packages/airflow/example_dags/tutorial_dag.py
[2024-02-16T09:20:55.892+0000] {logging_mixin.py:188} INFO - [2024-02-16T09:20:55.891+0000] {dag.py:3036} INFO - Sync 1 DAGs
[2024-02-16T09:20:55.903+0000] {logging_mixin.py:188} INFO - [2024-02-16T09:20:55.903+0000] {dag.py:3823} INFO - Setting next_dagrun for tutorial_dag to None, run_after=None
[2024-02-16T09:20:55.920+0000] {processor.py:183} INFO - Processing /home/airflow/.local/lib/python3.8/site-packages/airflow/example_dags/tutorial_dag.py took 0.058 seconds
[2024-02-16T09:21:26.326+0000] {processor.py:161} INFO - Started process (PID=750) to work on /home/airflow/.local/lib/python3.8/site-packages/airflow/example_dags/tutorial_dag.py
[2024-02-16T09:21:26.326+0000] {processor.py:830} INFO - Processing file /home/airflow/.local/lib/python3.8/site-packages/airflow/example_dags/tutorial_dag.py for tasks to queue
[2024-02-16T09:21:26.327+0000] {logging_mixin.py:188} INFO - [2024-02-16T09:21:26.327+0000] {dagbag.py:538} INFO - Filling up the DagBag from /home/airflow/.local/lib/python3.8/site-packages/airflow/example_dags/tutorial_dag.py
[2024-02-16T09:21:26.331+0000] {processor.py:840} INFO - DAG(s) 'tutorial_dag' retrieved from /home/airflow/.local/lib/python3.8/site-packages/airflow/example_dags/tutorial_dag.py
[2024-02-16T09:21:26.351+0000] {logging_mixin.py:188} INFO - [2024-02-16T09:21:26.350+0000] {dag.py:3036} INFO - Sync 1 DAGs
[2024-02-16T09:21:26.361+0000] {logging_mixin.py:188} INFO - [2024-02-16T09:21:26.361+0000] {dag.py:3823} INFO - Setting next_dagrun for tutorial_dag to None, run_after=None
[2024-02-16T09:21:26.380+0000] {processor.py:183} INFO - Processing /home/airflow/.local/lib/python3.8/site-packages/airflow/example_dags/tutorial_dag.py took 0.058 seconds
[2024-02-16T09:21:56.983+0000] {processor.py:161} INFO - Started process (PID=996) to work on /home/airflow/.local/lib/python3.8/site-packages/airflow/example_dags/tutorial_dag.py
[2024-02-16T09:21:56.984+0000] {processor.py:830} INFO - Processing file /home/airflow/.local/lib/python3.8/site-packages/airflow/example_dags/tutorial_dag.py for tasks to queue
[2024-02-16T09:21:56.985+0000] {logging_mixin.py:188} INFO - [2024-02-16T09:21:56.985+0000] {dagbag.py:538} INFO - Filling up the DagBag from /home/airflow/.local/lib/python3.8/site-packages/airflow/example_dags/tutorial_dag.py
[2024-02-16T09:21:56.990+0000] {processor.py:840} INFO - DAG(s) 'tutorial_dag' retrieved from /home/airflow/.local/lib/python3.8/site-packages/airflow/example_dags/tutorial_dag.py
[2024-02-16T09:21:57.017+0000] {logging_mixin.py:188} INFO - [2024-02-16T09:21:57.016+0000] {dag.py:3036} INFO - Sync 1 DAGs
[2024-02-16T09:21:57.028+0000] {logging_mixin.py:188} INFO - [2024-02-16T09:21:57.028+0000] {dag.py:3823} INFO - Setting next_dagrun for tutorial_dag to None, run_after=None
[2024-02-16T09:21:57.051+0000] {processor.py:183} INFO - Processing /home/airflow/.local/lib/python3.8/site-packages/airflow/example_dags/tutorial_dag.py took 0.073 seconds
[2024-02-16T09:22:27.714+0000] {processor.py:161} INFO - Started process (PID=1243) to work on /home/airflow/.local/lib/python3.8/site-packages/airflow/example_dags/tutorial_dag.py
[2024-02-16T09:22:27.715+0000] {processor.py:830} INFO - Processing file /home/airflow/.local/lib/python3.8/site-packages/airflow/example_dags/tutorial_dag.py for tasks to queue
[2024-02-16T09:22:27.716+0000] {logging_mixin.py:188} INFO - [2024-02-16T09:22:27.716+0000] {dagbag.py:538} INFO - Filling up the DagBag from /home/airflow/.local/lib/python3.8/site-packages/airflow/example_dags/tutorial_dag.py
[2024-02-16T09:22:27.722+0000] {processor.py:840} INFO - DAG(s) 'tutorial_dag' retrieved from /home/airflow/.local/lib/python3.8/site-packages/airflow/example_dags/tutorial_dag.py
[2024-02-16T09:22:27.747+0000] {logging_mixin.py:188} INFO - [2024-02-16T09:22:27.747+0000] {dag.py:3036} INFO - Sync 1 DAGs
[2024-02-16T09:22:27.761+0000] {logging_mixin.py:188} INFO - [2024-02-16T09:22:27.761+0000] {dag.py:3823} INFO - Setting next_dagrun for tutorial_dag to None, run_after=None
[2024-02-16T09:22:27.789+0000] {processor.py:183} INFO - Processing /home/airflow/.local/lib/python3.8/site-packages/airflow/example_dags/tutorial_dag.py took 0.077 seconds
[2024-02-16T09:22:58.359+0000] {processor.py:161} INFO - Started process (PID=1492) to work on /home/airflow/.local/lib/python3.8/site-packages/airflow/example_dags/tutorial_dag.py
[2024-02-16T09:22:58.361+0000] {processor.py:830} INFO - Processing file /home/airflow/.local/lib/python3.8/site-packages/airflow/example_dags/tutorial_dag.py for tasks to queue
[2024-02-16T09:22:58.361+0000] {logging_mixin.py:188} INFO - [2024-02-16T09:22:58.361+0000] {dagbag.py:538} INFO - Filling up the DagBag from /home/airflow/.local/lib/python3.8/site-packages/airflow/example_dags/tutorial_dag.py
[2024-02-16T09:22:58.365+0000] {processor.py:840} INFO - DAG(s) 'tutorial_dag' retrieved from /home/airflow/.local/lib/python3.8/site-packages/airflow/example_dags/tutorial_dag.py
[2024-02-16T09:22:58.383+0000] {logging_mixin.py:188} INFO - [2024-02-16T09:22:58.383+0000] {dag.py:3036} INFO - Sync 1 DAGs
[2024-02-16T09:22:58.392+0000] {logging_mixin.py:188} INFO - [2024-02-16T09:22:58.392+0000] {dag.py:3823} INFO - Setting next_dagrun for tutorial_dag to None, run_after=None
[2024-02-16T09:22:58.408+0000] {processor.py:183} INFO - Processing /home/airflow/.local/lib/python3.8/site-packages/airflow/example_dags/tutorial_dag.py took 0.051 seconds
[2024-02-16T09:23:28.747+0000] {processor.py:161} INFO - Started process (PID=1736) to work on /home/airflow/.local/lib/python3.8/site-packages/airflow/example_dags/tutorial_dag.py
[2024-02-16T09:23:28.748+0000] {processor.py:830} INFO - Processing file /home/airflow/.local/lib/python3.8/site-packages/airflow/example_dags/tutorial_dag.py for tasks to queue
[2024-02-16T09:23:28.749+0000] {logging_mixin.py:188} INFO - [2024-02-16T09:23:28.749+0000] {dagbag.py:538} INFO - Filling up the DagBag from /home/airflow/.local/lib/python3.8/site-packages/airflow/example_dags/tutorial_dag.py
[2024-02-16T09:23:28.753+0000] {processor.py:840} INFO - DAG(s) 'tutorial_dag' retrieved from /home/airflow/.local/lib/python3.8/site-packages/airflow/example_dags/tutorial_dag.py
[2024-02-16T09:23:28.772+0000] {logging_mixin.py:188} INFO - [2024-02-16T09:23:28.772+0000] {dag.py:3036} INFO - Sync 1 DAGs
[2024-02-16T09:23:28.782+0000] {logging_mixin.py:188} INFO - [2024-02-16T09:23:28.782+0000] {dag.py:3823} INFO - Setting next_dagrun for tutorial_dag to None, run_after=None
[2024-02-16T09:23:28.802+0000] {processor.py:183} INFO - Processing /home/airflow/.local/lib/python3.8/site-packages/airflow/example_dags/tutorial_dag.py took 0.058 seconds
[2024-02-16T09:23:59.193+0000] {processor.py:161} INFO - Started process (PID=1985) to work on /home/airflow/.local/lib/python3.8/site-packages/airflow/example_dags/tutorial_dag.py
[2024-02-16T09:23:59.194+0000] {processor.py:830} INFO - Processing file /home/airflow/.local/lib/python3.8/site-packages/airflow/example_dags/tutorial_dag.py for tasks to queue
[2024-02-16T09:23:59.195+0000] {logging_mixin.py:188} INFO - [2024-02-16T09:23:59.195+0000] {dagbag.py:538} INFO - Filling up the DagBag from /home/airflow/.local/lib/python3.8/site-packages/airflow/example_dags/tutorial_dag.py
[2024-02-16T09:23:59.201+0000] {processor.py:840} INFO - DAG(s) 'tutorial_dag' retrieved from /home/airflow/.local/lib/python3.8/site-packages/airflow/example_dags/tutorial_dag.py
[2024-02-16T09:23:59.223+0000] {logging_mixin.py:188} INFO - [2024-02-16T09:23:59.223+0000] {dag.py:3036} INFO - Sync 1 DAGs
[2024-02-16T09:23:59.234+0000] {logging_mixin.py:188} INFO - [2024-02-16T09:23:59.234+0000] {dag.py:3823} INFO - Setting next_dagrun for tutorial_dag to None, run_after=None
[2024-02-16T09:23:59.254+0000] {processor.py:183} INFO - Processing /home/airflow/.local/lib/python3.8/site-packages/airflow/example_dags/tutorial_dag.py took 0.064 seconds
[2024-02-16T09:24:29.698+0000] {processor.py:161} INFO - Started process (PID=2231) to work on /home/airflow/.local/lib/python3.8/site-packages/airflow/example_dags/tutorial_dag.py
[2024-02-16T09:24:29.699+0000] {processor.py:830} INFO - Processing file /home/airflow/.local/lib/python3.8/site-packages/airflow/example_dags/tutorial_dag.py for tasks to queue
[2024-02-16T09:24:29.700+0000] {logging_mixin.py:188} INFO - [2024-02-16T09:24:29.700+0000] {dagbag.py:538} INFO - Filling up the DagBag from /home/airflow/.local/lib/python3.8/site-packages/airflow/example_dags/tutorial_dag.py
[2024-02-16T09:24:29.704+0000] {processor.py:840} INFO - DAG(s) 'tutorial_dag' retrieved from /home/airflow/.local/lib/python3.8/site-packages/airflow/example_dags/tutorial_dag.py
[2024-02-16T09:24:29.726+0000] {logging_mixin.py:188} INFO - [2024-02-16T09:24:29.725+0000] {dag.py:3036} INFO - Sync 1 DAGs
[2024-02-16T09:24:29.738+0000] {logging_mixin.py:188} INFO - [2024-02-16T09:24:29.738+0000] {dag.py:3823} INFO - Setting next_dagrun for tutorial_dag to None, run_after=None
[2024-02-16T09:24:29.760+0000] {processor.py:183} INFO - Processing /home/airflow/.local/lib/python3.8/site-packages/airflow/example_dags/tutorial_dag.py took 0.065 seconds
[2024-02-16T09:25:00.090+0000] {processor.py:161} INFO - Started process (PID=2476) to work on /home/airflow/.local/lib/python3.8/site-packages/airflow/example_dags/tutorial_dag.py
[2024-02-16T09:25:00.092+0000] {processor.py:830} INFO - Processing file /home/airflow/.local/lib/python3.8/site-packages/airflow/example_dags/tutorial_dag.py for tasks to queue
[2024-02-16T09:25:00.092+0000] {logging_mixin.py:188} INFO - [2024-02-16T09:25:00.092+0000] {dagbag.py:538} INFO - Filling up the DagBag from /home/airflow/.local/lib/python3.8/site-packages/airflow/example_dags/tutorial_dag.py
[2024-02-16T09:25:00.097+0000] {processor.py:840} INFO - DAG(s) 'tutorial_dag' retrieved from /home/airflow/.local/lib/python3.8/site-packages/airflow/example_dags/tutorial_dag.py
[2024-02-16T09:25:00.115+0000] {logging_mixin.py:188} INFO - [2024-02-16T09:25:00.115+0000] {dag.py:3036} INFO - Sync 1 DAGs
[2024-02-16T09:25:00.125+0000] {logging_mixin.py:188} INFO - [2024-02-16T09:25:00.125+0000] {dag.py:3823} INFO - Setting next_dagrun for tutorial_dag to None, run_after=None
[2024-02-16T09:25:00.143+0000] {processor.py:183} INFO - Processing /home/airflow/.local/lib/python3.8/site-packages/airflow/example_dags/tutorial_dag.py took 0.055 seconds
[2024-02-16T09:25:30.592+0000] {processor.py:161} INFO - Started process (PID=2722) to work on /home/airflow/.local/lib/python3.8/site-packages/airflow/example_dags/tutorial_dag.py
[2024-02-16T09:25:30.594+0000] {processor.py:830} INFO - Processing file /home/airflow/.local/lib/python3.8/site-packages/airflow/example_dags/tutorial_dag.py for tasks to queue
[2024-02-16T09:25:30.594+0000] {logging_mixin.py:188} INFO - [2024-02-16T09:25:30.594+0000] {dagbag.py:538} INFO - Filling up the DagBag from /home/airflow/.local/lib/python3.8/site-packages/airflow/example_dags/tutorial_dag.py
[2024-02-16T09:25:30.599+0000] {processor.py:840} INFO - DAG(s) 'tutorial_dag' retrieved from /home/airflow/.local/lib/python3.8/site-packages/airflow/example_dags/tutorial_dag.py
[2024-02-16T09:25:30.618+0000] {logging_mixin.py:188} INFO - [2024-02-16T09:25:30.618+0000] {dag.py:3036} INFO - Sync 1 DAGs
[2024-02-16T09:25:30.629+0000] {logging_mixin.py:188} INFO - [2024-02-16T09:25:30.629+0000] {dag.py:3823} INFO - Setting next_dagrun for tutorial_dag to None, run_after=None
[2024-02-16T09:25:30.650+0000] {processor.py:183} INFO - Processing /home/airflow/.local/lib/python3.8/site-packages/airflow/example_dags/tutorial_dag.py took 0.060 seconds
[2024-02-16T09:26:01.049+0000] {processor.py:161} INFO - Started process (PID=2969) to work on /home/airflow/.local/lib/python3.8/site-packages/airflow/example_dags/tutorial_dag.py
[2024-02-16T09:26:01.051+0000] {processor.py:830} INFO - Processing file /home/airflow/.local/lib/python3.8/site-packages/airflow/example_dags/tutorial_dag.py for tasks to queue
[2024-02-16T09:26:01.052+0000] {logging_mixin.py:188} INFO - [2024-02-16T09:26:01.051+0000] {dagbag.py:538} INFO - Filling up the DagBag from /home/airflow/.local/lib/python3.8/site-packages/airflow/example_dags/tutorial_dag.py
[2024-02-16T09:26:01.056+0000] {processor.py:840} INFO - DAG(s) 'tutorial_dag' retrieved from /home/airflow/.local/lib/python3.8/site-packages/airflow/example_dags/tutorial_dag.py
[2024-02-16T09:26:01.080+0000] {logging_mixin.py:188} INFO - [2024-02-16T09:26:01.079+0000] {dag.py:3036} INFO - Sync 1 DAGs
[2024-02-16T09:26:01.093+0000] {logging_mixin.py:188} INFO - [2024-02-16T09:26:01.092+0000] {dag.py:3823} INFO - Setting next_dagrun for tutorial_dag to None, run_after=None
[2024-02-16T09:26:01.115+0000] {processor.py:183} INFO - Processing /home/airflow/.local/lib/python3.8/site-packages/airflow/example_dags/tutorial_dag.py took 0.070 seconds
[2024-02-16T09:26:32.125+0000] {processor.py:161} INFO - Started process (PID=3220) to work on /home/airflow/.local/lib/python3.8/site-packages/airflow/example_dags/tutorial_dag.py
[2024-02-16T09:26:32.126+0000] {processor.py:830} INFO - Processing file /home/airflow/.local/lib/python3.8/site-packages/airflow/example_dags/tutorial_dag.py for tasks to queue
[2024-02-16T09:26:32.127+0000] {logging_mixin.py:188} INFO - [2024-02-16T09:26:32.127+0000] {dagbag.py:538} INFO - Filling up the DagBag from /home/airflow/.local/lib/python3.8/site-packages/airflow/example_dags/tutorial_dag.py
[2024-02-16T09:26:32.132+0000] {processor.py:840} INFO - DAG(s) 'tutorial_dag' retrieved from /home/airflow/.local/lib/python3.8/site-packages/airflow/example_dags/tutorial_dag.py
[2024-02-16T09:26:32.152+0000] {logging_mixin.py:188} INFO - [2024-02-16T09:26:32.152+0000] {dag.py:3036} INFO - Sync 1 DAGs
[2024-02-16T09:26:32.163+0000] {logging_mixin.py:188} INFO - [2024-02-16T09:26:32.163+0000] {dag.py:3823} INFO - Setting next_dagrun for tutorial_dag to None, run_after=None
[2024-02-16T09:26:32.184+0000] {processor.py:183} INFO - Processing /home/airflow/.local/lib/python3.8/site-packages/airflow/example_dags/tutorial_dag.py took 0.062 seconds
[2024-02-16T09:27:02.601+0000] {processor.py:161} INFO - Started process (PID=3467) to work on /home/airflow/.local/lib/python3.8/site-packages/airflow/example_dags/tutorial_dag.py
[2024-02-16T09:27:02.602+0000] {processor.py:830} INFO - Processing file /home/airflow/.local/lib/python3.8/site-packages/airflow/example_dags/tutorial_dag.py for tasks to queue
[2024-02-16T09:27:02.603+0000] {logging_mixin.py:188} INFO - [2024-02-16T09:27:02.603+0000] {dagbag.py:538} INFO - Filling up the DagBag from /home/airflow/.local/lib/python3.8/site-packages/airflow/example_dags/tutorial_dag.py
[2024-02-16T09:27:02.608+0000] {processor.py:840} INFO - DAG(s) 'tutorial_dag' retrieved from /home/airflow/.local/lib/python3.8/site-packages/airflow/example_dags/tutorial_dag.py
[2024-02-16T09:27:02.627+0000] {logging_mixin.py:188} INFO - [2024-02-16T09:27:02.627+0000] {dag.py:3036} INFO - Sync 1 DAGs
[2024-02-16T09:27:02.637+0000] {logging_mixin.py:188} INFO - [2024-02-16T09:27:02.637+0000] {dag.py:3823} INFO - Setting next_dagrun for tutorial_dag to None, run_after=None
[2024-02-16T09:27:02.656+0000] {processor.py:183} INFO - Processing /home/airflow/.local/lib/python3.8/site-packages/airflow/example_dags/tutorial_dag.py took 0.058 seconds
[2024-02-16T09:27:33.114+0000] {processor.py:161} INFO - Started process (PID=3715) to work on /home/airflow/.local/lib/python3.8/site-packages/airflow/example_dags/tutorial_dag.py
[2024-02-16T09:27:33.116+0000] {processor.py:830} INFO - Processing file /home/airflow/.local/lib/python3.8/site-packages/airflow/example_dags/tutorial_dag.py for tasks to queue
[2024-02-16T09:27:33.117+0000] {logging_mixin.py:188} INFO - [2024-02-16T09:27:33.116+0000] {dagbag.py:538} INFO - Filling up the DagBag from /home/airflow/.local/lib/python3.8/site-packages/airflow/example_dags/tutorial_dag.py
[2024-02-16T09:27:33.121+0000] {processor.py:840} INFO - DAG(s) 'tutorial_dag' retrieved from /home/airflow/.local/lib/python3.8/site-packages/airflow/example_dags/tutorial_dag.py
[2024-02-16T09:27:33.140+0000] {logging_mixin.py:188} INFO - [2024-02-16T09:27:33.140+0000] {dag.py:3036} INFO - Sync 1 DAGs
[2024-02-16T09:27:33.150+0000] {logging_mixin.py:188} INFO - [2024-02-16T09:27:33.150+0000] {dag.py:3823} INFO - Setting next_dagrun for tutorial_dag to None, run_after=None
[2024-02-16T09:27:33.170+0000] {processor.py:183} INFO - Processing /home/airflow/.local/lib/python3.8/site-packages/airflow/example_dags/tutorial_dag.py took 0.058 seconds
[2024-02-16T09:28:03.566+0000] {processor.py:161} INFO - Started process (PID=3964) to work on /home/airflow/.local/lib/python3.8/site-packages/airflow/example_dags/tutorial_dag.py
[2024-02-16T09:28:03.567+0000] {processor.py:830} INFO - Processing file /home/airflow/.local/lib/python3.8/site-packages/airflow/example_dags/tutorial_dag.py for tasks to queue
[2024-02-16T09:28:03.568+0000] {logging_mixin.py:188} INFO - [2024-02-16T09:28:03.568+0000] {dagbag.py:538} INFO - Filling up the DagBag from /home/airflow/.local/lib/python3.8/site-packages/airflow/example_dags/tutorial_dag.py
[2024-02-16T09:28:03.572+0000] {processor.py:840} INFO - DAG(s) 'tutorial_dag' retrieved from /home/airflow/.local/lib/python3.8/site-packages/airflow/example_dags/tutorial_dag.py
[2024-02-16T09:28:03.592+0000] {logging_mixin.py:188} INFO - [2024-02-16T09:28:03.591+0000] {dag.py:3036} INFO - Sync 1 DAGs
[2024-02-16T09:28:03.602+0000] {logging_mixin.py:188} INFO - [2024-02-16T09:28:03.601+0000] {dag.py:3823} INFO - Setting next_dagrun for tutorial_dag to None, run_after=None
[2024-02-16T09:28:03.621+0000] {processor.py:183} INFO - Processing /home/airflow/.local/lib/python3.8/site-packages/airflow/example_dags/tutorial_dag.py took 0.058 seconds
[2024-02-16T09:28:33.904+0000] {processor.py:161} INFO - Started process (PID=4208) to work on /home/airflow/.local/lib/python3.8/site-packages/airflow/example_dags/tutorial_dag.py
[2024-02-16T09:28:33.905+0000] {processor.py:830} INFO - Processing file /home/airflow/.local/lib/python3.8/site-packages/airflow/example_dags/tutorial_dag.py for tasks to queue
[2024-02-16T09:28:33.905+0000] {logging_mixin.py:188} INFO - [2024-02-16T09:28:33.905+0000] {dagbag.py:538} INFO - Filling up the DagBag from /home/airflow/.local/lib/python3.8/site-packages/airflow/example_dags/tutorial_dag.py
[2024-02-16T09:28:33.910+0000] {processor.py:840} INFO - DAG(s) 'tutorial_dag' retrieved from /home/airflow/.local/lib/python3.8/site-packages/airflow/example_dags/tutorial_dag.py
[2024-02-16T09:28:33.928+0000] {logging_mixin.py:188} INFO - [2024-02-16T09:28:33.928+0000] {dag.py:3036} INFO - Sync 1 DAGs
[2024-02-16T09:28:33.938+0000] {logging_mixin.py:188} INFO - [2024-02-16T09:28:33.937+0000] {dag.py:3823} INFO - Setting next_dagrun for tutorial_dag to None, run_after=None
[2024-02-16T09:28:33.957+0000] {processor.py:183} INFO - Processing /home/airflow/.local/lib/python3.8/site-packages/airflow/example_dags/tutorial_dag.py took 0.056 seconds
[2024-02-16T09:29:04.307+0000] {processor.py:161} INFO - Started process (PID=4455) to work on /home/airflow/.local/lib/python3.8/site-packages/airflow/example_dags/tutorial_dag.py
[2024-02-16T09:29:04.308+0000] {processor.py:830} INFO - Processing file /home/airflow/.local/lib/python3.8/site-packages/airflow/example_dags/tutorial_dag.py for tasks to queue
[2024-02-16T09:29:04.309+0000] {logging_mixin.py:188} INFO - [2024-02-16T09:29:04.309+0000] {dagbag.py:538} INFO - Filling up the DagBag from /home/airflow/.local/lib/python3.8/site-packages/airflow/example_dags/tutorial_dag.py
[2024-02-16T09:29:04.314+0000] {processor.py:840} INFO - DAG(s) 'tutorial_dag' retrieved from /home/airflow/.local/lib/python3.8/site-packages/airflow/example_dags/tutorial_dag.py
[2024-02-16T09:29:04.333+0000] {logging_mixin.py:188} INFO - [2024-02-16T09:29:04.332+0000] {dag.py:3036} INFO - Sync 1 DAGs
[2024-02-16T09:29:04.342+0000] {logging_mixin.py:188} INFO - [2024-02-16T09:29:04.342+0000] {dag.py:3823} INFO - Setting next_dagrun for tutorial_dag to None, run_after=None
[2024-02-16T09:29:04.362+0000] {processor.py:183} INFO - Processing /home/airflow/.local/lib/python3.8/site-packages/airflow/example_dags/tutorial_dag.py took 0.058 seconds
[2024-02-16T09:29:34.779+0000] {processor.py:161} INFO - Started process (PID=4701) to work on /home/airflow/.local/lib/python3.8/site-packages/airflow/example_dags/tutorial_dag.py
[2024-02-16T09:29:34.780+0000] {processor.py:830} INFO - Processing file /home/airflow/.local/lib/python3.8/site-packages/airflow/example_dags/tutorial_dag.py for tasks to queue
[2024-02-16T09:29:34.781+0000] {logging_mixin.py:188} INFO - [2024-02-16T09:29:34.780+0000] {dagbag.py:538} INFO - Filling up the DagBag from /home/airflow/.local/lib/python3.8/site-packages/airflow/example_dags/tutorial_dag.py
[2024-02-16T09:29:34.785+0000] {processor.py:840} INFO - DAG(s) 'tutorial_dag' retrieved from /home/airflow/.local/lib/python3.8/site-packages/airflow/example_dags/tutorial_dag.py
[2024-02-16T09:29:34.809+0000] {logging_mixin.py:188} INFO - [2024-02-16T09:29:34.809+0000] {dag.py:3036} INFO - Sync 1 DAGs
[2024-02-16T09:29:34.819+0000] {logging_mixin.py:188} INFO - [2024-02-16T09:29:34.819+0000] {dag.py:3823} INFO - Setting next_dagrun for tutorial_dag to None, run_after=None
[2024-02-16T09:29:34.849+0000] {processor.py:183} INFO - Processing /home/airflow/.local/lib/python3.8/site-packages/airflow/example_dags/tutorial_dag.py took 0.073 seconds
[2024-02-16T09:30:05.525+0000] {processor.py:161} INFO - Started process (PID=4956) to work on /home/airflow/.local/lib/python3.8/site-packages/airflow/example_dags/tutorial_dag.py
[2024-02-16T09:30:05.527+0000] {processor.py:830} INFO - Processing file /home/airflow/.local/lib/python3.8/site-packages/airflow/example_dags/tutorial_dag.py for tasks to queue
[2024-02-16T09:30:05.528+0000] {logging_mixin.py:188} INFO - [2024-02-16T09:30:05.527+0000] {dagbag.py:538} INFO - Filling up the DagBag from /home/airflow/.local/lib/python3.8/site-packages/airflow/example_dags/tutorial_dag.py
[2024-02-16T09:30:05.533+0000] {processor.py:840} INFO - DAG(s) 'tutorial_dag' retrieved from /home/airflow/.local/lib/python3.8/site-packages/airflow/example_dags/tutorial_dag.py
[2024-02-16T09:30:05.557+0000] {logging_mixin.py:188} INFO - [2024-02-16T09:30:05.556+0000] {dag.py:3036} INFO - Sync 1 DAGs
[2024-02-16T09:30:05.570+0000] {logging_mixin.py:188} INFO - [2024-02-16T09:30:05.570+0000] {dag.py:3823} INFO - Setting next_dagrun for tutorial_dag to None, run_after=None
[2024-02-16T09:30:05.594+0000] {processor.py:183} INFO - Processing /home/airflow/.local/lib/python3.8/site-packages/airflow/example_dags/tutorial_dag.py took 0.071 seconds
[2024-02-16T09:30:35.896+0000] {processor.py:161} INFO - Started process (PID=5373) to work on /home/airflow/.local/lib/python3.8/site-packages/airflow/example_dags/tutorial_dag.py
[2024-02-16T09:30:35.898+0000] {processor.py:830} INFO - Processing file /home/airflow/.local/lib/python3.8/site-packages/airflow/example_dags/tutorial_dag.py for tasks to queue
[2024-02-16T09:30:35.898+0000] {logging_mixin.py:188} INFO - [2024-02-16T09:30:35.898+0000] {dagbag.py:538} INFO - Filling up the DagBag from /home/airflow/.local/lib/python3.8/site-packages/airflow/example_dags/tutorial_dag.py
[2024-02-16T09:30:35.903+0000] {processor.py:840} INFO - DAG(s) 'tutorial_dag' retrieved from /home/airflow/.local/lib/python3.8/site-packages/airflow/example_dags/tutorial_dag.py
[2024-02-16T09:30:35.926+0000] {logging_mixin.py:188} INFO - [2024-02-16T09:30:35.926+0000] {dag.py:3036} INFO - Sync 1 DAGs
[2024-02-16T09:30:35.938+0000] {logging_mixin.py:188} INFO - [2024-02-16T09:30:35.938+0000] {dag.py:3823} INFO - Setting next_dagrun for tutorial_dag to None, run_after=None
[2024-02-16T09:30:35.960+0000] {processor.py:183} INFO - Processing /home/airflow/.local/lib/python3.8/site-packages/airflow/example_dags/tutorial_dag.py took 0.067 seconds
[2024-02-16T09:31:06.228+0000] {processor.py:161} INFO - Started process (PID=5619) to work on /home/airflow/.local/lib/python3.8/site-packages/airflow/example_dags/tutorial_dag.py
[2024-02-16T09:31:06.230+0000] {processor.py:830} INFO - Processing file /home/airflow/.local/lib/python3.8/site-packages/airflow/example_dags/tutorial_dag.py for tasks to queue
[2024-02-16T09:31:06.230+0000] {logging_mixin.py:188} INFO - [2024-02-16T09:31:06.230+0000] {dagbag.py:538} INFO - Filling up the DagBag from /home/airflow/.local/lib/python3.8/site-packages/airflow/example_dags/tutorial_dag.py
[2024-02-16T09:31:06.235+0000] {processor.py:840} INFO - DAG(s) 'tutorial_dag' retrieved from /home/airflow/.local/lib/python3.8/site-packages/airflow/example_dags/tutorial_dag.py
[2024-02-16T09:31:06.254+0000] {logging_mixin.py:188} INFO - [2024-02-16T09:31:06.254+0000] {dag.py:3036} INFO - Sync 1 DAGs
[2024-02-16T09:31:06.264+0000] {logging_mixin.py:188} INFO - [2024-02-16T09:31:06.264+0000] {dag.py:3823} INFO - Setting next_dagrun for tutorial_dag to None, run_after=None
[2024-02-16T09:31:06.283+0000] {processor.py:183} INFO - Processing /home/airflow/.local/lib/python3.8/site-packages/airflow/example_dags/tutorial_dag.py took 0.058 seconds
[2024-02-16T09:31:36.670+0000] {processor.py:161} INFO - Started process (PID=5866) to work on /home/airflow/.local/lib/python3.8/site-packages/airflow/example_dags/tutorial_dag.py
[2024-02-16T09:31:36.671+0000] {processor.py:830} INFO - Processing file /home/airflow/.local/lib/python3.8/site-packages/airflow/example_dags/tutorial_dag.py for tasks to queue
[2024-02-16T09:31:36.672+0000] {logging_mixin.py:188} INFO - [2024-02-16T09:31:36.672+0000] {dagbag.py:538} INFO - Filling up the DagBag from /home/airflow/.local/lib/python3.8/site-packages/airflow/example_dags/tutorial_dag.py
[2024-02-16T09:31:36.676+0000] {processor.py:840} INFO - DAG(s) 'tutorial_dag' retrieved from /home/airflow/.local/lib/python3.8/site-packages/airflow/example_dags/tutorial_dag.py
[2024-02-16T09:31:36.696+0000] {logging_mixin.py:188} INFO - [2024-02-16T09:31:36.696+0000] {dag.py:3036} INFO - Sync 1 DAGs
[2024-02-16T09:31:36.706+0000] {logging_mixin.py:188} INFO - [2024-02-16T09:31:36.706+0000] {dag.py:3823} INFO - Setting next_dagrun for tutorial_dag to None, run_after=None
[2024-02-16T09:31:36.727+0000] {processor.py:183} INFO - Processing /home/airflow/.local/lib/python3.8/site-packages/airflow/example_dags/tutorial_dag.py took 0.060 seconds
[2024-02-16T09:32:07.112+0000] {processor.py:161} INFO - Started process (PID=6112) to work on /home/airflow/.local/lib/python3.8/site-packages/airflow/example_dags/tutorial_dag.py
[2024-02-16T09:32:07.114+0000] {processor.py:830} INFO - Processing file /home/airflow/.local/lib/python3.8/site-packages/airflow/example_dags/tutorial_dag.py for tasks to queue
[2024-02-16T09:32:07.115+0000] {logging_mixin.py:188} INFO - [2024-02-16T09:32:07.115+0000] {dagbag.py:538} INFO - Filling up the DagBag from /home/airflow/.local/lib/python3.8/site-packages/airflow/example_dags/tutorial_dag.py
[2024-02-16T09:32:07.119+0000] {processor.py:840} INFO - DAG(s) 'tutorial_dag' retrieved from /home/airflow/.local/lib/python3.8/site-packages/airflow/example_dags/tutorial_dag.py
[2024-02-16T09:32:07.139+0000] {logging_mixin.py:188} INFO - [2024-02-16T09:32:07.139+0000] {dag.py:3036} INFO - Sync 1 DAGs
[2024-02-16T09:32:07.149+0000] {logging_mixin.py:188} INFO - [2024-02-16T09:32:07.148+0000] {dag.py:3823} INFO - Setting next_dagrun for tutorial_dag to None, run_after=None
[2024-02-16T09:32:07.168+0000] {processor.py:183} INFO - Processing /home/airflow/.local/lib/python3.8/site-packages/airflow/example_dags/tutorial_dag.py took 0.059 seconds
[2024-02-16T09:32:37.651+0000] {processor.py:161} INFO - Started process (PID=6359) to work on /home/airflow/.local/lib/python3.8/site-packages/airflow/example_dags/tutorial_dag.py
[2024-02-16T09:32:37.653+0000] {processor.py:830} INFO - Processing file /home/airflow/.local/lib/python3.8/site-packages/airflow/example_dags/tutorial_dag.py for tasks to queue
[2024-02-16T09:32:37.654+0000] {logging_mixin.py:188} INFO - [2024-02-16T09:32:37.653+0000] {dagbag.py:538} INFO - Filling up the DagBag from /home/airflow/.local/lib/python3.8/site-packages/airflow/example_dags/tutorial_dag.py
[2024-02-16T09:32:37.658+0000] {processor.py:840} INFO - DAG(s) 'tutorial_dag' retrieved from /home/airflow/.local/lib/python3.8/site-packages/airflow/example_dags/tutorial_dag.py
[2024-02-16T09:32:37.679+0000] {logging_mixin.py:188} INFO - [2024-02-16T09:32:37.678+0000] {dag.py:3036} INFO - Sync 1 DAGs
[2024-02-16T09:32:37.688+0000] {logging_mixin.py:188} INFO - [2024-02-16T09:32:37.688+0000] {dag.py:3823} INFO - Setting next_dagrun for tutorial_dag to None, run_after=None
[2024-02-16T09:32:37.710+0000] {processor.py:183} INFO - Processing /home/airflow/.local/lib/python3.8/site-packages/airflow/example_dags/tutorial_dag.py took 0.062 seconds
[2024-02-16T09:33:08.282+0000] {processor.py:161} INFO - Started process (PID=6606) to work on /home/airflow/.local/lib/python3.8/site-packages/airflow/example_dags/tutorial_dag.py
[2024-02-16T09:33:08.283+0000] {processor.py:830} INFO - Processing file /home/airflow/.local/lib/python3.8/site-packages/airflow/example_dags/tutorial_dag.py for tasks to queue
[2024-02-16T09:33:08.284+0000] {logging_mixin.py:188} INFO - [2024-02-16T09:33:08.284+0000] {dagbag.py:538} INFO - Filling up the DagBag from /home/airflow/.local/lib/python3.8/site-packages/airflow/example_dags/tutorial_dag.py
[2024-02-16T09:33:08.288+0000] {processor.py:840} INFO - DAG(s) 'tutorial_dag' retrieved from /home/airflow/.local/lib/python3.8/site-packages/airflow/example_dags/tutorial_dag.py
[2024-02-16T09:33:08.309+0000] {logging_mixin.py:188} INFO - [2024-02-16T09:33:08.309+0000] {dag.py:3036} INFO - Sync 1 DAGs
[2024-02-16T09:33:08.319+0000] {logging_mixin.py:188} INFO - [2024-02-16T09:33:08.319+0000] {dag.py:3823} INFO - Setting next_dagrun for tutorial_dag to None, run_after=None
[2024-02-16T09:33:08.340+0000] {processor.py:183} INFO - Processing /home/airflow/.local/lib/python3.8/site-packages/airflow/example_dags/tutorial_dag.py took 0.061 seconds
[2024-02-16T09:33:38.823+0000] {processor.py:161} INFO - Started process (PID=6853) to work on /home/airflow/.local/lib/python3.8/site-packages/airflow/example_dags/tutorial_dag.py
[2024-02-16T09:33:38.825+0000] {processor.py:830} INFO - Processing file /home/airflow/.local/lib/python3.8/site-packages/airflow/example_dags/tutorial_dag.py for tasks to queue
[2024-02-16T09:33:38.825+0000] {logging_mixin.py:188} INFO - [2024-02-16T09:33:38.825+0000] {dagbag.py:538} INFO - Filling up the DagBag from /home/airflow/.local/lib/python3.8/site-packages/airflow/example_dags/tutorial_dag.py
[2024-02-16T09:33:38.829+0000] {processor.py:840} INFO - DAG(s) 'tutorial_dag' retrieved from /home/airflow/.local/lib/python3.8/site-packages/airflow/example_dags/tutorial_dag.py
[2024-02-16T09:33:38.849+0000] {logging_mixin.py:188} INFO - [2024-02-16T09:33:38.849+0000] {dag.py:3036} INFO - Sync 1 DAGs
[2024-02-16T09:33:38.858+0000] {logging_mixin.py:188} INFO - [2024-02-16T09:33:38.858+0000] {dag.py:3823} INFO - Setting next_dagrun for tutorial_dag to None, run_after=None
[2024-02-16T09:33:38.878+0000] {processor.py:183} INFO - Processing /home/airflow/.local/lib/python3.8/site-packages/airflow/example_dags/tutorial_dag.py took 0.058 seconds
[2024-02-16T09:34:09.200+0000] {processor.py:161} INFO - Started process (PID=7100) to work on /home/airflow/.local/lib/python3.8/site-packages/airflow/example_dags/tutorial_dag.py
[2024-02-16T09:34:09.202+0000] {processor.py:830} INFO - Processing file /home/airflow/.local/lib/python3.8/site-packages/airflow/example_dags/tutorial_dag.py for tasks to queue
[2024-02-16T09:34:09.202+0000] {logging_mixin.py:188} INFO - [2024-02-16T09:34:09.202+0000] {dagbag.py:538} INFO - Filling up the DagBag from /home/airflow/.local/lib/python3.8/site-packages/airflow/example_dags/tutorial_dag.py
[2024-02-16T09:34:09.206+0000] {processor.py:840} INFO - DAG(s) 'tutorial_dag' retrieved from /home/airflow/.local/lib/python3.8/site-packages/airflow/example_dags/tutorial_dag.py
[2024-02-16T09:34:09.225+0000] {logging_mixin.py:188} INFO - [2024-02-16T09:34:09.225+0000] {dag.py:3036} INFO - Sync 1 DAGs
[2024-02-16T09:34:09.237+0000] {logging_mixin.py:188} INFO - [2024-02-16T09:34:09.237+0000] {dag.py:3823} INFO - Setting next_dagrun for tutorial_dag to None, run_after=None
[2024-02-16T09:34:09.255+0000] {processor.py:183} INFO - Processing /home/airflow/.local/lib/python3.8/site-packages/airflow/example_dags/tutorial_dag.py took 0.058 seconds
[2024-02-16T09:38:03.821+0000] {processor.py:161} INFO - Started process (PID=255) to work on /home/airflow/.local/lib/python3.8/site-packages/airflow/example_dags/tutorial_dag.py
[2024-02-16T09:38:03.822+0000] {processor.py:830} INFO - Processing file /home/airflow/.local/lib/python3.8/site-packages/airflow/example_dags/tutorial_dag.py for tasks to queue
[2024-02-16T09:38:03.823+0000] {logging_mixin.py:188} INFO - [2024-02-16T09:38:03.823+0000] {dagbag.py:538} INFO - Filling up the DagBag from /home/airflow/.local/lib/python3.8/site-packages/airflow/example_dags/tutorial_dag.py
[2024-02-16T09:38:03.828+0000] {processor.py:840} INFO - DAG(s) 'tutorial_dag' retrieved from /home/airflow/.local/lib/python3.8/site-packages/airflow/example_dags/tutorial_dag.py
[2024-02-16T09:38:03.843+0000] {logging_mixin.py:188} INFO - [2024-02-16T09:38:03.843+0000] {dag.py:3036} INFO - Sync 1 DAGs
[2024-02-16T09:38:03.859+0000] {logging_mixin.py:188} INFO - [2024-02-16T09:38:03.858+0000] {dag.py:3823} INFO - Setting next_dagrun for tutorial_dag to None, run_after=None
[2024-02-16T09:38:03.882+0000] {processor.py:183} INFO - Processing /home/airflow/.local/lib/python3.8/site-packages/airflow/example_dags/tutorial_dag.py took 0.065 seconds
[2024-02-16T09:38:34.858+0000] {processor.py:161} INFO - Started process (PID=502) to work on /home/airflow/.local/lib/python3.8/site-packages/airflow/example_dags/tutorial_dag.py
[2024-02-16T09:38:34.859+0000] {processor.py:830} INFO - Processing file /home/airflow/.local/lib/python3.8/site-packages/airflow/example_dags/tutorial_dag.py for tasks to queue
[2024-02-16T09:38:34.860+0000] {logging_mixin.py:188} INFO - [2024-02-16T09:38:34.859+0000] {dagbag.py:538} INFO - Filling up the DagBag from /home/airflow/.local/lib/python3.8/site-packages/airflow/example_dags/tutorial_dag.py
[2024-02-16T09:38:34.864+0000] {processor.py:840} INFO - DAG(s) 'tutorial_dag' retrieved from /home/airflow/.local/lib/python3.8/site-packages/airflow/example_dags/tutorial_dag.py
[2024-02-16T09:38:34.946+0000] {logging_mixin.py:188} INFO - [2024-02-16T09:38:34.945+0000] {dag.py:3036} INFO - Sync 1 DAGs
[2024-02-16T09:38:34.954+0000] {logging_mixin.py:188} INFO - [2024-02-16T09:38:34.954+0000] {dag.py:3823} INFO - Setting next_dagrun for tutorial_dag to None, run_after=None
[2024-02-16T09:38:34.974+0000] {processor.py:183} INFO - Processing /home/airflow/.local/lib/python3.8/site-packages/airflow/example_dags/tutorial_dag.py took 0.119 seconds
