[2024-02-16T09:20:23.291+0000] {processor.py:161} INFO - Started process (PID=176) to work on /home/airflow/.local/lib/python3.8/site-packages/airflow/example_dags/tutorial.py
[2024-02-16T09:20:23.293+0000] {processor.py:830} INFO - Processing file /home/airflow/.local/lib/python3.8/site-packages/airflow/example_dags/tutorial.py for tasks to queue
[2024-02-16T09:20:23.293+0000] {logging_mixin.py:188} INFO - [2024-02-16T09:20:23.293+0000] {dagbag.py:538} INFO - Filling up the DagBag from /home/airflow/.local/lib/python3.8/site-packages/airflow/example_dags/tutorial.py
[2024-02-16T09:20:23.309+0000] {processor.py:840} INFO - DAG(s) 'tutorial' retrieved from /home/airflow/.local/lib/python3.8/site-packages/airflow/example_dags/tutorial.py
[2024-02-16T09:20:23.522+0000] {logging_mixin.py:188} INFO - [2024-02-16T09:20:23.521+0000] {override.py:1769} INFO - Created Permission View: can delete on DAG:tutorial
[2024-02-16T09:20:23.535+0000] {logging_mixin.py:188} INFO - [2024-02-16T09:20:23.535+0000] {override.py:1769} INFO - Created Permission View: can edit on DAG:tutorial
[2024-02-16T09:20:23.543+0000] {logging_mixin.py:188} INFO - [2024-02-16T09:20:23.543+0000] {override.py:1769} INFO - Created Permission View: can read on DAG:tutorial
[2024-02-16T09:20:23.543+0000] {logging_mixin.py:188} INFO - [2024-02-16T09:20:23.543+0000] {dag.py:3036} INFO - Sync 1 DAGs
[2024-02-16T09:20:23.556+0000] {logging_mixin.py:188} INFO - [2024-02-16T09:20:23.555+0000] {dag.py:3058} INFO - Creating ORM DAG for tutorial
[2024-02-16T09:20:23.567+0000] {logging_mixin.py:188} INFO - [2024-02-16T09:20:23.567+0000] {dag.py:3823} INFO - Setting next_dagrun for tutorial to 2024-02-15 00:00:00+00:00, run_after=2024-02-16 00:00:00+00:00
[2024-02-16T09:20:23.589+0000] {processor.py:183} INFO - Processing /home/airflow/.local/lib/python3.8/site-packages/airflow/example_dags/tutorial.py took 0.301 seconds
[2024-02-16T09:20:53.988+0000] {processor.py:161} INFO - Started process (PID=421) to work on /home/airflow/.local/lib/python3.8/site-packages/airflow/example_dags/tutorial.py
[2024-02-16T09:20:53.989+0000] {processor.py:830} INFO - Processing file /home/airflow/.local/lib/python3.8/site-packages/airflow/example_dags/tutorial.py for tasks to queue
[2024-02-16T09:20:53.990+0000] {logging_mixin.py:188} INFO - [2024-02-16T09:20:53.990+0000] {dagbag.py:538} INFO - Filling up the DagBag from /home/airflow/.local/lib/python3.8/site-packages/airflow/example_dags/tutorial.py
[2024-02-16T09:20:53.995+0000] {processor.py:840} INFO - DAG(s) 'tutorial' retrieved from /home/airflow/.local/lib/python3.8/site-packages/airflow/example_dags/tutorial.py
[2024-02-16T09:20:54.014+0000] {logging_mixin.py:188} INFO - [2024-02-16T09:20:54.014+0000] {dag.py:3036} INFO - Sync 1 DAGs
[2024-02-16T09:20:54.033+0000] {logging_mixin.py:188} INFO - [2024-02-16T09:20:54.033+0000] {dag.py:3823} INFO - Setting next_dagrun for tutorial to 2024-02-15 00:00:00+00:00, run_after=2024-02-16 00:00:00+00:00
[2024-02-16T09:20:54.053+0000] {processor.py:183} INFO - Processing /home/airflow/.local/lib/python3.8/site-packages/airflow/example_dags/tutorial.py took 0.069 seconds
[2024-02-16T09:21:24.455+0000] {processor.py:161} INFO - Started process (PID=670) to work on /home/airflow/.local/lib/python3.8/site-packages/airflow/example_dags/tutorial.py
[2024-02-16T09:21:24.455+0000] {processor.py:830} INFO - Processing file /home/airflow/.local/lib/python3.8/site-packages/airflow/example_dags/tutorial.py for tasks to queue
[2024-02-16T09:21:24.456+0000] {logging_mixin.py:188} INFO - [2024-02-16T09:21:24.455+0000] {dagbag.py:538} INFO - Filling up the DagBag from /home/airflow/.local/lib/python3.8/site-packages/airflow/example_dags/tutorial.py
[2024-02-16T09:21:24.461+0000] {processor.py:840} INFO - DAG(s) 'tutorial' retrieved from /home/airflow/.local/lib/python3.8/site-packages/airflow/example_dags/tutorial.py
[2024-02-16T09:21:24.482+0000] {logging_mixin.py:188} INFO - [2024-02-16T09:21:24.481+0000] {dag.py:3036} INFO - Sync 1 DAGs
[2024-02-16T09:21:24.498+0000] {logging_mixin.py:188} INFO - [2024-02-16T09:21:24.498+0000] {dag.py:3823} INFO - Setting next_dagrun for tutorial to 2024-02-15 00:00:00+00:00, run_after=2024-02-16 00:00:00+00:00
[2024-02-16T09:21:24.519+0000] {processor.py:183} INFO - Processing /home/airflow/.local/lib/python3.8/site-packages/airflow/example_dags/tutorial.py took 0.067 seconds
[2024-02-16T09:21:54.998+0000] {processor.py:161} INFO - Started process (PID=916) to work on /home/airflow/.local/lib/python3.8/site-packages/airflow/example_dags/tutorial.py
[2024-02-16T09:21:55.000+0000] {processor.py:830} INFO - Processing file /home/airflow/.local/lib/python3.8/site-packages/airflow/example_dags/tutorial.py for tasks to queue
[2024-02-16T09:21:55.000+0000] {logging_mixin.py:188} INFO - [2024-02-16T09:21:55.000+0000] {dagbag.py:538} INFO - Filling up the DagBag from /home/airflow/.local/lib/python3.8/site-packages/airflow/example_dags/tutorial.py
[2024-02-16T09:21:55.006+0000] {processor.py:840} INFO - DAG(s) 'tutorial' retrieved from /home/airflow/.local/lib/python3.8/site-packages/airflow/example_dags/tutorial.py
[2024-02-16T09:21:55.026+0000] {logging_mixin.py:188} INFO - [2024-02-16T09:21:55.026+0000] {dag.py:3036} INFO - Sync 1 DAGs
[2024-02-16T09:21:55.051+0000] {logging_mixin.py:188} INFO - [2024-02-16T09:21:55.051+0000] {dag.py:3823} INFO - Setting next_dagrun for tutorial to 2024-02-15 00:00:00+00:00, run_after=2024-02-16 00:00:00+00:00
[2024-02-16T09:21:55.073+0000] {processor.py:183} INFO - Processing /home/airflow/.local/lib/python3.8/site-packages/airflow/example_dags/tutorial.py took 0.078 seconds
[2024-02-16T09:22:25.824+0000] {processor.py:161} INFO - Started process (PID=1163) to work on /home/airflow/.local/lib/python3.8/site-packages/airflow/example_dags/tutorial.py
[2024-02-16T09:22:25.825+0000] {processor.py:830} INFO - Processing file /home/airflow/.local/lib/python3.8/site-packages/airflow/example_dags/tutorial.py for tasks to queue
[2024-02-16T09:22:25.826+0000] {logging_mixin.py:188} INFO - [2024-02-16T09:22:25.826+0000] {dagbag.py:538} INFO - Filling up the DagBag from /home/airflow/.local/lib/python3.8/site-packages/airflow/example_dags/tutorial.py
[2024-02-16T09:22:25.831+0000] {processor.py:840} INFO - DAG(s) 'tutorial' retrieved from /home/airflow/.local/lib/python3.8/site-packages/airflow/example_dags/tutorial.py
[2024-02-16T09:22:25.856+0000] {logging_mixin.py:188} INFO - [2024-02-16T09:22:25.855+0000] {dag.py:3036} INFO - Sync 1 DAGs
[2024-02-16T09:22:25.877+0000] {logging_mixin.py:188} INFO - [2024-02-16T09:22:25.877+0000] {dag.py:3823} INFO - Setting next_dagrun for tutorial to 2024-02-15 00:00:00+00:00, run_after=2024-02-16 00:00:00+00:00
[2024-02-16T09:22:25.902+0000] {processor.py:183} INFO - Processing /home/airflow/.local/lib/python3.8/site-packages/airflow/example_dags/tutorial.py took 0.082 seconds
[2024-02-16T09:22:56.545+0000] {processor.py:161} INFO - Started process (PID=1410) to work on /home/airflow/.local/lib/python3.8/site-packages/airflow/example_dags/tutorial.py
[2024-02-16T09:22:56.546+0000] {processor.py:830} INFO - Processing file /home/airflow/.local/lib/python3.8/site-packages/airflow/example_dags/tutorial.py for tasks to queue
[2024-02-16T09:22:56.547+0000] {logging_mixin.py:188} INFO - [2024-02-16T09:22:56.547+0000] {dagbag.py:538} INFO - Filling up the DagBag from /home/airflow/.local/lib/python3.8/site-packages/airflow/example_dags/tutorial.py
[2024-02-16T09:22:56.552+0000] {processor.py:840} INFO - DAG(s) 'tutorial' retrieved from /home/airflow/.local/lib/python3.8/site-packages/airflow/example_dags/tutorial.py
[2024-02-16T09:22:56.572+0000] {logging_mixin.py:188} INFO - [2024-02-16T09:22:56.572+0000] {dag.py:3036} INFO - Sync 1 DAGs
[2024-02-16T09:22:56.590+0000] {logging_mixin.py:188} INFO - [2024-02-16T09:22:56.589+0000] {dag.py:3823} INFO - Setting next_dagrun for tutorial to 2024-02-15 00:00:00+00:00, run_after=2024-02-16 00:00:00+00:00
[2024-02-16T09:22:56.609+0000] {processor.py:183} INFO - Processing /home/airflow/.local/lib/python3.8/site-packages/airflow/example_dags/tutorial.py took 0.066 seconds
[2024-02-16T09:23:26.924+0000] {processor.py:161} INFO - Started process (PID=1656) to work on /home/airflow/.local/lib/python3.8/site-packages/airflow/example_dags/tutorial.py
[2024-02-16T09:23:26.925+0000] {processor.py:830} INFO - Processing file /home/airflow/.local/lib/python3.8/site-packages/airflow/example_dags/tutorial.py for tasks to queue
[2024-02-16T09:23:26.926+0000] {logging_mixin.py:188} INFO - [2024-02-16T09:23:26.926+0000] {dagbag.py:538} INFO - Filling up the DagBag from /home/airflow/.local/lib/python3.8/site-packages/airflow/example_dags/tutorial.py
[2024-02-16T09:23:26.933+0000] {processor.py:840} INFO - DAG(s) 'tutorial' retrieved from /home/airflow/.local/lib/python3.8/site-packages/airflow/example_dags/tutorial.py
[2024-02-16T09:23:26.952+0000] {logging_mixin.py:188} INFO - [2024-02-16T09:23:26.952+0000] {dag.py:3036} INFO - Sync 1 DAGs
[2024-02-16T09:23:26.969+0000] {logging_mixin.py:188} INFO - [2024-02-16T09:23:26.968+0000] {dag.py:3823} INFO - Setting next_dagrun for tutorial to 2024-02-15 00:00:00+00:00, run_after=2024-02-16 00:00:00+00:00
[2024-02-16T09:23:26.987+0000] {processor.py:183} INFO - Processing /home/airflow/.local/lib/python3.8/site-packages/airflow/example_dags/tutorial.py took 0.066 seconds
[2024-02-16T09:23:57.351+0000] {processor.py:161} INFO - Started process (PID=1903) to work on /home/airflow/.local/lib/python3.8/site-packages/airflow/example_dags/tutorial.py
[2024-02-16T09:23:57.352+0000] {processor.py:830} INFO - Processing file /home/airflow/.local/lib/python3.8/site-packages/airflow/example_dags/tutorial.py for tasks to queue
[2024-02-16T09:23:57.353+0000] {logging_mixin.py:188} INFO - [2024-02-16T09:23:57.353+0000] {dagbag.py:538} INFO - Filling up the DagBag from /home/airflow/.local/lib/python3.8/site-packages/airflow/example_dags/tutorial.py
[2024-02-16T09:23:57.358+0000] {processor.py:840} INFO - DAG(s) 'tutorial' retrieved from /home/airflow/.local/lib/python3.8/site-packages/airflow/example_dags/tutorial.py
[2024-02-16T09:23:57.378+0000] {logging_mixin.py:188} INFO - [2024-02-16T09:23:57.378+0000] {dag.py:3036} INFO - Sync 1 DAGs
[2024-02-16T09:23:57.396+0000] {logging_mixin.py:188} INFO - [2024-02-16T09:23:57.396+0000] {dag.py:3823} INFO - Setting next_dagrun for tutorial to 2024-02-15 00:00:00+00:00, run_after=2024-02-16 00:00:00+00:00
[2024-02-16T09:23:57.415+0000] {processor.py:183} INFO - Processing /home/airflow/.local/lib/python3.8/site-packages/airflow/example_dags/tutorial.py took 0.066 seconds
[2024-02-16T09:24:27.804+0000] {processor.py:161} INFO - Started process (PID=2149) to work on /home/airflow/.local/lib/python3.8/site-packages/airflow/example_dags/tutorial.py
[2024-02-16T09:24:27.805+0000] {processor.py:830} INFO - Processing file /home/airflow/.local/lib/python3.8/site-packages/airflow/example_dags/tutorial.py for tasks to queue
[2024-02-16T09:24:27.806+0000] {logging_mixin.py:188} INFO - [2024-02-16T09:24:27.806+0000] {dagbag.py:538} INFO - Filling up the DagBag from /home/airflow/.local/lib/python3.8/site-packages/airflow/example_dags/tutorial.py
[2024-02-16T09:24:27.840+0000] {processor.py:840} INFO - DAG(s) 'tutorial' retrieved from /home/airflow/.local/lib/python3.8/site-packages/airflow/example_dags/tutorial.py
[2024-02-16T09:24:27.875+0000] {logging_mixin.py:188} INFO - [2024-02-16T09:24:27.875+0000] {dag.py:3036} INFO - Sync 1 DAGs
[2024-02-16T09:24:27.899+0000] {logging_mixin.py:188} INFO - [2024-02-16T09:24:27.899+0000] {dag.py:3823} INFO - Setting next_dagrun for tutorial to 2024-02-15 00:00:00+00:00, run_after=2024-02-16 00:00:00+00:00
[2024-02-16T09:24:27.924+0000] {processor.py:183} INFO - Processing /home/airflow/.local/lib/python3.8/site-packages/airflow/example_dags/tutorial.py took 0.125 seconds
[2024-02-16T09:24:58.305+0000] {processor.py:161} INFO - Started process (PID=2396) to work on /home/airflow/.local/lib/python3.8/site-packages/airflow/example_dags/tutorial.py
[2024-02-16T09:24:58.306+0000] {processor.py:830} INFO - Processing file /home/airflow/.local/lib/python3.8/site-packages/airflow/example_dags/tutorial.py for tasks to queue
[2024-02-16T09:24:58.307+0000] {logging_mixin.py:188} INFO - [2024-02-16T09:24:58.307+0000] {dagbag.py:538} INFO - Filling up the DagBag from /home/airflow/.local/lib/python3.8/site-packages/airflow/example_dags/tutorial.py
[2024-02-16T09:24:58.313+0000] {processor.py:840} INFO - DAG(s) 'tutorial' retrieved from /home/airflow/.local/lib/python3.8/site-packages/airflow/example_dags/tutorial.py
[2024-02-16T09:24:58.333+0000] {logging_mixin.py:188} INFO - [2024-02-16T09:24:58.333+0000] {dag.py:3036} INFO - Sync 1 DAGs
[2024-02-16T09:24:58.353+0000] {logging_mixin.py:188} INFO - [2024-02-16T09:24:58.353+0000] {dag.py:3823} INFO - Setting next_dagrun for tutorial to 2024-02-15 00:00:00+00:00, run_after=2024-02-16 00:00:00+00:00
[2024-02-16T09:24:58.372+0000] {processor.py:183} INFO - Processing /home/airflow/.local/lib/python3.8/site-packages/airflow/example_dags/tutorial.py took 0.069 seconds
[2024-02-16T09:25:28.714+0000] {processor.py:161} INFO - Started process (PID=2642) to work on /home/airflow/.local/lib/python3.8/site-packages/airflow/example_dags/tutorial.py
[2024-02-16T09:25:28.715+0000] {processor.py:830} INFO - Processing file /home/airflow/.local/lib/python3.8/site-packages/airflow/example_dags/tutorial.py for tasks to queue
[2024-02-16T09:25:28.716+0000] {logging_mixin.py:188} INFO - [2024-02-16T09:25:28.716+0000] {dagbag.py:538} INFO - Filling up the DagBag from /home/airflow/.local/lib/python3.8/site-packages/airflow/example_dags/tutorial.py
[2024-02-16T09:25:28.721+0000] {processor.py:840} INFO - DAG(s) 'tutorial' retrieved from /home/airflow/.local/lib/python3.8/site-packages/airflow/example_dags/tutorial.py
[2024-02-16T09:25:28.741+0000] {logging_mixin.py:188} INFO - [2024-02-16T09:25:28.741+0000] {dag.py:3036} INFO - Sync 1 DAGs
[2024-02-16T09:25:28.760+0000] {logging_mixin.py:188} INFO - [2024-02-16T09:25:28.760+0000] {dag.py:3823} INFO - Setting next_dagrun for tutorial to 2024-02-15 00:00:00+00:00, run_after=2024-02-16 00:00:00+00:00
[2024-02-16T09:25:28.781+0000] {processor.py:183} INFO - Processing /home/airflow/.local/lib/python3.8/site-packages/airflow/example_dags/tutorial.py took 0.070 seconds
[2024-02-16T09:25:59.106+0000] {processor.py:161} INFO - Started process (PID=2889) to work on /home/airflow/.local/lib/python3.8/site-packages/airflow/example_dags/tutorial.py
[2024-02-16T09:25:59.108+0000] {processor.py:830} INFO - Processing file /home/airflow/.local/lib/python3.8/site-packages/airflow/example_dags/tutorial.py for tasks to queue
[2024-02-16T09:25:59.109+0000] {logging_mixin.py:188} INFO - [2024-02-16T09:25:59.108+0000] {dagbag.py:538} INFO - Filling up the DagBag from /home/airflow/.local/lib/python3.8/site-packages/airflow/example_dags/tutorial.py
[2024-02-16T09:25:59.118+0000] {processor.py:840} INFO - DAG(s) 'tutorial' retrieved from /home/airflow/.local/lib/python3.8/site-packages/airflow/example_dags/tutorial.py
[2024-02-16T09:25:59.140+0000] {logging_mixin.py:188} INFO - [2024-02-16T09:25:59.140+0000] {dag.py:3036} INFO - Sync 1 DAGs
[2024-02-16T09:25:59.165+0000] {logging_mixin.py:188} INFO - [2024-02-16T09:25:59.165+0000] {dag.py:3823} INFO - Setting next_dagrun for tutorial to 2024-02-15 00:00:00+00:00, run_after=2024-02-16 00:00:00+00:00
[2024-02-16T09:25:59.192+0000] {processor.py:183} INFO - Processing /home/airflow/.local/lib/python3.8/site-packages/airflow/example_dags/tutorial.py took 0.088 seconds
[2024-02-16T09:26:29.286+0000] {processor.py:161} INFO - Started process (PID=3142) to work on /home/airflow/.local/lib/python3.8/site-packages/airflow/example_dags/tutorial.py
[2024-02-16T09:26:29.287+0000] {processor.py:830} INFO - Processing file /home/airflow/.local/lib/python3.8/site-packages/airflow/example_dags/tutorial.py for tasks to queue
[2024-02-16T09:26:29.288+0000] {logging_mixin.py:188} INFO - [2024-02-16T09:26:29.288+0000] {dagbag.py:538} INFO - Filling up the DagBag from /home/airflow/.local/lib/python3.8/site-packages/airflow/example_dags/tutorial.py
[2024-02-16T09:26:29.292+0000] {processor.py:840} INFO - DAG(s) 'tutorial' retrieved from /home/airflow/.local/lib/python3.8/site-packages/airflow/example_dags/tutorial.py
[2024-02-16T09:26:29.311+0000] {logging_mixin.py:188} INFO - [2024-02-16T09:26:29.310+0000] {dag.py:3036} INFO - Sync 1 DAGs
[2024-02-16T09:26:29.327+0000] {logging_mixin.py:188} INFO - [2024-02-16T09:26:29.326+0000] {dag.py:3823} INFO - Setting next_dagrun for tutorial to 2024-02-15 00:00:00+00:00, run_after=2024-02-16 00:00:00+00:00
[2024-02-16T09:26:29.345+0000] {processor.py:183} INFO - Processing /home/airflow/.local/lib/python3.8/site-packages/airflow/example_dags/tutorial.py took 0.061 seconds
[2024-02-16T09:26:59.847+0000] {processor.py:161} INFO - Started process (PID=3387) to work on /home/airflow/.local/lib/python3.8/site-packages/airflow/example_dags/tutorial.py
[2024-02-16T09:26:59.848+0000] {processor.py:830} INFO - Processing file /home/airflow/.local/lib/python3.8/site-packages/airflow/example_dags/tutorial.py for tasks to queue
[2024-02-16T09:26:59.849+0000] {logging_mixin.py:188} INFO - [2024-02-16T09:26:59.849+0000] {dagbag.py:538} INFO - Filling up the DagBag from /home/airflow/.local/lib/python3.8/site-packages/airflow/example_dags/tutorial.py
[2024-02-16T09:26:59.855+0000] {processor.py:840} INFO - DAG(s) 'tutorial' retrieved from /home/airflow/.local/lib/python3.8/site-packages/airflow/example_dags/tutorial.py
[2024-02-16T09:26:59.876+0000] {logging_mixin.py:188} INFO - [2024-02-16T09:26:59.876+0000] {dag.py:3036} INFO - Sync 1 DAGs
[2024-02-16T09:26:59.893+0000] {logging_mixin.py:188} INFO - [2024-02-16T09:26:59.893+0000] {dag.py:3823} INFO - Setting next_dagrun for tutorial to 2024-02-15 00:00:00+00:00, run_after=2024-02-16 00:00:00+00:00
[2024-02-16T09:26:59.914+0000] {processor.py:183} INFO - Processing /home/airflow/.local/lib/python3.8/site-packages/airflow/example_dags/tutorial.py took 0.070 seconds
[2024-02-16T09:27:30.357+0000] {processor.py:161} INFO - Started process (PID=3635) to work on /home/airflow/.local/lib/python3.8/site-packages/airflow/example_dags/tutorial.py
[2024-02-16T09:27:30.358+0000] {processor.py:830} INFO - Processing file /home/airflow/.local/lib/python3.8/site-packages/airflow/example_dags/tutorial.py for tasks to queue
[2024-02-16T09:27:30.359+0000] {logging_mixin.py:188} INFO - [2024-02-16T09:27:30.359+0000] {dagbag.py:538} INFO - Filling up the DagBag from /home/airflow/.local/lib/python3.8/site-packages/airflow/example_dags/tutorial.py
[2024-02-16T09:27:30.364+0000] {processor.py:840} INFO - DAG(s) 'tutorial' retrieved from /home/airflow/.local/lib/python3.8/site-packages/airflow/example_dags/tutorial.py
[2024-02-16T09:27:30.383+0000] {logging_mixin.py:188} INFO - [2024-02-16T09:27:30.383+0000] {dag.py:3036} INFO - Sync 1 DAGs
[2024-02-16T09:27:30.403+0000] {logging_mixin.py:188} INFO - [2024-02-16T09:27:30.403+0000] {dag.py:3823} INFO - Setting next_dagrun for tutorial to 2024-02-15 00:00:00+00:00, run_after=2024-02-16 00:00:00+00:00
[2024-02-16T09:27:30.422+0000] {processor.py:183} INFO - Processing /home/airflow/.local/lib/python3.8/site-packages/airflow/example_dags/tutorial.py took 0.067 seconds
[2024-02-16T09:28:00.754+0000] {processor.py:161} INFO - Started process (PID=3882) to work on /home/airflow/.local/lib/python3.8/site-packages/airflow/example_dags/tutorial.py
[2024-02-16T09:28:00.755+0000] {processor.py:830} INFO - Processing file /home/airflow/.local/lib/python3.8/site-packages/airflow/example_dags/tutorial.py for tasks to queue
[2024-02-16T09:28:00.756+0000] {logging_mixin.py:188} INFO - [2024-02-16T09:28:00.755+0000] {dagbag.py:538} INFO - Filling up the DagBag from /home/airflow/.local/lib/python3.8/site-packages/airflow/example_dags/tutorial.py
[2024-02-16T09:28:00.760+0000] {processor.py:840} INFO - DAG(s) 'tutorial' retrieved from /home/airflow/.local/lib/python3.8/site-packages/airflow/example_dags/tutorial.py
[2024-02-16T09:28:00.779+0000] {logging_mixin.py:188} INFO - [2024-02-16T09:28:00.779+0000] {dag.py:3036} INFO - Sync 1 DAGs
[2024-02-16T09:28:00.796+0000] {logging_mixin.py:188} INFO - [2024-02-16T09:28:00.796+0000] {dag.py:3823} INFO - Setting next_dagrun for tutorial to 2024-02-15 00:00:00+00:00, run_after=2024-02-16 00:00:00+00:00
[2024-02-16T09:28:00.816+0000] {processor.py:183} INFO - Processing /home/airflow/.local/lib/python3.8/site-packages/airflow/example_dags/tutorial.py took 0.065 seconds
[2024-02-16T09:28:31.166+0000] {processor.py:161} INFO - Started process (PID=4128) to work on /home/airflow/.local/lib/python3.8/site-packages/airflow/example_dags/tutorial.py
[2024-02-16T09:28:31.167+0000] {processor.py:830} INFO - Processing file /home/airflow/.local/lib/python3.8/site-packages/airflow/example_dags/tutorial.py for tasks to queue
[2024-02-16T09:28:31.168+0000] {logging_mixin.py:188} INFO - [2024-02-16T09:28:31.168+0000] {dagbag.py:538} INFO - Filling up the DagBag from /home/airflow/.local/lib/python3.8/site-packages/airflow/example_dags/tutorial.py
[2024-02-16T09:28:31.173+0000] {processor.py:840} INFO - DAG(s) 'tutorial' retrieved from /home/airflow/.local/lib/python3.8/site-packages/airflow/example_dags/tutorial.py
[2024-02-16T09:28:31.213+0000] {logging_mixin.py:188} INFO - [2024-02-16T09:28:31.213+0000] {dag.py:3036} INFO - Sync 1 DAGs
[2024-02-16T09:28:31.231+0000] {logging_mixin.py:188} INFO - [2024-02-16T09:28:31.230+0000] {dag.py:3823} INFO - Setting next_dagrun for tutorial to 2024-02-15 00:00:00+00:00, run_after=2024-02-16 00:00:00+00:00
[2024-02-16T09:28:31.252+0000] {processor.py:183} INFO - Processing /home/airflow/.local/lib/python3.8/site-packages/airflow/example_dags/tutorial.py took 0.088 seconds
[2024-02-16T09:29:01.546+0000] {processor.py:161} INFO - Started process (PID=4375) to work on /home/airflow/.local/lib/python3.8/site-packages/airflow/example_dags/tutorial.py
[2024-02-16T09:29:01.547+0000] {processor.py:830} INFO - Processing file /home/airflow/.local/lib/python3.8/site-packages/airflow/example_dags/tutorial.py for tasks to queue
[2024-02-16T09:29:01.548+0000] {logging_mixin.py:188} INFO - [2024-02-16T09:29:01.547+0000] {dagbag.py:538} INFO - Filling up the DagBag from /home/airflow/.local/lib/python3.8/site-packages/airflow/example_dags/tutorial.py
[2024-02-16T09:29:01.552+0000] {processor.py:840} INFO - DAG(s) 'tutorial' retrieved from /home/airflow/.local/lib/python3.8/site-packages/airflow/example_dags/tutorial.py
[2024-02-16T09:29:01.572+0000] {logging_mixin.py:188} INFO - [2024-02-16T09:29:01.571+0000] {dag.py:3036} INFO - Sync 1 DAGs
[2024-02-16T09:29:01.588+0000] {logging_mixin.py:188} INFO - [2024-02-16T09:29:01.587+0000] {dag.py:3823} INFO - Setting next_dagrun for tutorial to 2024-02-15 00:00:00+00:00, run_after=2024-02-16 00:00:00+00:00
[2024-02-16T09:29:01.609+0000] {processor.py:183} INFO - Processing /home/airflow/.local/lib/python3.8/site-packages/airflow/example_dags/tutorial.py took 0.066 seconds
[2024-02-16T09:29:31.863+0000] {processor.py:161} INFO - Started process (PID=4621) to work on /home/airflow/.local/lib/python3.8/site-packages/airflow/example_dags/tutorial.py
[2024-02-16T09:29:31.864+0000] {processor.py:830} INFO - Processing file /home/airflow/.local/lib/python3.8/site-packages/airflow/example_dags/tutorial.py for tasks to queue
[2024-02-16T09:29:31.865+0000] {logging_mixin.py:188} INFO - [2024-02-16T09:29:31.865+0000] {dagbag.py:538} INFO - Filling up the DagBag from /home/airflow/.local/lib/python3.8/site-packages/airflow/example_dags/tutorial.py
[2024-02-16T09:29:31.870+0000] {processor.py:840} INFO - DAG(s) 'tutorial' retrieved from /home/airflow/.local/lib/python3.8/site-packages/airflow/example_dags/tutorial.py
[2024-02-16T09:29:31.894+0000] {logging_mixin.py:188} INFO - [2024-02-16T09:29:31.894+0000] {dag.py:3036} INFO - Sync 1 DAGs
[2024-02-16T09:29:31.915+0000] {logging_mixin.py:188} INFO - [2024-02-16T09:29:31.915+0000] {dag.py:3823} INFO - Setting next_dagrun for tutorial to 2024-02-15 00:00:00+00:00, run_after=2024-02-16 00:00:00+00:00
[2024-02-16T09:29:31.940+0000] {processor.py:183} INFO - Processing /home/airflow/.local/lib/python3.8/site-packages/airflow/example_dags/tutorial.py took 0.081 seconds
[2024-02-16T09:30:02.602+0000] {processor.py:161} INFO - Started process (PID=4868) to work on /home/airflow/.local/lib/python3.8/site-packages/airflow/example_dags/tutorial.py
[2024-02-16T09:30:02.604+0000] {processor.py:830} INFO - Processing file /home/airflow/.local/lib/python3.8/site-packages/airflow/example_dags/tutorial.py for tasks to queue
[2024-02-16T09:30:02.605+0000] {logging_mixin.py:188} INFO - [2024-02-16T09:30:02.604+0000] {dagbag.py:538} INFO - Filling up the DagBag from /home/airflow/.local/lib/python3.8/site-packages/airflow/example_dags/tutorial.py
[2024-02-16T09:30:02.610+0000] {processor.py:840} INFO - DAG(s) 'tutorial' retrieved from /home/airflow/.local/lib/python3.8/site-packages/airflow/example_dags/tutorial.py
[2024-02-16T09:30:02.630+0000] {logging_mixin.py:188} INFO - [2024-02-16T09:30:02.630+0000] {dag.py:3036} INFO - Sync 1 DAGs
[2024-02-16T09:30:02.650+0000] {logging_mixin.py:188} INFO - [2024-02-16T09:30:02.650+0000] {dag.py:3823} INFO - Setting next_dagrun for tutorial to 2024-02-15 00:00:00+00:00, run_after=2024-02-16 00:00:00+00:00
[2024-02-16T09:30:02.671+0000] {processor.py:183} INFO - Processing /home/airflow/.local/lib/python3.8/site-packages/airflow/example_dags/tutorial.py took 0.072 seconds
[2024-02-16T09:30:33.043+0000] {processor.py:161} INFO - Started process (PID=5293) to work on /home/airflow/.local/lib/python3.8/site-packages/airflow/example_dags/tutorial.py
[2024-02-16T09:30:33.044+0000] {processor.py:830} INFO - Processing file /home/airflow/.local/lib/python3.8/site-packages/airflow/example_dags/tutorial.py for tasks to queue
[2024-02-16T09:30:33.045+0000] {logging_mixin.py:188} INFO - [2024-02-16T09:30:33.045+0000] {dagbag.py:538} INFO - Filling up the DagBag from /home/airflow/.local/lib/python3.8/site-packages/airflow/example_dags/tutorial.py
[2024-02-16T09:30:33.050+0000] {processor.py:840} INFO - DAG(s) 'tutorial' retrieved from /home/airflow/.local/lib/python3.8/site-packages/airflow/example_dags/tutorial.py
[2024-02-16T09:30:33.073+0000] {logging_mixin.py:188} INFO - [2024-02-16T09:30:33.073+0000] {dag.py:3036} INFO - Sync 1 DAGs
[2024-02-16T09:30:33.093+0000] {logging_mixin.py:188} INFO - [2024-02-16T09:30:33.092+0000] {dag.py:3823} INFO - Setting next_dagrun for tutorial to 2024-02-15 00:00:00+00:00, run_after=2024-02-16 00:00:00+00:00
[2024-02-16T09:30:33.115+0000] {processor.py:183} INFO - Processing /home/airflow/.local/lib/python3.8/site-packages/airflow/example_dags/tutorial.py took 0.075 seconds
[2024-02-16T09:31:03.479+0000] {processor.py:161} INFO - Started process (PID=5538) to work on /home/airflow/.local/lib/python3.8/site-packages/airflow/example_dags/tutorial.py
[2024-02-16T09:31:03.480+0000] {processor.py:830} INFO - Processing file /home/airflow/.local/lib/python3.8/site-packages/airflow/example_dags/tutorial.py for tasks to queue
[2024-02-16T09:31:03.481+0000] {logging_mixin.py:188} INFO - [2024-02-16T09:31:03.481+0000] {dagbag.py:538} INFO - Filling up the DagBag from /home/airflow/.local/lib/python3.8/site-packages/airflow/example_dags/tutorial.py
[2024-02-16T09:31:03.486+0000] {processor.py:840} INFO - DAG(s) 'tutorial' retrieved from /home/airflow/.local/lib/python3.8/site-packages/airflow/example_dags/tutorial.py
[2024-02-16T09:31:03.507+0000] {logging_mixin.py:188} INFO - [2024-02-16T09:31:03.507+0000] {dag.py:3036} INFO - Sync 1 DAGs
[2024-02-16T09:31:03.524+0000] {logging_mixin.py:188} INFO - [2024-02-16T09:31:03.524+0000] {dag.py:3823} INFO - Setting next_dagrun for tutorial to 2024-02-15 00:00:00+00:00, run_after=2024-02-16 00:00:00+00:00
[2024-02-16T09:31:03.543+0000] {processor.py:183} INFO - Processing /home/airflow/.local/lib/python3.8/site-packages/airflow/example_dags/tutorial.py took 0.066 seconds
[2024-02-16T09:31:33.839+0000] {processor.py:161} INFO - Started process (PID=5786) to work on /home/airflow/.local/lib/python3.8/site-packages/airflow/example_dags/tutorial.py
[2024-02-16T09:31:33.840+0000] {processor.py:830} INFO - Processing file /home/airflow/.local/lib/python3.8/site-packages/airflow/example_dags/tutorial.py for tasks to queue
[2024-02-16T09:31:33.841+0000] {logging_mixin.py:188} INFO - [2024-02-16T09:31:33.841+0000] {dagbag.py:538} INFO - Filling up the DagBag from /home/airflow/.local/lib/python3.8/site-packages/airflow/example_dags/tutorial.py
[2024-02-16T09:31:33.848+0000] {processor.py:840} INFO - DAG(s) 'tutorial' retrieved from /home/airflow/.local/lib/python3.8/site-packages/airflow/example_dags/tutorial.py
[2024-02-16T09:31:33.870+0000] {logging_mixin.py:188} INFO - [2024-02-16T09:31:33.870+0000] {dag.py:3036} INFO - Sync 1 DAGs
[2024-02-16T09:31:33.891+0000] {logging_mixin.py:188} INFO - [2024-02-16T09:31:33.890+0000] {dag.py:3823} INFO - Setting next_dagrun for tutorial to 2024-02-15 00:00:00+00:00, run_after=2024-02-16 00:00:00+00:00
[2024-02-16T09:31:33.912+0000] {processor.py:183} INFO - Processing /home/airflow/.local/lib/python3.8/site-packages/airflow/example_dags/tutorial.py took 0.076 seconds
[2024-02-16T09:32:04.342+0000] {processor.py:161} INFO - Started process (PID=6031) to work on /home/airflow/.local/lib/python3.8/site-packages/airflow/example_dags/tutorial.py
[2024-02-16T09:32:04.344+0000] {processor.py:830} INFO - Processing file /home/airflow/.local/lib/python3.8/site-packages/airflow/example_dags/tutorial.py for tasks to queue
[2024-02-16T09:32:04.344+0000] {logging_mixin.py:188} INFO - [2024-02-16T09:32:04.344+0000] {dagbag.py:538} INFO - Filling up the DagBag from /home/airflow/.local/lib/python3.8/site-packages/airflow/example_dags/tutorial.py
[2024-02-16T09:32:04.349+0000] {processor.py:840} INFO - DAG(s) 'tutorial' retrieved from /home/airflow/.local/lib/python3.8/site-packages/airflow/example_dags/tutorial.py
[2024-02-16T09:32:04.368+0000] {logging_mixin.py:188} INFO - [2024-02-16T09:32:04.368+0000] {dag.py:3036} INFO - Sync 1 DAGs
[2024-02-16T09:32:04.385+0000] {logging_mixin.py:188} INFO - [2024-02-16T09:32:04.385+0000] {dag.py:3823} INFO - Setting next_dagrun for tutorial to 2024-02-15 00:00:00+00:00, run_after=2024-02-16 00:00:00+00:00
[2024-02-16T09:32:04.405+0000] {processor.py:183} INFO - Processing /home/airflow/.local/lib/python3.8/site-packages/airflow/example_dags/tutorial.py took 0.065 seconds
[2024-02-16T09:32:34.825+0000] {processor.py:161} INFO - Started process (PID=6279) to work on /home/airflow/.local/lib/python3.8/site-packages/airflow/example_dags/tutorial.py
[2024-02-16T09:32:34.826+0000] {processor.py:830} INFO - Processing file /home/airflow/.local/lib/python3.8/site-packages/airflow/example_dags/tutorial.py for tasks to queue
[2024-02-16T09:32:34.827+0000] {logging_mixin.py:188} INFO - [2024-02-16T09:32:34.826+0000] {dagbag.py:538} INFO - Filling up the DagBag from /home/airflow/.local/lib/python3.8/site-packages/airflow/example_dags/tutorial.py
[2024-02-16T09:32:34.832+0000] {processor.py:840} INFO - DAG(s) 'tutorial' retrieved from /home/airflow/.local/lib/python3.8/site-packages/airflow/example_dags/tutorial.py
[2024-02-16T09:32:34.852+0000] {logging_mixin.py:188} INFO - [2024-02-16T09:32:34.852+0000] {dag.py:3036} INFO - Sync 1 DAGs
[2024-02-16T09:32:34.870+0000] {logging_mixin.py:188} INFO - [2024-02-16T09:32:34.870+0000] {dag.py:3823} INFO - Setting next_dagrun for tutorial to 2024-02-15 00:00:00+00:00, run_after=2024-02-16 00:00:00+00:00
[2024-02-16T09:32:34.890+0000] {processor.py:183} INFO - Processing /home/airflow/.local/lib/python3.8/site-packages/airflow/example_dags/tutorial.py took 0.068 seconds
[2024-02-16T09:33:05.463+0000] {processor.py:161} INFO - Started process (PID=6526) to work on /home/airflow/.local/lib/python3.8/site-packages/airflow/example_dags/tutorial.py
[2024-02-16T09:33:05.464+0000] {processor.py:830} INFO - Processing file /home/airflow/.local/lib/python3.8/site-packages/airflow/example_dags/tutorial.py for tasks to queue
[2024-02-16T09:33:05.465+0000] {logging_mixin.py:188} INFO - [2024-02-16T09:33:05.465+0000] {dagbag.py:538} INFO - Filling up the DagBag from /home/airflow/.local/lib/python3.8/site-packages/airflow/example_dags/tutorial.py
[2024-02-16T09:33:05.470+0000] {processor.py:840} INFO - DAG(s) 'tutorial' retrieved from /home/airflow/.local/lib/python3.8/site-packages/airflow/example_dags/tutorial.py
[2024-02-16T09:33:05.490+0000] {logging_mixin.py:188} INFO - [2024-02-16T09:33:05.490+0000] {dag.py:3036} INFO - Sync 1 DAGs
[2024-02-16T09:33:05.509+0000] {logging_mixin.py:188} INFO - [2024-02-16T09:33:05.509+0000] {dag.py:3823} INFO - Setting next_dagrun for tutorial to 2024-02-15 00:00:00+00:00, run_after=2024-02-16 00:00:00+00:00
[2024-02-16T09:33:05.532+0000] {processor.py:183} INFO - Processing /home/airflow/.local/lib/python3.8/site-packages/airflow/example_dags/tutorial.py took 0.071 seconds
[2024-02-16T09:33:35.997+0000] {processor.py:161} INFO - Started process (PID=6773) to work on /home/airflow/.local/lib/python3.8/site-packages/airflow/example_dags/tutorial.py
[2024-02-16T09:33:35.998+0000] {processor.py:830} INFO - Processing file /home/airflow/.local/lib/python3.8/site-packages/airflow/example_dags/tutorial.py for tasks to queue
[2024-02-16T09:33:35.999+0000] {logging_mixin.py:188} INFO - [2024-02-16T09:33:35.998+0000] {dagbag.py:538} INFO - Filling up the DagBag from /home/airflow/.local/lib/python3.8/site-packages/airflow/example_dags/tutorial.py
[2024-02-16T09:33:36.004+0000] {processor.py:840} INFO - DAG(s) 'tutorial' retrieved from /home/airflow/.local/lib/python3.8/site-packages/airflow/example_dags/tutorial.py
[2024-02-16T09:33:36.024+0000] {logging_mixin.py:188} INFO - [2024-02-16T09:33:36.023+0000] {dag.py:3036} INFO - Sync 1 DAGs
[2024-02-16T09:33:36.042+0000] {logging_mixin.py:188} INFO - [2024-02-16T09:33:36.042+0000] {dag.py:3823} INFO - Setting next_dagrun for tutorial to 2024-02-15 00:00:00+00:00, run_after=2024-02-16 00:00:00+00:00
[2024-02-16T09:33:36.062+0000] {processor.py:183} INFO - Processing /home/airflow/.local/lib/python3.8/site-packages/airflow/example_dags/tutorial.py took 0.068 seconds
[2024-02-16T09:34:06.424+0000] {processor.py:161} INFO - Started process (PID=7020) to work on /home/airflow/.local/lib/python3.8/site-packages/airflow/example_dags/tutorial.py
[2024-02-16T09:34:06.425+0000] {processor.py:830} INFO - Processing file /home/airflow/.local/lib/python3.8/site-packages/airflow/example_dags/tutorial.py for tasks to queue
[2024-02-16T09:34:06.426+0000] {logging_mixin.py:188} INFO - [2024-02-16T09:34:06.426+0000] {dagbag.py:538} INFO - Filling up the DagBag from /home/airflow/.local/lib/python3.8/site-packages/airflow/example_dags/tutorial.py
[2024-02-16T09:34:06.431+0000] {processor.py:840} INFO - DAG(s) 'tutorial' retrieved from /home/airflow/.local/lib/python3.8/site-packages/airflow/example_dags/tutorial.py
[2024-02-16T09:34:06.452+0000] {logging_mixin.py:188} INFO - [2024-02-16T09:34:06.451+0000] {dag.py:3036} INFO - Sync 1 DAGs
[2024-02-16T09:34:06.469+0000] {logging_mixin.py:188} INFO - [2024-02-16T09:34:06.469+0000] {dag.py:3823} INFO - Setting next_dagrun for tutorial to 2024-02-15 00:00:00+00:00, run_after=2024-02-16 00:00:00+00:00
[2024-02-16T09:34:06.488+0000] {processor.py:183} INFO - Processing /home/airflow/.local/lib/python3.8/site-packages/airflow/example_dags/tutorial.py took 0.067 seconds
[2024-02-16T09:38:02.923+0000] {processor.py:161} INFO - Started process (PID=175) to work on /home/airflow/.local/lib/python3.8/site-packages/airflow/example_dags/tutorial.py
[2024-02-16T09:38:02.924+0000] {processor.py:830} INFO - Processing file /home/airflow/.local/lib/python3.8/site-packages/airflow/example_dags/tutorial.py for tasks to queue
[2024-02-16T09:38:02.925+0000] {logging_mixin.py:188} INFO - [2024-02-16T09:38:02.925+0000] {dagbag.py:538} INFO - Filling up the DagBag from /home/airflow/.local/lib/python3.8/site-packages/airflow/example_dags/tutorial.py
[2024-02-16T09:38:02.936+0000] {processor.py:840} INFO - DAG(s) 'tutorial' retrieved from /home/airflow/.local/lib/python3.8/site-packages/airflow/example_dags/tutorial.py
[2024-02-16T09:38:02.958+0000] {logging_mixin.py:188} INFO - [2024-02-16T09:38:02.958+0000] {dag.py:3036} INFO - Sync 1 DAGs
[2024-02-16T09:38:02.978+0000] {logging_mixin.py:188} INFO - [2024-02-16T09:38:02.977+0000] {dag.py:3823} INFO - Setting next_dagrun for tutorial to 2024-02-15 00:00:00+00:00, run_after=2024-02-16 00:00:00+00:00
[2024-02-16T09:38:02.998+0000] {processor.py:183} INFO - Processing /home/airflow/.local/lib/python3.8/site-packages/airflow/example_dags/tutorial.py took 0.078 seconds
[2024-02-16T09:38:33.408+0000] {processor.py:161} INFO - Started process (PID=422) to work on /home/airflow/.local/lib/python3.8/site-packages/airflow/example_dags/tutorial.py
[2024-02-16T09:38:33.409+0000] {processor.py:830} INFO - Processing file /home/airflow/.local/lib/python3.8/site-packages/airflow/example_dags/tutorial.py for tasks to queue
[2024-02-16T09:38:33.410+0000] {logging_mixin.py:188} INFO - [2024-02-16T09:38:33.410+0000] {dagbag.py:538} INFO - Filling up the DagBag from /home/airflow/.local/lib/python3.8/site-packages/airflow/example_dags/tutorial.py
[2024-02-16T09:38:33.414+0000] {processor.py:840} INFO - DAG(s) 'tutorial' retrieved from /home/airflow/.local/lib/python3.8/site-packages/airflow/example_dags/tutorial.py
[2024-02-16T09:38:33.496+0000] {logging_mixin.py:188} INFO - [2024-02-16T09:38:33.495+0000] {dag.py:3036} INFO - Sync 1 DAGs
[2024-02-16T09:38:33.514+0000] {logging_mixin.py:188} INFO - [2024-02-16T09:38:33.513+0000] {dag.py:3823} INFO - Setting next_dagrun for tutorial to 2024-02-15 00:00:00+00:00, run_after=2024-02-16 00:00:00+00:00
[2024-02-16T09:38:33.536+0000] {processor.py:183} INFO - Processing /home/airflow/.local/lib/python3.8/site-packages/airflow/example_dags/tutorial.py took 0.131 seconds
